[2023-05-13T07:43:30.218+0000] {processor.py:156} INFO - Started process (PID=70) to work on /home/airflow/.local/lib/python3.7/site-packages/airflow/example_dags/example_task_group_decorator.py
[2023-05-13T07:43:30.220+0000] {processor.py:799} INFO - Processing file /home/airflow/.local/lib/python3.7/site-packages/airflow/example_dags/example_task_group_decorator.py for tasks to queue
[2023-05-13T07:43:30.221+0000] {logging_mixin.py:149} INFO - [2023-05-13T07:43:30.221+0000] {dagbag.py:541} INFO - Filling up the DagBag from /home/airflow/.local/lib/python3.7/site-packages/airflow/example_dags/example_task_group_decorator.py
[2023-05-13T07:43:30.241+0000] {processor.py:809} INFO - DAG(s) dict_keys(['example_task_group_decorator']) retrieved from /home/airflow/.local/lib/python3.7/site-packages/airflow/example_dags/example_task_group_decorator.py
[2023-05-13T07:43:30.264+0000] {logging_mixin.py:149} INFO - [2023-05-13T07:43:30.264+0000] {dag.py:2726} INFO - Sync 1 DAGs
[2023-05-13T07:43:30.299+0000] {logging_mixin.py:149} INFO - [2023-05-13T07:43:30.299+0000] {dag.py:3490} INFO - Setting next_dagrun for example_task_group_decorator to 2023-05-12T07:43:30.298950+00:00, run_after=2023-05-13T07:43:30.298950+00:00
[2023-05-13T07:43:30.318+0000] {processor.py:178} INFO - Processing /home/airflow/.local/lib/python3.7/site-packages/airflow/example_dags/example_task_group_decorator.py took 0.105 seconds
[2023-05-13T07:44:00.472+0000] {processor.py:156} INFO - Started process (PID=126) to work on /home/airflow/.local/lib/python3.7/site-packages/airflow/example_dags/example_task_group_decorator.py
[2023-05-13T07:44:00.473+0000] {processor.py:799} INFO - Processing file /home/airflow/.local/lib/python3.7/site-packages/airflow/example_dags/example_task_group_decorator.py for tasks to queue
[2023-05-13T07:44:00.474+0000] {logging_mixin.py:149} INFO - [2023-05-13T07:44:00.474+0000] {dagbag.py:541} INFO - Filling up the DagBag from /home/airflow/.local/lib/python3.7/site-packages/airflow/example_dags/example_task_group_decorator.py
[2023-05-13T07:44:00.487+0000] {processor.py:809} INFO - DAG(s) dict_keys(['example_task_group_decorator']) retrieved from /home/airflow/.local/lib/python3.7/site-packages/airflow/example_dags/example_task_group_decorator.py
[2023-05-13T07:44:00.514+0000] {logging_mixin.py:149} INFO - [2023-05-13T07:44:00.514+0000] {dag.py:2726} INFO - Sync 1 DAGs
[2023-05-13T07:44:00.535+0000] {logging_mixin.py:149} INFO - [2023-05-13T07:44:00.535+0000] {dag.py:3490} INFO - Setting next_dagrun for example_task_group_decorator to 2023-05-12T07:44:00.534788+00:00, run_after=2023-05-13T07:44:00.534788+00:00
[2023-05-13T07:44:00.549+0000] {processor.py:178} INFO - Processing /home/airflow/.local/lib/python3.7/site-packages/airflow/example_dags/example_task_group_decorator.py took 0.080 seconds
[2023-05-13T07:44:30.681+0000] {processor.py:156} INFO - Started process (PID=182) to work on /home/airflow/.local/lib/python3.7/site-packages/airflow/example_dags/example_task_group_decorator.py
[2023-05-13T07:44:30.682+0000] {processor.py:799} INFO - Processing file /home/airflow/.local/lib/python3.7/site-packages/airflow/example_dags/example_task_group_decorator.py for tasks to queue
[2023-05-13T07:44:30.683+0000] {logging_mixin.py:149} INFO - [2023-05-13T07:44:30.683+0000] {dagbag.py:541} INFO - Filling up the DagBag from /home/airflow/.local/lib/python3.7/site-packages/airflow/example_dags/example_task_group_decorator.py
[2023-05-13T07:44:30.695+0000] {processor.py:809} INFO - DAG(s) dict_keys(['example_task_group_decorator']) retrieved from /home/airflow/.local/lib/python3.7/site-packages/airflow/example_dags/example_task_group_decorator.py
[2023-05-13T07:44:30.723+0000] {logging_mixin.py:149} INFO - [2023-05-13T07:44:30.723+0000] {dag.py:2726} INFO - Sync 1 DAGs
[2023-05-13T07:44:30.743+0000] {logging_mixin.py:149} INFO - [2023-05-13T07:44:30.743+0000] {dag.py:3490} INFO - Setting next_dagrun for example_task_group_decorator to 2023-05-12T07:44:30.743527+00:00, run_after=2023-05-13T07:44:30.743527+00:00
[2023-05-13T07:44:30.758+0000] {processor.py:178} INFO - Processing /home/airflow/.local/lib/python3.7/site-packages/airflow/example_dags/example_task_group_decorator.py took 0.081 seconds
[2023-05-13T07:45:01.767+0000] {processor.py:156} INFO - Started process (PID=238) to work on /home/airflow/.local/lib/python3.7/site-packages/airflow/example_dags/example_task_group_decorator.py
[2023-05-13T07:45:01.768+0000] {processor.py:799} INFO - Processing file /home/airflow/.local/lib/python3.7/site-packages/airflow/example_dags/example_task_group_decorator.py for tasks to queue
[2023-05-13T07:45:01.769+0000] {logging_mixin.py:149} INFO - [2023-05-13T07:45:01.769+0000] {dagbag.py:541} INFO - Filling up the DagBag from /home/airflow/.local/lib/python3.7/site-packages/airflow/example_dags/example_task_group_decorator.py
[2023-05-13T07:45:01.782+0000] {processor.py:809} INFO - DAG(s) dict_keys(['example_task_group_decorator']) retrieved from /home/airflow/.local/lib/python3.7/site-packages/airflow/example_dags/example_task_group_decorator.py
[2023-05-13T07:45:01.812+0000] {logging_mixin.py:149} INFO - [2023-05-13T07:45:01.812+0000] {dag.py:2726} INFO - Sync 1 DAGs
[2023-05-13T07:45:01.836+0000] {logging_mixin.py:149} INFO - [2023-05-13T07:45:01.836+0000] {dag.py:3490} INFO - Setting next_dagrun for example_task_group_decorator to 2023-05-12T07:45:01.836032+00:00, run_after=2023-05-13T07:45:01.836032+00:00
[2023-05-13T07:45:01.851+0000] {processor.py:178} INFO - Processing /home/airflow/.local/lib/python3.7/site-packages/airflow/example_dags/example_task_group_decorator.py took 0.087 seconds
[2023-05-13T07:45:32.120+0000] {processor.py:156} INFO - Started process (PID=294) to work on /home/airflow/.local/lib/python3.7/site-packages/airflow/example_dags/example_task_group_decorator.py
[2023-05-13T07:45:32.122+0000] {processor.py:799} INFO - Processing file /home/airflow/.local/lib/python3.7/site-packages/airflow/example_dags/example_task_group_decorator.py for tasks to queue
[2023-05-13T07:45:32.123+0000] {logging_mixin.py:149} INFO - [2023-05-13T07:45:32.122+0000] {dagbag.py:541} INFO - Filling up the DagBag from /home/airflow/.local/lib/python3.7/site-packages/airflow/example_dags/example_task_group_decorator.py
[2023-05-13T07:45:32.135+0000] {processor.py:809} INFO - DAG(s) dict_keys(['example_task_group_decorator']) retrieved from /home/airflow/.local/lib/python3.7/site-packages/airflow/example_dags/example_task_group_decorator.py
[2023-05-13T07:45:32.161+0000] {logging_mixin.py:149} INFO - [2023-05-13T07:45:32.161+0000] {dag.py:2726} INFO - Sync 1 DAGs
[2023-05-13T07:45:32.182+0000] {logging_mixin.py:149} INFO - [2023-05-13T07:45:32.182+0000] {dag.py:3490} INFO - Setting next_dagrun for example_task_group_decorator to 2023-05-12T07:45:32.181878+00:00, run_after=2023-05-13T07:45:32.181878+00:00
[2023-05-13T07:45:32.196+0000] {processor.py:178} INFO - Processing /home/airflow/.local/lib/python3.7/site-packages/airflow/example_dags/example_task_group_decorator.py took 0.079 seconds
[2023-05-13T07:46:03.099+0000] {processor.py:156} INFO - Started process (PID=350) to work on /home/airflow/.local/lib/python3.7/site-packages/airflow/example_dags/example_task_group_decorator.py
[2023-05-13T07:46:03.100+0000] {processor.py:799} INFO - Processing file /home/airflow/.local/lib/python3.7/site-packages/airflow/example_dags/example_task_group_decorator.py for tasks to queue
[2023-05-13T07:46:03.101+0000] {logging_mixin.py:149} INFO - [2023-05-13T07:46:03.101+0000] {dagbag.py:541} INFO - Filling up the DagBag from /home/airflow/.local/lib/python3.7/site-packages/airflow/example_dags/example_task_group_decorator.py
[2023-05-13T07:46:03.114+0000] {processor.py:809} INFO - DAG(s) dict_keys(['example_task_group_decorator']) retrieved from /home/airflow/.local/lib/python3.7/site-packages/airflow/example_dags/example_task_group_decorator.py
[2023-05-13T07:46:03.142+0000] {logging_mixin.py:149} INFO - [2023-05-13T07:46:03.142+0000] {dag.py:2726} INFO - Sync 1 DAGs
[2023-05-13T07:46:03.164+0000] {logging_mixin.py:149} INFO - [2023-05-13T07:46:03.164+0000] {dag.py:3490} INFO - Setting next_dagrun for example_task_group_decorator to 2023-05-12T07:46:03.164092+00:00, run_after=2023-05-13T07:46:03.164092+00:00
[2023-05-13T07:46:03.179+0000] {processor.py:178} INFO - Processing /home/airflow/.local/lib/python3.7/site-packages/airflow/example_dags/example_task_group_decorator.py took 0.084 seconds
[2023-05-13T07:46:34.104+0000] {processor.py:156} INFO - Started process (PID=406) to work on /home/airflow/.local/lib/python3.7/site-packages/airflow/example_dags/example_task_group_decorator.py
[2023-05-13T07:46:34.106+0000] {processor.py:799} INFO - Processing file /home/airflow/.local/lib/python3.7/site-packages/airflow/example_dags/example_task_group_decorator.py for tasks to queue
[2023-05-13T07:46:34.107+0000] {logging_mixin.py:149} INFO - [2023-05-13T07:46:34.106+0000] {dagbag.py:541} INFO - Filling up the DagBag from /home/airflow/.local/lib/python3.7/site-packages/airflow/example_dags/example_task_group_decorator.py
[2023-05-13T07:46:34.119+0000] {processor.py:809} INFO - DAG(s) dict_keys(['example_task_group_decorator']) retrieved from /home/airflow/.local/lib/python3.7/site-packages/airflow/example_dags/example_task_group_decorator.py
[2023-05-13T07:46:34.149+0000] {logging_mixin.py:149} INFO - [2023-05-13T07:46:34.149+0000] {dag.py:2726} INFO - Sync 1 DAGs
[2023-05-13T07:46:34.170+0000] {logging_mixin.py:149} INFO - [2023-05-13T07:46:34.169+0000] {dag.py:3490} INFO - Setting next_dagrun for example_task_group_decorator to 2023-05-12T07:46:34.169688+00:00, run_after=2023-05-13T07:46:34.169688+00:00
[2023-05-13T07:46:34.184+0000] {processor.py:178} INFO - Processing /home/airflow/.local/lib/python3.7/site-packages/airflow/example_dags/example_task_group_decorator.py took 0.083 seconds
[2023-05-13T07:47:04.419+0000] {processor.py:156} INFO - Started process (PID=461) to work on /home/airflow/.local/lib/python3.7/site-packages/airflow/example_dags/example_task_group_decorator.py
[2023-05-13T07:47:04.421+0000] {processor.py:799} INFO - Processing file /home/airflow/.local/lib/python3.7/site-packages/airflow/example_dags/example_task_group_decorator.py for tasks to queue
[2023-05-13T07:47:04.422+0000] {logging_mixin.py:149} INFO - [2023-05-13T07:47:04.421+0000] {dagbag.py:541} INFO - Filling up the DagBag from /home/airflow/.local/lib/python3.7/site-packages/airflow/example_dags/example_task_group_decorator.py
[2023-05-13T07:47:04.434+0000] {processor.py:809} INFO - DAG(s) dict_keys(['example_task_group_decorator']) retrieved from /home/airflow/.local/lib/python3.7/site-packages/airflow/example_dags/example_task_group_decorator.py
[2023-05-13T07:47:04.462+0000] {logging_mixin.py:149} INFO - [2023-05-13T07:47:04.462+0000] {dag.py:2726} INFO - Sync 1 DAGs
[2023-05-13T07:47:04.485+0000] {logging_mixin.py:149} INFO - [2023-05-13T07:47:04.485+0000] {dag.py:3490} INFO - Setting next_dagrun for example_task_group_decorator to 2023-05-12T07:47:04.484917+00:00, run_after=2023-05-13T07:47:04.484917+00:00
[2023-05-13T07:47:04.499+0000] {processor.py:178} INFO - Processing /home/airflow/.local/lib/python3.7/site-packages/airflow/example_dags/example_task_group_decorator.py took 0.083 seconds
[2023-05-13T07:47:34.712+0000] {processor.py:156} INFO - Started process (PID=517) to work on /home/airflow/.local/lib/python3.7/site-packages/airflow/example_dags/example_task_group_decorator.py
[2023-05-13T07:47:34.713+0000] {processor.py:799} INFO - Processing file /home/airflow/.local/lib/python3.7/site-packages/airflow/example_dags/example_task_group_decorator.py for tasks to queue
[2023-05-13T07:47:34.714+0000] {logging_mixin.py:149} INFO - [2023-05-13T07:47:34.714+0000] {dagbag.py:541} INFO - Filling up the DagBag from /home/airflow/.local/lib/python3.7/site-packages/airflow/example_dags/example_task_group_decorator.py
[2023-05-13T07:47:34.726+0000] {processor.py:809} INFO - DAG(s) dict_keys(['example_task_group_decorator']) retrieved from /home/airflow/.local/lib/python3.7/site-packages/airflow/example_dags/example_task_group_decorator.py
[2023-05-13T07:47:34.754+0000] {logging_mixin.py:149} INFO - [2023-05-13T07:47:34.754+0000] {dag.py:2726} INFO - Sync 1 DAGs
[2023-05-13T07:47:34.776+0000] {logging_mixin.py:149} INFO - [2023-05-13T07:47:34.776+0000] {dag.py:3490} INFO - Setting next_dagrun for example_task_group_decorator to 2023-05-12T07:47:34.776588+00:00, run_after=2023-05-13T07:47:34.776588+00:00
[2023-05-13T07:47:34.791+0000] {processor.py:178} INFO - Processing /home/airflow/.local/lib/python3.7/site-packages/airflow/example_dags/example_task_group_decorator.py took 0.082 seconds
[2023-05-13T07:48:05.115+0000] {processor.py:156} INFO - Started process (PID=573) to work on /home/airflow/.local/lib/python3.7/site-packages/airflow/example_dags/example_task_group_decorator.py
[2023-05-13T07:48:05.117+0000] {processor.py:799} INFO - Processing file /home/airflow/.local/lib/python3.7/site-packages/airflow/example_dags/example_task_group_decorator.py for tasks to queue
[2023-05-13T07:48:05.118+0000] {logging_mixin.py:149} INFO - [2023-05-13T07:48:05.117+0000] {dagbag.py:541} INFO - Filling up the DagBag from /home/airflow/.local/lib/python3.7/site-packages/airflow/example_dags/example_task_group_decorator.py
[2023-05-13T07:48:05.130+0000] {processor.py:809} INFO - DAG(s) dict_keys(['example_task_group_decorator']) retrieved from /home/airflow/.local/lib/python3.7/site-packages/airflow/example_dags/example_task_group_decorator.py
[2023-05-13T07:48:05.158+0000] {logging_mixin.py:149} INFO - [2023-05-13T07:48:05.158+0000] {dag.py:2726} INFO - Sync 1 DAGs
[2023-05-13T07:48:05.179+0000] {logging_mixin.py:149} INFO - [2023-05-13T07:48:05.179+0000] {dag.py:3490} INFO - Setting next_dagrun for example_task_group_decorator to 2023-05-12T07:48:05.179208+00:00, run_after=2023-05-13T07:48:05.179208+00:00
[2023-05-13T07:48:05.193+0000] {processor.py:178} INFO - Processing /home/airflow/.local/lib/python3.7/site-packages/airflow/example_dags/example_task_group_decorator.py took 0.081 seconds
