[2023-05-13T07:43:24.254+0000] {processor.py:156} INFO - Started process (PID=33) to work on /home/airflow/.local/lib/python3.7/site-packages/airflow/example_dags/example_branch_python_dop_operator_3.py
[2023-05-13T07:43:24.257+0000] {processor.py:799} INFO - Processing file /home/airflow/.local/lib/python3.7/site-packages/airflow/example_dags/example_branch_python_dop_operator_3.py for tasks to queue
[2023-05-13T07:43:24.258+0000] {logging_mixin.py:149} INFO - [2023-05-13T07:43:24.258+0000] {dagbag.py:541} INFO - Filling up the DagBag from /home/airflow/.local/lib/python3.7/site-packages/airflow/example_dags/example_branch_python_dop_operator_3.py
[2023-05-13T07:43:24.274+0000] {processor.py:809} INFO - DAG(s) dict_keys(['example_branch_dop_operator_v3']) retrieved from /home/airflow/.local/lib/python3.7/site-packages/airflow/example_dags/example_branch_python_dop_operator_3.py
[2023-05-13T07:43:24.301+0000] {logging_mixin.py:149} INFO - [2023-05-13T07:43:24.301+0000] {dag.py:2726} INFO - Sync 1 DAGs
[2023-05-13T07:43:24.357+0000] {logging_mixin.py:149} INFO - [2023-05-13T07:43:24.357+0000] {dag.py:3490} INFO - Setting next_dagrun for example_branch_dop_operator_v3 to 2023-05-13T07:42:00+00:00, run_after=2023-05-13T07:43:00+00:00
[2023-05-13T07:43:24.384+0000] {processor.py:178} INFO - Processing /home/airflow/.local/lib/python3.7/site-packages/airflow/example_dags/example_branch_python_dop_operator_3.py took 0.135 seconds
[2023-05-13T07:43:54.858+0000] {processor.py:156} INFO - Started process (PID=89) to work on /home/airflow/.local/lib/python3.7/site-packages/airflow/example_dags/example_branch_python_dop_operator_3.py
[2023-05-13T07:43:54.859+0000] {processor.py:799} INFO - Processing file /home/airflow/.local/lib/python3.7/site-packages/airflow/example_dags/example_branch_python_dop_operator_3.py for tasks to queue
[2023-05-13T07:43:54.860+0000] {logging_mixin.py:149} INFO - [2023-05-13T07:43:54.860+0000] {dagbag.py:541} INFO - Filling up the DagBag from /home/airflow/.local/lib/python3.7/site-packages/airflow/example_dags/example_branch_python_dop_operator_3.py
[2023-05-13T07:43:54.869+0000] {processor.py:809} INFO - DAG(s) dict_keys(['example_branch_dop_operator_v3']) retrieved from /home/airflow/.local/lib/python3.7/site-packages/airflow/example_dags/example_branch_python_dop_operator_3.py
[2023-05-13T07:43:54.896+0000] {logging_mixin.py:149} INFO - [2023-05-13T07:43:54.895+0000] {dag.py:2726} INFO - Sync 1 DAGs
[2023-05-13T07:43:54.925+0000] {logging_mixin.py:149} INFO - [2023-05-13T07:43:54.925+0000] {dag.py:3490} INFO - Setting next_dagrun for example_branch_dop_operator_v3 to 2023-05-13T07:42:00+00:00, run_after=2023-05-13T07:43:00+00:00
[2023-05-13T07:43:54.939+0000] {processor.py:178} INFO - Processing /home/airflow/.local/lib/python3.7/site-packages/airflow/example_dags/example_branch_python_dop_operator_3.py took 0.085 seconds
[2023-05-13T07:44:25.048+0000] {processor.py:156} INFO - Started process (PID=145) to work on /home/airflow/.local/lib/python3.7/site-packages/airflow/example_dags/example_branch_python_dop_operator_3.py
[2023-05-13T07:44:25.049+0000] {processor.py:799} INFO - Processing file /home/airflow/.local/lib/python3.7/site-packages/airflow/example_dags/example_branch_python_dop_operator_3.py for tasks to queue
[2023-05-13T07:44:25.050+0000] {logging_mixin.py:149} INFO - [2023-05-13T07:44:25.050+0000] {dagbag.py:541} INFO - Filling up the DagBag from /home/airflow/.local/lib/python3.7/site-packages/airflow/example_dags/example_branch_python_dop_operator_3.py
[2023-05-13T07:44:25.058+0000] {processor.py:809} INFO - DAG(s) dict_keys(['example_branch_dop_operator_v3']) retrieved from /home/airflow/.local/lib/python3.7/site-packages/airflow/example_dags/example_branch_python_dop_operator_3.py
[2023-05-13T07:44:25.084+0000] {logging_mixin.py:149} INFO - [2023-05-13T07:44:25.083+0000] {dag.py:2726} INFO - Sync 1 DAGs
[2023-05-13T07:44:25.109+0000] {logging_mixin.py:149} INFO - [2023-05-13T07:44:25.109+0000] {dag.py:3490} INFO - Setting next_dagrun for example_branch_dop_operator_v3 to 2023-05-13T07:43:00+00:00, run_after=2023-05-13T07:44:00+00:00
[2023-05-13T07:44:25.125+0000] {processor.py:178} INFO - Processing /home/airflow/.local/lib/python3.7/site-packages/airflow/example_dags/example_branch_python_dop_operator_3.py took 0.081 seconds
[2023-05-13T07:44:55.237+0000] {processor.py:156} INFO - Started process (PID=201) to work on /home/airflow/.local/lib/python3.7/site-packages/airflow/example_dags/example_branch_python_dop_operator_3.py
[2023-05-13T07:44:55.238+0000] {processor.py:799} INFO - Processing file /home/airflow/.local/lib/python3.7/site-packages/airflow/example_dags/example_branch_python_dop_operator_3.py for tasks to queue
[2023-05-13T07:44:55.239+0000] {logging_mixin.py:149} INFO - [2023-05-13T07:44:55.239+0000] {dagbag.py:541} INFO - Filling up the DagBag from /home/airflow/.local/lib/python3.7/site-packages/airflow/example_dags/example_branch_python_dop_operator_3.py
[2023-05-13T07:44:55.247+0000] {processor.py:809} INFO - DAG(s) dict_keys(['example_branch_dop_operator_v3']) retrieved from /home/airflow/.local/lib/python3.7/site-packages/airflow/example_dags/example_branch_python_dop_operator_3.py
[2023-05-13T07:44:55.272+0000] {logging_mixin.py:149} INFO - [2023-05-13T07:44:55.272+0000] {dag.py:2726} INFO - Sync 1 DAGs
[2023-05-13T07:44:55.297+0000] {logging_mixin.py:149} INFO - [2023-05-13T07:44:55.297+0000] {dag.py:3490} INFO - Setting next_dagrun for example_branch_dop_operator_v3 to 2023-05-13T07:43:00+00:00, run_after=2023-05-13T07:44:00+00:00
[2023-05-13T07:44:55.311+0000] {processor.py:178} INFO - Processing /home/airflow/.local/lib/python3.7/site-packages/airflow/example_dags/example_branch_python_dop_operator_3.py took 0.078 seconds
[2023-05-13T07:45:25.580+0000] {processor.py:156} INFO - Started process (PID=257) to work on /home/airflow/.local/lib/python3.7/site-packages/airflow/example_dags/example_branch_python_dop_operator_3.py
[2023-05-13T07:45:25.581+0000] {processor.py:799} INFO - Processing file /home/airflow/.local/lib/python3.7/site-packages/airflow/example_dags/example_branch_python_dop_operator_3.py for tasks to queue
[2023-05-13T07:45:25.582+0000] {logging_mixin.py:149} INFO - [2023-05-13T07:45:25.582+0000] {dagbag.py:541} INFO - Filling up the DagBag from /home/airflow/.local/lib/python3.7/site-packages/airflow/example_dags/example_branch_python_dop_operator_3.py
[2023-05-13T07:45:25.590+0000] {processor.py:809} INFO - DAG(s) dict_keys(['example_branch_dop_operator_v3']) retrieved from /home/airflow/.local/lib/python3.7/site-packages/airflow/example_dags/example_branch_python_dop_operator_3.py
[2023-05-13T07:45:25.616+0000] {logging_mixin.py:149} INFO - [2023-05-13T07:45:25.616+0000] {dag.py:2726} INFO - Sync 1 DAGs
[2023-05-13T07:45:25.643+0000] {logging_mixin.py:149} INFO - [2023-05-13T07:45:25.643+0000] {dag.py:3490} INFO - Setting next_dagrun for example_branch_dop_operator_v3 to 2023-05-13T07:44:00+00:00, run_after=2023-05-13T07:45:00+00:00
[2023-05-13T07:45:25.658+0000] {processor.py:178} INFO - Processing /home/airflow/.local/lib/python3.7/site-packages/airflow/example_dags/example_branch_python_dop_operator_3.py took 0.082 seconds
[2023-05-13T07:45:55.771+0000] {processor.py:156} INFO - Started process (PID=313) to work on /home/airflow/.local/lib/python3.7/site-packages/airflow/example_dags/example_branch_python_dop_operator_3.py
[2023-05-13T07:45:55.772+0000] {processor.py:799} INFO - Processing file /home/airflow/.local/lib/python3.7/site-packages/airflow/example_dags/example_branch_python_dop_operator_3.py for tasks to queue
[2023-05-13T07:45:55.773+0000] {logging_mixin.py:149} INFO - [2023-05-13T07:45:55.773+0000] {dagbag.py:541} INFO - Filling up the DagBag from /home/airflow/.local/lib/python3.7/site-packages/airflow/example_dags/example_branch_python_dop_operator_3.py
[2023-05-13T07:45:55.781+0000] {processor.py:809} INFO - DAG(s) dict_keys(['example_branch_dop_operator_v3']) retrieved from /home/airflow/.local/lib/python3.7/site-packages/airflow/example_dags/example_branch_python_dop_operator_3.py
[2023-05-13T07:45:55.806+0000] {logging_mixin.py:149} INFO - [2023-05-13T07:45:55.806+0000] {dag.py:2726} INFO - Sync 1 DAGs
[2023-05-13T07:45:55.831+0000] {logging_mixin.py:149} INFO - [2023-05-13T07:45:55.831+0000] {dag.py:3490} INFO - Setting next_dagrun for example_branch_dop_operator_v3 to 2023-05-13T07:44:00+00:00, run_after=2023-05-13T07:45:00+00:00
[2023-05-13T07:45:55.845+0000] {processor.py:178} INFO - Processing /home/airflow/.local/lib/python3.7/site-packages/airflow/example_dags/example_branch_python_dop_operator_3.py took 0.077 seconds
[2023-05-13T07:46:25.966+0000] {processor.py:156} INFO - Started process (PID=369) to work on /home/airflow/.local/lib/python3.7/site-packages/airflow/example_dags/example_branch_python_dop_operator_3.py
[2023-05-13T07:46:25.967+0000] {processor.py:799} INFO - Processing file /home/airflow/.local/lib/python3.7/site-packages/airflow/example_dags/example_branch_python_dop_operator_3.py for tasks to queue
[2023-05-13T07:46:25.968+0000] {logging_mixin.py:149} INFO - [2023-05-13T07:46:25.968+0000] {dagbag.py:541} INFO - Filling up the DagBag from /home/airflow/.local/lib/python3.7/site-packages/airflow/example_dags/example_branch_python_dop_operator_3.py
[2023-05-13T07:46:25.976+0000] {processor.py:809} INFO - DAG(s) dict_keys(['example_branch_dop_operator_v3']) retrieved from /home/airflow/.local/lib/python3.7/site-packages/airflow/example_dags/example_branch_python_dop_operator_3.py
[2023-05-13T07:46:26.001+0000] {logging_mixin.py:149} INFO - [2023-05-13T07:46:26.001+0000] {dag.py:2726} INFO - Sync 1 DAGs
[2023-05-13T07:46:26.026+0000] {logging_mixin.py:149} INFO - [2023-05-13T07:46:26.026+0000] {dag.py:3490} INFO - Setting next_dagrun for example_branch_dop_operator_v3 to 2023-05-13T07:45:00+00:00, run_after=2023-05-13T07:46:00+00:00
[2023-05-13T07:46:26.041+0000] {processor.py:178} INFO - Processing /home/airflow/.local/lib/python3.7/site-packages/airflow/example_dags/example_branch_python_dop_operator_3.py took 0.078 seconds
[2023-05-13T07:46:56.112+0000] {processor.py:156} INFO - Started process (PID=424) to work on /home/airflow/.local/lib/python3.7/site-packages/airflow/example_dags/example_branch_python_dop_operator_3.py
[2023-05-13T07:46:56.115+0000] {processor.py:799} INFO - Processing file /home/airflow/.local/lib/python3.7/site-packages/airflow/example_dags/example_branch_python_dop_operator_3.py for tasks to queue
[2023-05-13T07:46:56.116+0000] {logging_mixin.py:149} INFO - [2023-05-13T07:46:56.116+0000] {dagbag.py:541} INFO - Filling up the DagBag from /home/airflow/.local/lib/python3.7/site-packages/airflow/example_dags/example_branch_python_dop_operator_3.py
[2023-05-13T07:46:56.129+0000] {processor.py:809} INFO - DAG(s) dict_keys(['example_branch_dop_operator_v3']) retrieved from /home/airflow/.local/lib/python3.7/site-packages/airflow/example_dags/example_branch_python_dop_operator_3.py
[2023-05-13T07:46:56.169+0000] {logging_mixin.py:149} INFO - [2023-05-13T07:46:56.169+0000] {dag.py:2726} INFO - Sync 1 DAGs
[2023-05-13T07:46:56.200+0000] {logging_mixin.py:149} INFO - [2023-05-13T07:46:56.200+0000] {dag.py:3490} INFO - Setting next_dagrun for example_branch_dop_operator_v3 to 2023-05-13T07:45:00+00:00, run_after=2023-05-13T07:46:00+00:00
[2023-05-13T07:46:56.217+0000] {processor.py:178} INFO - Processing /home/airflow/.local/lib/python3.7/site-packages/airflow/example_dags/example_branch_python_dop_operator_3.py took 0.109 seconds
[2023-05-13T07:47:26.260+0000] {processor.py:156} INFO - Started process (PID=480) to work on /home/airflow/.local/lib/python3.7/site-packages/airflow/example_dags/example_branch_python_dop_operator_3.py
[2023-05-13T07:47:26.261+0000] {processor.py:799} INFO - Processing file /home/airflow/.local/lib/python3.7/site-packages/airflow/example_dags/example_branch_python_dop_operator_3.py for tasks to queue
[2023-05-13T07:47:26.262+0000] {logging_mixin.py:149} INFO - [2023-05-13T07:47:26.262+0000] {dagbag.py:541} INFO - Filling up the DagBag from /home/airflow/.local/lib/python3.7/site-packages/airflow/example_dags/example_branch_python_dop_operator_3.py
[2023-05-13T07:47:26.270+0000] {processor.py:809} INFO - DAG(s) dict_keys(['example_branch_dop_operator_v3']) retrieved from /home/airflow/.local/lib/python3.7/site-packages/airflow/example_dags/example_branch_python_dop_operator_3.py
[2023-05-13T07:47:26.301+0000] {logging_mixin.py:149} INFO - [2023-05-13T07:47:26.301+0000] {dag.py:2726} INFO - Sync 1 DAGs
[2023-05-13T07:47:26.327+0000] {logging_mixin.py:149} INFO - [2023-05-13T07:47:26.326+0000] {dag.py:3490} INFO - Setting next_dagrun for example_branch_dop_operator_v3 to 2023-05-13T07:46:00+00:00, run_after=2023-05-13T07:47:00+00:00
[2023-05-13T07:47:26.340+0000] {processor.py:178} INFO - Processing /home/airflow/.local/lib/python3.7/site-packages/airflow/example_dags/example_branch_python_dop_operator_3.py took 0.084 seconds
[2023-05-13T07:47:56.556+0000] {processor.py:156} INFO - Started process (PID=536) to work on /home/airflow/.local/lib/python3.7/site-packages/airflow/example_dags/example_branch_python_dop_operator_3.py
[2023-05-13T07:47:56.558+0000] {processor.py:799} INFO - Processing file /home/airflow/.local/lib/python3.7/site-packages/airflow/example_dags/example_branch_python_dop_operator_3.py for tasks to queue
[2023-05-13T07:47:56.559+0000] {logging_mixin.py:149} INFO - [2023-05-13T07:47:56.559+0000] {dagbag.py:541} INFO - Filling up the DagBag from /home/airflow/.local/lib/python3.7/site-packages/airflow/example_dags/example_branch_python_dop_operator_3.py
[2023-05-13T07:47:56.567+0000] {processor.py:809} INFO - DAG(s) dict_keys(['example_branch_dop_operator_v3']) retrieved from /home/airflow/.local/lib/python3.7/site-packages/airflow/example_dags/example_branch_python_dop_operator_3.py
[2023-05-13T07:47:56.593+0000] {logging_mixin.py:149} INFO - [2023-05-13T07:47:56.593+0000] {dag.py:2726} INFO - Sync 1 DAGs
[2023-05-13T07:47:56.619+0000] {logging_mixin.py:149} INFO - [2023-05-13T07:47:56.619+0000] {dag.py:3490} INFO - Setting next_dagrun for example_branch_dop_operator_v3 to 2023-05-13T07:46:00+00:00, run_after=2023-05-13T07:47:00+00:00
[2023-05-13T07:47:56.633+0000] {processor.py:178} INFO - Processing /home/airflow/.local/lib/python3.7/site-packages/airflow/example_dags/example_branch_python_dop_operator_3.py took 0.081 seconds
