[2023-05-13T07:43:30.329+0000] {processor.py:156} INFO - Started process (PID=71) to work on /home/airflow/.local/lib/python3.7/site-packages/airflow/example_dags/example_subdag_operator.py
[2023-05-13T07:43:30.333+0000] {processor.py:799} INFO - Processing file /home/airflow/.local/lib/python3.7/site-packages/airflow/example_dags/example_subdag_operator.py for tasks to queue
[2023-05-13T07:43:30.334+0000] {logging_mixin.py:149} INFO - [2023-05-13T07:43:30.334+0000] {dagbag.py:541} INFO - Filling up the DagBag from /home/airflow/.local/lib/python3.7/site-packages/airflow/example_dags/example_subdag_operator.py
[2023-05-13T07:43:30.371+0000] {processor.py:809} INFO - DAG(s) dict_keys(['example_subdag_operator.section-1', 'example_subdag_operator.section-2', 'example_subdag_operator']) retrieved from /home/airflow/.local/lib/python3.7/site-packages/airflow/example_dags/example_subdag_operator.py
[2023-05-13T07:43:30.376+0000] {logging_mixin.py:149} INFO - [2023-05-13T07:43:30.376+0000] {dag.py:2726} INFO - Sync 3 DAGs
[2023-05-13T07:43:30.409+0000] {logging_mixin.py:149} INFO - [2023-05-13T07:43:30.409+0000] {dag.py:3490} INFO - Setting next_dagrun for example_subdag_operator to 2022-01-01T00:00:00+00:00, run_after=2022-01-01T00:00:00+00:00
[2023-05-13T07:43:30.413+0000] {logging_mixin.py:149} INFO - [2023-05-13T07:43:30.413+0000] {dag.py:3490} INFO - Setting next_dagrun for example_subdag_operator.section-1 to None, run_after=None
[2023-05-13T07:43:30.415+0000] {logging_mixin.py:149} INFO - [2023-05-13T07:43:30.415+0000] {dag.py:3490} INFO - Setting next_dagrun for example_subdag_operator.section-2 to None, run_after=None
[2023-05-13T07:43:30.424+0000] {logging_mixin.py:149} INFO - [2023-05-13T07:43:30.424+0000] {dag.py:2726} INFO - Sync 2 DAGs
[2023-05-13T07:43:30.431+0000] {logging_mixin.py:149} INFO - [2023-05-13T07:43:30.431+0000] {dag.py:3490} INFO - Setting next_dagrun for example_subdag_operator.section-1 to None, run_after=None
[2023-05-13T07:43:30.432+0000] {logging_mixin.py:149} INFO - [2023-05-13T07:43:30.432+0000] {dag.py:3490} INFO - Setting next_dagrun for example_subdag_operator.section-2 to None, run_after=None
[2023-05-13T07:43:30.444+0000] {processor.py:178} INFO - Processing /home/airflow/.local/lib/python3.7/site-packages/airflow/example_dags/example_subdag_operator.py took 0.119 seconds
[2023-05-13T07:44:00.574+0000] {processor.py:156} INFO - Started process (PID=127) to work on /home/airflow/.local/lib/python3.7/site-packages/airflow/example_dags/example_subdag_operator.py
[2023-05-13T07:44:00.575+0000] {processor.py:799} INFO - Processing file /home/airflow/.local/lib/python3.7/site-packages/airflow/example_dags/example_subdag_operator.py for tasks to queue
[2023-05-13T07:44:00.576+0000] {logging_mixin.py:149} INFO - [2023-05-13T07:44:00.576+0000] {dagbag.py:541} INFO - Filling up the DagBag from /home/airflow/.local/lib/python3.7/site-packages/airflow/example_dags/example_subdag_operator.py
[2023-05-13T07:44:00.602+0000] {processor.py:809} INFO - DAG(s) dict_keys(['example_subdag_operator.section-1', 'example_subdag_operator.section-2', 'example_subdag_operator']) retrieved from /home/airflow/.local/lib/python3.7/site-packages/airflow/example_dags/example_subdag_operator.py
[2023-05-13T07:44:00.619+0000] {logging_mixin.py:149} INFO - [2023-05-13T07:44:00.619+0000] {dag.py:2726} INFO - Sync 3 DAGs
[2023-05-13T07:44:00.649+0000] {logging_mixin.py:149} INFO - [2023-05-13T07:44:00.649+0000] {dag.py:3490} INFO - Setting next_dagrun for example_subdag_operator to 2022-01-01T00:00:00+00:00, run_after=2022-01-01T00:00:00+00:00
[2023-05-13T07:44:00.652+0000] {logging_mixin.py:149} INFO - [2023-05-13T07:44:00.652+0000] {dag.py:3490} INFO - Setting next_dagrun for example_subdag_operator.section-1 to None, run_after=None
[2023-05-13T07:44:00.654+0000] {logging_mixin.py:149} INFO - [2023-05-13T07:44:00.654+0000] {dag.py:3490} INFO - Setting next_dagrun for example_subdag_operator.section-2 to None, run_after=None
[2023-05-13T07:44:00.662+0000] {logging_mixin.py:149} INFO - [2023-05-13T07:44:00.662+0000] {dag.py:2726} INFO - Sync 2 DAGs
[2023-05-13T07:44:00.670+0000] {logging_mixin.py:149} INFO - [2023-05-13T07:44:00.670+0000] {dag.py:3490} INFO - Setting next_dagrun for example_subdag_operator.section-1 to None, run_after=None
[2023-05-13T07:44:00.672+0000] {logging_mixin.py:149} INFO - [2023-05-13T07:44:00.672+0000] {dag.py:3490} INFO - Setting next_dagrun for example_subdag_operator.section-2 to None, run_after=None
[2023-05-13T07:44:00.682+0000] {processor.py:178} INFO - Processing /home/airflow/.local/lib/python3.7/site-packages/airflow/example_dags/example_subdag_operator.py took 0.112 seconds
[2023-05-13T07:44:30.783+0000] {processor.py:156} INFO - Started process (PID=183) to work on /home/airflow/.local/lib/python3.7/site-packages/airflow/example_dags/example_subdag_operator.py
[2023-05-13T07:44:30.784+0000] {processor.py:799} INFO - Processing file /home/airflow/.local/lib/python3.7/site-packages/airflow/example_dags/example_subdag_operator.py for tasks to queue
[2023-05-13T07:44:30.785+0000] {logging_mixin.py:149} INFO - [2023-05-13T07:44:30.785+0000] {dagbag.py:541} INFO - Filling up the DagBag from /home/airflow/.local/lib/python3.7/site-packages/airflow/example_dags/example_subdag_operator.py
[2023-05-13T07:44:30.811+0000] {processor.py:809} INFO - DAG(s) dict_keys(['example_subdag_operator.section-1', 'example_subdag_operator.section-2', 'example_subdag_operator']) retrieved from /home/airflow/.local/lib/python3.7/site-packages/airflow/example_dags/example_subdag_operator.py
[2023-05-13T07:44:30.828+0000] {logging_mixin.py:149} INFO - [2023-05-13T07:44:30.828+0000] {dag.py:2726} INFO - Sync 3 DAGs
[2023-05-13T07:44:30.849+0000] {logging_mixin.py:149} INFO - [2023-05-13T07:44:30.849+0000] {dag.py:3490} INFO - Setting next_dagrun for example_subdag_operator to 2022-01-01T00:00:00+00:00, run_after=2022-01-01T00:00:00+00:00
[2023-05-13T07:44:30.852+0000] {logging_mixin.py:149} INFO - [2023-05-13T07:44:30.852+0000] {dag.py:3490} INFO - Setting next_dagrun for example_subdag_operator.section-1 to None, run_after=None
[2023-05-13T07:44:30.853+0000] {logging_mixin.py:149} INFO - [2023-05-13T07:44:30.853+0000] {dag.py:3490} INFO - Setting next_dagrun for example_subdag_operator.section-2 to None, run_after=None
[2023-05-13T07:44:30.859+0000] {logging_mixin.py:149} INFO - [2023-05-13T07:44:30.859+0000] {dag.py:2726} INFO - Sync 2 DAGs
[2023-05-13T07:44:30.864+0000] {logging_mixin.py:149} INFO - [2023-05-13T07:44:30.864+0000] {dag.py:3490} INFO - Setting next_dagrun for example_subdag_operator.section-1 to None, run_after=None
[2023-05-13T07:44:30.864+0000] {logging_mixin.py:149} INFO - [2023-05-13T07:44:30.864+0000] {dag.py:3490} INFO - Setting next_dagrun for example_subdag_operator.section-2 to None, run_after=None
[2023-05-13T07:44:30.873+0000] {processor.py:178} INFO - Processing /home/airflow/.local/lib/python3.7/site-packages/airflow/example_dags/example_subdag_operator.py took 0.094 seconds
[2023-05-13T07:45:01.827+0000] {processor.py:156} INFO - Started process (PID=239) to work on /home/airflow/.local/lib/python3.7/site-packages/airflow/example_dags/example_subdag_operator.py
[2023-05-13T07:45:01.828+0000] {processor.py:799} INFO - Processing file /home/airflow/.local/lib/python3.7/site-packages/airflow/example_dags/example_subdag_operator.py for tasks to queue
[2023-05-13T07:45:01.829+0000] {logging_mixin.py:149} INFO - [2023-05-13T07:45:01.829+0000] {dagbag.py:541} INFO - Filling up the DagBag from /home/airflow/.local/lib/python3.7/site-packages/airflow/example_dags/example_subdag_operator.py
[2023-05-13T07:45:01.855+0000] {processor.py:809} INFO - DAG(s) dict_keys(['example_subdag_operator.section-1', 'example_subdag_operator.section-2', 'example_subdag_operator']) retrieved from /home/airflow/.local/lib/python3.7/site-packages/airflow/example_dags/example_subdag_operator.py
[2023-05-13T07:45:01.871+0000] {logging_mixin.py:149} INFO - [2023-05-13T07:45:01.871+0000] {dag.py:2726} INFO - Sync 3 DAGs
[2023-05-13T07:45:01.894+0000] {logging_mixin.py:149} INFO - [2023-05-13T07:45:01.893+0000] {dag.py:3490} INFO - Setting next_dagrun for example_subdag_operator to 2022-01-01T00:00:00+00:00, run_after=2022-01-01T00:00:00+00:00
[2023-05-13T07:45:01.897+0000] {logging_mixin.py:149} INFO - [2023-05-13T07:45:01.897+0000] {dag.py:3490} INFO - Setting next_dagrun for example_subdag_operator.section-1 to None, run_after=None
[2023-05-13T07:45:01.898+0000] {logging_mixin.py:149} INFO - [2023-05-13T07:45:01.898+0000] {dag.py:3490} INFO - Setting next_dagrun for example_subdag_operator.section-2 to None, run_after=None
[2023-05-13T07:45:01.905+0000] {logging_mixin.py:149} INFO - [2023-05-13T07:45:01.905+0000] {dag.py:2726} INFO - Sync 2 DAGs
[2023-05-13T07:45:01.909+0000] {logging_mixin.py:149} INFO - [2023-05-13T07:45:01.909+0000] {dag.py:3490} INFO - Setting next_dagrun for example_subdag_operator.section-1 to None, run_after=None
[2023-05-13T07:45:01.910+0000] {logging_mixin.py:149} INFO - [2023-05-13T07:45:01.910+0000] {dag.py:3490} INFO - Setting next_dagrun for example_subdag_operator.section-2 to None, run_after=None
[2023-05-13T07:45:01.919+0000] {processor.py:178} INFO - Processing /home/airflow/.local/lib/python3.7/site-packages/airflow/example_dags/example_subdag_operator.py took 0.096 seconds
[2023-05-13T07:45:32.220+0000] {processor.py:156} INFO - Started process (PID=295) to work on /home/airflow/.local/lib/python3.7/site-packages/airflow/example_dags/example_subdag_operator.py
[2023-05-13T07:45:32.222+0000] {processor.py:799} INFO - Processing file /home/airflow/.local/lib/python3.7/site-packages/airflow/example_dags/example_subdag_operator.py for tasks to queue
[2023-05-13T07:45:32.222+0000] {logging_mixin.py:149} INFO - [2023-05-13T07:45:32.222+0000] {dagbag.py:541} INFO - Filling up the DagBag from /home/airflow/.local/lib/python3.7/site-packages/airflow/example_dags/example_subdag_operator.py
[2023-05-13T07:45:32.248+0000] {processor.py:809} INFO - DAG(s) dict_keys(['example_subdag_operator.section-1', 'example_subdag_operator.section-2', 'example_subdag_operator']) retrieved from /home/airflow/.local/lib/python3.7/site-packages/airflow/example_dags/example_subdag_operator.py
[2023-05-13T07:45:32.265+0000] {logging_mixin.py:149} INFO - [2023-05-13T07:45:32.265+0000] {dag.py:2726} INFO - Sync 3 DAGs
[2023-05-13T07:45:32.286+0000] {logging_mixin.py:149} INFO - [2023-05-13T07:45:32.286+0000] {dag.py:3490} INFO - Setting next_dagrun for example_subdag_operator to 2022-01-01T00:00:00+00:00, run_after=2022-01-01T00:00:00+00:00
[2023-05-13T07:45:32.289+0000] {logging_mixin.py:149} INFO - [2023-05-13T07:45:32.289+0000] {dag.py:3490} INFO - Setting next_dagrun for example_subdag_operator.section-1 to None, run_after=None
[2023-05-13T07:45:32.291+0000] {logging_mixin.py:149} INFO - [2023-05-13T07:45:32.290+0000] {dag.py:3490} INFO - Setting next_dagrun for example_subdag_operator.section-2 to None, run_after=None
[2023-05-13T07:45:32.298+0000] {logging_mixin.py:149} INFO - [2023-05-13T07:45:32.298+0000] {dag.py:2726} INFO - Sync 2 DAGs
[2023-05-13T07:45:32.302+0000] {logging_mixin.py:149} INFO - [2023-05-13T07:45:32.302+0000] {dag.py:3490} INFO - Setting next_dagrun for example_subdag_operator.section-1 to None, run_after=None
[2023-05-13T07:45:32.303+0000] {logging_mixin.py:149} INFO - [2023-05-13T07:45:32.303+0000] {dag.py:3490} INFO - Setting next_dagrun for example_subdag_operator.section-2 to None, run_after=None
[2023-05-13T07:45:32.311+0000] {processor.py:178} INFO - Processing /home/airflow/.local/lib/python3.7/site-packages/airflow/example_dags/example_subdag_operator.py took 0.095 seconds
[2023-05-13T07:46:03.146+0000] {processor.py:156} INFO - Started process (PID=351) to work on /home/airflow/.local/lib/python3.7/site-packages/airflow/example_dags/example_subdag_operator.py
[2023-05-13T07:46:03.147+0000] {processor.py:799} INFO - Processing file /home/airflow/.local/lib/python3.7/site-packages/airflow/example_dags/example_subdag_operator.py for tasks to queue
[2023-05-13T07:46:03.148+0000] {logging_mixin.py:149} INFO - [2023-05-13T07:46:03.148+0000] {dagbag.py:541} INFO - Filling up the DagBag from /home/airflow/.local/lib/python3.7/site-packages/airflow/example_dags/example_subdag_operator.py
[2023-05-13T07:46:03.174+0000] {processor.py:809} INFO - DAG(s) dict_keys(['example_subdag_operator.section-1', 'example_subdag_operator.section-2', 'example_subdag_operator']) retrieved from /home/airflow/.local/lib/python3.7/site-packages/airflow/example_dags/example_subdag_operator.py
[2023-05-13T07:46:03.190+0000] {logging_mixin.py:149} INFO - [2023-05-13T07:46:03.190+0000] {dag.py:2726} INFO - Sync 3 DAGs
[2023-05-13T07:46:03.212+0000] {logging_mixin.py:149} INFO - [2023-05-13T07:46:03.212+0000] {dag.py:3490} INFO - Setting next_dagrun for example_subdag_operator to 2022-01-01T00:00:00+00:00, run_after=2022-01-01T00:00:00+00:00
[2023-05-13T07:46:03.215+0000] {logging_mixin.py:149} INFO - [2023-05-13T07:46:03.215+0000] {dag.py:3490} INFO - Setting next_dagrun for example_subdag_operator.section-1 to None, run_after=None
[2023-05-13T07:46:03.216+0000] {logging_mixin.py:149} INFO - [2023-05-13T07:46:03.216+0000] {dag.py:3490} INFO - Setting next_dagrun for example_subdag_operator.section-2 to None, run_after=None
[2023-05-13T07:46:03.222+0000] {logging_mixin.py:149} INFO - [2023-05-13T07:46:03.222+0000] {dag.py:2726} INFO - Sync 2 DAGs
[2023-05-13T07:46:03.227+0000] {logging_mixin.py:149} INFO - [2023-05-13T07:46:03.226+0000] {dag.py:3490} INFO - Setting next_dagrun for example_subdag_operator.section-1 to None, run_after=None
[2023-05-13T07:46:03.227+0000] {logging_mixin.py:149} INFO - [2023-05-13T07:46:03.227+0000] {dag.py:3490} INFO - Setting next_dagrun for example_subdag_operator.section-2 to None, run_after=None
[2023-05-13T07:46:03.237+0000] {processor.py:178} INFO - Processing /home/airflow/.local/lib/python3.7/site-packages/airflow/example_dags/example_subdag_operator.py took 0.094 seconds
[2023-05-13T07:46:34.146+0000] {processor.py:156} INFO - Started process (PID=407) to work on /home/airflow/.local/lib/python3.7/site-packages/airflow/example_dags/example_subdag_operator.py
[2023-05-13T07:46:34.148+0000] {processor.py:799} INFO - Processing file /home/airflow/.local/lib/python3.7/site-packages/airflow/example_dags/example_subdag_operator.py for tasks to queue
[2023-05-13T07:46:34.148+0000] {logging_mixin.py:149} INFO - [2023-05-13T07:46:34.148+0000] {dagbag.py:541} INFO - Filling up the DagBag from /home/airflow/.local/lib/python3.7/site-packages/airflow/example_dags/example_subdag_operator.py
[2023-05-13T07:46:34.174+0000] {processor.py:809} INFO - DAG(s) dict_keys(['example_subdag_operator.section-1', 'example_subdag_operator.section-2', 'example_subdag_operator']) retrieved from /home/airflow/.local/lib/python3.7/site-packages/airflow/example_dags/example_subdag_operator.py
[2023-05-13T07:46:34.190+0000] {logging_mixin.py:149} INFO - [2023-05-13T07:46:34.190+0000] {dag.py:2726} INFO - Sync 3 DAGs
[2023-05-13T07:46:34.212+0000] {logging_mixin.py:149} INFO - [2023-05-13T07:46:34.212+0000] {dag.py:3490} INFO - Setting next_dagrun for example_subdag_operator to 2022-01-01T00:00:00+00:00, run_after=2022-01-01T00:00:00+00:00
[2023-05-13T07:46:34.215+0000] {logging_mixin.py:149} INFO - [2023-05-13T07:46:34.215+0000] {dag.py:3490} INFO - Setting next_dagrun for example_subdag_operator.section-1 to None, run_after=None
[2023-05-13T07:46:34.216+0000] {logging_mixin.py:149} INFO - [2023-05-13T07:46:34.216+0000] {dag.py:3490} INFO - Setting next_dagrun for example_subdag_operator.section-2 to None, run_after=None
[2023-05-13T07:46:34.222+0000] {logging_mixin.py:149} INFO - [2023-05-13T07:46:34.222+0000] {dag.py:2726} INFO - Sync 2 DAGs
[2023-05-13T07:46:34.227+0000] {logging_mixin.py:149} INFO - [2023-05-13T07:46:34.227+0000] {dag.py:3490} INFO - Setting next_dagrun for example_subdag_operator.section-1 to None, run_after=None
[2023-05-13T07:46:34.227+0000] {logging_mixin.py:149} INFO - [2023-05-13T07:46:34.227+0000] {dag.py:3490} INFO - Setting next_dagrun for example_subdag_operator.section-2 to None, run_after=None
[2023-05-13T07:46:34.235+0000] {processor.py:178} INFO - Processing /home/airflow/.local/lib/python3.7/site-packages/airflow/example_dags/example_subdag_operator.py took 0.093 seconds
[2023-05-13T07:47:04.473+0000] {processor.py:156} INFO - Started process (PID=462) to work on /home/airflow/.local/lib/python3.7/site-packages/airflow/example_dags/example_subdag_operator.py
[2023-05-13T07:47:04.475+0000] {processor.py:799} INFO - Processing file /home/airflow/.local/lib/python3.7/site-packages/airflow/example_dags/example_subdag_operator.py for tasks to queue
[2023-05-13T07:47:04.476+0000] {logging_mixin.py:149} INFO - [2023-05-13T07:47:04.476+0000] {dagbag.py:541} INFO - Filling up the DagBag from /home/airflow/.local/lib/python3.7/site-packages/airflow/example_dags/example_subdag_operator.py
[2023-05-13T07:47:04.501+0000] {processor.py:809} INFO - DAG(s) dict_keys(['example_subdag_operator.section-1', 'example_subdag_operator.section-2', 'example_subdag_operator']) retrieved from /home/airflow/.local/lib/python3.7/site-packages/airflow/example_dags/example_subdag_operator.py
[2023-05-13T07:47:04.518+0000] {logging_mixin.py:149} INFO - [2023-05-13T07:47:04.517+0000] {dag.py:2726} INFO - Sync 3 DAGs
[2023-05-13T07:47:04.539+0000] {logging_mixin.py:149} INFO - [2023-05-13T07:47:04.539+0000] {dag.py:3490} INFO - Setting next_dagrun for example_subdag_operator to 2022-01-01T00:00:00+00:00, run_after=2022-01-01T00:00:00+00:00
[2023-05-13T07:47:04.542+0000] {logging_mixin.py:149} INFO - [2023-05-13T07:47:04.542+0000] {dag.py:3490} INFO - Setting next_dagrun for example_subdag_operator.section-1 to None, run_after=None
[2023-05-13T07:47:04.544+0000] {logging_mixin.py:149} INFO - [2023-05-13T07:47:04.544+0000] {dag.py:3490} INFO - Setting next_dagrun for example_subdag_operator.section-2 to None, run_after=None
[2023-05-13T07:47:04.550+0000] {logging_mixin.py:149} INFO - [2023-05-13T07:47:04.550+0000] {dag.py:2726} INFO - Sync 2 DAGs
[2023-05-13T07:47:04.554+0000] {logging_mixin.py:149} INFO - [2023-05-13T07:47:04.554+0000] {dag.py:3490} INFO - Setting next_dagrun for example_subdag_operator.section-1 to None, run_after=None
[2023-05-13T07:47:04.555+0000] {logging_mixin.py:149} INFO - [2023-05-13T07:47:04.555+0000] {dag.py:3490} INFO - Setting next_dagrun for example_subdag_operator.section-2 to None, run_after=None
[2023-05-13T07:47:04.564+0000] {processor.py:178} INFO - Processing /home/airflow/.local/lib/python3.7/site-packages/airflow/example_dags/example_subdag_operator.py took 0.094 seconds
[2023-05-13T07:47:34.784+0000] {processor.py:156} INFO - Started process (PID=518) to work on /home/airflow/.local/lib/python3.7/site-packages/airflow/example_dags/example_subdag_operator.py
[2023-05-13T07:47:34.785+0000] {processor.py:799} INFO - Processing file /home/airflow/.local/lib/python3.7/site-packages/airflow/example_dags/example_subdag_operator.py for tasks to queue
[2023-05-13T07:47:34.786+0000] {logging_mixin.py:149} INFO - [2023-05-13T07:47:34.786+0000] {dagbag.py:541} INFO - Filling up the DagBag from /home/airflow/.local/lib/python3.7/site-packages/airflow/example_dags/example_subdag_operator.py
[2023-05-13T07:47:34.812+0000] {processor.py:809} INFO - DAG(s) dict_keys(['example_subdag_operator.section-1', 'example_subdag_operator.section-2', 'example_subdag_operator']) retrieved from /home/airflow/.local/lib/python3.7/site-packages/airflow/example_dags/example_subdag_operator.py
[2023-05-13T07:47:34.828+0000] {logging_mixin.py:149} INFO - [2023-05-13T07:47:34.828+0000] {dag.py:2726} INFO - Sync 3 DAGs
[2023-05-13T07:47:34.850+0000] {logging_mixin.py:149} INFO - [2023-05-13T07:47:34.850+0000] {dag.py:3490} INFO - Setting next_dagrun for example_subdag_operator to 2022-01-01T00:00:00+00:00, run_after=2022-01-01T00:00:00+00:00
[2023-05-13T07:47:34.854+0000] {logging_mixin.py:149} INFO - [2023-05-13T07:47:34.854+0000] {dag.py:3490} INFO - Setting next_dagrun for example_subdag_operator.section-1 to None, run_after=None
[2023-05-13T07:47:34.855+0000] {logging_mixin.py:149} INFO - [2023-05-13T07:47:34.855+0000] {dag.py:3490} INFO - Setting next_dagrun for example_subdag_operator.section-2 to None, run_after=None
[2023-05-13T07:47:34.861+0000] {logging_mixin.py:149} INFO - [2023-05-13T07:47:34.861+0000] {dag.py:2726} INFO - Sync 2 DAGs
[2023-05-13T07:47:34.866+0000] {logging_mixin.py:149} INFO - [2023-05-13T07:47:34.866+0000] {dag.py:3490} INFO - Setting next_dagrun for example_subdag_operator.section-1 to None, run_after=None
[2023-05-13T07:47:34.867+0000] {logging_mixin.py:149} INFO - [2023-05-13T07:47:34.866+0000] {dag.py:3490} INFO - Setting next_dagrun for example_subdag_operator.section-2 to None, run_after=None
[2023-05-13T07:47:34.874+0000] {processor.py:178} INFO - Processing /home/airflow/.local/lib/python3.7/site-packages/airflow/example_dags/example_subdag_operator.py took 0.094 seconds
[2023-05-13T07:48:05.150+0000] {processor.py:156} INFO - Started process (PID=574) to work on /home/airflow/.local/lib/python3.7/site-packages/airflow/example_dags/example_subdag_operator.py
[2023-05-13T07:48:05.152+0000] {processor.py:799} INFO - Processing file /home/airflow/.local/lib/python3.7/site-packages/airflow/example_dags/example_subdag_operator.py for tasks to queue
[2023-05-13T07:48:05.152+0000] {logging_mixin.py:149} INFO - [2023-05-13T07:48:05.152+0000] {dagbag.py:541} INFO - Filling up the DagBag from /home/airflow/.local/lib/python3.7/site-packages/airflow/example_dags/example_subdag_operator.py
[2023-05-13T07:48:05.177+0000] {processor.py:809} INFO - DAG(s) dict_keys(['example_subdag_operator.section-1', 'example_subdag_operator.section-2', 'example_subdag_operator']) retrieved from /home/airflow/.local/lib/python3.7/site-packages/airflow/example_dags/example_subdag_operator.py
[2023-05-13T07:48:05.194+0000] {logging_mixin.py:149} INFO - [2023-05-13T07:48:05.193+0000] {dag.py:2726} INFO - Sync 3 DAGs
[2023-05-13T07:48:05.217+0000] {logging_mixin.py:149} INFO - [2023-05-13T07:48:05.217+0000] {dag.py:3490} INFO - Setting next_dagrun for example_subdag_operator to 2022-01-01T00:00:00+00:00, run_after=2022-01-01T00:00:00+00:00
[2023-05-13T07:48:05.220+0000] {logging_mixin.py:149} INFO - [2023-05-13T07:48:05.220+0000] {dag.py:3490} INFO - Setting next_dagrun for example_subdag_operator.section-1 to None, run_after=None
[2023-05-13T07:48:05.221+0000] {logging_mixin.py:149} INFO - [2023-05-13T07:48:05.221+0000] {dag.py:3490} INFO - Setting next_dagrun for example_subdag_operator.section-2 to None, run_after=None
[2023-05-13T07:48:05.228+0000] {logging_mixin.py:149} INFO - [2023-05-13T07:48:05.228+0000] {dag.py:2726} INFO - Sync 2 DAGs
[2023-05-13T07:48:05.233+0000] {logging_mixin.py:149} INFO - [2023-05-13T07:48:05.233+0000] {dag.py:3490} INFO - Setting next_dagrun for example_subdag_operator.section-1 to None, run_after=None
[2023-05-13T07:48:05.234+0000] {logging_mixin.py:149} INFO - [2023-05-13T07:48:05.233+0000] {dag.py:3490} INFO - Setting next_dagrun for example_subdag_operator.section-2 to None, run_after=None
[2023-05-13T07:48:05.242+0000] {processor.py:178} INFO - Processing /home/airflow/.local/lib/python3.7/site-packages/airflow/example_dags/example_subdag_operator.py took 0.095 seconds
