[2023-05-13T07:43:27.853+0000] {processor.py:156} INFO - Started process (PID=60) to work on /home/airflow/.local/lib/python3.7/site-packages/airflow/example_dags/example_nested_branch_dag.py
[2023-05-13T07:43:27.856+0000] {processor.py:799} INFO - Processing file /home/airflow/.local/lib/python3.7/site-packages/airflow/example_dags/example_nested_branch_dag.py for tasks to queue
[2023-05-13T07:43:27.859+0000] {logging_mixin.py:149} INFO - [2023-05-13T07:43:27.858+0000] {dagbag.py:541} INFO - Filling up the DagBag from /home/airflow/.local/lib/python3.7/site-packages/airflow/example_dags/example_nested_branch_dag.py
[2023-05-13T07:43:27.887+0000] {processor.py:809} INFO - DAG(s) dict_keys(['example_nested_branch_dag']) retrieved from /home/airflow/.local/lib/python3.7/site-packages/airflow/example_dags/example_nested_branch_dag.py
[2023-05-13T07:43:27.924+0000] {logging_mixin.py:149} INFO - [2023-05-13T07:43:27.924+0000] {dag.py:2726} INFO - Sync 1 DAGs
[2023-05-13T07:43:27.987+0000] {logging_mixin.py:149} INFO - [2023-05-13T07:43:27.986+0000] {dag.py:3490} INFO - Setting next_dagrun for example_nested_branch_dag to 2023-05-12T00:00:00+00:00, run_after=2023-05-13T00:00:00+00:00
[2023-05-13T07:43:28.026+0000] {processor.py:178} INFO - Processing /home/airflow/.local/lib/python3.7/site-packages/airflow/example_dags/example_nested_branch_dag.py took 0.195 seconds
[2023-05-13T07:43:58.546+0000] {processor.py:156} INFO - Started process (PID=115) to work on /home/airflow/.local/lib/python3.7/site-packages/airflow/example_dags/example_nested_branch_dag.py
[2023-05-13T07:43:58.547+0000] {processor.py:799} INFO - Processing file /home/airflow/.local/lib/python3.7/site-packages/airflow/example_dags/example_nested_branch_dag.py for tasks to queue
[2023-05-13T07:43:58.548+0000] {logging_mixin.py:149} INFO - [2023-05-13T07:43:58.548+0000] {dagbag.py:541} INFO - Filling up the DagBag from /home/airflow/.local/lib/python3.7/site-packages/airflow/example_dags/example_nested_branch_dag.py
[2023-05-13T07:43:58.559+0000] {processor.py:809} INFO - DAG(s) dict_keys(['example_nested_branch_dag']) retrieved from /home/airflow/.local/lib/python3.7/site-packages/airflow/example_dags/example_nested_branch_dag.py
[2023-05-13T07:43:58.588+0000] {logging_mixin.py:149} INFO - [2023-05-13T07:43:58.587+0000] {dag.py:2726} INFO - Sync 1 DAGs
[2023-05-13T07:43:58.610+0000] {logging_mixin.py:149} INFO - [2023-05-13T07:43:58.610+0000] {dag.py:3490} INFO - Setting next_dagrun for example_nested_branch_dag to 2023-05-12T00:00:00+00:00, run_after=2023-05-13T00:00:00+00:00
[2023-05-13T07:43:58.631+0000] {processor.py:178} INFO - Processing /home/airflow/.local/lib/python3.7/site-packages/airflow/example_dags/example_nested_branch_dag.py took 0.089 seconds
[2023-05-13T07:44:28.869+0000] {processor.py:156} INFO - Started process (PID=171) to work on /home/airflow/.local/lib/python3.7/site-packages/airflow/example_dags/example_nested_branch_dag.py
[2023-05-13T07:44:28.871+0000] {processor.py:799} INFO - Processing file /home/airflow/.local/lib/python3.7/site-packages/airflow/example_dags/example_nested_branch_dag.py for tasks to queue
[2023-05-13T07:44:28.872+0000] {logging_mixin.py:149} INFO - [2023-05-13T07:44:28.871+0000] {dagbag.py:541} INFO - Filling up the DagBag from /home/airflow/.local/lib/python3.7/site-packages/airflow/example_dags/example_nested_branch_dag.py
[2023-05-13T07:44:28.881+0000] {processor.py:809} INFO - DAG(s) dict_keys(['example_nested_branch_dag']) retrieved from /home/airflow/.local/lib/python3.7/site-packages/airflow/example_dags/example_nested_branch_dag.py
[2023-05-13T07:44:28.906+0000] {logging_mixin.py:149} INFO - [2023-05-13T07:44:28.906+0000] {dag.py:2726} INFO - Sync 1 DAGs
[2023-05-13T07:44:28.928+0000] {logging_mixin.py:149} INFO - [2023-05-13T07:44:28.928+0000] {dag.py:3490} INFO - Setting next_dagrun for example_nested_branch_dag to 2023-05-12T00:00:00+00:00, run_after=2023-05-13T00:00:00+00:00
[2023-05-13T07:44:28.943+0000] {processor.py:178} INFO - Processing /home/airflow/.local/lib/python3.7/site-packages/airflow/example_dags/example_nested_branch_dag.py took 0.077 seconds
[2023-05-13T07:44:59.028+0000] {processor.py:156} INFO - Started process (PID=227) to work on /home/airflow/.local/lib/python3.7/site-packages/airflow/example_dags/example_nested_branch_dag.py
[2023-05-13T07:44:59.029+0000] {processor.py:799} INFO - Processing file /home/airflow/.local/lib/python3.7/site-packages/airflow/example_dags/example_nested_branch_dag.py for tasks to queue
[2023-05-13T07:44:59.030+0000] {logging_mixin.py:149} INFO - [2023-05-13T07:44:59.030+0000] {dagbag.py:541} INFO - Filling up the DagBag from /home/airflow/.local/lib/python3.7/site-packages/airflow/example_dags/example_nested_branch_dag.py
[2023-05-13T07:44:59.041+0000] {processor.py:809} INFO - DAG(s) dict_keys(['example_nested_branch_dag']) retrieved from /home/airflow/.local/lib/python3.7/site-packages/airflow/example_dags/example_nested_branch_dag.py
[2023-05-13T07:44:59.067+0000] {logging_mixin.py:149} INFO - [2023-05-13T07:44:59.067+0000] {dag.py:2726} INFO - Sync 1 DAGs
[2023-05-13T07:44:59.088+0000] {logging_mixin.py:149} INFO - [2023-05-13T07:44:59.088+0000] {dag.py:3490} INFO - Setting next_dagrun for example_nested_branch_dag to 2023-05-12T00:00:00+00:00, run_after=2023-05-13T00:00:00+00:00
[2023-05-13T07:44:59.103+0000] {processor.py:178} INFO - Processing /home/airflow/.local/lib/python3.7/site-packages/airflow/example_dags/example_nested_branch_dag.py took 0.078 seconds
[2023-05-13T07:45:29.193+0000] {processor.py:156} INFO - Started process (PID=283) to work on /home/airflow/.local/lib/python3.7/site-packages/airflow/example_dags/example_nested_branch_dag.py
[2023-05-13T07:45:29.194+0000] {processor.py:799} INFO - Processing file /home/airflow/.local/lib/python3.7/site-packages/airflow/example_dags/example_nested_branch_dag.py for tasks to queue
[2023-05-13T07:45:29.195+0000] {logging_mixin.py:149} INFO - [2023-05-13T07:45:29.195+0000] {dagbag.py:541} INFO - Filling up the DagBag from /home/airflow/.local/lib/python3.7/site-packages/airflow/example_dags/example_nested_branch_dag.py
[2023-05-13T07:45:29.205+0000] {processor.py:809} INFO - DAG(s) dict_keys(['example_nested_branch_dag']) retrieved from /home/airflow/.local/lib/python3.7/site-packages/airflow/example_dags/example_nested_branch_dag.py
[2023-05-13T07:45:29.230+0000] {logging_mixin.py:149} INFO - [2023-05-13T07:45:29.230+0000] {dag.py:2726} INFO - Sync 1 DAGs
[2023-05-13T07:45:29.252+0000] {logging_mixin.py:149} INFO - [2023-05-13T07:45:29.252+0000] {dag.py:3490} INFO - Setting next_dagrun for example_nested_branch_dag to 2023-05-12T00:00:00+00:00, run_after=2023-05-13T00:00:00+00:00
[2023-05-13T07:45:29.267+0000] {processor.py:178} INFO - Processing /home/airflow/.local/lib/python3.7/site-packages/airflow/example_dags/example_nested_branch_dag.py took 0.077 seconds
[2023-05-13T07:45:59.348+0000] {processor.py:156} INFO - Started process (PID=339) to work on /home/airflow/.local/lib/python3.7/site-packages/airflow/example_dags/example_nested_branch_dag.py
[2023-05-13T07:45:59.349+0000] {processor.py:799} INFO - Processing file /home/airflow/.local/lib/python3.7/site-packages/airflow/example_dags/example_nested_branch_dag.py for tasks to queue
[2023-05-13T07:45:59.350+0000] {logging_mixin.py:149} INFO - [2023-05-13T07:45:59.350+0000] {dagbag.py:541} INFO - Filling up the DagBag from /home/airflow/.local/lib/python3.7/site-packages/airflow/example_dags/example_nested_branch_dag.py
[2023-05-13T07:45:59.360+0000] {processor.py:809} INFO - DAG(s) dict_keys(['example_nested_branch_dag']) retrieved from /home/airflow/.local/lib/python3.7/site-packages/airflow/example_dags/example_nested_branch_dag.py
[2023-05-13T07:45:59.385+0000] {logging_mixin.py:149} INFO - [2023-05-13T07:45:59.385+0000] {dag.py:2726} INFO - Sync 1 DAGs
[2023-05-13T07:45:59.407+0000] {logging_mixin.py:149} INFO - [2023-05-13T07:45:59.406+0000] {dag.py:3490} INFO - Setting next_dagrun for example_nested_branch_dag to 2023-05-12T00:00:00+00:00, run_after=2023-05-13T00:00:00+00:00
[2023-05-13T07:45:59.420+0000] {processor.py:178} INFO - Processing /home/airflow/.local/lib/python3.7/site-packages/airflow/example_dags/example_nested_branch_dag.py took 0.076 seconds
[2023-05-13T07:46:30.351+0000] {processor.py:156} INFO - Started process (PID=395) to work on /home/airflow/.local/lib/python3.7/site-packages/airflow/example_dags/example_nested_branch_dag.py
[2023-05-13T07:46:30.353+0000] {processor.py:799} INFO - Processing file /home/airflow/.local/lib/python3.7/site-packages/airflow/example_dags/example_nested_branch_dag.py for tasks to queue
[2023-05-13T07:46:30.356+0000] {logging_mixin.py:149} INFO - [2023-05-13T07:46:30.356+0000] {dagbag.py:541} INFO - Filling up the DagBag from /home/airflow/.local/lib/python3.7/site-packages/airflow/example_dags/example_nested_branch_dag.py
[2023-05-13T07:46:30.365+0000] {processor.py:809} INFO - DAG(s) dict_keys(['example_nested_branch_dag']) retrieved from /home/airflow/.local/lib/python3.7/site-packages/airflow/example_dags/example_nested_branch_dag.py
[2023-05-13T07:46:30.392+0000] {logging_mixin.py:149} INFO - [2023-05-13T07:46:30.392+0000] {dag.py:2726} INFO - Sync 1 DAGs
[2023-05-13T07:46:30.414+0000] {logging_mixin.py:149} INFO - [2023-05-13T07:46:30.414+0000] {dag.py:3490} INFO - Setting next_dagrun for example_nested_branch_dag to 2023-05-12T00:00:00+00:00, run_after=2023-05-13T00:00:00+00:00
[2023-05-13T07:46:30.428+0000] {processor.py:178} INFO - Processing /home/airflow/.local/lib/python3.7/site-packages/airflow/example_dags/example_nested_branch_dag.py took 0.080 seconds
[2023-05-13T07:47:00.659+0000] {processor.py:156} INFO - Started process (PID=450) to work on /home/airflow/.local/lib/python3.7/site-packages/airflow/example_dags/example_nested_branch_dag.py
[2023-05-13T07:47:00.661+0000] {processor.py:799} INFO - Processing file /home/airflow/.local/lib/python3.7/site-packages/airflow/example_dags/example_nested_branch_dag.py for tasks to queue
[2023-05-13T07:47:00.662+0000] {logging_mixin.py:149} INFO - [2023-05-13T07:47:00.662+0000] {dagbag.py:541} INFO - Filling up the DagBag from /home/airflow/.local/lib/python3.7/site-packages/airflow/example_dags/example_nested_branch_dag.py
[2023-05-13T07:47:00.672+0000] {processor.py:809} INFO - DAG(s) dict_keys(['example_nested_branch_dag']) retrieved from /home/airflow/.local/lib/python3.7/site-packages/airflow/example_dags/example_nested_branch_dag.py
[2023-05-13T07:47:00.700+0000] {logging_mixin.py:149} INFO - [2023-05-13T07:47:00.700+0000] {dag.py:2726} INFO - Sync 1 DAGs
[2023-05-13T07:47:00.724+0000] {logging_mixin.py:149} INFO - [2023-05-13T07:47:00.724+0000] {dag.py:3490} INFO - Setting next_dagrun for example_nested_branch_dag to 2023-05-12T00:00:00+00:00, run_after=2023-05-13T00:00:00+00:00
[2023-05-13T07:47:00.738+0000] {processor.py:178} INFO - Processing /home/airflow/.local/lib/python3.7/site-packages/airflow/example_dags/example_nested_branch_dag.py took 0.083 seconds
[2023-05-13T07:47:30.901+0000] {processor.py:156} INFO - Started process (PID=506) to work on /home/airflow/.local/lib/python3.7/site-packages/airflow/example_dags/example_nested_branch_dag.py
[2023-05-13T07:47:30.902+0000] {processor.py:799} INFO - Processing file /home/airflow/.local/lib/python3.7/site-packages/airflow/example_dags/example_nested_branch_dag.py for tasks to queue
[2023-05-13T07:47:30.903+0000] {logging_mixin.py:149} INFO - [2023-05-13T07:47:30.903+0000] {dagbag.py:541} INFO - Filling up the DagBag from /home/airflow/.local/lib/python3.7/site-packages/airflow/example_dags/example_nested_branch_dag.py
[2023-05-13T07:47:30.912+0000] {processor.py:809} INFO - DAG(s) dict_keys(['example_nested_branch_dag']) retrieved from /home/airflow/.local/lib/python3.7/site-packages/airflow/example_dags/example_nested_branch_dag.py
[2023-05-13T07:47:30.938+0000] {logging_mixin.py:149} INFO - [2023-05-13T07:47:30.938+0000] {dag.py:2726} INFO - Sync 1 DAGs
[2023-05-13T07:47:30.960+0000] {logging_mixin.py:149} INFO - [2023-05-13T07:47:30.960+0000] {dag.py:3490} INFO - Setting next_dagrun for example_nested_branch_dag to 2023-05-12T00:00:00+00:00, run_after=2023-05-13T00:00:00+00:00
[2023-05-13T07:47:30.974+0000] {processor.py:178} INFO - Processing /home/airflow/.local/lib/python3.7/site-packages/airflow/example_dags/example_nested_branch_dag.py took 0.077 seconds
[2023-05-13T07:48:01.112+0000] {processor.py:156} INFO - Started process (PID=562) to work on /home/airflow/.local/lib/python3.7/site-packages/airflow/example_dags/example_nested_branch_dag.py
[2023-05-13T07:48:01.113+0000] {processor.py:799} INFO - Processing file /home/airflow/.local/lib/python3.7/site-packages/airflow/example_dags/example_nested_branch_dag.py for tasks to queue
[2023-05-13T07:48:01.114+0000] {logging_mixin.py:149} INFO - [2023-05-13T07:48:01.114+0000] {dagbag.py:541} INFO - Filling up the DagBag from /home/airflow/.local/lib/python3.7/site-packages/airflow/example_dags/example_nested_branch_dag.py
[2023-05-13T07:48:01.123+0000] {processor.py:809} INFO - DAG(s) dict_keys(['example_nested_branch_dag']) retrieved from /home/airflow/.local/lib/python3.7/site-packages/airflow/example_dags/example_nested_branch_dag.py
[2023-05-13T07:48:01.148+0000] {logging_mixin.py:149} INFO - [2023-05-13T07:48:01.148+0000] {dag.py:2726} INFO - Sync 1 DAGs
[2023-05-13T07:48:01.169+0000] {logging_mixin.py:149} INFO - [2023-05-13T07:48:01.169+0000] {dag.py:3490} INFO - Setting next_dagrun for example_nested_branch_dag to 2023-05-12T00:00:00+00:00, run_after=2023-05-13T00:00:00+00:00
[2023-05-13T07:48:01.184+0000] {processor.py:178} INFO - Processing /home/airflow/.local/lib/python3.7/site-packages/airflow/example_dags/example_nested_branch_dag.py took 0.075 seconds
