[2023-05-13T07:43:24.494+0000] {processor.py:156} INFO - Started process (PID=36) to work on /home/airflow/.local/lib/python3.7/site-packages/airflow/example_dags/example_complex.py
[2023-05-13T07:43:24.496+0000] {processor.py:799} INFO - Processing file /home/airflow/.local/lib/python3.7/site-packages/airflow/example_dags/example_complex.py for tasks to queue
[2023-05-13T07:43:24.497+0000] {logging_mixin.py:149} INFO - [2023-05-13T07:43:24.497+0000] {dagbag.py:541} INFO - Filling up the DagBag from /home/airflow/.local/lib/python3.7/site-packages/airflow/example_dags/example_complex.py
[2023-05-13T07:43:24.514+0000] {logging_mixin.py:149} INFO - [2023-05-13T07:43:24.514+0000] {taskmixin.py:211} WARNING - Dependency <Task(BashOperator): create_entry_group>, delete_entry_group already registered for DAG: example_complex
[2023-05-13T07:43:24.515+0000] {logging_mixin.py:149} INFO - [2023-05-13T07:43:24.515+0000] {taskmixin.py:211} WARNING - Dependency <Task(BashOperator): delete_entry_group>, create_entry_group already registered for DAG: example_complex
[2023-05-13T07:43:24.516+0000] {logging_mixin.py:149} INFO - [2023-05-13T07:43:24.516+0000] {taskmixin.py:211} WARNING - Dependency <Task(BashOperator): create_entry_gcs>, delete_entry already registered for DAG: example_complex
[2023-05-13T07:43:24.517+0000] {logging_mixin.py:149} INFO - [2023-05-13T07:43:24.517+0000] {taskmixin.py:211} WARNING - Dependency <Task(BashOperator): delete_entry>, create_entry_gcs already registered for DAG: example_complex
[2023-05-13T07:43:24.519+0000] {logging_mixin.py:149} INFO - [2023-05-13T07:43:24.519+0000] {taskmixin.py:211} WARNING - Dependency <Task(BashOperator): create_tag>, delete_tag already registered for DAG: example_complex
[2023-05-13T07:43:24.520+0000] {logging_mixin.py:149} INFO - [2023-05-13T07:43:24.520+0000] {taskmixin.py:211} WARNING - Dependency <Task(BashOperator): delete_tag>, create_tag already registered for DAG: example_complex
[2023-05-13T07:43:24.527+0000] {processor.py:809} INFO - DAG(s) dict_keys(['example_complex']) retrieved from /home/airflow/.local/lib/python3.7/site-packages/airflow/example_dags/example_complex.py
[2023-05-13T07:43:24.566+0000] {logging_mixin.py:149} INFO - [2023-05-13T07:43:24.565+0000] {dag.py:2726} INFO - Sync 1 DAGs
[2023-05-13T07:43:24.606+0000] {logging_mixin.py:149} INFO - [2023-05-13T07:43:24.606+0000] {dag.py:3490} INFO - Setting next_dagrun for example_complex to None, run_after=None
[2023-05-13T07:43:24.635+0000] {processor.py:178} INFO - Processing /home/airflow/.local/lib/python3.7/site-packages/airflow/example_dags/example_complex.py took 0.147 seconds
[2023-05-13T07:43:55.068+0000] {processor.py:156} INFO - Started process (PID=92) to work on /home/airflow/.local/lib/python3.7/site-packages/airflow/example_dags/example_complex.py
[2023-05-13T07:43:55.070+0000] {processor.py:799} INFO - Processing file /home/airflow/.local/lib/python3.7/site-packages/airflow/example_dags/example_complex.py for tasks to queue
[2023-05-13T07:43:55.071+0000] {logging_mixin.py:149} INFO - [2023-05-13T07:43:55.070+0000] {dagbag.py:541} INFO - Filling up the DagBag from /home/airflow/.local/lib/python3.7/site-packages/airflow/example_dags/example_complex.py
[2023-05-13T07:43:55.080+0000] {logging_mixin.py:149} INFO - [2023-05-13T07:43:55.080+0000] {taskmixin.py:211} WARNING - Dependency <Task(BashOperator): create_entry_group>, delete_entry_group already registered for DAG: example_complex
[2023-05-13T07:43:55.081+0000] {logging_mixin.py:149} INFO - [2023-05-13T07:43:55.081+0000] {taskmixin.py:211} WARNING - Dependency <Task(BashOperator): delete_entry_group>, create_entry_group already registered for DAG: example_complex
[2023-05-13T07:43:55.081+0000] {logging_mixin.py:149} INFO - [2023-05-13T07:43:55.081+0000] {taskmixin.py:211} WARNING - Dependency <Task(BashOperator): create_entry_gcs>, delete_entry already registered for DAG: example_complex
[2023-05-13T07:43:55.082+0000] {logging_mixin.py:149} INFO - [2023-05-13T07:43:55.082+0000] {taskmixin.py:211} WARNING - Dependency <Task(BashOperator): delete_entry>, create_entry_gcs already registered for DAG: example_complex
[2023-05-13T07:43:55.083+0000] {logging_mixin.py:149} INFO - [2023-05-13T07:43:55.083+0000] {taskmixin.py:211} WARNING - Dependency <Task(BashOperator): create_tag>, delete_tag already registered for DAG: example_complex
[2023-05-13T07:43:55.083+0000] {logging_mixin.py:149} INFO - [2023-05-13T07:43:55.083+0000] {taskmixin.py:211} WARNING - Dependency <Task(BashOperator): delete_tag>, create_tag already registered for DAG: example_complex
[2023-05-13T07:43:55.085+0000] {processor.py:809} INFO - DAG(s) dict_keys(['example_complex']) retrieved from /home/airflow/.local/lib/python3.7/site-packages/airflow/example_dags/example_complex.py
[2023-05-13T07:43:55.127+0000] {logging_mixin.py:149} INFO - [2023-05-13T07:43:55.127+0000] {dag.py:2726} INFO - Sync 1 DAGs
[2023-05-13T07:43:55.154+0000] {logging_mixin.py:149} INFO - [2023-05-13T07:43:55.153+0000] {dag.py:3490} INFO - Setting next_dagrun for example_complex to None, run_after=None
[2023-05-13T07:43:55.169+0000] {processor.py:178} INFO - Processing /home/airflow/.local/lib/python3.7/site-packages/airflow/example_dags/example_complex.py took 0.105 seconds
[2023-05-13T07:44:25.248+0000] {processor.py:156} INFO - Started process (PID=148) to work on /home/airflow/.local/lib/python3.7/site-packages/airflow/example_dags/example_complex.py
[2023-05-13T07:44:25.249+0000] {processor.py:799} INFO - Processing file /home/airflow/.local/lib/python3.7/site-packages/airflow/example_dags/example_complex.py for tasks to queue
[2023-05-13T07:44:25.250+0000] {logging_mixin.py:149} INFO - [2023-05-13T07:44:25.250+0000] {dagbag.py:541} INFO - Filling up the DagBag from /home/airflow/.local/lib/python3.7/site-packages/airflow/example_dags/example_complex.py
[2023-05-13T07:44:25.259+0000] {logging_mixin.py:149} INFO - [2023-05-13T07:44:25.259+0000] {taskmixin.py:211} WARNING - Dependency <Task(BashOperator): create_entry_group>, delete_entry_group already registered for DAG: example_complex
[2023-05-13T07:44:25.259+0000] {logging_mixin.py:149} INFO - [2023-05-13T07:44:25.259+0000] {taskmixin.py:211} WARNING - Dependency <Task(BashOperator): delete_entry_group>, create_entry_group already registered for DAG: example_complex
[2023-05-13T07:44:25.260+0000] {logging_mixin.py:149} INFO - [2023-05-13T07:44:25.260+0000] {taskmixin.py:211} WARNING - Dependency <Task(BashOperator): create_entry_gcs>, delete_entry already registered for DAG: example_complex
[2023-05-13T07:44:25.260+0000] {logging_mixin.py:149} INFO - [2023-05-13T07:44:25.260+0000] {taskmixin.py:211} WARNING - Dependency <Task(BashOperator): delete_entry>, create_entry_gcs already registered for DAG: example_complex
[2023-05-13T07:44:25.261+0000] {logging_mixin.py:149} INFO - [2023-05-13T07:44:25.261+0000] {taskmixin.py:211} WARNING - Dependency <Task(BashOperator): create_tag>, delete_tag already registered for DAG: example_complex
[2023-05-13T07:44:25.261+0000] {logging_mixin.py:149} INFO - [2023-05-13T07:44:25.261+0000] {taskmixin.py:211} WARNING - Dependency <Task(BashOperator): delete_tag>, create_tag already registered for DAG: example_complex
[2023-05-13T07:44:25.263+0000] {processor.py:809} INFO - DAG(s) dict_keys(['example_complex']) retrieved from /home/airflow/.local/lib/python3.7/site-packages/airflow/example_dags/example_complex.py
[2023-05-13T07:44:25.295+0000] {logging_mixin.py:149} INFO - [2023-05-13T07:44:25.295+0000] {dag.py:2726} INFO - Sync 1 DAGs
[2023-05-13T07:44:25.315+0000] {logging_mixin.py:149} INFO - [2023-05-13T07:44:25.315+0000] {dag.py:3490} INFO - Setting next_dagrun for example_complex to None, run_after=None
[2023-05-13T07:44:25.330+0000] {processor.py:178} INFO - Processing /home/airflow/.local/lib/python3.7/site-packages/airflow/example_dags/example_complex.py took 0.085 seconds
[2023-05-13T07:44:55.427+0000] {processor.py:156} INFO - Started process (PID=204) to work on /home/airflow/.local/lib/python3.7/site-packages/airflow/example_dags/example_complex.py
[2023-05-13T07:44:55.428+0000] {processor.py:799} INFO - Processing file /home/airflow/.local/lib/python3.7/site-packages/airflow/example_dags/example_complex.py for tasks to queue
[2023-05-13T07:44:55.430+0000] {logging_mixin.py:149} INFO - [2023-05-13T07:44:55.429+0000] {dagbag.py:541} INFO - Filling up the DagBag from /home/airflow/.local/lib/python3.7/site-packages/airflow/example_dags/example_complex.py
[2023-05-13T07:44:55.438+0000] {logging_mixin.py:149} INFO - [2023-05-13T07:44:55.438+0000] {taskmixin.py:211} WARNING - Dependency <Task(BashOperator): create_entry_group>, delete_entry_group already registered for DAG: example_complex
[2023-05-13T07:44:55.439+0000] {logging_mixin.py:149} INFO - [2023-05-13T07:44:55.439+0000] {taskmixin.py:211} WARNING - Dependency <Task(BashOperator): delete_entry_group>, create_entry_group already registered for DAG: example_complex
[2023-05-13T07:44:55.439+0000] {logging_mixin.py:149} INFO - [2023-05-13T07:44:55.439+0000] {taskmixin.py:211} WARNING - Dependency <Task(BashOperator): create_entry_gcs>, delete_entry already registered for DAG: example_complex
[2023-05-13T07:44:55.440+0000] {logging_mixin.py:149} INFO - [2023-05-13T07:44:55.440+0000] {taskmixin.py:211} WARNING - Dependency <Task(BashOperator): delete_entry>, create_entry_gcs already registered for DAG: example_complex
[2023-05-13T07:44:55.441+0000] {logging_mixin.py:149} INFO - [2023-05-13T07:44:55.441+0000] {taskmixin.py:211} WARNING - Dependency <Task(BashOperator): create_tag>, delete_tag already registered for DAG: example_complex
[2023-05-13T07:44:55.441+0000] {logging_mixin.py:149} INFO - [2023-05-13T07:44:55.441+0000] {taskmixin.py:211} WARNING - Dependency <Task(BashOperator): delete_tag>, create_tag already registered for DAG: example_complex
[2023-05-13T07:44:55.443+0000] {processor.py:809} INFO - DAG(s) dict_keys(['example_complex']) retrieved from /home/airflow/.local/lib/python3.7/site-packages/airflow/example_dags/example_complex.py
[2023-05-13T07:44:55.475+0000] {logging_mixin.py:149} INFO - [2023-05-13T07:44:55.475+0000] {dag.py:2726} INFO - Sync 1 DAGs
[2023-05-13T07:44:55.495+0000] {logging_mixin.py:149} INFO - [2023-05-13T07:44:55.495+0000] {dag.py:3490} INFO - Setting next_dagrun for example_complex to None, run_after=None
[2023-05-13T07:44:55.509+0000] {processor.py:178} INFO - Processing /home/airflow/.local/lib/python3.7/site-packages/airflow/example_dags/example_complex.py took 0.086 seconds
[2023-05-13T07:45:25.788+0000] {processor.py:156} INFO - Started process (PID=260) to work on /home/airflow/.local/lib/python3.7/site-packages/airflow/example_dags/example_complex.py
[2023-05-13T07:45:25.790+0000] {processor.py:799} INFO - Processing file /home/airflow/.local/lib/python3.7/site-packages/airflow/example_dags/example_complex.py for tasks to queue
[2023-05-13T07:45:25.792+0000] {logging_mixin.py:149} INFO - [2023-05-13T07:45:25.792+0000] {dagbag.py:541} INFO - Filling up the DagBag from /home/airflow/.local/lib/python3.7/site-packages/airflow/example_dags/example_complex.py
[2023-05-13T07:45:25.802+0000] {logging_mixin.py:149} INFO - [2023-05-13T07:45:25.802+0000] {taskmixin.py:211} WARNING - Dependency <Task(BashOperator): create_entry_group>, delete_entry_group already registered for DAG: example_complex
[2023-05-13T07:45:25.803+0000] {logging_mixin.py:149} INFO - [2023-05-13T07:45:25.803+0000] {taskmixin.py:211} WARNING - Dependency <Task(BashOperator): delete_entry_group>, create_entry_group already registered for DAG: example_complex
[2023-05-13T07:45:25.804+0000] {logging_mixin.py:149} INFO - [2023-05-13T07:45:25.803+0000] {taskmixin.py:211} WARNING - Dependency <Task(BashOperator): create_entry_gcs>, delete_entry already registered for DAG: example_complex
[2023-05-13T07:45:25.805+0000] {logging_mixin.py:149} INFO - [2023-05-13T07:45:25.805+0000] {taskmixin.py:211} WARNING - Dependency <Task(BashOperator): delete_entry>, create_entry_gcs already registered for DAG: example_complex
[2023-05-13T07:45:25.807+0000] {logging_mixin.py:149} INFO - [2023-05-13T07:45:25.807+0000] {taskmixin.py:211} WARNING - Dependency <Task(BashOperator): create_tag>, delete_tag already registered for DAG: example_complex
[2023-05-13T07:45:25.809+0000] {logging_mixin.py:149} INFO - [2023-05-13T07:45:25.809+0000] {taskmixin.py:211} WARNING - Dependency <Task(BashOperator): delete_tag>, create_tag already registered for DAG: example_complex
[2023-05-13T07:45:25.812+0000] {processor.py:809} INFO - DAG(s) dict_keys(['example_complex']) retrieved from /home/airflow/.local/lib/python3.7/site-packages/airflow/example_dags/example_complex.py
[2023-05-13T07:45:25.846+0000] {logging_mixin.py:149} INFO - [2023-05-13T07:45:25.846+0000] {dag.py:2726} INFO - Sync 1 DAGs
[2023-05-13T07:45:25.867+0000] {logging_mixin.py:149} INFO - [2023-05-13T07:45:25.867+0000] {dag.py:3490} INFO - Setting next_dagrun for example_complex to None, run_after=None
[2023-05-13T07:45:25.882+0000] {processor.py:178} INFO - Processing /home/airflow/.local/lib/python3.7/site-packages/airflow/example_dags/example_complex.py took 0.097 seconds
[2023-05-13T07:45:55.985+0000] {processor.py:156} INFO - Started process (PID=316) to work on /home/airflow/.local/lib/python3.7/site-packages/airflow/example_dags/example_complex.py
[2023-05-13T07:45:55.986+0000] {processor.py:799} INFO - Processing file /home/airflow/.local/lib/python3.7/site-packages/airflow/example_dags/example_complex.py for tasks to queue
[2023-05-13T07:45:55.987+0000] {logging_mixin.py:149} INFO - [2023-05-13T07:45:55.987+0000] {dagbag.py:541} INFO - Filling up the DagBag from /home/airflow/.local/lib/python3.7/site-packages/airflow/example_dags/example_complex.py
[2023-05-13T07:45:55.997+0000] {logging_mixin.py:149} INFO - [2023-05-13T07:45:55.997+0000] {taskmixin.py:211} WARNING - Dependency <Task(BashOperator): create_entry_group>, delete_entry_group already registered for DAG: example_complex
[2023-05-13T07:45:55.998+0000] {logging_mixin.py:149} INFO - [2023-05-13T07:45:55.997+0000] {taskmixin.py:211} WARNING - Dependency <Task(BashOperator): delete_entry_group>, create_entry_group already registered for DAG: example_complex
[2023-05-13T07:45:55.998+0000] {logging_mixin.py:149} INFO - [2023-05-13T07:45:55.998+0000] {taskmixin.py:211} WARNING - Dependency <Task(BashOperator): create_entry_gcs>, delete_entry already registered for DAG: example_complex
[2023-05-13T07:45:55.999+0000] {logging_mixin.py:149} INFO - [2023-05-13T07:45:55.998+0000] {taskmixin.py:211} WARNING - Dependency <Task(BashOperator): delete_entry>, create_entry_gcs already registered for DAG: example_complex
[2023-05-13T07:45:55.999+0000] {logging_mixin.py:149} INFO - [2023-05-13T07:45:55.999+0000] {taskmixin.py:211} WARNING - Dependency <Task(BashOperator): create_tag>, delete_tag already registered for DAG: example_complex
[2023-05-13T07:45:56.000+0000] {logging_mixin.py:149} INFO - [2023-05-13T07:45:56.000+0000] {taskmixin.py:211} WARNING - Dependency <Task(BashOperator): delete_tag>, create_tag already registered for DAG: example_complex
[2023-05-13T07:45:56.001+0000] {processor.py:809} INFO - DAG(s) dict_keys(['example_complex']) retrieved from /home/airflow/.local/lib/python3.7/site-packages/airflow/example_dags/example_complex.py
[2023-05-13T07:45:56.035+0000] {logging_mixin.py:149} INFO - [2023-05-13T07:45:56.035+0000] {dag.py:2726} INFO - Sync 1 DAGs
[2023-05-13T07:45:56.057+0000] {logging_mixin.py:149} INFO - [2023-05-13T07:45:56.057+0000] {dag.py:3490} INFO - Setting next_dagrun for example_complex to None, run_after=None
[2023-05-13T07:45:56.073+0000] {processor.py:178} INFO - Processing /home/airflow/.local/lib/python3.7/site-packages/airflow/example_dags/example_complex.py took 0.092 seconds
[2023-05-13T07:46:26.172+0000] {processor.py:156} INFO - Started process (PID=372) to work on /home/airflow/.local/lib/python3.7/site-packages/airflow/example_dags/example_complex.py
[2023-05-13T07:46:26.173+0000] {processor.py:799} INFO - Processing file /home/airflow/.local/lib/python3.7/site-packages/airflow/example_dags/example_complex.py for tasks to queue
[2023-05-13T07:46:26.174+0000] {logging_mixin.py:149} INFO - [2023-05-13T07:46:26.174+0000] {dagbag.py:541} INFO - Filling up the DagBag from /home/airflow/.local/lib/python3.7/site-packages/airflow/example_dags/example_complex.py
[2023-05-13T07:46:26.184+0000] {logging_mixin.py:149} INFO - [2023-05-13T07:46:26.183+0000] {taskmixin.py:211} WARNING - Dependency <Task(BashOperator): create_entry_group>, delete_entry_group already registered for DAG: example_complex
[2023-05-13T07:46:26.184+0000] {logging_mixin.py:149} INFO - [2023-05-13T07:46:26.184+0000] {taskmixin.py:211} WARNING - Dependency <Task(BashOperator): delete_entry_group>, create_entry_group already registered for DAG: example_complex
[2023-05-13T07:46:26.185+0000] {logging_mixin.py:149} INFO - [2023-05-13T07:46:26.184+0000] {taskmixin.py:211} WARNING - Dependency <Task(BashOperator): create_entry_gcs>, delete_entry already registered for DAG: example_complex
[2023-05-13T07:46:26.185+0000] {logging_mixin.py:149} INFO - [2023-05-13T07:46:26.185+0000] {taskmixin.py:211} WARNING - Dependency <Task(BashOperator): delete_entry>, create_entry_gcs already registered for DAG: example_complex
[2023-05-13T07:46:26.186+0000] {logging_mixin.py:149} INFO - [2023-05-13T07:46:26.186+0000] {taskmixin.py:211} WARNING - Dependency <Task(BashOperator): create_tag>, delete_tag already registered for DAG: example_complex
[2023-05-13T07:46:26.186+0000] {logging_mixin.py:149} INFO - [2023-05-13T07:46:26.186+0000] {taskmixin.py:211} WARNING - Dependency <Task(BashOperator): delete_tag>, create_tag already registered for DAG: example_complex
[2023-05-13T07:46:26.188+0000] {processor.py:809} INFO - DAG(s) dict_keys(['example_complex']) retrieved from /home/airflow/.local/lib/python3.7/site-packages/airflow/example_dags/example_complex.py
[2023-05-13T07:46:26.220+0000] {logging_mixin.py:149} INFO - [2023-05-13T07:46:26.220+0000] {dag.py:2726} INFO - Sync 1 DAGs
[2023-05-13T07:46:26.241+0000] {logging_mixin.py:149} INFO - [2023-05-13T07:46:26.241+0000] {dag.py:3490} INFO - Setting next_dagrun for example_complex to None, run_after=None
[2023-05-13T07:46:26.255+0000] {processor.py:178} INFO - Processing /home/airflow/.local/lib/python3.7/site-packages/airflow/example_dags/example_complex.py took 0.087 seconds
[2023-05-13T07:46:56.370+0000] {processor.py:156} INFO - Started process (PID=427) to work on /home/airflow/.local/lib/python3.7/site-packages/airflow/example_dags/example_complex.py
[2023-05-13T07:46:56.371+0000] {processor.py:799} INFO - Processing file /home/airflow/.local/lib/python3.7/site-packages/airflow/example_dags/example_complex.py for tasks to queue
[2023-05-13T07:46:56.372+0000] {logging_mixin.py:149} INFO - [2023-05-13T07:46:56.372+0000] {dagbag.py:541} INFO - Filling up the DagBag from /home/airflow/.local/lib/python3.7/site-packages/airflow/example_dags/example_complex.py
[2023-05-13T07:46:56.383+0000] {logging_mixin.py:149} INFO - [2023-05-13T07:46:56.383+0000] {taskmixin.py:211} WARNING - Dependency <Task(BashOperator): create_entry_group>, delete_entry_group already registered for DAG: example_complex
[2023-05-13T07:46:56.384+0000] {logging_mixin.py:149} INFO - [2023-05-13T07:46:56.384+0000] {taskmixin.py:211} WARNING - Dependency <Task(BashOperator): delete_entry_group>, create_entry_group already registered for DAG: example_complex
[2023-05-13T07:46:56.385+0000] {logging_mixin.py:149} INFO - [2023-05-13T07:46:56.385+0000] {taskmixin.py:211} WARNING - Dependency <Task(BashOperator): create_entry_gcs>, delete_entry already registered for DAG: example_complex
[2023-05-13T07:46:56.385+0000] {logging_mixin.py:149} INFO - [2023-05-13T07:46:56.385+0000] {taskmixin.py:211} WARNING - Dependency <Task(BashOperator): delete_entry>, create_entry_gcs already registered for DAG: example_complex
[2023-05-13T07:46:56.386+0000] {logging_mixin.py:149} INFO - [2023-05-13T07:46:56.386+0000] {taskmixin.py:211} WARNING - Dependency <Task(BashOperator): create_tag>, delete_tag already registered for DAG: example_complex
[2023-05-13T07:46:56.387+0000] {logging_mixin.py:149} INFO - [2023-05-13T07:46:56.387+0000] {taskmixin.py:211} WARNING - Dependency <Task(BashOperator): delete_tag>, create_tag already registered for DAG: example_complex
[2023-05-13T07:46:56.389+0000] {processor.py:809} INFO - DAG(s) dict_keys(['example_complex']) retrieved from /home/airflow/.local/lib/python3.7/site-packages/airflow/example_dags/example_complex.py
[2023-05-13T07:46:56.432+0000] {logging_mixin.py:149} INFO - [2023-05-13T07:46:56.432+0000] {dag.py:2726} INFO - Sync 1 DAGs
[2023-05-13T07:46:56.454+0000] {logging_mixin.py:149} INFO - [2023-05-13T07:46:56.454+0000] {dag.py:3490} INFO - Setting next_dagrun for example_complex to None, run_after=None
[2023-05-13T07:46:56.470+0000] {processor.py:178} INFO - Processing /home/airflow/.local/lib/python3.7/site-packages/airflow/example_dags/example_complex.py took 0.103 seconds
[2023-05-13T07:47:26.543+0000] {processor.py:156} INFO - Started process (PID=484) to work on /home/airflow/.local/lib/python3.7/site-packages/airflow/example_dags/example_complex.py
[2023-05-13T07:47:26.544+0000] {processor.py:799} INFO - Processing file /home/airflow/.local/lib/python3.7/site-packages/airflow/example_dags/example_complex.py for tasks to queue
[2023-05-13T07:47:26.545+0000] {logging_mixin.py:149} INFO - [2023-05-13T07:47:26.545+0000] {dagbag.py:541} INFO - Filling up the DagBag from /home/airflow/.local/lib/python3.7/site-packages/airflow/example_dags/example_complex.py
[2023-05-13T07:47:26.557+0000] {logging_mixin.py:149} INFO - [2023-05-13T07:47:26.556+0000] {taskmixin.py:211} WARNING - Dependency <Task(BashOperator): create_entry_group>, delete_entry_group already registered for DAG: example_complex
[2023-05-13T07:47:26.557+0000] {logging_mixin.py:149} INFO - [2023-05-13T07:47:26.557+0000] {taskmixin.py:211} WARNING - Dependency <Task(BashOperator): delete_entry_group>, create_entry_group already registered for DAG: example_complex
[2023-05-13T07:47:26.558+0000] {logging_mixin.py:149} INFO - [2023-05-13T07:47:26.558+0000] {taskmixin.py:211} WARNING - Dependency <Task(BashOperator): create_entry_gcs>, delete_entry already registered for DAG: example_complex
[2023-05-13T07:47:26.559+0000] {logging_mixin.py:149} INFO - [2023-05-13T07:47:26.559+0000] {taskmixin.py:211} WARNING - Dependency <Task(BashOperator): delete_entry>, create_entry_gcs already registered for DAG: example_complex
[2023-05-13T07:47:26.561+0000] {logging_mixin.py:149} INFO - [2023-05-13T07:47:26.561+0000] {taskmixin.py:211} WARNING - Dependency <Task(BashOperator): create_tag>, delete_tag already registered for DAG: example_complex
[2023-05-13T07:47:26.563+0000] {logging_mixin.py:149} INFO - [2023-05-13T07:47:26.563+0000] {taskmixin.py:211} WARNING - Dependency <Task(BashOperator): delete_tag>, create_tag already registered for DAG: example_complex
[2023-05-13T07:47:26.565+0000] {processor.py:809} INFO - DAG(s) dict_keys(['example_complex']) retrieved from /home/airflow/.local/lib/python3.7/site-packages/airflow/example_dags/example_complex.py
[2023-05-13T07:47:26.608+0000] {logging_mixin.py:149} INFO - [2023-05-13T07:47:26.608+0000] {dag.py:2726} INFO - Sync 1 DAGs
[2023-05-13T07:47:26.630+0000] {logging_mixin.py:149} INFO - [2023-05-13T07:47:26.629+0000] {dag.py:3490} INFO - Setting next_dagrun for example_complex to None, run_after=None
[2023-05-13T07:47:26.644+0000] {processor.py:178} INFO - Processing /home/airflow/.local/lib/python3.7/site-packages/airflow/example_dags/example_complex.py took 0.104 seconds
[2023-05-13T07:47:56.771+0000] {processor.py:156} INFO - Started process (PID=540) to work on /home/airflow/.local/lib/python3.7/site-packages/airflow/example_dags/example_complex.py
[2023-05-13T07:47:56.773+0000] {processor.py:799} INFO - Processing file /home/airflow/.local/lib/python3.7/site-packages/airflow/example_dags/example_complex.py for tasks to queue
[2023-05-13T07:47:56.774+0000] {logging_mixin.py:149} INFO - [2023-05-13T07:47:56.773+0000] {dagbag.py:541} INFO - Filling up the DagBag from /home/airflow/.local/lib/python3.7/site-packages/airflow/example_dags/example_complex.py
[2023-05-13T07:47:56.783+0000] {logging_mixin.py:149} INFO - [2023-05-13T07:47:56.783+0000] {taskmixin.py:211} WARNING - Dependency <Task(BashOperator): create_entry_group>, delete_entry_group already registered for DAG: example_complex
[2023-05-13T07:47:56.784+0000] {logging_mixin.py:149} INFO - [2023-05-13T07:47:56.784+0000] {taskmixin.py:211} WARNING - Dependency <Task(BashOperator): delete_entry_group>, create_entry_group already registered for DAG: example_complex
[2023-05-13T07:47:56.784+0000] {logging_mixin.py:149} INFO - [2023-05-13T07:47:56.784+0000] {taskmixin.py:211} WARNING - Dependency <Task(BashOperator): create_entry_gcs>, delete_entry already registered for DAG: example_complex
[2023-05-13T07:47:56.785+0000] {logging_mixin.py:149} INFO - [2023-05-13T07:47:56.785+0000] {taskmixin.py:211} WARNING - Dependency <Task(BashOperator): delete_entry>, create_entry_gcs already registered for DAG: example_complex
[2023-05-13T07:47:56.785+0000] {logging_mixin.py:149} INFO - [2023-05-13T07:47:56.785+0000] {taskmixin.py:211} WARNING - Dependency <Task(BashOperator): create_tag>, delete_tag already registered for DAG: example_complex
[2023-05-13T07:47:56.786+0000] {logging_mixin.py:149} INFO - [2023-05-13T07:47:56.786+0000] {taskmixin.py:211} WARNING - Dependency <Task(BashOperator): delete_tag>, create_tag already registered for DAG: example_complex
[2023-05-13T07:47:56.787+0000] {processor.py:809} INFO - DAG(s) dict_keys(['example_complex']) retrieved from /home/airflow/.local/lib/python3.7/site-packages/airflow/example_dags/example_complex.py
[2023-05-13T07:47:56.820+0000] {logging_mixin.py:149} INFO - [2023-05-13T07:47:56.820+0000] {dag.py:2726} INFO - Sync 1 DAGs
[2023-05-13T07:47:56.841+0000] {logging_mixin.py:149} INFO - [2023-05-13T07:47:56.841+0000] {dag.py:3490} INFO - Setting next_dagrun for example_complex to None, run_after=None
[2023-05-13T07:47:56.854+0000] {processor.py:178} INFO - Processing /home/airflow/.local/lib/python3.7/site-packages/airflow/example_dags/example_complex.py took 0.087 seconds
