[2023-05-13T07:43:24.836+0000] {processor.py:156} INFO - Started process (PID=39) to work on /home/airflow/.local/lib/python3.7/site-packages/airflow/example_dags/example_params_trigger_ui.py
[2023-05-13T07:43:24.837+0000] {processor.py:799} INFO - Processing file /home/airflow/.local/lib/python3.7/site-packages/airflow/example_dags/example_params_trigger_ui.py for tasks to queue
[2023-05-13T07:43:24.839+0000] {logging_mixin.py:149} INFO - [2023-05-13T07:43:24.839+0000] {dagbag.py:541} INFO - Filling up the DagBag from /home/airflow/.local/lib/python3.7/site-packages/airflow/example_dags/example_params_trigger_ui.py
[2023-05-13T07:43:24.887+0000] {processor.py:809} INFO - DAG(s) dict_keys(['example_params_trigger_ui']) retrieved from /home/airflow/.local/lib/python3.7/site-packages/airflow/example_dags/example_params_trigger_ui.py
[2023-05-13T07:43:24.920+0000] {logging_mixin.py:149} INFO - [2023-05-13T07:43:24.920+0000] {dag.py:2726} INFO - Sync 1 DAGs
[2023-05-13T07:43:24.958+0000] {logging_mixin.py:149} INFO - [2023-05-13T07:43:24.958+0000] {dag.py:3490} INFO - Setting next_dagrun for example_params_trigger_ui to None, run_after=None
[2023-05-13T07:43:25.008+0000] {processor.py:178} INFO - Processing /home/airflow/.local/lib/python3.7/site-packages/airflow/example_dags/example_params_trigger_ui.py took 0.180 seconds
[2023-05-13T07:43:55.199+0000] {processor.py:156} INFO - Started process (PID=95) to work on /home/airflow/.local/lib/python3.7/site-packages/airflow/example_dags/example_params_trigger_ui.py
[2023-05-13T07:43:55.200+0000] {processor.py:799} INFO - Processing file /home/airflow/.local/lib/python3.7/site-packages/airflow/example_dags/example_params_trigger_ui.py for tasks to queue
[2023-05-13T07:43:55.201+0000] {logging_mixin.py:149} INFO - [2023-05-13T07:43:55.201+0000] {dagbag.py:541} INFO - Filling up the DagBag from /home/airflow/.local/lib/python3.7/site-packages/airflow/example_dags/example_params_trigger_ui.py
[2023-05-13T07:43:55.224+0000] {processor.py:809} INFO - DAG(s) dict_keys(['example_params_trigger_ui']) retrieved from /home/airflow/.local/lib/python3.7/site-packages/airflow/example_dags/example_params_trigger_ui.py
[2023-05-13T07:43:55.302+0000] {logging_mixin.py:149} INFO - [2023-05-13T07:43:55.302+0000] {dag.py:2726} INFO - Sync 1 DAGs
[2023-05-13T07:43:55.323+0000] {logging_mixin.py:149} INFO - [2023-05-13T07:43:55.323+0000] {dag.py:3490} INFO - Setting next_dagrun for example_params_trigger_ui to None, run_after=None
[2023-05-13T07:43:55.340+0000] {processor.py:178} INFO - Processing /home/airflow/.local/lib/python3.7/site-packages/airflow/example_dags/example_params_trigger_ui.py took 0.145 seconds
[2023-05-13T07:44:25.408+0000] {processor.py:156} INFO - Started process (PID=151) to work on /home/airflow/.local/lib/python3.7/site-packages/airflow/example_dags/example_params_trigger_ui.py
[2023-05-13T07:44:25.410+0000] {processor.py:799} INFO - Processing file /home/airflow/.local/lib/python3.7/site-packages/airflow/example_dags/example_params_trigger_ui.py for tasks to queue
[2023-05-13T07:44:25.411+0000] {logging_mixin.py:149} INFO - [2023-05-13T07:44:25.411+0000] {dagbag.py:541} INFO - Filling up the DagBag from /home/airflow/.local/lib/python3.7/site-packages/airflow/example_dags/example_params_trigger_ui.py
[2023-05-13T07:44:25.432+0000] {processor.py:809} INFO - DAG(s) dict_keys(['example_params_trigger_ui']) retrieved from /home/airflow/.local/lib/python3.7/site-packages/airflow/example_dags/example_params_trigger_ui.py
[2023-05-13T07:44:25.509+0000] {logging_mixin.py:149} INFO - [2023-05-13T07:44:25.509+0000] {dag.py:2726} INFO - Sync 1 DAGs
[2023-05-13T07:44:25.530+0000] {logging_mixin.py:149} INFO - [2023-05-13T07:44:25.530+0000] {dag.py:3490} INFO - Setting next_dagrun for example_params_trigger_ui to None, run_after=None
[2023-05-13T07:44:25.545+0000] {processor.py:178} INFO - Processing /home/airflow/.local/lib/python3.7/site-packages/airflow/example_dags/example_params_trigger_ui.py took 0.140 seconds
[2023-05-13T07:44:55.584+0000] {processor.py:156} INFO - Started process (PID=207) to work on /home/airflow/.local/lib/python3.7/site-packages/airflow/example_dags/example_params_trigger_ui.py
[2023-05-13T07:44:55.586+0000] {processor.py:799} INFO - Processing file /home/airflow/.local/lib/python3.7/site-packages/airflow/example_dags/example_params_trigger_ui.py for tasks to queue
[2023-05-13T07:44:55.587+0000] {logging_mixin.py:149} INFO - [2023-05-13T07:44:55.587+0000] {dagbag.py:541} INFO - Filling up the DagBag from /home/airflow/.local/lib/python3.7/site-packages/airflow/example_dags/example_params_trigger_ui.py
[2023-05-13T07:44:55.608+0000] {processor.py:809} INFO - DAG(s) dict_keys(['example_params_trigger_ui']) retrieved from /home/airflow/.local/lib/python3.7/site-packages/airflow/example_dags/example_params_trigger_ui.py
[2023-05-13T07:44:55.682+0000] {logging_mixin.py:149} INFO - [2023-05-13T07:44:55.682+0000] {dag.py:2726} INFO - Sync 1 DAGs
[2023-05-13T07:44:55.707+0000] {logging_mixin.py:149} INFO - [2023-05-13T07:44:55.707+0000] {dag.py:3490} INFO - Setting next_dagrun for example_params_trigger_ui to None, run_after=None
[2023-05-13T07:44:55.723+0000] {processor.py:178} INFO - Processing /home/airflow/.local/lib/python3.7/site-packages/airflow/example_dags/example_params_trigger_ui.py took 0.142 seconds
[2023-05-13T07:45:25.954+0000] {processor.py:156} INFO - Started process (PID=263) to work on /home/airflow/.local/lib/python3.7/site-packages/airflow/example_dags/example_params_trigger_ui.py
[2023-05-13T07:45:25.955+0000] {processor.py:799} INFO - Processing file /home/airflow/.local/lib/python3.7/site-packages/airflow/example_dags/example_params_trigger_ui.py for tasks to queue
[2023-05-13T07:45:25.956+0000] {logging_mixin.py:149} INFO - [2023-05-13T07:45:25.956+0000] {dagbag.py:541} INFO - Filling up the DagBag from /home/airflow/.local/lib/python3.7/site-packages/airflow/example_dags/example_params_trigger_ui.py
[2023-05-13T07:45:25.976+0000] {processor.py:809} INFO - DAG(s) dict_keys(['example_params_trigger_ui']) retrieved from /home/airflow/.local/lib/python3.7/site-packages/airflow/example_dags/example_params_trigger_ui.py
[2023-05-13T07:45:26.043+0000] {logging_mixin.py:149} INFO - [2023-05-13T07:45:26.043+0000] {dag.py:2726} INFO - Sync 1 DAGs
[2023-05-13T07:45:26.065+0000] {logging_mixin.py:149} INFO - [2023-05-13T07:45:26.065+0000] {dag.py:3490} INFO - Setting next_dagrun for example_params_trigger_ui to None, run_after=None
[2023-05-13T07:45:26.080+0000] {processor.py:178} INFO - Processing /home/airflow/.local/lib/python3.7/site-packages/airflow/example_dags/example_params_trigger_ui.py took 0.130 seconds
[2023-05-13T07:45:56.149+0000] {processor.py:156} INFO - Started process (PID=319) to work on /home/airflow/.local/lib/python3.7/site-packages/airflow/example_dags/example_params_trigger_ui.py
[2023-05-13T07:45:56.150+0000] {processor.py:799} INFO - Processing file /home/airflow/.local/lib/python3.7/site-packages/airflow/example_dags/example_params_trigger_ui.py for tasks to queue
[2023-05-13T07:45:56.151+0000] {logging_mixin.py:149} INFO - [2023-05-13T07:45:56.151+0000] {dagbag.py:541} INFO - Filling up the DagBag from /home/airflow/.local/lib/python3.7/site-packages/airflow/example_dags/example_params_trigger_ui.py
[2023-05-13T07:45:56.170+0000] {processor.py:809} INFO - DAG(s) dict_keys(['example_params_trigger_ui']) retrieved from /home/airflow/.local/lib/python3.7/site-packages/airflow/example_dags/example_params_trigger_ui.py
[2023-05-13T07:45:56.235+0000] {logging_mixin.py:149} INFO - [2023-05-13T07:45:56.235+0000] {dag.py:2726} INFO - Sync 1 DAGs
[2023-05-13T07:45:56.256+0000] {logging_mixin.py:149} INFO - [2023-05-13T07:45:56.256+0000] {dag.py:3490} INFO - Setting next_dagrun for example_params_trigger_ui to None, run_after=None
[2023-05-13T07:45:56.270+0000] {processor.py:178} INFO - Processing /home/airflow/.local/lib/python3.7/site-packages/airflow/example_dags/example_params_trigger_ui.py took 0.125 seconds
[2023-05-13T07:46:26.322+0000] {processor.py:156} INFO - Started process (PID=375) to work on /home/airflow/.local/lib/python3.7/site-packages/airflow/example_dags/example_params_trigger_ui.py
[2023-05-13T07:46:26.324+0000] {processor.py:799} INFO - Processing file /home/airflow/.local/lib/python3.7/site-packages/airflow/example_dags/example_params_trigger_ui.py for tasks to queue
[2023-05-13T07:46:26.325+0000] {logging_mixin.py:149} INFO - [2023-05-13T07:46:26.325+0000] {dagbag.py:541} INFO - Filling up the DagBag from /home/airflow/.local/lib/python3.7/site-packages/airflow/example_dags/example_params_trigger_ui.py
[2023-05-13T07:46:26.343+0000] {processor.py:809} INFO - DAG(s) dict_keys(['example_params_trigger_ui']) retrieved from /home/airflow/.local/lib/python3.7/site-packages/airflow/example_dags/example_params_trigger_ui.py
[2023-05-13T07:46:26.410+0000] {logging_mixin.py:149} INFO - [2023-05-13T07:46:26.410+0000] {dag.py:2726} INFO - Sync 1 DAGs
[2023-05-13T07:46:26.430+0000] {logging_mixin.py:149} INFO - [2023-05-13T07:46:26.430+0000] {dag.py:3490} INFO - Setting next_dagrun for example_params_trigger_ui to None, run_after=None
[2023-05-13T07:46:26.444+0000] {processor.py:178} INFO - Processing /home/airflow/.local/lib/python3.7/site-packages/airflow/example_dags/example_params_trigger_ui.py took 0.125 seconds
[2023-05-13T07:46:56.499+0000] {processor.py:156} INFO - Started process (PID=430) to work on /home/airflow/.local/lib/python3.7/site-packages/airflow/example_dags/example_params_trigger_ui.py
[2023-05-13T07:46:56.501+0000] {processor.py:799} INFO - Processing file /home/airflow/.local/lib/python3.7/site-packages/airflow/example_dags/example_params_trigger_ui.py for tasks to queue
[2023-05-13T07:46:56.502+0000] {logging_mixin.py:149} INFO - [2023-05-13T07:46:56.502+0000] {dagbag.py:541} INFO - Filling up the DagBag from /home/airflow/.local/lib/python3.7/site-packages/airflow/example_dags/example_params_trigger_ui.py
[2023-05-13T07:46:56.522+0000] {processor.py:809} INFO - DAG(s) dict_keys(['example_params_trigger_ui']) retrieved from /home/airflow/.local/lib/python3.7/site-packages/airflow/example_dags/example_params_trigger_ui.py
[2023-05-13T07:46:56.595+0000] {logging_mixin.py:149} INFO - [2023-05-13T07:46:56.595+0000] {dag.py:2726} INFO - Sync 1 DAGs
[2023-05-13T07:46:56.625+0000] {logging_mixin.py:149} INFO - [2023-05-13T07:46:56.625+0000] {dag.py:3490} INFO - Setting next_dagrun for example_params_trigger_ui to None, run_after=None
[2023-05-13T07:46:56.642+0000] {processor.py:178} INFO - Processing /home/airflow/.local/lib/python3.7/site-packages/airflow/example_dags/example_params_trigger_ui.py took 0.146 seconds
[2023-05-13T07:47:26.670+0000] {processor.py:156} INFO - Started process (PID=486) to work on /home/airflow/.local/lib/python3.7/site-packages/airflow/example_dags/example_params_trigger_ui.py
[2023-05-13T07:47:26.671+0000] {processor.py:799} INFO - Processing file /home/airflow/.local/lib/python3.7/site-packages/airflow/example_dags/example_params_trigger_ui.py for tasks to queue
[2023-05-13T07:47:26.672+0000] {logging_mixin.py:149} INFO - [2023-05-13T07:47:26.672+0000] {dagbag.py:541} INFO - Filling up the DagBag from /home/airflow/.local/lib/python3.7/site-packages/airflow/example_dags/example_params_trigger_ui.py
[2023-05-13T07:47:26.692+0000] {processor.py:809} INFO - DAG(s) dict_keys(['example_params_trigger_ui']) retrieved from /home/airflow/.local/lib/python3.7/site-packages/airflow/example_dags/example_params_trigger_ui.py
[2023-05-13T07:47:26.756+0000] {logging_mixin.py:149} INFO - [2023-05-13T07:47:26.756+0000] {dag.py:2726} INFO - Sync 1 DAGs
[2023-05-13T07:47:26.778+0000] {logging_mixin.py:149} INFO - [2023-05-13T07:47:26.778+0000] {dag.py:3490} INFO - Setting next_dagrun for example_params_trigger_ui to None, run_after=None
[2023-05-13T07:47:26.805+0000] {processor.py:178} INFO - Processing /home/airflow/.local/lib/python3.7/site-packages/airflow/example_dags/example_params_trigger_ui.py took 0.138 seconds
[2023-05-13T07:47:56.880+0000] {processor.py:156} INFO - Started process (PID=542) to work on /home/airflow/.local/lib/python3.7/site-packages/airflow/example_dags/example_params_trigger_ui.py
[2023-05-13T07:47:56.882+0000] {processor.py:799} INFO - Processing file /home/airflow/.local/lib/python3.7/site-packages/airflow/example_dags/example_params_trigger_ui.py for tasks to queue
[2023-05-13T07:47:56.883+0000] {logging_mixin.py:149} INFO - [2023-05-13T07:47:56.883+0000] {dagbag.py:541} INFO - Filling up the DagBag from /home/airflow/.local/lib/python3.7/site-packages/airflow/example_dags/example_params_trigger_ui.py
[2023-05-13T07:47:56.902+0000] {processor.py:809} INFO - DAG(s) dict_keys(['example_params_trigger_ui']) retrieved from /home/airflow/.local/lib/python3.7/site-packages/airflow/example_dags/example_params_trigger_ui.py
[2023-05-13T07:47:56.967+0000] {logging_mixin.py:149} INFO - [2023-05-13T07:47:56.966+0000] {dag.py:2726} INFO - Sync 1 DAGs
[2023-05-13T07:47:56.988+0000] {logging_mixin.py:149} INFO - [2023-05-13T07:47:56.988+0000] {dag.py:3490} INFO - Setting next_dagrun for example_params_trigger_ui to None, run_after=None
[2023-05-13T07:47:57.003+0000] {processor.py:178} INFO - Processing /home/airflow/.local/lib/python3.7/site-packages/airflow/example_dags/example_params_trigger_ui.py took 0.126 seconds
