[2023-05-13T07:43:25.343+0000] {processor.py:156} INFO - Started process (PID=44) to work on /home/airflow/.local/lib/python3.7/site-packages/airflow/example_dags/example_xcomargs.py
[2023-05-13T07:43:25.353+0000] {processor.py:799} INFO - Processing file /home/airflow/.local/lib/python3.7/site-packages/airflow/example_dags/example_xcomargs.py for tasks to queue
[2023-05-13T07:43:25.356+0000] {logging_mixin.py:149} INFO - [2023-05-13T07:43:25.355+0000] {dagbag.py:541} INFO - Filling up the DagBag from /home/airflow/.local/lib/python3.7/site-packages/airflow/example_dags/example_xcomargs.py
[2023-05-13T07:43:25.372+0000] {processor.py:809} INFO - DAG(s) dict_keys(['example_xcom_args_with_operators', 'example_xcom_args']) retrieved from /home/airflow/.local/lib/python3.7/site-packages/airflow/example_dags/example_xcomargs.py
[2023-05-13T07:43:25.418+0000] {logging_mixin.py:149} INFO - [2023-05-13T07:43:25.418+0000] {dag.py:2726} INFO - Sync 2 DAGs
[2023-05-13T07:43:25.477+0000] {logging_mixin.py:149} INFO - [2023-05-13T07:43:25.477+0000] {dag.py:3490} INFO - Setting next_dagrun for example_xcom_args to None, run_after=None
[2023-05-13T07:43:25.487+0000] {logging_mixin.py:149} INFO - [2023-05-13T07:43:25.486+0000] {dag.py:3490} INFO - Setting next_dagrun for example_xcom_args_with_operators to None, run_after=None
[2023-05-13T07:43:25.528+0000] {processor.py:178} INFO - Processing /home/airflow/.local/lib/python3.7/site-packages/airflow/example_dags/example_xcomargs.py took 0.195 seconds
[2023-05-13T07:43:55.618+0000] {processor.py:156} INFO - Started process (PID=100) to work on /home/airflow/.local/lib/python3.7/site-packages/airflow/example_dags/example_xcomargs.py
[2023-05-13T07:43:55.619+0000] {processor.py:799} INFO - Processing file /home/airflow/.local/lib/python3.7/site-packages/airflow/example_dags/example_xcomargs.py for tasks to queue
[2023-05-13T07:43:55.620+0000] {logging_mixin.py:149} INFO - [2023-05-13T07:43:55.620+0000] {dagbag.py:541} INFO - Filling up the DagBag from /home/airflow/.local/lib/python3.7/site-packages/airflow/example_dags/example_xcomargs.py
[2023-05-13T07:43:55.634+0000] {processor.py:809} INFO - DAG(s) dict_keys(['example_xcom_args_with_operators', 'example_xcom_args']) retrieved from /home/airflow/.local/lib/python3.7/site-packages/airflow/example_dags/example_xcomargs.py
[2023-05-13T07:43:55.662+0000] {logging_mixin.py:149} INFO - [2023-05-13T07:43:55.662+0000] {dag.py:2726} INFO - Sync 2 DAGs
[2023-05-13T07:43:55.683+0000] {logging_mixin.py:149} INFO - [2023-05-13T07:43:55.683+0000] {dag.py:3490} INFO - Setting next_dagrun for example_xcom_args to None, run_after=None
[2023-05-13T07:43:55.686+0000] {logging_mixin.py:149} INFO - [2023-05-13T07:43:55.686+0000] {dag.py:3490} INFO - Setting next_dagrun for example_xcom_args_with_operators to None, run_after=None
[2023-05-13T07:43:55.699+0000] {processor.py:178} INFO - Processing /home/airflow/.local/lib/python3.7/site-packages/airflow/example_dags/example_xcomargs.py took 0.085 seconds
[2023-05-13T07:44:25.821+0000] {processor.py:156} INFO - Started process (PID=156) to work on /home/airflow/.local/lib/python3.7/site-packages/airflow/example_dags/example_xcomargs.py
[2023-05-13T07:44:25.825+0000] {processor.py:799} INFO - Processing file /home/airflow/.local/lib/python3.7/site-packages/airflow/example_dags/example_xcomargs.py for tasks to queue
[2023-05-13T07:44:25.826+0000] {logging_mixin.py:149} INFO - [2023-05-13T07:44:25.826+0000] {dagbag.py:541} INFO - Filling up the DagBag from /home/airflow/.local/lib/python3.7/site-packages/airflow/example_dags/example_xcomargs.py
[2023-05-13T07:44:25.835+0000] {processor.py:809} INFO - DAG(s) dict_keys(['example_xcom_args', 'example_xcom_args_with_operators']) retrieved from /home/airflow/.local/lib/python3.7/site-packages/airflow/example_dags/example_xcomargs.py
[2023-05-13T07:44:25.866+0000] {logging_mixin.py:149} INFO - [2023-05-13T07:44:25.866+0000] {dag.py:2726} INFO - Sync 2 DAGs
[2023-05-13T07:44:25.892+0000] {logging_mixin.py:149} INFO - [2023-05-13T07:44:25.892+0000] {dag.py:3490} INFO - Setting next_dagrun for example_xcom_args to None, run_after=None
[2023-05-13T07:44:25.896+0000] {logging_mixin.py:149} INFO - [2023-05-13T07:44:25.896+0000] {dag.py:3490} INFO - Setting next_dagrun for example_xcom_args_with_operators to None, run_after=None
[2023-05-13T07:44:25.908+0000] {processor.py:178} INFO - Processing /home/airflow/.local/lib/python3.7/site-packages/airflow/example_dags/example_xcomargs.py took 0.091 seconds
[2023-05-13T07:44:55.981+0000] {processor.py:156} INFO - Started process (PID=212) to work on /home/airflow/.local/lib/python3.7/site-packages/airflow/example_dags/example_xcomargs.py
[2023-05-13T07:44:55.982+0000] {processor.py:799} INFO - Processing file /home/airflow/.local/lib/python3.7/site-packages/airflow/example_dags/example_xcomargs.py for tasks to queue
[2023-05-13T07:44:55.983+0000] {logging_mixin.py:149} INFO - [2023-05-13T07:44:55.983+0000] {dagbag.py:541} INFO - Filling up the DagBag from /home/airflow/.local/lib/python3.7/site-packages/airflow/example_dags/example_xcomargs.py
[2023-05-13T07:44:55.990+0000] {processor.py:809} INFO - DAG(s) dict_keys(['example_xcom_args', 'example_xcom_args_with_operators']) retrieved from /home/airflow/.local/lib/python3.7/site-packages/airflow/example_dags/example_xcomargs.py
[2023-05-13T07:44:56.016+0000] {logging_mixin.py:149} INFO - [2023-05-13T07:44:56.016+0000] {dag.py:2726} INFO - Sync 2 DAGs
[2023-05-13T07:44:56.037+0000] {logging_mixin.py:149} INFO - [2023-05-13T07:44:56.037+0000] {dag.py:3490} INFO - Setting next_dagrun for example_xcom_args to None, run_after=None
[2023-05-13T07:44:56.040+0000] {logging_mixin.py:149} INFO - [2023-05-13T07:44:56.040+0000] {dag.py:3490} INFO - Setting next_dagrun for example_xcom_args_with_operators to None, run_after=None
[2023-05-13T07:44:56.052+0000] {processor.py:178} INFO - Processing /home/airflow/.local/lib/python3.7/site-packages/airflow/example_dags/example_xcomargs.py took 0.074 seconds
[2023-05-13T07:45:26.357+0000] {processor.py:156} INFO - Started process (PID=268) to work on /home/airflow/.local/lib/python3.7/site-packages/airflow/example_dags/example_xcomargs.py
[2023-05-13T07:45:26.358+0000] {processor.py:799} INFO - Processing file /home/airflow/.local/lib/python3.7/site-packages/airflow/example_dags/example_xcomargs.py for tasks to queue
[2023-05-13T07:45:26.359+0000] {logging_mixin.py:149} INFO - [2023-05-13T07:45:26.359+0000] {dagbag.py:541} INFO - Filling up the DagBag from /home/airflow/.local/lib/python3.7/site-packages/airflow/example_dags/example_xcomargs.py
[2023-05-13T07:45:26.366+0000] {processor.py:809} INFO - DAG(s) dict_keys(['example_xcom_args_with_operators', 'example_xcom_args']) retrieved from /home/airflow/.local/lib/python3.7/site-packages/airflow/example_dags/example_xcomargs.py
[2023-05-13T07:45:26.395+0000] {logging_mixin.py:149} INFO - [2023-05-13T07:45:26.395+0000] {dag.py:2726} INFO - Sync 2 DAGs
[2023-05-13T07:45:26.416+0000] {logging_mixin.py:149} INFO - [2023-05-13T07:45:26.416+0000] {dag.py:3490} INFO - Setting next_dagrun for example_xcom_args to None, run_after=None
[2023-05-13T07:45:26.421+0000] {logging_mixin.py:149} INFO - [2023-05-13T07:45:26.421+0000] {dag.py:3490} INFO - Setting next_dagrun for example_xcom_args_with_operators to None, run_after=None
[2023-05-13T07:45:26.434+0000] {processor.py:178} INFO - Processing /home/airflow/.local/lib/python3.7/site-packages/airflow/example_dags/example_xcomargs.py took 0.080 seconds
[2023-05-13T07:45:57.419+0000] {processor.py:156} INFO - Started process (PID=324) to work on /home/airflow/.local/lib/python3.7/site-packages/airflow/example_dags/example_xcomargs.py
[2023-05-13T07:45:57.420+0000] {processor.py:799} INFO - Processing file /home/airflow/.local/lib/python3.7/site-packages/airflow/example_dags/example_xcomargs.py for tasks to queue
[2023-05-13T07:45:57.421+0000] {logging_mixin.py:149} INFO - [2023-05-13T07:45:57.421+0000] {dagbag.py:541} INFO - Filling up the DagBag from /home/airflow/.local/lib/python3.7/site-packages/airflow/example_dags/example_xcomargs.py
[2023-05-13T07:45:57.429+0000] {processor.py:809} INFO - DAG(s) dict_keys(['example_xcom_args', 'example_xcom_args_with_operators']) retrieved from /home/airflow/.local/lib/python3.7/site-packages/airflow/example_dags/example_xcomargs.py
[2023-05-13T07:45:57.458+0000] {logging_mixin.py:149} INFO - [2023-05-13T07:45:57.458+0000] {dag.py:2726} INFO - Sync 2 DAGs
[2023-05-13T07:45:57.479+0000] {logging_mixin.py:149} INFO - [2023-05-13T07:45:57.479+0000] {dag.py:3490} INFO - Setting next_dagrun for example_xcom_args to None, run_after=None
[2023-05-13T07:45:57.482+0000] {logging_mixin.py:149} INFO - [2023-05-13T07:45:57.482+0000] {dag.py:3490} INFO - Setting next_dagrun for example_xcom_args_with_operators to None, run_after=None
[2023-05-13T07:45:57.495+0000] {processor.py:178} INFO - Processing /home/airflow/.local/lib/python3.7/site-packages/airflow/example_dags/example_xcomargs.py took 0.080 seconds
[2023-05-13T07:46:27.596+0000] {processor.py:156} INFO - Started process (PID=380) to work on /home/airflow/.local/lib/python3.7/site-packages/airflow/example_dags/example_xcomargs.py
[2023-05-13T07:46:27.598+0000] {processor.py:799} INFO - Processing file /home/airflow/.local/lib/python3.7/site-packages/airflow/example_dags/example_xcomargs.py for tasks to queue
[2023-05-13T07:46:27.599+0000] {logging_mixin.py:149} INFO - [2023-05-13T07:46:27.599+0000] {dagbag.py:541} INFO - Filling up the DagBag from /home/airflow/.local/lib/python3.7/site-packages/airflow/example_dags/example_xcomargs.py
[2023-05-13T07:46:27.607+0000] {processor.py:809} INFO - DAG(s) dict_keys(['example_xcom_args_with_operators', 'example_xcom_args']) retrieved from /home/airflow/.local/lib/python3.7/site-packages/airflow/example_dags/example_xcomargs.py
[2023-05-13T07:46:27.636+0000] {logging_mixin.py:149} INFO - [2023-05-13T07:46:27.636+0000] {dag.py:2726} INFO - Sync 2 DAGs
[2023-05-13T07:46:27.659+0000] {logging_mixin.py:149} INFO - [2023-05-13T07:46:27.659+0000] {dag.py:3490} INFO - Setting next_dagrun for example_xcom_args to None, run_after=None
[2023-05-13T07:46:27.662+0000] {logging_mixin.py:149} INFO - [2023-05-13T07:46:27.662+0000] {dag.py:3490} INFO - Setting next_dagrun for example_xcom_args_with_operators to None, run_after=None
[2023-05-13T07:46:27.674+0000] {processor.py:178} INFO - Processing /home/airflow/.local/lib/python3.7/site-packages/airflow/example_dags/example_xcomargs.py took 0.081 seconds
[2023-05-13T07:46:57.805+0000] {processor.py:156} INFO - Started process (PID=435) to work on /home/airflow/.local/lib/python3.7/site-packages/airflow/example_dags/example_xcomargs.py
[2023-05-13T07:46:57.807+0000] {processor.py:799} INFO - Processing file /home/airflow/.local/lib/python3.7/site-packages/airflow/example_dags/example_xcomargs.py for tasks to queue
[2023-05-13T07:46:57.808+0000] {logging_mixin.py:149} INFO - [2023-05-13T07:46:57.807+0000] {dagbag.py:541} INFO - Filling up the DagBag from /home/airflow/.local/lib/python3.7/site-packages/airflow/example_dags/example_xcomargs.py
[2023-05-13T07:46:57.816+0000] {processor.py:809} INFO - DAG(s) dict_keys(['example_xcom_args_with_operators', 'example_xcom_args']) retrieved from /home/airflow/.local/lib/python3.7/site-packages/airflow/example_dags/example_xcomargs.py
[2023-05-13T07:46:57.848+0000] {logging_mixin.py:149} INFO - [2023-05-13T07:46:57.848+0000] {dag.py:2726} INFO - Sync 2 DAGs
[2023-05-13T07:46:57.874+0000] {logging_mixin.py:149} INFO - [2023-05-13T07:46:57.874+0000] {dag.py:3490} INFO - Setting next_dagrun for example_xcom_args to None, run_after=None
[2023-05-13T07:46:57.877+0000] {logging_mixin.py:149} INFO - [2023-05-13T07:46:57.877+0000] {dag.py:3490} INFO - Setting next_dagrun for example_xcom_args_with_operators to None, run_after=None
[2023-05-13T07:46:57.891+0000] {processor.py:178} INFO - Processing /home/airflow/.local/lib/python3.7/site-packages/airflow/example_dags/example_xcomargs.py took 0.090 seconds
[2023-05-13T07:47:27.957+0000] {processor.py:156} INFO - Started process (PID=491) to work on /home/airflow/.local/lib/python3.7/site-packages/airflow/example_dags/example_xcomargs.py
[2023-05-13T07:47:27.959+0000] {processor.py:799} INFO - Processing file /home/airflow/.local/lib/python3.7/site-packages/airflow/example_dags/example_xcomargs.py for tasks to queue
[2023-05-13T07:47:27.962+0000] {logging_mixin.py:149} INFO - [2023-05-13T07:47:27.962+0000] {dagbag.py:541} INFO - Filling up the DagBag from /home/airflow/.local/lib/python3.7/site-packages/airflow/example_dags/example_xcomargs.py
[2023-05-13T07:47:27.972+0000] {processor.py:809} INFO - DAG(s) dict_keys(['example_xcom_args_with_operators', 'example_xcom_args']) retrieved from /home/airflow/.local/lib/python3.7/site-packages/airflow/example_dags/example_xcomargs.py
[2023-05-13T07:47:28.007+0000] {logging_mixin.py:149} INFO - [2023-05-13T07:47:28.006+0000] {dag.py:2726} INFO - Sync 2 DAGs
[2023-05-13T07:47:28.033+0000] {logging_mixin.py:149} INFO - [2023-05-13T07:47:28.032+0000] {dag.py:3490} INFO - Setting next_dagrun for example_xcom_args to None, run_after=None
[2023-05-13T07:47:28.036+0000] {logging_mixin.py:149} INFO - [2023-05-13T07:47:28.036+0000] {dag.py:3490} INFO - Setting next_dagrun for example_xcom_args_with_operators to None, run_after=None
[2023-05-13T07:47:28.053+0000] {processor.py:178} INFO - Processing /home/airflow/.local/lib/python3.7/site-packages/airflow/example_dags/example_xcomargs.py took 0.100 seconds
[2023-05-13T07:47:58.146+0000] {processor.py:156} INFO - Started process (PID=547) to work on /home/airflow/.local/lib/python3.7/site-packages/airflow/example_dags/example_xcomargs.py
[2023-05-13T07:47:58.147+0000] {processor.py:799} INFO - Processing file /home/airflow/.local/lib/python3.7/site-packages/airflow/example_dags/example_xcomargs.py for tasks to queue
[2023-05-13T07:47:58.148+0000] {logging_mixin.py:149} INFO - [2023-05-13T07:47:58.148+0000] {dagbag.py:541} INFO - Filling up the DagBag from /home/airflow/.local/lib/python3.7/site-packages/airflow/example_dags/example_xcomargs.py
[2023-05-13T07:47:58.156+0000] {processor.py:809} INFO - DAG(s) dict_keys(['example_xcom_args_with_operators', 'example_xcom_args']) retrieved from /home/airflow/.local/lib/python3.7/site-packages/airflow/example_dags/example_xcomargs.py
[2023-05-13T07:47:58.185+0000] {logging_mixin.py:149} INFO - [2023-05-13T07:47:58.184+0000] {dag.py:2726} INFO - Sync 2 DAGs
[2023-05-13T07:47:58.206+0000] {logging_mixin.py:149} INFO - [2023-05-13T07:47:58.206+0000] {dag.py:3490} INFO - Setting next_dagrun for example_xcom_args to None, run_after=None
[2023-05-13T07:47:58.209+0000] {logging_mixin.py:149} INFO - [2023-05-13T07:47:58.209+0000] {dag.py:3490} INFO - Setting next_dagrun for example_xcom_args_with_operators to None, run_after=None
[2023-05-13T07:47:58.221+0000] {processor.py:178} INFO - Processing /home/airflow/.local/lib/python3.7/site-packages/airflow/example_dags/example_xcomargs.py took 0.079 seconds
