[2023-05-13T07:43:24.838+0000] {processor.py:156} INFO - Started process (PID=40) to work on /home/airflow/.local/lib/python3.7/site-packages/airflow/example_dags/example_task_group.py
[2023-05-13T07:43:24.840+0000] {processor.py:799} INFO - Processing file /home/airflow/.local/lib/python3.7/site-packages/airflow/example_dags/example_task_group.py for tasks to queue
[2023-05-13T07:43:24.842+0000] {logging_mixin.py:149} INFO - [2023-05-13T07:43:24.841+0000] {dagbag.py:541} INFO - Filling up the DagBag from /home/airflow/.local/lib/python3.7/site-packages/airflow/example_dags/example_task_group.py
[2023-05-13T07:43:24.858+0000] {processor.py:809} INFO - DAG(s) dict_keys(['example_task_group']) retrieved from /home/airflow/.local/lib/python3.7/site-packages/airflow/example_dags/example_task_group.py
[2023-05-13T07:43:24.889+0000] {logging_mixin.py:149} INFO - [2023-05-13T07:43:24.889+0000] {dag.py:2726} INFO - Sync 1 DAGs
[2023-05-13T07:43:24.931+0000] {logging_mixin.py:149} INFO - [2023-05-13T07:43:24.931+0000] {dag.py:3490} INFO - Setting next_dagrun for example_task_group to 2023-05-12T07:43:24.930734+00:00, run_after=2023-05-13T07:43:24.930734+00:00
[2023-05-13T07:43:24.956+0000] {processor.py:178} INFO - Processing /home/airflow/.local/lib/python3.7/site-packages/airflow/example_dags/example_task_group.py took 0.123 seconds
[2023-05-13T07:43:55.260+0000] {processor.py:156} INFO - Started process (PID=96) to work on /home/airflow/.local/lib/python3.7/site-packages/airflow/example_dags/example_task_group.py
[2023-05-13T07:43:55.263+0000] {processor.py:799} INFO - Processing file /home/airflow/.local/lib/python3.7/site-packages/airflow/example_dags/example_task_group.py for tasks to queue
[2023-05-13T07:43:55.265+0000] {logging_mixin.py:149} INFO - [2023-05-13T07:43:55.265+0000] {dagbag.py:541} INFO - Filling up the DagBag from /home/airflow/.local/lib/python3.7/site-packages/airflow/example_dags/example_task_group.py
[2023-05-13T07:43:55.277+0000] {processor.py:809} INFO - DAG(s) dict_keys(['example_task_group']) retrieved from /home/airflow/.local/lib/python3.7/site-packages/airflow/example_dags/example_task_group.py
[2023-05-13T07:43:55.302+0000] {logging_mixin.py:149} INFO - [2023-05-13T07:43:55.302+0000] {dag.py:2726} INFO - Sync 1 DAGs
[2023-05-13T07:43:55.324+0000] {logging_mixin.py:149} INFO - [2023-05-13T07:43:55.323+0000] {dag.py:3490} INFO - Setting next_dagrun for example_task_group to 2023-05-12T07:43:55.323545+00:00, run_after=2023-05-13T07:43:55.323545+00:00
[2023-05-13T07:43:55.340+0000] {processor.py:178} INFO - Processing /home/airflow/.local/lib/python3.7/site-packages/airflow/example_dags/example_task_group.py took 0.084 seconds
[2023-05-13T07:44:25.498+0000] {processor.py:156} INFO - Started process (PID=152) to work on /home/airflow/.local/lib/python3.7/site-packages/airflow/example_dags/example_task_group.py
[2023-05-13T07:44:25.500+0000] {processor.py:799} INFO - Processing file /home/airflow/.local/lib/python3.7/site-packages/airflow/example_dags/example_task_group.py for tasks to queue
[2023-05-13T07:44:25.501+0000] {logging_mixin.py:149} INFO - [2023-05-13T07:44:25.501+0000] {dagbag.py:541} INFO - Filling up the DagBag from /home/airflow/.local/lib/python3.7/site-packages/airflow/example_dags/example_task_group.py
[2023-05-13T07:44:25.510+0000] {processor.py:809} INFO - DAG(s) dict_keys(['example_task_group']) retrieved from /home/airflow/.local/lib/python3.7/site-packages/airflow/example_dags/example_task_group.py
[2023-05-13T07:44:25.537+0000] {logging_mixin.py:149} INFO - [2023-05-13T07:44:25.537+0000] {dag.py:2726} INFO - Sync 1 DAGs
[2023-05-13T07:44:25.559+0000] {logging_mixin.py:149} INFO - [2023-05-13T07:44:25.559+0000] {dag.py:3490} INFO - Setting next_dagrun for example_task_group to 2023-05-12T07:44:25.559141+00:00, run_after=2023-05-13T07:44:25.559141+00:00
[2023-05-13T07:44:25.577+0000] {processor.py:178} INFO - Processing /home/airflow/.local/lib/python3.7/site-packages/airflow/example_dags/example_task_group.py took 0.083 seconds
[2023-05-13T07:44:55.689+0000] {processor.py:156} INFO - Started process (PID=208) to work on /home/airflow/.local/lib/python3.7/site-packages/airflow/example_dags/example_task_group.py
[2023-05-13T07:44:55.691+0000] {processor.py:799} INFO - Processing file /home/airflow/.local/lib/python3.7/site-packages/airflow/example_dags/example_task_group.py for tasks to queue
[2023-05-13T07:44:55.692+0000] {logging_mixin.py:149} INFO - [2023-05-13T07:44:55.692+0000] {dagbag.py:541} INFO - Filling up the DagBag from /home/airflow/.local/lib/python3.7/site-packages/airflow/example_dags/example_task_group.py
[2023-05-13T07:44:55.701+0000] {processor.py:809} INFO - DAG(s) dict_keys(['example_task_group']) retrieved from /home/airflow/.local/lib/python3.7/site-packages/airflow/example_dags/example_task_group.py
[2023-05-13T07:44:55.730+0000] {logging_mixin.py:149} INFO - [2023-05-13T07:44:55.730+0000] {dag.py:2726} INFO - Sync 1 DAGs
[2023-05-13T07:44:55.754+0000] {logging_mixin.py:149} INFO - [2023-05-13T07:44:55.754+0000] {dag.py:3490} INFO - Setting next_dagrun for example_task_group to 2023-05-12T07:44:55.754510+00:00, run_after=2023-05-13T07:44:55.754510+00:00
[2023-05-13T07:44:55.769+0000] {processor.py:178} INFO - Processing /home/airflow/.local/lib/python3.7/site-packages/airflow/example_dags/example_task_group.py took 0.084 seconds
[2023-05-13T07:45:26.009+0000] {processor.py:156} INFO - Started process (PID=264) to work on /home/airflow/.local/lib/python3.7/site-packages/airflow/example_dags/example_task_group.py
[2023-05-13T07:45:26.010+0000] {processor.py:799} INFO - Processing file /home/airflow/.local/lib/python3.7/site-packages/airflow/example_dags/example_task_group.py for tasks to queue
[2023-05-13T07:45:26.011+0000] {logging_mixin.py:149} INFO - [2023-05-13T07:45:26.011+0000] {dagbag.py:541} INFO - Filling up the DagBag from /home/airflow/.local/lib/python3.7/site-packages/airflow/example_dags/example_task_group.py
[2023-05-13T07:45:26.019+0000] {processor.py:809} INFO - DAG(s) dict_keys(['example_task_group']) retrieved from /home/airflow/.local/lib/python3.7/site-packages/airflow/example_dags/example_task_group.py
[2023-05-13T07:45:26.046+0000] {logging_mixin.py:149} INFO - [2023-05-13T07:45:26.046+0000] {dag.py:2726} INFO - Sync 1 DAGs
[2023-05-13T07:45:26.067+0000] {logging_mixin.py:149} INFO - [2023-05-13T07:45:26.067+0000] {dag.py:3490} INFO - Setting next_dagrun for example_task_group to 2023-05-12T07:45:26.067296+00:00, run_after=2023-05-13T07:45:26.067296+00:00
[2023-05-13T07:45:26.082+0000] {processor.py:178} INFO - Processing /home/airflow/.local/lib/python3.7/site-packages/airflow/example_dags/example_task_group.py took 0.076 seconds
[2023-05-13T07:45:56.153+0000] {processor.py:156} INFO - Started process (PID=320) to work on /home/airflow/.local/lib/python3.7/site-packages/airflow/example_dags/example_task_group.py
[2023-05-13T07:45:56.154+0000] {processor.py:799} INFO - Processing file /home/airflow/.local/lib/python3.7/site-packages/airflow/example_dags/example_task_group.py for tasks to queue
[2023-05-13T07:45:56.155+0000] {logging_mixin.py:149} INFO - [2023-05-13T07:45:56.155+0000] {dagbag.py:541} INFO - Filling up the DagBag from /home/airflow/.local/lib/python3.7/site-packages/airflow/example_dags/example_task_group.py
[2023-05-13T07:45:56.163+0000] {processor.py:809} INFO - DAG(s) dict_keys(['example_task_group']) retrieved from /home/airflow/.local/lib/python3.7/site-packages/airflow/example_dags/example_task_group.py
[2023-05-13T07:45:56.189+0000] {logging_mixin.py:149} INFO - [2023-05-13T07:45:56.189+0000] {dag.py:2726} INFO - Sync 1 DAGs
[2023-05-13T07:45:56.209+0000] {logging_mixin.py:149} INFO - [2023-05-13T07:45:56.209+0000] {dag.py:3490} INFO - Setting next_dagrun for example_task_group to 2023-05-12T07:45:56.209395+00:00, run_after=2023-05-13T07:45:56.209395+00:00
[2023-05-13T07:45:56.223+0000] {processor.py:178} INFO - Processing /home/airflow/.local/lib/python3.7/site-packages/airflow/example_dags/example_task_group.py took 0.074 seconds
[2023-05-13T07:46:26.378+0000] {processor.py:156} INFO - Started process (PID=376) to work on /home/airflow/.local/lib/python3.7/site-packages/airflow/example_dags/example_task_group.py
[2023-05-13T07:46:26.380+0000] {processor.py:799} INFO - Processing file /home/airflow/.local/lib/python3.7/site-packages/airflow/example_dags/example_task_group.py for tasks to queue
[2023-05-13T07:46:26.381+0000] {logging_mixin.py:149} INFO - [2023-05-13T07:46:26.381+0000] {dagbag.py:541} INFO - Filling up the DagBag from /home/airflow/.local/lib/python3.7/site-packages/airflow/example_dags/example_task_group.py
[2023-05-13T07:46:26.388+0000] {processor.py:809} INFO - DAG(s) dict_keys(['example_task_group']) retrieved from /home/airflow/.local/lib/python3.7/site-packages/airflow/example_dags/example_task_group.py
[2023-05-13T07:46:26.414+0000] {logging_mixin.py:149} INFO - [2023-05-13T07:46:26.414+0000] {dag.py:2726} INFO - Sync 1 DAGs
[2023-05-13T07:46:26.435+0000] {logging_mixin.py:149} INFO - [2023-05-13T07:46:26.435+0000] {dag.py:3490} INFO - Setting next_dagrun for example_task_group to 2023-05-12T07:46:26.434744+00:00, run_after=2023-05-13T07:46:26.434744+00:00
[2023-05-13T07:46:26.448+0000] {processor.py:178} INFO - Processing /home/airflow/.local/lib/python3.7/site-packages/airflow/example_dags/example_task_group.py took 0.074 seconds
[2023-05-13T07:46:56.533+0000] {processor.py:156} INFO - Started process (PID=431) to work on /home/airflow/.local/lib/python3.7/site-packages/airflow/example_dags/example_task_group.py
[2023-05-13T07:46:56.535+0000] {processor.py:799} INFO - Processing file /home/airflow/.local/lib/python3.7/site-packages/airflow/example_dags/example_task_group.py for tasks to queue
[2023-05-13T07:46:56.536+0000] {logging_mixin.py:149} INFO - [2023-05-13T07:46:56.536+0000] {dagbag.py:541} INFO - Filling up the DagBag from /home/airflow/.local/lib/python3.7/site-packages/airflow/example_dags/example_task_group.py
[2023-05-13T07:46:56.544+0000] {processor.py:809} INFO - DAG(s) dict_keys(['example_task_group']) retrieved from /home/airflow/.local/lib/python3.7/site-packages/airflow/example_dags/example_task_group.py
[2023-05-13T07:46:56.572+0000] {logging_mixin.py:149} INFO - [2023-05-13T07:46:56.571+0000] {dag.py:2726} INFO - Sync 1 DAGs
[2023-05-13T07:46:56.600+0000] {logging_mixin.py:149} INFO - [2023-05-13T07:46:56.600+0000] {dag.py:3490} INFO - Setting next_dagrun for example_task_group to 2023-05-12T07:46:56.600061+00:00, run_after=2023-05-13T07:46:56.600061+00:00
[2023-05-13T07:46:56.620+0000] {processor.py:178} INFO - Processing /home/airflow/.local/lib/python3.7/site-packages/airflow/example_dags/example_task_group.py took 0.091 seconds
[2023-05-13T07:47:26.698+0000] {processor.py:156} INFO - Started process (PID=487) to work on /home/airflow/.local/lib/python3.7/site-packages/airflow/example_dags/example_task_group.py
[2023-05-13T07:47:26.700+0000] {processor.py:799} INFO - Processing file /home/airflow/.local/lib/python3.7/site-packages/airflow/example_dags/example_task_group.py for tasks to queue
[2023-05-13T07:47:26.701+0000] {logging_mixin.py:149} INFO - [2023-05-13T07:47:26.701+0000] {dagbag.py:541} INFO - Filling up the DagBag from /home/airflow/.local/lib/python3.7/site-packages/airflow/example_dags/example_task_group.py
[2023-05-13T07:47:26.709+0000] {processor.py:809} INFO - DAG(s) dict_keys(['example_task_group']) retrieved from /home/airflow/.local/lib/python3.7/site-packages/airflow/example_dags/example_task_group.py
[2023-05-13T07:47:26.733+0000] {logging_mixin.py:149} INFO - [2023-05-13T07:47:26.733+0000] {dag.py:2726} INFO - Sync 1 DAGs
[2023-05-13T07:47:26.754+0000] {logging_mixin.py:149} INFO - [2023-05-13T07:47:26.754+0000] {dag.py:3490} INFO - Setting next_dagrun for example_task_group to 2023-05-12T07:47:26.753781+00:00, run_after=2023-05-13T07:47:26.753781+00:00
[2023-05-13T07:47:26.768+0000] {processor.py:178} INFO - Processing /home/airflow/.local/lib/python3.7/site-packages/airflow/example_dags/example_task_group.py took 0.073 seconds
[2023-05-13T07:47:56.894+0000] {processor.py:156} INFO - Started process (PID=543) to work on /home/airflow/.local/lib/python3.7/site-packages/airflow/example_dags/example_task_group.py
[2023-05-13T07:47:56.896+0000] {processor.py:799} INFO - Processing file /home/airflow/.local/lib/python3.7/site-packages/airflow/example_dags/example_task_group.py for tasks to queue
[2023-05-13T07:47:56.897+0000] {logging_mixin.py:149} INFO - [2023-05-13T07:47:56.896+0000] {dagbag.py:541} INFO - Filling up the DagBag from /home/airflow/.local/lib/python3.7/site-packages/airflow/example_dags/example_task_group.py
[2023-05-13T07:47:56.904+0000] {processor.py:809} INFO - DAG(s) dict_keys(['example_task_group']) retrieved from /home/airflow/.local/lib/python3.7/site-packages/airflow/example_dags/example_task_group.py
[2023-05-13T07:47:56.928+0000] {logging_mixin.py:149} INFO - [2023-05-13T07:47:56.928+0000] {dag.py:2726} INFO - Sync 1 DAGs
[2023-05-13T07:47:56.949+0000] {logging_mixin.py:149} INFO - [2023-05-13T07:47:56.949+0000] {dag.py:3490} INFO - Setting next_dagrun for example_task_group to 2023-05-12T07:47:56.949342+00:00, run_after=2023-05-13T07:47:56.949342+00:00
[2023-05-13T07:47:56.963+0000] {processor.py:178} INFO - Processing /home/airflow/.local/lib/python3.7/site-packages/airflow/example_dags/example_task_group.py took 0.073 seconds
