[2023-05-13T07:43:28.133+0000] {processor.py:156} INFO - Started process (PID=61) to work on /home/airflow/.local/lib/python3.7/site-packages/airflow/example_dags/example_bash_operator.py
[2023-05-13T07:43:28.135+0000] {processor.py:799} INFO - Processing file /home/airflow/.local/lib/python3.7/site-packages/airflow/example_dags/example_bash_operator.py for tasks to queue
[2023-05-13T07:43:28.137+0000] {logging_mixin.py:149} INFO - [2023-05-13T07:43:28.136+0000] {dagbag.py:541} INFO - Filling up the DagBag from /home/airflow/.local/lib/python3.7/site-packages/airflow/example_dags/example_bash_operator.py
[2023-05-13T07:43:28.185+0000] {processor.py:809} INFO - DAG(s) dict_keys(['example_bash_operator']) retrieved from /home/airflow/.local/lib/python3.7/site-packages/airflow/example_dags/example_bash_operator.py
[2023-05-13T07:43:28.226+0000] {logging_mixin.py:149} INFO - [2023-05-13T07:43:28.225+0000] {dag.py:2726} INFO - Sync 1 DAGs
[2023-05-13T07:43:28.300+0000] {logging_mixin.py:149} INFO - [2023-05-13T07:43:28.300+0000] {dag.py:3490} INFO - Setting next_dagrun for example_bash_operator to 2023-05-12T00:00:00+00:00, run_after=2023-05-13T00:00:00+00:00
[2023-05-13T07:43:28.325+0000] {processor.py:178} INFO - Processing /home/airflow/.local/lib/python3.7/site-packages/airflow/example_dags/example_bash_operator.py took 0.198 seconds
[2023-05-13T07:43:58.570+0000] {processor.py:156} INFO - Started process (PID=116) to work on /home/airflow/.local/lib/python3.7/site-packages/airflow/example_dags/example_bash_operator.py
[2023-05-13T07:43:58.571+0000] {processor.py:799} INFO - Processing file /home/airflow/.local/lib/python3.7/site-packages/airflow/example_dags/example_bash_operator.py for tasks to queue
[2023-05-13T07:43:58.572+0000] {logging_mixin.py:149} INFO - [2023-05-13T07:43:58.572+0000] {dagbag.py:541} INFO - Filling up the DagBag from /home/airflow/.local/lib/python3.7/site-packages/airflow/example_dags/example_bash_operator.py
[2023-05-13T07:43:58.586+0000] {processor.py:809} INFO - DAG(s) dict_keys(['example_bash_operator']) retrieved from /home/airflow/.local/lib/python3.7/site-packages/airflow/example_dags/example_bash_operator.py
[2023-05-13T07:43:58.622+0000] {logging_mixin.py:149} INFO - [2023-05-13T07:43:58.621+0000] {dag.py:2726} INFO - Sync 1 DAGs
[2023-05-13T07:43:58.648+0000] {logging_mixin.py:149} INFO - [2023-05-13T07:43:58.648+0000] {dag.py:3490} INFO - Setting next_dagrun for example_bash_operator to 2023-05-12T00:00:00+00:00, run_after=2023-05-13T00:00:00+00:00
[2023-05-13T07:43:58.664+0000] {processor.py:178} INFO - Processing /home/airflow/.local/lib/python3.7/site-packages/airflow/example_dags/example_bash_operator.py took 0.097 seconds
[2023-05-13T07:44:28.887+0000] {processor.py:156} INFO - Started process (PID=172) to work on /home/airflow/.local/lib/python3.7/site-packages/airflow/example_dags/example_bash_operator.py
[2023-05-13T07:44:28.888+0000] {processor.py:799} INFO - Processing file /home/airflow/.local/lib/python3.7/site-packages/airflow/example_dags/example_bash_operator.py for tasks to queue
[2023-05-13T07:44:28.889+0000] {logging_mixin.py:149} INFO - [2023-05-13T07:44:28.889+0000] {dagbag.py:541} INFO - Filling up the DagBag from /home/airflow/.local/lib/python3.7/site-packages/airflow/example_dags/example_bash_operator.py
[2023-05-13T07:44:28.901+0000] {processor.py:809} INFO - DAG(s) dict_keys(['example_bash_operator']) retrieved from /home/airflow/.local/lib/python3.7/site-packages/airflow/example_dags/example_bash_operator.py
[2023-05-13T07:44:28.935+0000] {logging_mixin.py:149} INFO - [2023-05-13T07:44:28.934+0000] {dag.py:2726} INFO - Sync 1 DAGs
[2023-05-13T07:44:28.957+0000] {logging_mixin.py:149} INFO - [2023-05-13T07:44:28.957+0000] {dag.py:3490} INFO - Setting next_dagrun for example_bash_operator to 2023-05-12T00:00:00+00:00, run_after=2023-05-13T00:00:00+00:00
[2023-05-13T07:44:28.971+0000] {processor.py:178} INFO - Processing /home/airflow/.local/lib/python3.7/site-packages/airflow/example_dags/example_bash_operator.py took 0.088 seconds
[2023-05-13T07:44:59.046+0000] {processor.py:156} INFO - Started process (PID=228) to work on /home/airflow/.local/lib/python3.7/site-packages/airflow/example_dags/example_bash_operator.py
[2023-05-13T07:44:59.047+0000] {processor.py:799} INFO - Processing file /home/airflow/.local/lib/python3.7/site-packages/airflow/example_dags/example_bash_operator.py for tasks to queue
[2023-05-13T07:44:59.048+0000] {logging_mixin.py:149} INFO - [2023-05-13T07:44:59.048+0000] {dagbag.py:541} INFO - Filling up the DagBag from /home/airflow/.local/lib/python3.7/site-packages/airflow/example_dags/example_bash_operator.py
[2023-05-13T07:44:59.061+0000] {processor.py:809} INFO - DAG(s) dict_keys(['example_bash_operator']) retrieved from /home/airflow/.local/lib/python3.7/site-packages/airflow/example_dags/example_bash_operator.py
[2023-05-13T07:44:59.094+0000] {logging_mixin.py:149} INFO - [2023-05-13T07:44:59.094+0000] {dag.py:2726} INFO - Sync 1 DAGs
[2023-05-13T07:44:59.117+0000] {logging_mixin.py:149} INFO - [2023-05-13T07:44:59.117+0000] {dag.py:3490} INFO - Setting next_dagrun for example_bash_operator to 2023-05-12T00:00:00+00:00, run_after=2023-05-13T00:00:00+00:00
[2023-05-13T07:44:59.131+0000] {processor.py:178} INFO - Processing /home/airflow/.local/lib/python3.7/site-packages/airflow/example_dags/example_bash_operator.py took 0.089 seconds
[2023-05-13T07:45:29.213+0000] {processor.py:156} INFO - Started process (PID=284) to work on /home/airflow/.local/lib/python3.7/site-packages/airflow/example_dags/example_bash_operator.py
[2023-05-13T07:45:29.215+0000] {processor.py:799} INFO - Processing file /home/airflow/.local/lib/python3.7/site-packages/airflow/example_dags/example_bash_operator.py for tasks to queue
[2023-05-13T07:45:29.216+0000] {logging_mixin.py:149} INFO - [2023-05-13T07:45:29.216+0000] {dagbag.py:541} INFO - Filling up the DagBag from /home/airflow/.local/lib/python3.7/site-packages/airflow/example_dags/example_bash_operator.py
[2023-05-13T07:45:29.228+0000] {processor.py:809} INFO - DAG(s) dict_keys(['example_bash_operator']) retrieved from /home/airflow/.local/lib/python3.7/site-packages/airflow/example_dags/example_bash_operator.py
[2023-05-13T07:45:29.262+0000] {logging_mixin.py:149} INFO - [2023-05-13T07:45:29.262+0000] {dag.py:2726} INFO - Sync 1 DAGs
[2023-05-13T07:45:29.285+0000] {logging_mixin.py:149} INFO - [2023-05-13T07:45:29.284+0000] {dag.py:3490} INFO - Setting next_dagrun for example_bash_operator to 2023-05-12T00:00:00+00:00, run_after=2023-05-13T00:00:00+00:00
[2023-05-13T07:45:29.300+0000] {processor.py:178} INFO - Processing /home/airflow/.local/lib/python3.7/site-packages/airflow/example_dags/example_bash_operator.py took 0.090 seconds
[2023-05-13T07:45:59.362+0000] {processor.py:156} INFO - Started process (PID=340) to work on /home/airflow/.local/lib/python3.7/site-packages/airflow/example_dags/example_bash_operator.py
[2023-05-13T07:45:59.364+0000] {processor.py:799} INFO - Processing file /home/airflow/.local/lib/python3.7/site-packages/airflow/example_dags/example_bash_operator.py for tasks to queue
[2023-05-13T07:45:59.365+0000] {logging_mixin.py:149} INFO - [2023-05-13T07:45:59.365+0000] {dagbag.py:541} INFO - Filling up the DagBag from /home/airflow/.local/lib/python3.7/site-packages/airflow/example_dags/example_bash_operator.py
[2023-05-13T07:45:59.379+0000] {processor.py:809} INFO - DAG(s) dict_keys(['example_bash_operator']) retrieved from /home/airflow/.local/lib/python3.7/site-packages/airflow/example_dags/example_bash_operator.py
[2023-05-13T07:45:59.412+0000] {logging_mixin.py:149} INFO - [2023-05-13T07:45:59.412+0000] {dag.py:2726} INFO - Sync 1 DAGs
[2023-05-13T07:45:59.434+0000] {logging_mixin.py:149} INFO - [2023-05-13T07:45:59.434+0000] {dag.py:3490} INFO - Setting next_dagrun for example_bash_operator to 2023-05-12T00:00:00+00:00, run_after=2023-05-13T00:00:00+00:00
[2023-05-13T07:45:59.449+0000] {processor.py:178} INFO - Processing /home/airflow/.local/lib/python3.7/site-packages/airflow/example_dags/example_bash_operator.py took 0.090 seconds
[2023-05-13T07:46:30.371+0000] {processor.py:156} INFO - Started process (PID=396) to work on /home/airflow/.local/lib/python3.7/site-packages/airflow/example_dags/example_bash_operator.py
[2023-05-13T07:46:30.373+0000] {processor.py:799} INFO - Processing file /home/airflow/.local/lib/python3.7/site-packages/airflow/example_dags/example_bash_operator.py for tasks to queue
[2023-05-13T07:46:30.374+0000] {logging_mixin.py:149} INFO - [2023-05-13T07:46:30.374+0000] {dagbag.py:541} INFO - Filling up the DagBag from /home/airflow/.local/lib/python3.7/site-packages/airflow/example_dags/example_bash_operator.py
[2023-05-13T07:46:30.387+0000] {processor.py:809} INFO - DAG(s) dict_keys(['example_bash_operator']) retrieved from /home/airflow/.local/lib/python3.7/site-packages/airflow/example_dags/example_bash_operator.py
[2023-05-13T07:46:30.420+0000] {logging_mixin.py:149} INFO - [2023-05-13T07:46:30.420+0000] {dag.py:2726} INFO - Sync 1 DAGs
[2023-05-13T07:46:30.442+0000] {logging_mixin.py:149} INFO - [2023-05-13T07:46:30.442+0000] {dag.py:3490} INFO - Setting next_dagrun for example_bash_operator to 2023-05-12T00:00:00+00:00, run_after=2023-05-13T00:00:00+00:00
[2023-05-13T07:46:30.457+0000] {processor.py:178} INFO - Processing /home/airflow/.local/lib/python3.7/site-packages/airflow/example_dags/example_bash_operator.py took 0.089 seconds
[2023-05-13T07:47:00.676+0000] {processor.py:156} INFO - Started process (PID=451) to work on /home/airflow/.local/lib/python3.7/site-packages/airflow/example_dags/example_bash_operator.py
[2023-05-13T07:47:00.677+0000] {processor.py:799} INFO - Processing file /home/airflow/.local/lib/python3.7/site-packages/airflow/example_dags/example_bash_operator.py for tasks to queue
[2023-05-13T07:47:00.678+0000] {logging_mixin.py:149} INFO - [2023-05-13T07:47:00.678+0000] {dagbag.py:541} INFO - Filling up the DagBag from /home/airflow/.local/lib/python3.7/site-packages/airflow/example_dags/example_bash_operator.py
[2023-05-13T07:47:00.692+0000] {processor.py:809} INFO - DAG(s) dict_keys(['example_bash_operator']) retrieved from /home/airflow/.local/lib/python3.7/site-packages/airflow/example_dags/example_bash_operator.py
[2023-05-13T07:47:00.728+0000] {logging_mixin.py:149} INFO - [2023-05-13T07:47:00.728+0000] {dag.py:2726} INFO - Sync 1 DAGs
[2023-05-13T07:47:00.751+0000] {logging_mixin.py:149} INFO - [2023-05-13T07:47:00.751+0000] {dag.py:3490} INFO - Setting next_dagrun for example_bash_operator to 2023-05-12T00:00:00+00:00, run_after=2023-05-13T00:00:00+00:00
[2023-05-13T07:47:00.766+0000] {processor.py:178} INFO - Processing /home/airflow/.local/lib/python3.7/site-packages/airflow/example_dags/example_bash_operator.py took 0.094 seconds
[2023-05-13T07:47:30.999+0000] {processor.py:156} INFO - Started process (PID=507) to work on /home/airflow/.local/lib/python3.7/site-packages/airflow/example_dags/example_bash_operator.py
[2023-05-13T07:47:31.000+0000] {processor.py:799} INFO - Processing file /home/airflow/.local/lib/python3.7/site-packages/airflow/example_dags/example_bash_operator.py for tasks to queue
[2023-05-13T07:47:31.001+0000] {logging_mixin.py:149} INFO - [2023-05-13T07:47:31.001+0000] {dagbag.py:541} INFO - Filling up the DagBag from /home/airflow/.local/lib/python3.7/site-packages/airflow/example_dags/example_bash_operator.py
[2023-05-13T07:47:31.014+0000] {processor.py:809} INFO - DAG(s) dict_keys(['example_bash_operator']) retrieved from /home/airflow/.local/lib/python3.7/site-packages/airflow/example_dags/example_bash_operator.py
[2023-05-13T07:47:31.047+0000] {logging_mixin.py:149} INFO - [2023-05-13T07:47:31.046+0000] {dag.py:2726} INFO - Sync 1 DAGs
[2023-05-13T07:47:31.069+0000] {logging_mixin.py:149} INFO - [2023-05-13T07:47:31.069+0000] {dag.py:3490} INFO - Setting next_dagrun for example_bash_operator to 2023-05-12T00:00:00+00:00, run_after=2023-05-13T00:00:00+00:00
[2023-05-13T07:47:31.084+0000] {processor.py:178} INFO - Processing /home/airflow/.local/lib/python3.7/site-packages/airflow/example_dags/example_bash_operator.py took 0.089 seconds
[2023-05-13T07:48:01.125+0000] {processor.py:156} INFO - Started process (PID=563) to work on /home/airflow/.local/lib/python3.7/site-packages/airflow/example_dags/example_bash_operator.py
[2023-05-13T07:48:01.127+0000] {processor.py:799} INFO - Processing file /home/airflow/.local/lib/python3.7/site-packages/airflow/example_dags/example_bash_operator.py for tasks to queue
[2023-05-13T07:48:01.128+0000] {logging_mixin.py:149} INFO - [2023-05-13T07:48:01.127+0000] {dagbag.py:541} INFO - Filling up the DagBag from /home/airflow/.local/lib/python3.7/site-packages/airflow/example_dags/example_bash_operator.py
[2023-05-13T07:48:01.140+0000] {processor.py:809} INFO - DAG(s) dict_keys(['example_bash_operator']) retrieved from /home/airflow/.local/lib/python3.7/site-packages/airflow/example_dags/example_bash_operator.py
[2023-05-13T07:48:01.173+0000] {logging_mixin.py:149} INFO - [2023-05-13T07:48:01.173+0000] {dag.py:2726} INFO - Sync 1 DAGs
[2023-05-13T07:48:01.195+0000] {logging_mixin.py:149} INFO - [2023-05-13T07:48:01.195+0000] {dag.py:3490} INFO - Setting next_dagrun for example_bash_operator to 2023-05-12T00:00:00+00:00, run_after=2023-05-13T00:00:00+00:00
[2023-05-13T07:48:01.209+0000] {processor.py:178} INFO - Processing /home/airflow/.local/lib/python3.7/site-packages/airflow/example_dags/example_bash_operator.py took 0.087 seconds
