[2023-05-13T07:43:26.869+0000] {processor.py:156} INFO - Started process (PID=55) to work on /home/airflow/.local/lib/python3.7/site-packages/airflow/example_dags/example_xcom.py
[2023-05-13T07:43:26.873+0000] {processor.py:799} INFO - Processing file /home/airflow/.local/lib/python3.7/site-packages/airflow/example_dags/example_xcom.py for tasks to queue
[2023-05-13T07:43:26.875+0000] {logging_mixin.py:149} INFO - [2023-05-13T07:43:26.875+0000] {dagbag.py:541} INFO - Filling up the DagBag from /home/airflow/.local/lib/python3.7/site-packages/airflow/example_dags/example_xcom.py
[2023-05-13T07:43:26.911+0000] {processor.py:809} INFO - DAG(s) dict_keys(['example_xcom']) retrieved from /home/airflow/.local/lib/python3.7/site-packages/airflow/example_dags/example_xcom.py
[2023-05-13T07:43:26.951+0000] {logging_mixin.py:149} INFO - [2023-05-13T07:43:26.950+0000] {dag.py:2726} INFO - Sync 1 DAGs
[2023-05-13T07:43:27.002+0000] {logging_mixin.py:149} INFO - [2023-05-13T07:43:27.001+0000] {dag.py:3490} INFO - Setting next_dagrun for example_xcom to 2021-01-01T00:00:00+00:00, run_after=2021-01-01T00:00:00+00:00
[2023-05-13T07:43:27.064+0000] {processor.py:178} INFO - Processing /home/airflow/.local/lib/python3.7/site-packages/airflow/example_dags/example_xcom.py took 0.205 seconds
[2023-05-13T07:43:57.279+0000] {processor.py:156} INFO - Started process (PID=111) to work on /home/airflow/.local/lib/python3.7/site-packages/airflow/example_dags/example_xcom.py
[2023-05-13T07:43:57.281+0000] {processor.py:799} INFO - Processing file /home/airflow/.local/lib/python3.7/site-packages/airflow/example_dags/example_xcom.py for tasks to queue
[2023-05-13T07:43:57.282+0000] {logging_mixin.py:149} INFO - [2023-05-13T07:43:57.281+0000] {dagbag.py:541} INFO - Filling up the DagBag from /home/airflow/.local/lib/python3.7/site-packages/airflow/example_dags/example_xcom.py
[2023-05-13T07:43:57.289+0000] {processor.py:809} INFO - DAG(s) dict_keys(['example_xcom']) retrieved from /home/airflow/.local/lib/python3.7/site-packages/airflow/example_dags/example_xcom.py
[2023-05-13T07:43:57.316+0000] {logging_mixin.py:149} INFO - [2023-05-13T07:43:57.315+0000] {dag.py:2726} INFO - Sync 1 DAGs
[2023-05-13T07:43:57.337+0000] {logging_mixin.py:149} INFO - [2023-05-13T07:43:57.337+0000] {dag.py:3490} INFO - Setting next_dagrun for example_xcom to 2021-01-01T00:00:00+00:00, run_after=2021-01-01T00:00:00+00:00
[2023-05-13T07:43:57.351+0000] {processor.py:178} INFO - Processing /home/airflow/.local/lib/python3.7/site-packages/airflow/example_dags/example_xcom.py took 0.075 seconds
[2023-05-13T07:44:27.644+0000] {processor.py:156} INFO - Started process (PID=167) to work on /home/airflow/.local/lib/python3.7/site-packages/airflow/example_dags/example_xcom.py
[2023-05-13T07:44:27.646+0000] {processor.py:799} INFO - Processing file /home/airflow/.local/lib/python3.7/site-packages/airflow/example_dags/example_xcom.py for tasks to queue
[2023-05-13T07:44:27.647+0000] {logging_mixin.py:149} INFO - [2023-05-13T07:44:27.646+0000] {dagbag.py:541} INFO - Filling up the DagBag from /home/airflow/.local/lib/python3.7/site-packages/airflow/example_dags/example_xcom.py
[2023-05-13T07:44:27.654+0000] {processor.py:809} INFO - DAG(s) dict_keys(['example_xcom']) retrieved from /home/airflow/.local/lib/python3.7/site-packages/airflow/example_dags/example_xcom.py
[2023-05-13T07:44:27.679+0000] {logging_mixin.py:149} INFO - [2023-05-13T07:44:27.678+0000] {dag.py:2726} INFO - Sync 1 DAGs
[2023-05-13T07:44:27.699+0000] {logging_mixin.py:149} INFO - [2023-05-13T07:44:27.699+0000] {dag.py:3490} INFO - Setting next_dagrun for example_xcom to 2021-01-01T00:00:00+00:00, run_after=2021-01-01T00:00:00+00:00
[2023-05-13T07:44:27.712+0000] {processor.py:178} INFO - Processing /home/airflow/.local/lib/python3.7/site-packages/airflow/example_dags/example_xcom.py took 0.071 seconds
[2023-05-13T07:44:57.793+0000] {processor.py:156} INFO - Started process (PID=223) to work on /home/airflow/.local/lib/python3.7/site-packages/airflow/example_dags/example_xcom.py
[2023-05-13T07:44:57.794+0000] {processor.py:799} INFO - Processing file /home/airflow/.local/lib/python3.7/site-packages/airflow/example_dags/example_xcom.py for tasks to queue
[2023-05-13T07:44:57.795+0000] {logging_mixin.py:149} INFO - [2023-05-13T07:44:57.795+0000] {dagbag.py:541} INFO - Filling up the DagBag from /home/airflow/.local/lib/python3.7/site-packages/airflow/example_dags/example_xcom.py
[2023-05-13T07:44:57.803+0000] {processor.py:809} INFO - DAG(s) dict_keys(['example_xcom']) retrieved from /home/airflow/.local/lib/python3.7/site-packages/airflow/example_dags/example_xcom.py
[2023-05-13T07:44:57.827+0000] {logging_mixin.py:149} INFO - [2023-05-13T07:44:57.827+0000] {dag.py:2726} INFO - Sync 1 DAGs
[2023-05-13T07:44:57.848+0000] {logging_mixin.py:149} INFO - [2023-05-13T07:44:57.848+0000] {dag.py:3490} INFO - Setting next_dagrun for example_xcom to 2021-01-01T00:00:00+00:00, run_after=2021-01-01T00:00:00+00:00
[2023-05-13T07:44:57.862+0000] {processor.py:178} INFO - Processing /home/airflow/.local/lib/python3.7/site-packages/airflow/example_dags/example_xcom.py took 0.073 seconds
[2023-05-13T07:45:27.959+0000] {processor.py:156} INFO - Started process (PID=279) to work on /home/airflow/.local/lib/python3.7/site-packages/airflow/example_dags/example_xcom.py
[2023-05-13T07:45:27.960+0000] {processor.py:799} INFO - Processing file /home/airflow/.local/lib/python3.7/site-packages/airflow/example_dags/example_xcom.py for tasks to queue
[2023-05-13T07:45:27.961+0000] {logging_mixin.py:149} INFO - [2023-05-13T07:45:27.961+0000] {dagbag.py:541} INFO - Filling up the DagBag from /home/airflow/.local/lib/python3.7/site-packages/airflow/example_dags/example_xcom.py
[2023-05-13T07:45:27.968+0000] {processor.py:809} INFO - DAG(s) dict_keys(['example_xcom']) retrieved from /home/airflow/.local/lib/python3.7/site-packages/airflow/example_dags/example_xcom.py
[2023-05-13T07:45:27.993+0000] {logging_mixin.py:149} INFO - [2023-05-13T07:45:27.993+0000] {dag.py:2726} INFO - Sync 1 DAGs
[2023-05-13T07:45:28.013+0000] {logging_mixin.py:149} INFO - [2023-05-13T07:45:28.013+0000] {dag.py:3490} INFO - Setting next_dagrun for example_xcom to 2021-01-01T00:00:00+00:00, run_after=2021-01-01T00:00:00+00:00
[2023-05-13T07:45:28.027+0000] {processor.py:178} INFO - Processing /home/airflow/.local/lib/python3.7/site-packages/airflow/example_dags/example_xcom.py took 0.072 seconds
[2023-05-13T07:45:58.121+0000] {processor.py:156} INFO - Started process (PID=335) to work on /home/airflow/.local/lib/python3.7/site-packages/airflow/example_dags/example_xcom.py
[2023-05-13T07:45:58.122+0000] {processor.py:799} INFO - Processing file /home/airflow/.local/lib/python3.7/site-packages/airflow/example_dags/example_xcom.py for tasks to queue
[2023-05-13T07:45:58.123+0000] {logging_mixin.py:149} INFO - [2023-05-13T07:45:58.123+0000] {dagbag.py:541} INFO - Filling up the DagBag from /home/airflow/.local/lib/python3.7/site-packages/airflow/example_dags/example_xcom.py
[2023-05-13T07:45:58.131+0000] {processor.py:809} INFO - DAG(s) dict_keys(['example_xcom']) retrieved from /home/airflow/.local/lib/python3.7/site-packages/airflow/example_dags/example_xcom.py
[2023-05-13T07:45:58.159+0000] {logging_mixin.py:149} INFO - [2023-05-13T07:45:58.159+0000] {dag.py:2726} INFO - Sync 1 DAGs
[2023-05-13T07:45:58.181+0000] {logging_mixin.py:149} INFO - [2023-05-13T07:45:58.181+0000] {dag.py:3490} INFO - Setting next_dagrun for example_xcom to 2021-01-01T00:00:00+00:00, run_after=2021-01-01T00:00:00+00:00
[2023-05-13T07:45:58.195+0000] {processor.py:178} INFO - Processing /home/airflow/.local/lib/python3.7/site-packages/airflow/example_dags/example_xcom.py took 0.079 seconds
[2023-05-13T07:46:29.165+0000] {processor.py:156} INFO - Started process (PID=391) to work on /home/airflow/.local/lib/python3.7/site-packages/airflow/example_dags/example_xcom.py
[2023-05-13T07:46:29.168+0000] {processor.py:799} INFO - Processing file /home/airflow/.local/lib/python3.7/site-packages/airflow/example_dags/example_xcom.py for tasks to queue
[2023-05-13T07:46:29.169+0000] {logging_mixin.py:149} INFO - [2023-05-13T07:46:29.169+0000] {dagbag.py:541} INFO - Filling up the DagBag from /home/airflow/.local/lib/python3.7/site-packages/airflow/example_dags/example_xcom.py
[2023-05-13T07:46:29.179+0000] {processor.py:809} INFO - DAG(s) dict_keys(['example_xcom']) retrieved from /home/airflow/.local/lib/python3.7/site-packages/airflow/example_dags/example_xcom.py
[2023-05-13T07:46:29.208+0000] {logging_mixin.py:149} INFO - [2023-05-13T07:46:29.208+0000] {dag.py:2726} INFO - Sync 1 DAGs
[2023-05-13T07:46:29.232+0000] {logging_mixin.py:149} INFO - [2023-05-13T07:46:29.232+0000] {dag.py:3490} INFO - Setting next_dagrun for example_xcom to 2021-01-01T00:00:00+00:00, run_after=2021-01-01T00:00:00+00:00
[2023-05-13T07:46:29.248+0000] {processor.py:178} INFO - Processing /home/airflow/.local/lib/python3.7/site-packages/airflow/example_dags/example_xcom.py took 0.088 seconds
[2023-05-13T07:46:59.413+0000] {processor.py:156} INFO - Started process (PID=446) to work on /home/airflow/.local/lib/python3.7/site-packages/airflow/example_dags/example_xcom.py
[2023-05-13T07:46:59.415+0000] {processor.py:799} INFO - Processing file /home/airflow/.local/lib/python3.7/site-packages/airflow/example_dags/example_xcom.py for tasks to queue
[2023-05-13T07:46:59.417+0000] {logging_mixin.py:149} INFO - [2023-05-13T07:46:59.416+0000] {dagbag.py:541} INFO - Filling up the DagBag from /home/airflow/.local/lib/python3.7/site-packages/airflow/example_dags/example_xcom.py
[2023-05-13T07:46:59.426+0000] {processor.py:809} INFO - DAG(s) dict_keys(['example_xcom']) retrieved from /home/airflow/.local/lib/python3.7/site-packages/airflow/example_dags/example_xcom.py
[2023-05-13T07:46:59.452+0000] {logging_mixin.py:149} INFO - [2023-05-13T07:46:59.452+0000] {dag.py:2726} INFO - Sync 1 DAGs
[2023-05-13T07:46:59.475+0000] {logging_mixin.py:149} INFO - [2023-05-13T07:46:59.474+0000] {dag.py:3490} INFO - Setting next_dagrun for example_xcom to 2021-01-01T00:00:00+00:00, run_after=2021-01-01T00:00:00+00:00
[2023-05-13T07:46:59.492+0000] {processor.py:178} INFO - Processing /home/airflow/.local/lib/python3.7/site-packages/airflow/example_dags/example_xcom.py took 0.084 seconds
[2023-05-13T07:47:29.698+0000] {processor.py:156} INFO - Started process (PID=502) to work on /home/airflow/.local/lib/python3.7/site-packages/airflow/example_dags/example_xcom.py
[2023-05-13T07:47:29.700+0000] {processor.py:799} INFO - Processing file /home/airflow/.local/lib/python3.7/site-packages/airflow/example_dags/example_xcom.py for tasks to queue
[2023-05-13T07:47:29.701+0000] {logging_mixin.py:149} INFO - [2023-05-13T07:47:29.701+0000] {dagbag.py:541} INFO - Filling up the DagBag from /home/airflow/.local/lib/python3.7/site-packages/airflow/example_dags/example_xcom.py
[2023-05-13T07:47:29.710+0000] {processor.py:809} INFO - DAG(s) dict_keys(['example_xcom']) retrieved from /home/airflow/.local/lib/python3.7/site-packages/airflow/example_dags/example_xcom.py
[2023-05-13T07:47:29.736+0000] {logging_mixin.py:149} INFO - [2023-05-13T07:47:29.736+0000] {dag.py:2726} INFO - Sync 1 DAGs
[2023-05-13T07:47:29.757+0000] {logging_mixin.py:149} INFO - [2023-05-13T07:47:29.757+0000] {dag.py:3490} INFO - Setting next_dagrun for example_xcom to 2021-01-01T00:00:00+00:00, run_after=2021-01-01T00:00:00+00:00
[2023-05-13T07:47:29.771+0000] {processor.py:178} INFO - Processing /home/airflow/.local/lib/python3.7/site-packages/airflow/example_dags/example_xcom.py took 0.079 seconds
[2023-05-13T07:47:59.864+0000] {processor.py:156} INFO - Started process (PID=558) to work on /home/airflow/.local/lib/python3.7/site-packages/airflow/example_dags/example_xcom.py
[2023-05-13T07:47:59.865+0000] {processor.py:799} INFO - Processing file /home/airflow/.local/lib/python3.7/site-packages/airflow/example_dags/example_xcom.py for tasks to queue
[2023-05-13T07:47:59.866+0000] {logging_mixin.py:149} INFO - [2023-05-13T07:47:59.866+0000] {dagbag.py:541} INFO - Filling up the DagBag from /home/airflow/.local/lib/python3.7/site-packages/airflow/example_dags/example_xcom.py
[2023-05-13T07:47:59.874+0000] {processor.py:809} INFO - DAG(s) dict_keys(['example_xcom']) retrieved from /home/airflow/.local/lib/python3.7/site-packages/airflow/example_dags/example_xcom.py
[2023-05-13T07:47:59.900+0000] {logging_mixin.py:149} INFO - [2023-05-13T07:47:59.900+0000] {dag.py:2726} INFO - Sync 1 DAGs
[2023-05-13T07:47:59.921+0000] {logging_mixin.py:149} INFO - [2023-05-13T07:47:59.921+0000] {dag.py:3490} INFO - Setting next_dagrun for example_xcom to 2021-01-01T00:00:00+00:00, run_after=2021-01-01T00:00:00+00:00
[2023-05-13T07:47:59.936+0000] {processor.py:178} INFO - Processing /home/airflow/.local/lib/python3.7/site-packages/airflow/example_dags/example_xcom.py took 0.076 seconds
