[2023-05-13T07:43:25.273+0000] {processor.py:156} INFO - Started process (PID=43) to work on /home/airflow/.local/lib/python3.7/site-packages/airflow/example_dags/example_short_circuit_operator.py
[2023-05-13T07:43:25.275+0000] {processor.py:799} INFO - Processing file /home/airflow/.local/lib/python3.7/site-packages/airflow/example_dags/example_short_circuit_operator.py for tasks to queue
[2023-05-13T07:43:25.276+0000] {logging_mixin.py:149} INFO - [2023-05-13T07:43:25.276+0000] {dagbag.py:541} INFO - Filling up the DagBag from /home/airflow/.local/lib/python3.7/site-packages/airflow/example_dags/example_short_circuit_operator.py
[2023-05-13T07:43:25.301+0000] {processor.py:809} INFO - DAG(s) dict_keys(['example_short_circuit_operator']) retrieved from /home/airflow/.local/lib/python3.7/site-packages/airflow/example_dags/example_short_circuit_operator.py
[2023-05-13T07:43:25.346+0000] {logging_mixin.py:149} INFO - [2023-05-13T07:43:25.345+0000] {dag.py:2726} INFO - Sync 1 DAGs
[2023-05-13T07:43:25.412+0000] {logging_mixin.py:149} INFO - [2023-05-13T07:43:25.412+0000] {dag.py:3490} INFO - Setting next_dagrun for example_short_circuit_operator to 2023-05-12T07:43:25.412123+00:00, run_after=2023-05-13T07:43:25.412123+00:00
[2023-05-13T07:43:25.436+0000] {processor.py:178} INFO - Processing /home/airflow/.local/lib/python3.7/site-packages/airflow/example_dags/example_short_circuit_operator.py took 0.175 seconds
[2023-05-13T07:43:55.612+0000] {processor.py:156} INFO - Started process (PID=99) to work on /home/airflow/.local/lib/python3.7/site-packages/airflow/example_dags/example_short_circuit_operator.py
[2023-05-13T07:43:55.613+0000] {processor.py:799} INFO - Processing file /home/airflow/.local/lib/python3.7/site-packages/airflow/example_dags/example_short_circuit_operator.py for tasks to queue
[2023-05-13T07:43:55.614+0000] {logging_mixin.py:149} INFO - [2023-05-13T07:43:55.614+0000] {dagbag.py:541} INFO - Filling up the DagBag from /home/airflow/.local/lib/python3.7/site-packages/airflow/example_dags/example_short_circuit_operator.py
[2023-05-13T07:43:55.622+0000] {processor.py:809} INFO - DAG(s) dict_keys(['example_short_circuit_operator']) retrieved from /home/airflow/.local/lib/python3.7/site-packages/airflow/example_dags/example_short_circuit_operator.py
[2023-05-13T07:43:55.653+0000] {logging_mixin.py:149} INFO - [2023-05-13T07:43:55.653+0000] {dag.py:2726} INFO - Sync 1 DAGs
[2023-05-13T07:43:55.675+0000] {logging_mixin.py:149} INFO - [2023-05-13T07:43:55.675+0000] {dag.py:3490} INFO - Setting next_dagrun for example_short_circuit_operator to 2023-05-12T07:43:55.674925+00:00, run_after=2023-05-13T07:43:55.674925+00:00
[2023-05-13T07:43:55.689+0000] {processor.py:178} INFO - Processing /home/airflow/.local/lib/python3.7/site-packages/airflow/example_dags/example_short_circuit_operator.py took 0.081 seconds
[2023-05-13T07:44:25.813+0000] {processor.py:156} INFO - Started process (PID=155) to work on /home/airflow/.local/lib/python3.7/site-packages/airflow/example_dags/example_short_circuit_operator.py
[2023-05-13T07:44:25.815+0000] {processor.py:799} INFO - Processing file /home/airflow/.local/lib/python3.7/site-packages/airflow/example_dags/example_short_circuit_operator.py for tasks to queue
[2023-05-13T07:44:25.816+0000] {logging_mixin.py:149} INFO - [2023-05-13T07:44:25.816+0000] {dagbag.py:541} INFO - Filling up the DagBag from /home/airflow/.local/lib/python3.7/site-packages/airflow/example_dags/example_short_circuit_operator.py
[2023-05-13T07:44:25.826+0000] {processor.py:809} INFO - DAG(s) dict_keys(['example_short_circuit_operator']) retrieved from /home/airflow/.local/lib/python3.7/site-packages/airflow/example_dags/example_short_circuit_operator.py
[2023-05-13T07:44:25.866+0000] {logging_mixin.py:149} INFO - [2023-05-13T07:44:25.866+0000] {dag.py:2726} INFO - Sync 1 DAGs
[2023-05-13T07:44:25.893+0000] {logging_mixin.py:149} INFO - [2023-05-13T07:44:25.893+0000] {dag.py:3490} INFO - Setting next_dagrun for example_short_circuit_operator to 2023-05-12T07:44:25.892850+00:00, run_after=2023-05-13T07:44:25.892850+00:00
[2023-05-13T07:44:25.908+0000] {processor.py:178} INFO - Processing /home/airflow/.local/lib/python3.7/site-packages/airflow/example_dags/example_short_circuit_operator.py took 0.100 seconds
[2023-05-13T07:44:55.975+0000] {processor.py:156} INFO - Started process (PID=211) to work on /home/airflow/.local/lib/python3.7/site-packages/airflow/example_dags/example_short_circuit_operator.py
[2023-05-13T07:44:55.977+0000] {processor.py:799} INFO - Processing file /home/airflow/.local/lib/python3.7/site-packages/airflow/example_dags/example_short_circuit_operator.py for tasks to queue
[2023-05-13T07:44:55.978+0000] {logging_mixin.py:149} INFO - [2023-05-13T07:44:55.978+0000] {dagbag.py:541} INFO - Filling up the DagBag from /home/airflow/.local/lib/python3.7/site-packages/airflow/example_dags/example_short_circuit_operator.py
[2023-05-13T07:44:55.986+0000] {processor.py:809} INFO - DAG(s) dict_keys(['example_short_circuit_operator']) retrieved from /home/airflow/.local/lib/python3.7/site-packages/airflow/example_dags/example_short_circuit_operator.py
[2023-05-13T07:44:56.013+0000] {logging_mixin.py:149} INFO - [2023-05-13T07:44:56.013+0000] {dag.py:2726} INFO - Sync 1 DAGs
[2023-05-13T07:44:56.034+0000] {logging_mixin.py:149} INFO - [2023-05-13T07:44:56.034+0000] {dag.py:3490} INFO - Setting next_dagrun for example_short_circuit_operator to 2023-05-12T07:44:56.034067+00:00, run_after=2023-05-13T07:44:56.034067+00:00
[2023-05-13T07:44:56.048+0000] {processor.py:178} INFO - Processing /home/airflow/.local/lib/python3.7/site-packages/airflow/example_dags/example_short_circuit_operator.py took 0.077 seconds
[2023-05-13T07:45:26.353+0000] {processor.py:156} INFO - Started process (PID=267) to work on /home/airflow/.local/lib/python3.7/site-packages/airflow/example_dags/example_short_circuit_operator.py
[2023-05-13T07:45:26.355+0000] {processor.py:799} INFO - Processing file /home/airflow/.local/lib/python3.7/site-packages/airflow/example_dags/example_short_circuit_operator.py for tasks to queue
[2023-05-13T07:45:26.356+0000] {logging_mixin.py:149} INFO - [2023-05-13T07:45:26.355+0000] {dagbag.py:541} INFO - Filling up the DagBag from /home/airflow/.local/lib/python3.7/site-packages/airflow/example_dags/example_short_circuit_operator.py
[2023-05-13T07:45:26.364+0000] {processor.py:809} INFO - DAG(s) dict_keys(['example_short_circuit_operator']) retrieved from /home/airflow/.local/lib/python3.7/site-packages/airflow/example_dags/example_short_circuit_operator.py
[2023-05-13T07:45:26.393+0000] {logging_mixin.py:149} INFO - [2023-05-13T07:45:26.393+0000] {dag.py:2726} INFO - Sync 1 DAGs
[2023-05-13T07:45:26.415+0000] {logging_mixin.py:149} INFO - [2023-05-13T07:45:26.415+0000] {dag.py:3490} INFO - Setting next_dagrun for example_short_circuit_operator to 2023-05-12T07:45:26.415542+00:00, run_after=2023-05-13T07:45:26.415542+00:00
[2023-05-13T07:45:26.433+0000] {processor.py:178} INFO - Processing /home/airflow/.local/lib/python3.7/site-packages/airflow/example_dags/example_short_circuit_operator.py took 0.083 seconds
[2023-05-13T07:45:57.318+0000] {processor.py:156} INFO - Started process (PID=323) to work on /home/airflow/.local/lib/python3.7/site-packages/airflow/example_dags/example_short_circuit_operator.py
[2023-05-13T07:45:57.319+0000] {processor.py:799} INFO - Processing file /home/airflow/.local/lib/python3.7/site-packages/airflow/example_dags/example_short_circuit_operator.py for tasks to queue
[2023-05-13T07:45:57.321+0000] {logging_mixin.py:149} INFO - [2023-05-13T07:45:57.320+0000] {dagbag.py:541} INFO - Filling up the DagBag from /home/airflow/.local/lib/python3.7/site-packages/airflow/example_dags/example_short_circuit_operator.py
[2023-05-13T07:45:57.329+0000] {processor.py:809} INFO - DAG(s) dict_keys(['example_short_circuit_operator']) retrieved from /home/airflow/.local/lib/python3.7/site-packages/airflow/example_dags/example_short_circuit_operator.py
[2023-05-13T07:45:57.358+0000] {logging_mixin.py:149} INFO - [2023-05-13T07:45:57.357+0000] {dag.py:2726} INFO - Sync 1 DAGs
[2023-05-13T07:45:57.379+0000] {logging_mixin.py:149} INFO - [2023-05-13T07:45:57.379+0000] {dag.py:3490} INFO - Setting next_dagrun for example_short_circuit_operator to 2023-05-12T07:45:57.378768+00:00, run_after=2023-05-13T07:45:57.378768+00:00
[2023-05-13T07:45:57.394+0000] {processor.py:178} INFO - Processing /home/airflow/.local/lib/python3.7/site-packages/airflow/example_dags/example_short_circuit_operator.py took 0.079 seconds
[2023-05-13T07:46:27.499+0000] {processor.py:156} INFO - Started process (PID=379) to work on /home/airflow/.local/lib/python3.7/site-packages/airflow/example_dags/example_short_circuit_operator.py
[2023-05-13T07:46:27.500+0000] {processor.py:799} INFO - Processing file /home/airflow/.local/lib/python3.7/site-packages/airflow/example_dags/example_short_circuit_operator.py for tasks to queue
[2023-05-13T07:46:27.501+0000] {logging_mixin.py:149} INFO - [2023-05-13T07:46:27.501+0000] {dagbag.py:541} INFO - Filling up the DagBag from /home/airflow/.local/lib/python3.7/site-packages/airflow/example_dags/example_short_circuit_operator.py
[2023-05-13T07:46:27.509+0000] {processor.py:809} INFO - DAG(s) dict_keys(['example_short_circuit_operator']) retrieved from /home/airflow/.local/lib/python3.7/site-packages/airflow/example_dags/example_short_circuit_operator.py
[2023-05-13T07:46:27.537+0000] {logging_mixin.py:149} INFO - [2023-05-13T07:46:27.537+0000] {dag.py:2726} INFO - Sync 1 DAGs
[2023-05-13T07:46:27.558+0000] {logging_mixin.py:149} INFO - [2023-05-13T07:46:27.558+0000] {dag.py:3490} INFO - Setting next_dagrun for example_short_circuit_operator to 2023-05-12T07:46:27.558540+00:00, run_after=2023-05-13T07:46:27.558540+00:00
[2023-05-13T07:46:27.573+0000] {processor.py:178} INFO - Processing /home/airflow/.local/lib/python3.7/site-packages/airflow/example_dags/example_short_circuit_operator.py took 0.078 seconds
[2023-05-13T07:46:57.697+0000] {processor.py:156} INFO - Started process (PID=434) to work on /home/airflow/.local/lib/python3.7/site-packages/airflow/example_dags/example_short_circuit_operator.py
[2023-05-13T07:46:57.699+0000] {processor.py:799} INFO - Processing file /home/airflow/.local/lib/python3.7/site-packages/airflow/example_dags/example_short_circuit_operator.py for tasks to queue
[2023-05-13T07:46:57.700+0000] {logging_mixin.py:149} INFO - [2023-05-13T07:46:57.700+0000] {dagbag.py:541} INFO - Filling up the DagBag from /home/airflow/.local/lib/python3.7/site-packages/airflow/example_dags/example_short_circuit_operator.py
[2023-05-13T07:46:57.709+0000] {processor.py:809} INFO - DAG(s) dict_keys(['example_short_circuit_operator']) retrieved from /home/airflow/.local/lib/python3.7/site-packages/airflow/example_dags/example_short_circuit_operator.py
[2023-05-13T07:46:57.737+0000] {logging_mixin.py:149} INFO - [2023-05-13T07:46:57.737+0000] {dag.py:2726} INFO - Sync 1 DAGs
[2023-05-13T07:46:57.761+0000] {logging_mixin.py:149} INFO - [2023-05-13T07:46:57.761+0000] {dag.py:3490} INFO - Setting next_dagrun for example_short_circuit_operator to 2023-05-12T07:46:57.761212+00:00, run_after=2023-05-13T07:46:57.761212+00:00
[2023-05-13T07:46:57.778+0000] {processor.py:178} INFO - Processing /home/airflow/.local/lib/python3.7/site-packages/airflow/example_dags/example_short_circuit_operator.py took 0.085 seconds
[2023-05-13T07:47:27.843+0000] {processor.py:156} INFO - Started process (PID=490) to work on /home/airflow/.local/lib/python3.7/site-packages/airflow/example_dags/example_short_circuit_operator.py
[2023-05-13T07:47:27.844+0000] {processor.py:799} INFO - Processing file /home/airflow/.local/lib/python3.7/site-packages/airflow/example_dags/example_short_circuit_operator.py for tasks to queue
[2023-05-13T07:47:27.846+0000] {logging_mixin.py:149} INFO - [2023-05-13T07:47:27.845+0000] {dagbag.py:541} INFO - Filling up the DagBag from /home/airflow/.local/lib/python3.7/site-packages/airflow/example_dags/example_short_circuit_operator.py
[2023-05-13T07:47:27.854+0000] {processor.py:809} INFO - DAG(s) dict_keys(['example_short_circuit_operator']) retrieved from /home/airflow/.local/lib/python3.7/site-packages/airflow/example_dags/example_short_circuit_operator.py
[2023-05-13T07:47:27.884+0000] {logging_mixin.py:149} INFO - [2023-05-13T07:47:27.884+0000] {dag.py:2726} INFO - Sync 1 DAGs
[2023-05-13T07:47:27.907+0000] {logging_mixin.py:149} INFO - [2023-05-13T07:47:27.907+0000] {dag.py:3490} INFO - Setting next_dagrun for example_short_circuit_operator to 2023-05-12T07:47:27.907301+00:00, run_after=2023-05-13T07:47:27.907301+00:00
[2023-05-13T07:47:27.926+0000] {processor.py:178} INFO - Processing /home/airflow/.local/lib/python3.7/site-packages/airflow/example_dags/example_short_circuit_operator.py took 0.086 seconds
[2023-05-13T07:47:58.045+0000] {processor.py:156} INFO - Started process (PID=546) to work on /home/airflow/.local/lib/python3.7/site-packages/airflow/example_dags/example_short_circuit_operator.py
[2023-05-13T07:47:58.046+0000] {processor.py:799} INFO - Processing file /home/airflow/.local/lib/python3.7/site-packages/airflow/example_dags/example_short_circuit_operator.py for tasks to queue
[2023-05-13T07:47:58.047+0000] {logging_mixin.py:149} INFO - [2023-05-13T07:47:58.047+0000] {dagbag.py:541} INFO - Filling up the DagBag from /home/airflow/.local/lib/python3.7/site-packages/airflow/example_dags/example_short_circuit_operator.py
[2023-05-13T07:47:58.056+0000] {processor.py:809} INFO - DAG(s) dict_keys(['example_short_circuit_operator']) retrieved from /home/airflow/.local/lib/python3.7/site-packages/airflow/example_dags/example_short_circuit_operator.py
[2023-05-13T07:47:58.085+0000] {logging_mixin.py:149} INFO - [2023-05-13T07:47:58.085+0000] {dag.py:2726} INFO - Sync 1 DAGs
[2023-05-13T07:47:58.108+0000] {logging_mixin.py:149} INFO - [2023-05-13T07:47:58.108+0000] {dag.py:3490} INFO - Setting next_dagrun for example_short_circuit_operator to 2023-05-12T07:47:58.107778+00:00, run_after=2023-05-13T07:47:58.107778+00:00
[2023-05-13T07:47:58.122+0000] {processor.py:178} INFO - Processing /home/airflow/.local/lib/python3.7/site-packages/airflow/example_dags/example_short_circuit_operator.py took 0.081 seconds
