[2023-05-13T07:43:26.363+0000] {processor.py:156} INFO - Started process (PID=51) to work on /home/airflow/.local/lib/python3.7/site-packages/airflow/example_dags/example_branch_labels.py
[2023-05-13T07:43:26.365+0000] {processor.py:799} INFO - Processing file /home/airflow/.local/lib/python3.7/site-packages/airflow/example_dags/example_branch_labels.py for tasks to queue
[2023-05-13T07:43:26.366+0000] {logging_mixin.py:149} INFO - [2023-05-13T07:43:26.366+0000] {dagbag.py:541} INFO - Filling up the DagBag from /home/airflow/.local/lib/python3.7/site-packages/airflow/example_dags/example_branch_labels.py
[2023-05-13T07:43:26.378+0000] {processor.py:809} INFO - DAG(s) dict_keys(['example_branch_labels']) retrieved from /home/airflow/.local/lib/python3.7/site-packages/airflow/example_dags/example_branch_labels.py
[2023-05-13T07:43:26.401+0000] {logging_mixin.py:149} INFO - [2023-05-13T07:43:26.401+0000] {dag.py:2726} INFO - Sync 1 DAGs
[2023-05-13T07:43:26.483+0000] {logging_mixin.py:149} INFO - [2023-05-13T07:43:26.483+0000] {dag.py:3490} INFO - Setting next_dagrun for example_branch_labels to 2023-05-12T00:00:00+00:00, run_after=2023-05-13T00:00:00+00:00
[2023-05-13T07:43:26.538+0000] {processor.py:178} INFO - Processing /home/airflow/.local/lib/python3.7/site-packages/airflow/example_dags/example_branch_labels.py took 0.179 seconds
[2023-05-13T07:43:57.081+0000] {processor.py:156} INFO - Started process (PID=107) to work on /home/airflow/.local/lib/python3.7/site-packages/airflow/example_dags/example_branch_labels.py
[2023-05-13T07:43:57.082+0000] {processor.py:799} INFO - Processing file /home/airflow/.local/lib/python3.7/site-packages/airflow/example_dags/example_branch_labels.py for tasks to queue
[2023-05-13T07:43:57.083+0000] {logging_mixin.py:149} INFO - [2023-05-13T07:43:57.083+0000] {dagbag.py:541} INFO - Filling up the DagBag from /home/airflow/.local/lib/python3.7/site-packages/airflow/example_dags/example_branch_labels.py
[2023-05-13T07:43:57.091+0000] {processor.py:809} INFO - DAG(s) dict_keys(['example_branch_labels']) retrieved from /home/airflow/.local/lib/python3.7/site-packages/airflow/example_dags/example_branch_labels.py
[2023-05-13T07:43:57.118+0000] {logging_mixin.py:149} INFO - [2023-05-13T07:43:57.118+0000] {dag.py:2726} INFO - Sync 1 DAGs
[2023-05-13T07:43:57.141+0000] {logging_mixin.py:149} INFO - [2023-05-13T07:43:57.141+0000] {dag.py:3490} INFO - Setting next_dagrun for example_branch_labels to 2023-05-12T00:00:00+00:00, run_after=2023-05-13T00:00:00+00:00
[2023-05-13T07:43:57.155+0000] {processor.py:178} INFO - Processing /home/airflow/.local/lib/python3.7/site-packages/airflow/example_dags/example_branch_labels.py took 0.078 seconds
[2023-05-13T07:44:27.355+0000] {processor.py:156} INFO - Started process (PID=163) to work on /home/airflow/.local/lib/python3.7/site-packages/airflow/example_dags/example_branch_labels.py
[2023-05-13T07:44:27.357+0000] {processor.py:799} INFO - Processing file /home/airflow/.local/lib/python3.7/site-packages/airflow/example_dags/example_branch_labels.py for tasks to queue
[2023-05-13T07:44:27.358+0000] {logging_mixin.py:149} INFO - [2023-05-13T07:44:27.357+0000] {dagbag.py:541} INFO - Filling up the DagBag from /home/airflow/.local/lib/python3.7/site-packages/airflow/example_dags/example_branch_labels.py
[2023-05-13T07:44:27.365+0000] {processor.py:809} INFO - DAG(s) dict_keys(['example_branch_labels']) retrieved from /home/airflow/.local/lib/python3.7/site-packages/airflow/example_dags/example_branch_labels.py
[2023-05-13T07:44:27.390+0000] {logging_mixin.py:149} INFO - [2023-05-13T07:44:27.390+0000] {dag.py:2726} INFO - Sync 1 DAGs
[2023-05-13T07:44:27.412+0000] {logging_mixin.py:149} INFO - [2023-05-13T07:44:27.412+0000] {dag.py:3490} INFO - Setting next_dagrun for example_branch_labels to 2023-05-12T00:00:00+00:00, run_after=2023-05-13T00:00:00+00:00
[2023-05-13T07:44:27.426+0000] {processor.py:178} INFO - Processing /home/airflow/.local/lib/python3.7/site-packages/airflow/example_dags/example_branch_labels.py took 0.074 seconds
[2023-05-13T07:44:57.500+0000] {processor.py:156} INFO - Started process (PID=219) to work on /home/airflow/.local/lib/python3.7/site-packages/airflow/example_dags/example_branch_labels.py
[2023-05-13T07:44:57.502+0000] {processor.py:799} INFO - Processing file /home/airflow/.local/lib/python3.7/site-packages/airflow/example_dags/example_branch_labels.py for tasks to queue
[2023-05-13T07:44:57.503+0000] {logging_mixin.py:149} INFO - [2023-05-13T07:44:57.503+0000] {dagbag.py:541} INFO - Filling up the DagBag from /home/airflow/.local/lib/python3.7/site-packages/airflow/example_dags/example_branch_labels.py
[2023-05-13T07:44:57.511+0000] {processor.py:809} INFO - DAG(s) dict_keys(['example_branch_labels']) retrieved from /home/airflow/.local/lib/python3.7/site-packages/airflow/example_dags/example_branch_labels.py
[2023-05-13T07:44:57.537+0000] {logging_mixin.py:149} INFO - [2023-05-13T07:44:57.537+0000] {dag.py:2726} INFO - Sync 1 DAGs
[2023-05-13T07:44:57.559+0000] {logging_mixin.py:149} INFO - [2023-05-13T07:44:57.559+0000] {dag.py:3490} INFO - Setting next_dagrun for example_branch_labels to 2023-05-12T00:00:00+00:00, run_after=2023-05-13T00:00:00+00:00
[2023-05-13T07:44:57.574+0000] {processor.py:178} INFO - Processing /home/airflow/.local/lib/python3.7/site-packages/airflow/example_dags/example_branch_labels.py took 0.077 seconds
[2023-05-13T07:45:27.689+0000] {processor.py:156} INFO - Started process (PID=275) to work on /home/airflow/.local/lib/python3.7/site-packages/airflow/example_dags/example_branch_labels.py
[2023-05-13T07:45:27.691+0000] {processor.py:799} INFO - Processing file /home/airflow/.local/lib/python3.7/site-packages/airflow/example_dags/example_branch_labels.py for tasks to queue
[2023-05-13T07:45:27.691+0000] {logging_mixin.py:149} INFO - [2023-05-13T07:45:27.691+0000] {dagbag.py:541} INFO - Filling up the DagBag from /home/airflow/.local/lib/python3.7/site-packages/airflow/example_dags/example_branch_labels.py
[2023-05-13T07:45:27.699+0000] {processor.py:809} INFO - DAG(s) dict_keys(['example_branch_labels']) retrieved from /home/airflow/.local/lib/python3.7/site-packages/airflow/example_dags/example_branch_labels.py
[2023-05-13T07:45:27.724+0000] {logging_mixin.py:149} INFO - [2023-05-13T07:45:27.724+0000] {dag.py:2726} INFO - Sync 1 DAGs
[2023-05-13T07:45:27.745+0000] {logging_mixin.py:149} INFO - [2023-05-13T07:45:27.745+0000] {dag.py:3490} INFO - Setting next_dagrun for example_branch_labels to 2023-05-12T00:00:00+00:00, run_after=2023-05-13T00:00:00+00:00
[2023-05-13T07:45:27.760+0000] {processor.py:178} INFO - Processing /home/airflow/.local/lib/python3.7/site-packages/airflow/example_dags/example_branch_labels.py took 0.074 seconds
[2023-05-13T07:45:57.831+0000] {processor.py:156} INFO - Started process (PID=331) to work on /home/airflow/.local/lib/python3.7/site-packages/airflow/example_dags/example_branch_labels.py
[2023-05-13T07:45:57.834+0000] {processor.py:799} INFO - Processing file /home/airflow/.local/lib/python3.7/site-packages/airflow/example_dags/example_branch_labels.py for tasks to queue
[2023-05-13T07:45:57.835+0000] {logging_mixin.py:149} INFO - [2023-05-13T07:45:57.834+0000] {dagbag.py:541} INFO - Filling up the DagBag from /home/airflow/.local/lib/python3.7/site-packages/airflow/example_dags/example_branch_labels.py
[2023-05-13T07:45:57.842+0000] {processor.py:809} INFO - DAG(s) dict_keys(['example_branch_labels']) retrieved from /home/airflow/.local/lib/python3.7/site-packages/airflow/example_dags/example_branch_labels.py
[2023-05-13T07:45:57.868+0000] {logging_mixin.py:149} INFO - [2023-05-13T07:45:57.868+0000] {dag.py:2726} INFO - Sync 1 DAGs
[2023-05-13T07:45:57.890+0000] {logging_mixin.py:149} INFO - [2023-05-13T07:45:57.890+0000] {dag.py:3490} INFO - Setting next_dagrun for example_branch_labels to 2023-05-12T00:00:00+00:00, run_after=2023-05-13T00:00:00+00:00
[2023-05-13T07:45:57.905+0000] {processor.py:178} INFO - Processing /home/airflow/.local/lib/python3.7/site-packages/airflow/example_dags/example_branch_labels.py took 0.078 seconds
[2023-05-13T07:46:27.946+0000] {processor.py:156} INFO - Started process (PID=387) to work on /home/airflow/.local/lib/python3.7/site-packages/airflow/example_dags/example_branch_labels.py
[2023-05-13T07:46:27.948+0000] {processor.py:799} INFO - Processing file /home/airflow/.local/lib/python3.7/site-packages/airflow/example_dags/example_branch_labels.py for tasks to queue
[2023-05-13T07:46:27.949+0000] {logging_mixin.py:149} INFO - [2023-05-13T07:46:27.949+0000] {dagbag.py:541} INFO - Filling up the DagBag from /home/airflow/.local/lib/python3.7/site-packages/airflow/example_dags/example_branch_labels.py
[2023-05-13T07:46:27.956+0000] {processor.py:809} INFO - DAG(s) dict_keys(['example_branch_labels']) retrieved from /home/airflow/.local/lib/python3.7/site-packages/airflow/example_dags/example_branch_labels.py
[2023-05-13T07:46:27.981+0000] {logging_mixin.py:149} INFO - [2023-05-13T07:46:27.981+0000] {dag.py:2726} INFO - Sync 1 DAGs
[2023-05-13T07:46:28.004+0000] {logging_mixin.py:149} INFO - [2023-05-13T07:46:28.004+0000] {dag.py:3490} INFO - Setting next_dagrun for example_branch_labels to 2023-05-12T00:00:00+00:00, run_after=2023-05-13T00:00:00+00:00
[2023-05-13T07:46:28.018+0000] {processor.py:178} INFO - Processing /home/airflow/.local/lib/python3.7/site-packages/airflow/example_dags/example_branch_labels.py took 0.076 seconds
[2023-05-13T07:46:58.179+0000] {processor.py:156} INFO - Started process (PID=442) to work on /home/airflow/.local/lib/python3.7/site-packages/airflow/example_dags/example_branch_labels.py
[2023-05-13T07:46:58.180+0000] {processor.py:799} INFO - Processing file /home/airflow/.local/lib/python3.7/site-packages/airflow/example_dags/example_branch_labels.py for tasks to queue
[2023-05-13T07:46:58.182+0000] {logging_mixin.py:149} INFO - [2023-05-13T07:46:58.182+0000] {dagbag.py:541} INFO - Filling up the DagBag from /home/airflow/.local/lib/python3.7/site-packages/airflow/example_dags/example_branch_labels.py
[2023-05-13T07:46:58.189+0000] {processor.py:809} INFO - DAG(s) dict_keys(['example_branch_labels']) retrieved from /home/airflow/.local/lib/python3.7/site-packages/airflow/example_dags/example_branch_labels.py
[2023-05-13T07:46:58.216+0000] {logging_mixin.py:149} INFO - [2023-05-13T07:46:58.216+0000] {dag.py:2726} INFO - Sync 1 DAGs
[2023-05-13T07:46:58.240+0000] {logging_mixin.py:149} INFO - [2023-05-13T07:46:58.240+0000] {dag.py:3490} INFO - Setting next_dagrun for example_branch_labels to 2023-05-12T00:00:00+00:00, run_after=2023-05-13T00:00:00+00:00
[2023-05-13T07:46:58.255+0000] {processor.py:178} INFO - Processing /home/airflow/.local/lib/python3.7/site-packages/airflow/example_dags/example_branch_labels.py took 0.080 seconds
[2023-05-13T07:47:28.388+0000] {processor.py:156} INFO - Started process (PID=498) to work on /home/airflow/.local/lib/python3.7/site-packages/airflow/example_dags/example_branch_labels.py
[2023-05-13T07:47:28.390+0000] {processor.py:799} INFO - Processing file /home/airflow/.local/lib/python3.7/site-packages/airflow/example_dags/example_branch_labels.py for tasks to queue
[2023-05-13T07:47:28.392+0000] {logging_mixin.py:149} INFO - [2023-05-13T07:47:28.392+0000] {dagbag.py:541} INFO - Filling up the DagBag from /home/airflow/.local/lib/python3.7/site-packages/airflow/example_dags/example_branch_labels.py
[2023-05-13T07:47:28.402+0000] {processor.py:809} INFO - DAG(s) dict_keys(['example_branch_labels']) retrieved from /home/airflow/.local/lib/python3.7/site-packages/airflow/example_dags/example_branch_labels.py
[2023-05-13T07:47:28.441+0000] {logging_mixin.py:149} INFO - [2023-05-13T07:47:28.441+0000] {dag.py:2726} INFO - Sync 1 DAGs
[2023-05-13T07:47:28.478+0000] {logging_mixin.py:149} INFO - [2023-05-13T07:47:28.478+0000] {dag.py:3490} INFO - Setting next_dagrun for example_branch_labels to 2023-05-12T00:00:00+00:00, run_after=2023-05-13T00:00:00+00:00
[2023-05-13T07:47:28.501+0000] {processor.py:178} INFO - Processing /home/airflow/.local/lib/python3.7/site-packages/airflow/example_dags/example_branch_labels.py took 0.117 seconds
[2023-05-13T07:47:58.574+0000] {processor.py:156} INFO - Started process (PID=554) to work on /home/airflow/.local/lib/python3.7/site-packages/airflow/example_dags/example_branch_labels.py
[2023-05-13T07:47:58.575+0000] {processor.py:799} INFO - Processing file /home/airflow/.local/lib/python3.7/site-packages/airflow/example_dags/example_branch_labels.py for tasks to queue
[2023-05-13T07:47:58.576+0000] {logging_mixin.py:149} INFO - [2023-05-13T07:47:58.576+0000] {dagbag.py:541} INFO - Filling up the DagBag from /home/airflow/.local/lib/python3.7/site-packages/airflow/example_dags/example_branch_labels.py
[2023-05-13T07:47:58.584+0000] {processor.py:809} INFO - DAG(s) dict_keys(['example_branch_labels']) retrieved from /home/airflow/.local/lib/python3.7/site-packages/airflow/example_dags/example_branch_labels.py
[2023-05-13T07:47:58.609+0000] {logging_mixin.py:149} INFO - [2023-05-13T07:47:58.609+0000] {dag.py:2726} INFO - Sync 1 DAGs
[2023-05-13T07:47:58.630+0000] {logging_mixin.py:149} INFO - [2023-05-13T07:47:58.630+0000] {dag.py:3490} INFO - Setting next_dagrun for example_branch_labels to 2023-05-12T00:00:00+00:00, run_after=2023-05-13T00:00:00+00:00
[2023-05-13T07:47:58.644+0000] {processor.py:178} INFO - Processing /home/airflow/.local/lib/python3.7/site-packages/airflow/example_dags/example_branch_labels.py took 0.073 seconds
