[2023-05-13T07:43:27.627+0000] {processor.py:156} INFO - Started process (PID=59) to work on /home/airflow/.local/lib/python3.7/site-packages/airflow/example_dags/example_branch_datetime_operator.py
[2023-05-13T07:43:27.630+0000] {processor.py:799} INFO - Processing file /home/airflow/.local/lib/python3.7/site-packages/airflow/example_dags/example_branch_datetime_operator.py for tasks to queue
[2023-05-13T07:43:27.632+0000] {logging_mixin.py:149} INFO - [2023-05-13T07:43:27.632+0000] {dagbag.py:541} INFO - Filling up the DagBag from /home/airflow/.local/lib/python3.7/site-packages/airflow/example_dags/example_branch_datetime_operator.py
[2023-05-13T07:43:27.658+0000] {processor.py:809} INFO - DAG(s) dict_keys(['example_branch_datetime_operator', 'example_branch_datetime_operator_2', 'example_branch_datetime_operator_3']) retrieved from /home/airflow/.local/lib/python3.7/site-packages/airflow/example_dags/example_branch_datetime_operator.py
[2023-05-13T07:43:27.691+0000] {logging_mixin.py:149} INFO - [2023-05-13T07:43:27.691+0000] {dag.py:2726} INFO - Sync 3 DAGs
[2023-05-13T07:43:27.738+0000] {logging_mixin.py:149} INFO - [2023-05-13T07:43:27.738+0000] {dag.py:3490} INFO - Setting next_dagrun for example_branch_datetime_operator to 2023-05-12T00:00:00+00:00, run_after=2023-05-13T00:00:00+00:00
[2023-05-13T07:43:27.748+0000] {logging_mixin.py:149} INFO - [2023-05-13T07:43:27.747+0000] {dag.py:3490} INFO - Setting next_dagrun for example_branch_datetime_operator_2 to 2023-05-12T00:00:00+00:00, run_after=2023-05-13T00:00:00+00:00
[2023-05-13T07:43:27.755+0000] {logging_mixin.py:149} INFO - [2023-05-13T07:43:27.755+0000] {dag.py:3490} INFO - Setting next_dagrun for example_branch_datetime_operator_3 to 2023-05-12T00:00:00+00:00, run_after=2023-05-13T00:00:00+00:00
[2023-05-13T07:43:27.788+0000] {processor.py:178} INFO - Processing /home/airflow/.local/lib/python3.7/site-packages/airflow/example_dags/example_branch_datetime_operator.py took 0.166 seconds
[2023-05-13T07:43:58.417+0000] {processor.py:156} INFO - Started process (PID=114) to work on /home/airflow/.local/lib/python3.7/site-packages/airflow/example_dags/example_branch_datetime_operator.py
[2023-05-13T07:43:58.419+0000] {processor.py:799} INFO - Processing file /home/airflow/.local/lib/python3.7/site-packages/airflow/example_dags/example_branch_datetime_operator.py for tasks to queue
[2023-05-13T07:43:58.421+0000] {logging_mixin.py:149} INFO - [2023-05-13T07:43:58.421+0000] {dagbag.py:541} INFO - Filling up the DagBag from /home/airflow/.local/lib/python3.7/site-packages/airflow/example_dags/example_branch_datetime_operator.py
[2023-05-13T07:43:58.434+0000] {processor.py:809} INFO - DAG(s) dict_keys(['example_branch_datetime_operator_2', 'example_branch_datetime_operator_3', 'example_branch_datetime_operator']) retrieved from /home/airflow/.local/lib/python3.7/site-packages/airflow/example_dags/example_branch_datetime_operator.py
[2023-05-13T07:43:58.471+0000] {logging_mixin.py:149} INFO - [2023-05-13T07:43:58.471+0000] {dag.py:2726} INFO - Sync 3 DAGs
[2023-05-13T07:43:58.496+0000] {logging_mixin.py:149} INFO - [2023-05-13T07:43:58.496+0000] {dag.py:3490} INFO - Setting next_dagrun for example_branch_datetime_operator to 2023-05-12T00:00:00+00:00, run_after=2023-05-13T00:00:00+00:00
[2023-05-13T07:43:58.501+0000] {logging_mixin.py:149} INFO - [2023-05-13T07:43:58.501+0000] {dag.py:3490} INFO - Setting next_dagrun for example_branch_datetime_operator_2 to 2023-05-12T00:00:00+00:00, run_after=2023-05-13T00:00:00+00:00
[2023-05-13T07:43:58.503+0000] {logging_mixin.py:149} INFO - [2023-05-13T07:43:58.503+0000] {dag.py:3490} INFO - Setting next_dagrun for example_branch_datetime_operator_3 to 2023-05-12T00:00:00+00:00, run_after=2023-05-13T00:00:00+00:00
[2023-05-13T07:43:58.519+0000] {processor.py:178} INFO - Processing /home/airflow/.local/lib/python3.7/site-packages/airflow/example_dags/example_branch_datetime_operator.py took 0.105 seconds
[2023-05-13T07:44:28.775+0000] {processor.py:156} INFO - Started process (PID=170) to work on /home/airflow/.local/lib/python3.7/site-packages/airflow/example_dags/example_branch_datetime_operator.py
[2023-05-13T07:44:28.777+0000] {processor.py:799} INFO - Processing file /home/airflow/.local/lib/python3.7/site-packages/airflow/example_dags/example_branch_datetime_operator.py for tasks to queue
[2023-05-13T07:44:28.778+0000] {logging_mixin.py:149} INFO - [2023-05-13T07:44:28.778+0000] {dagbag.py:541} INFO - Filling up the DagBag from /home/airflow/.local/lib/python3.7/site-packages/airflow/example_dags/example_branch_datetime_operator.py
[2023-05-13T07:44:28.787+0000] {processor.py:809} INFO - DAG(s) dict_keys(['example_branch_datetime_operator', 'example_branch_datetime_operator_3', 'example_branch_datetime_operator_2']) retrieved from /home/airflow/.local/lib/python3.7/site-packages/airflow/example_dags/example_branch_datetime_operator.py
[2023-05-13T07:44:28.817+0000] {logging_mixin.py:149} INFO - [2023-05-13T07:44:28.817+0000] {dag.py:2726} INFO - Sync 3 DAGs
[2023-05-13T07:44:28.841+0000] {logging_mixin.py:149} INFO - [2023-05-13T07:44:28.841+0000] {dag.py:3490} INFO - Setting next_dagrun for example_branch_datetime_operator to 2023-05-12T00:00:00+00:00, run_after=2023-05-13T00:00:00+00:00
[2023-05-13T07:44:28.845+0000] {logging_mixin.py:149} INFO - [2023-05-13T07:44:28.845+0000] {dag.py:3490} INFO - Setting next_dagrun for example_branch_datetime_operator_2 to 2023-05-12T00:00:00+00:00, run_after=2023-05-13T00:00:00+00:00
[2023-05-13T07:44:28.847+0000] {logging_mixin.py:149} INFO - [2023-05-13T07:44:28.847+0000] {dag.py:3490} INFO - Setting next_dagrun for example_branch_datetime_operator_3 to 2023-05-12T00:00:00+00:00, run_after=2023-05-13T00:00:00+00:00
[2023-05-13T07:44:28.860+0000] {processor.py:178} INFO - Processing /home/airflow/.local/lib/python3.7/site-packages/airflow/example_dags/example_branch_datetime_operator.py took 0.088 seconds
[2023-05-13T07:44:58.934+0000] {processor.py:156} INFO - Started process (PID=226) to work on /home/airflow/.local/lib/python3.7/site-packages/airflow/example_dags/example_branch_datetime_operator.py
[2023-05-13T07:44:58.936+0000] {processor.py:799} INFO - Processing file /home/airflow/.local/lib/python3.7/site-packages/airflow/example_dags/example_branch_datetime_operator.py for tasks to queue
[2023-05-13T07:44:58.937+0000] {logging_mixin.py:149} INFO - [2023-05-13T07:44:58.937+0000] {dagbag.py:541} INFO - Filling up the DagBag from /home/airflow/.local/lib/python3.7/site-packages/airflow/example_dags/example_branch_datetime_operator.py
[2023-05-13T07:44:58.945+0000] {processor.py:809} INFO - DAG(s) dict_keys(['example_branch_datetime_operator', 'example_branch_datetime_operator_2', 'example_branch_datetime_operator_3']) retrieved from /home/airflow/.local/lib/python3.7/site-packages/airflow/example_dags/example_branch_datetime_operator.py
[2023-05-13T07:44:58.975+0000] {logging_mixin.py:149} INFO - [2023-05-13T07:44:58.975+0000] {dag.py:2726} INFO - Sync 3 DAGs
[2023-05-13T07:44:58.997+0000] {logging_mixin.py:149} INFO - [2023-05-13T07:44:58.997+0000] {dag.py:3490} INFO - Setting next_dagrun for example_branch_datetime_operator to 2023-05-12T00:00:00+00:00, run_after=2023-05-13T00:00:00+00:00
[2023-05-13T07:44:59.001+0000] {logging_mixin.py:149} INFO - [2023-05-13T07:44:59.001+0000] {dag.py:3490} INFO - Setting next_dagrun for example_branch_datetime_operator_2 to 2023-05-12T00:00:00+00:00, run_after=2023-05-13T00:00:00+00:00
[2023-05-13T07:44:59.003+0000] {logging_mixin.py:149} INFO - [2023-05-13T07:44:59.003+0000] {dag.py:3490} INFO - Setting next_dagrun for example_branch_datetime_operator_3 to 2023-05-12T00:00:00+00:00, run_after=2023-05-13T00:00:00+00:00
[2023-05-13T07:44:59.016+0000] {processor.py:178} INFO - Processing /home/airflow/.local/lib/python3.7/site-packages/airflow/example_dags/example_branch_datetime_operator.py took 0.085 seconds
[2023-05-13T07:45:29.100+0000] {processor.py:156} INFO - Started process (PID=282) to work on /home/airflow/.local/lib/python3.7/site-packages/airflow/example_dags/example_branch_datetime_operator.py
[2023-05-13T07:45:29.101+0000] {processor.py:799} INFO - Processing file /home/airflow/.local/lib/python3.7/site-packages/airflow/example_dags/example_branch_datetime_operator.py for tasks to queue
[2023-05-13T07:45:29.103+0000] {logging_mixin.py:149} INFO - [2023-05-13T07:45:29.103+0000] {dagbag.py:541} INFO - Filling up the DagBag from /home/airflow/.local/lib/python3.7/site-packages/airflow/example_dags/example_branch_datetime_operator.py
[2023-05-13T07:45:29.112+0000] {processor.py:809} INFO - DAG(s) dict_keys(['example_branch_datetime_operator', 'example_branch_datetime_operator_2', 'example_branch_datetime_operator_3']) retrieved from /home/airflow/.local/lib/python3.7/site-packages/airflow/example_dags/example_branch_datetime_operator.py
[2023-05-13T07:45:29.142+0000] {logging_mixin.py:149} INFO - [2023-05-13T07:45:29.142+0000] {dag.py:2726} INFO - Sync 3 DAGs
[2023-05-13T07:45:29.164+0000] {logging_mixin.py:149} INFO - [2023-05-13T07:45:29.163+0000] {dag.py:3490} INFO - Setting next_dagrun for example_branch_datetime_operator to 2023-05-12T00:00:00+00:00, run_after=2023-05-13T00:00:00+00:00
[2023-05-13T07:45:29.168+0000] {logging_mixin.py:149} INFO - [2023-05-13T07:45:29.168+0000] {dag.py:3490} INFO - Setting next_dagrun for example_branch_datetime_operator_2 to 2023-05-12T00:00:00+00:00, run_after=2023-05-13T00:00:00+00:00
[2023-05-13T07:45:29.170+0000] {logging_mixin.py:149} INFO - [2023-05-13T07:45:29.170+0000] {dag.py:3490} INFO - Setting next_dagrun for example_branch_datetime_operator_3 to 2023-05-12T00:00:00+00:00, run_after=2023-05-13T00:00:00+00:00
[2023-05-13T07:45:29.186+0000] {processor.py:178} INFO - Processing /home/airflow/.local/lib/python3.7/site-packages/airflow/example_dags/example_branch_datetime_operator.py took 0.090 seconds
[2023-05-13T07:45:59.254+0000] {processor.py:156} INFO - Started process (PID=338) to work on /home/airflow/.local/lib/python3.7/site-packages/airflow/example_dags/example_branch_datetime_operator.py
[2023-05-13T07:45:59.255+0000] {processor.py:799} INFO - Processing file /home/airflow/.local/lib/python3.7/site-packages/airflow/example_dags/example_branch_datetime_operator.py for tasks to queue
[2023-05-13T07:45:59.256+0000] {logging_mixin.py:149} INFO - [2023-05-13T07:45:59.256+0000] {dagbag.py:541} INFO - Filling up the DagBag from /home/airflow/.local/lib/python3.7/site-packages/airflow/example_dags/example_branch_datetime_operator.py
[2023-05-13T07:45:59.265+0000] {processor.py:809} INFO - DAG(s) dict_keys(['example_branch_datetime_operator_2', 'example_branch_datetime_operator', 'example_branch_datetime_operator_3']) retrieved from /home/airflow/.local/lib/python3.7/site-packages/airflow/example_dags/example_branch_datetime_operator.py
[2023-05-13T07:45:59.295+0000] {logging_mixin.py:149} INFO - [2023-05-13T07:45:59.294+0000] {dag.py:2726} INFO - Sync 3 DAGs
[2023-05-13T07:45:59.317+0000] {logging_mixin.py:149} INFO - [2023-05-13T07:45:59.316+0000] {dag.py:3490} INFO - Setting next_dagrun for example_branch_datetime_operator to 2023-05-12T00:00:00+00:00, run_after=2023-05-13T00:00:00+00:00
[2023-05-13T07:45:59.320+0000] {logging_mixin.py:149} INFO - [2023-05-13T07:45:59.320+0000] {dag.py:3490} INFO - Setting next_dagrun for example_branch_datetime_operator_2 to 2023-05-12T00:00:00+00:00, run_after=2023-05-13T00:00:00+00:00
[2023-05-13T07:45:59.323+0000] {logging_mixin.py:149} INFO - [2023-05-13T07:45:59.322+0000] {dag.py:3490} INFO - Setting next_dagrun for example_branch_datetime_operator_3 to 2023-05-12T00:00:00+00:00, run_after=2023-05-13T00:00:00+00:00
[2023-05-13T07:45:59.335+0000] {processor.py:178} INFO - Processing /home/airflow/.local/lib/python3.7/site-packages/airflow/example_dags/example_branch_datetime_operator.py took 0.085 seconds
[2023-05-13T07:46:30.253+0000] {processor.py:156} INFO - Started process (PID=394) to work on /home/airflow/.local/lib/python3.7/site-packages/airflow/example_dags/example_branch_datetime_operator.py
[2023-05-13T07:46:30.255+0000] {processor.py:799} INFO - Processing file /home/airflow/.local/lib/python3.7/site-packages/airflow/example_dags/example_branch_datetime_operator.py for tasks to queue
[2023-05-13T07:46:30.256+0000] {logging_mixin.py:149} INFO - [2023-05-13T07:46:30.256+0000] {dagbag.py:541} INFO - Filling up the DagBag from /home/airflow/.local/lib/python3.7/site-packages/airflow/example_dags/example_branch_datetime_operator.py
[2023-05-13T07:46:30.267+0000] {processor.py:809} INFO - DAG(s) dict_keys(['example_branch_datetime_operator_3', 'example_branch_datetime_operator', 'example_branch_datetime_operator_2']) retrieved from /home/airflow/.local/lib/python3.7/site-packages/airflow/example_dags/example_branch_datetime_operator.py
[2023-05-13T07:46:30.297+0000] {logging_mixin.py:149} INFO - [2023-05-13T07:46:30.297+0000] {dag.py:2726} INFO - Sync 3 DAGs
[2023-05-13T07:46:30.322+0000] {logging_mixin.py:149} INFO - [2023-05-13T07:46:30.322+0000] {dag.py:3490} INFO - Setting next_dagrun for example_branch_datetime_operator to 2023-05-12T00:00:00+00:00, run_after=2023-05-13T00:00:00+00:00
[2023-05-13T07:46:30.326+0000] {logging_mixin.py:149} INFO - [2023-05-13T07:46:30.326+0000] {dag.py:3490} INFO - Setting next_dagrun for example_branch_datetime_operator_2 to 2023-05-12T00:00:00+00:00, run_after=2023-05-13T00:00:00+00:00
[2023-05-13T07:46:30.329+0000] {logging_mixin.py:149} INFO - [2023-05-13T07:46:30.329+0000] {dag.py:3490} INFO - Setting next_dagrun for example_branch_datetime_operator_3 to 2023-05-12T00:00:00+00:00, run_after=2023-05-13T00:00:00+00:00
[2023-05-13T07:46:30.342+0000] {processor.py:178} INFO - Processing /home/airflow/.local/lib/python3.7/site-packages/airflow/example_dags/example_branch_datetime_operator.py took 0.093 seconds
[2023-05-13T07:47:00.553+0000] {processor.py:156} INFO - Started process (PID=449) to work on /home/airflow/.local/lib/python3.7/site-packages/airflow/example_dags/example_branch_datetime_operator.py
[2023-05-13T07:47:00.555+0000] {processor.py:799} INFO - Processing file /home/airflow/.local/lib/python3.7/site-packages/airflow/example_dags/example_branch_datetime_operator.py for tasks to queue
[2023-05-13T07:47:00.556+0000] {logging_mixin.py:149} INFO - [2023-05-13T07:47:00.556+0000] {dagbag.py:541} INFO - Filling up the DagBag from /home/airflow/.local/lib/python3.7/site-packages/airflow/example_dags/example_branch_datetime_operator.py
[2023-05-13T07:47:00.564+0000] {processor.py:809} INFO - DAG(s) dict_keys(['example_branch_datetime_operator', 'example_branch_datetime_operator_2', 'example_branch_datetime_operator_3']) retrieved from /home/airflow/.local/lib/python3.7/site-packages/airflow/example_dags/example_branch_datetime_operator.py
[2023-05-13T07:47:00.595+0000] {logging_mixin.py:149} INFO - [2023-05-13T07:47:00.595+0000] {dag.py:2726} INFO - Sync 3 DAGs
[2023-05-13T07:47:00.617+0000] {logging_mixin.py:149} INFO - [2023-05-13T07:47:00.617+0000] {dag.py:3490} INFO - Setting next_dagrun for example_branch_datetime_operator to 2023-05-12T00:00:00+00:00, run_after=2023-05-13T00:00:00+00:00
[2023-05-13T07:47:00.622+0000] {logging_mixin.py:149} INFO - [2023-05-13T07:47:00.622+0000] {dag.py:3490} INFO - Setting next_dagrun for example_branch_datetime_operator_2 to 2023-05-12T00:00:00+00:00, run_after=2023-05-13T00:00:00+00:00
[2023-05-13T07:47:00.625+0000] {logging_mixin.py:149} INFO - [2023-05-13T07:47:00.624+0000] {dag.py:3490} INFO - Setting next_dagrun for example_branch_datetime_operator_3 to 2023-05-12T00:00:00+00:00, run_after=2023-05-13T00:00:00+00:00
[2023-05-13T07:47:00.642+0000] {processor.py:178} INFO - Processing /home/airflow/.local/lib/python3.7/site-packages/airflow/example_dags/example_branch_datetime_operator.py took 0.092 seconds
[2023-05-13T07:47:30.795+0000] {processor.py:156} INFO - Started process (PID=505) to work on /home/airflow/.local/lib/python3.7/site-packages/airflow/example_dags/example_branch_datetime_operator.py
[2023-05-13T07:47:30.796+0000] {processor.py:799} INFO - Processing file /home/airflow/.local/lib/python3.7/site-packages/airflow/example_dags/example_branch_datetime_operator.py for tasks to queue
[2023-05-13T07:47:30.797+0000] {logging_mixin.py:149} INFO - [2023-05-13T07:47:30.797+0000] {dagbag.py:541} INFO - Filling up the DagBag from /home/airflow/.local/lib/python3.7/site-packages/airflow/example_dags/example_branch_datetime_operator.py
[2023-05-13T07:47:30.808+0000] {processor.py:809} INFO - DAG(s) dict_keys(['example_branch_datetime_operator_2', 'example_branch_datetime_operator_3', 'example_branch_datetime_operator']) retrieved from /home/airflow/.local/lib/python3.7/site-packages/airflow/example_dags/example_branch_datetime_operator.py
[2023-05-13T07:47:30.841+0000] {logging_mixin.py:149} INFO - [2023-05-13T07:47:30.841+0000] {dag.py:2726} INFO - Sync 3 DAGs
[2023-05-13T07:47:30.864+0000] {logging_mixin.py:149} INFO - [2023-05-13T07:47:30.864+0000] {dag.py:3490} INFO - Setting next_dagrun for example_branch_datetime_operator to 2023-05-12T00:00:00+00:00, run_after=2023-05-13T00:00:00+00:00
[2023-05-13T07:47:30.868+0000] {logging_mixin.py:149} INFO - [2023-05-13T07:47:30.868+0000] {dag.py:3490} INFO - Setting next_dagrun for example_branch_datetime_operator_2 to 2023-05-12T00:00:00+00:00, run_after=2023-05-13T00:00:00+00:00
[2023-05-13T07:47:30.871+0000] {logging_mixin.py:149} INFO - [2023-05-13T07:47:30.871+0000] {dag.py:3490} INFO - Setting next_dagrun for example_branch_datetime_operator_3 to 2023-05-12T00:00:00+00:00, run_after=2023-05-13T00:00:00+00:00
[2023-05-13T07:47:30.883+0000] {processor.py:178} INFO - Processing /home/airflow/.local/lib/python3.7/site-packages/airflow/example_dags/example_branch_datetime_operator.py took 0.092 seconds
[2023-05-13T07:48:01.010+0000] {processor.py:156} INFO - Started process (PID=561) to work on /home/airflow/.local/lib/python3.7/site-packages/airflow/example_dags/example_branch_datetime_operator.py
[2023-05-13T07:48:01.011+0000] {processor.py:799} INFO - Processing file /home/airflow/.local/lib/python3.7/site-packages/airflow/example_dags/example_branch_datetime_operator.py for tasks to queue
[2023-05-13T07:48:01.012+0000] {logging_mixin.py:149} INFO - [2023-05-13T07:48:01.012+0000] {dagbag.py:541} INFO - Filling up the DagBag from /home/airflow/.local/lib/python3.7/site-packages/airflow/example_dags/example_branch_datetime_operator.py
[2023-05-13T07:48:01.023+0000] {processor.py:809} INFO - DAG(s) dict_keys(['example_branch_datetime_operator_3', 'example_branch_datetime_operator_2', 'example_branch_datetime_operator']) retrieved from /home/airflow/.local/lib/python3.7/site-packages/airflow/example_dags/example_branch_datetime_operator.py
[2023-05-13T07:48:01.055+0000] {logging_mixin.py:149} INFO - [2023-05-13T07:48:01.054+0000] {dag.py:2726} INFO - Sync 3 DAGs
[2023-05-13T07:48:01.078+0000] {logging_mixin.py:149} INFO - [2023-05-13T07:48:01.078+0000] {dag.py:3490} INFO - Setting next_dagrun for example_branch_datetime_operator to 2023-05-12T00:00:00+00:00, run_after=2023-05-13T00:00:00+00:00
[2023-05-13T07:48:01.082+0000] {logging_mixin.py:149} INFO - [2023-05-13T07:48:01.082+0000] {dag.py:3490} INFO - Setting next_dagrun for example_branch_datetime_operator_2 to 2023-05-12T00:00:00+00:00, run_after=2023-05-13T00:00:00+00:00
[2023-05-13T07:48:01.084+0000] {logging_mixin.py:149} INFO - [2023-05-13T07:48:01.084+0000] {dag.py:3490} INFO - Setting next_dagrun for example_branch_datetime_operator_3 to 2023-05-12T00:00:00+00:00, run_after=2023-05-13T00:00:00+00:00
[2023-05-13T07:48:01.097+0000] {processor.py:178} INFO - Processing /home/airflow/.local/lib/python3.7/site-packages/airflow/example_dags/example_branch_datetime_operator.py took 0.093 seconds
