[2023-05-13T07:43:25.631+0000] {processor.py:156} INFO - Started process (PID=46) to work on /home/airflow/.local/lib/python3.7/site-packages/airflow/example_dags/example_skip_dag.py
[2023-05-13T07:43:25.635+0000] {processor.py:799} INFO - Processing file /home/airflow/.local/lib/python3.7/site-packages/airflow/example_dags/example_skip_dag.py for tasks to queue
[2023-05-13T07:43:25.638+0000] {logging_mixin.py:149} INFO - [2023-05-13T07:43:25.637+0000] {dagbag.py:541} INFO - Filling up the DagBag from /home/airflow/.local/lib/python3.7/site-packages/airflow/example_dags/example_skip_dag.py
[2023-05-13T07:43:25.665+0000] {processor.py:809} INFO - DAG(s) dict_keys(['example_skip_dag']) retrieved from /home/airflow/.local/lib/python3.7/site-packages/airflow/example_dags/example_skip_dag.py
[2023-05-13T07:43:25.719+0000] {logging_mixin.py:149} INFO - [2023-05-13T07:43:25.719+0000] {dag.py:2726} INFO - Sync 1 DAGs
[2023-05-13T07:43:25.796+0000] {logging_mixin.py:149} INFO - [2023-05-13T07:43:25.795+0000] {dag.py:3490} INFO - Setting next_dagrun for example_skip_dag to 2023-05-12T07:43:25.795203+00:00, run_after=2023-05-13T07:43:25.795203+00:00
[2023-05-13T07:43:25.827+0000] {processor.py:178} INFO - Processing /home/airflow/.local/lib/python3.7/site-packages/airflow/example_dags/example_skip_dag.py took 0.206 seconds
[2023-05-13T07:43:56.756+0000] {processor.py:156} INFO - Started process (PID=102) to work on /home/airflow/.local/lib/python3.7/site-packages/airflow/example_dags/example_skip_dag.py
[2023-05-13T07:43:56.758+0000] {processor.py:799} INFO - Processing file /home/airflow/.local/lib/python3.7/site-packages/airflow/example_dags/example_skip_dag.py for tasks to queue
[2023-05-13T07:43:56.759+0000] {logging_mixin.py:149} INFO - [2023-05-13T07:43:56.758+0000] {dagbag.py:541} INFO - Filling up the DagBag from /home/airflow/.local/lib/python3.7/site-packages/airflow/example_dags/example_skip_dag.py
[2023-05-13T07:43:56.767+0000] {processor.py:809} INFO - DAG(s) dict_keys(['example_skip_dag']) retrieved from /home/airflow/.local/lib/python3.7/site-packages/airflow/example_dags/example_skip_dag.py
[2023-05-13T07:43:56.798+0000] {logging_mixin.py:149} INFO - [2023-05-13T07:43:56.798+0000] {dag.py:2726} INFO - Sync 1 DAGs
[2023-05-13T07:43:56.822+0000] {logging_mixin.py:149} INFO - [2023-05-13T07:43:56.822+0000] {dag.py:3490} INFO - Setting next_dagrun for example_skip_dag to 2023-05-12T07:43:56.821966+00:00, run_after=2023-05-13T07:43:56.821966+00:00
[2023-05-13T07:43:56.838+0000] {processor.py:178} INFO - Processing /home/airflow/.local/lib/python3.7/site-packages/airflow/example_dags/example_skip_dag.py took 0.085 seconds
[2023-05-13T07:44:26.979+0000] {processor.py:156} INFO - Started process (PID=158) to work on /home/airflow/.local/lib/python3.7/site-packages/airflow/example_dags/example_skip_dag.py
[2023-05-13T07:44:26.980+0000] {processor.py:799} INFO - Processing file /home/airflow/.local/lib/python3.7/site-packages/airflow/example_dags/example_skip_dag.py for tasks to queue
[2023-05-13T07:44:26.982+0000] {logging_mixin.py:149} INFO - [2023-05-13T07:44:26.981+0000] {dagbag.py:541} INFO - Filling up the DagBag from /home/airflow/.local/lib/python3.7/site-packages/airflow/example_dags/example_skip_dag.py
[2023-05-13T07:44:26.989+0000] {processor.py:809} INFO - DAG(s) dict_keys(['example_skip_dag']) retrieved from /home/airflow/.local/lib/python3.7/site-packages/airflow/example_dags/example_skip_dag.py
[2023-05-13T07:44:27.015+0000] {logging_mixin.py:149} INFO - [2023-05-13T07:44:27.015+0000] {dag.py:2726} INFO - Sync 1 DAGs
[2023-05-13T07:44:27.036+0000] {logging_mixin.py:149} INFO - [2023-05-13T07:44:27.036+0000] {dag.py:3490} INFO - Setting next_dagrun for example_skip_dag to 2023-05-12T07:44:27.036616+00:00, run_after=2023-05-13T07:44:27.036616+00:00
[2023-05-13T07:44:27.051+0000] {processor.py:178} INFO - Processing /home/airflow/.local/lib/python3.7/site-packages/airflow/example_dags/example_skip_dag.py took 0.076 seconds
[2023-05-13T07:44:57.110+0000] {processor.py:156} INFO - Started process (PID=214) to work on /home/airflow/.local/lib/python3.7/site-packages/airflow/example_dags/example_skip_dag.py
[2023-05-13T07:44:57.112+0000] {processor.py:799} INFO - Processing file /home/airflow/.local/lib/python3.7/site-packages/airflow/example_dags/example_skip_dag.py for tasks to queue
[2023-05-13T07:44:57.113+0000] {logging_mixin.py:149} INFO - [2023-05-13T07:44:57.113+0000] {dagbag.py:541} INFO - Filling up the DagBag from /home/airflow/.local/lib/python3.7/site-packages/airflow/example_dags/example_skip_dag.py
[2023-05-13T07:44:57.121+0000] {processor.py:809} INFO - DAG(s) dict_keys(['example_skip_dag']) retrieved from /home/airflow/.local/lib/python3.7/site-packages/airflow/example_dags/example_skip_dag.py
[2023-05-13T07:44:57.147+0000] {logging_mixin.py:149} INFO - [2023-05-13T07:44:57.147+0000] {dag.py:2726} INFO - Sync 1 DAGs
[2023-05-13T07:44:57.168+0000] {logging_mixin.py:149} INFO - [2023-05-13T07:44:57.168+0000] {dag.py:3490} INFO - Setting next_dagrun for example_skip_dag to 2023-05-12T07:44:57.168523+00:00, run_after=2023-05-13T07:44:57.168523+00:00
[2023-05-13T07:44:57.184+0000] {processor.py:178} INFO - Processing /home/airflow/.local/lib/python3.7/site-packages/airflow/example_dags/example_skip_dag.py took 0.077 seconds
[2023-05-13T07:45:27.399+0000] {processor.py:156} INFO - Started process (PID=270) to work on /home/airflow/.local/lib/python3.7/site-packages/airflow/example_dags/example_skip_dag.py
[2023-05-13T07:45:27.401+0000] {processor.py:799} INFO - Processing file /home/airflow/.local/lib/python3.7/site-packages/airflow/example_dags/example_skip_dag.py for tasks to queue
[2023-05-13T07:45:27.402+0000] {logging_mixin.py:149} INFO - [2023-05-13T07:45:27.402+0000] {dagbag.py:541} INFO - Filling up the DagBag from /home/airflow/.local/lib/python3.7/site-packages/airflow/example_dags/example_skip_dag.py
[2023-05-13T07:45:27.409+0000] {processor.py:809} INFO - DAG(s) dict_keys(['example_skip_dag']) retrieved from /home/airflow/.local/lib/python3.7/site-packages/airflow/example_dags/example_skip_dag.py
[2023-05-13T07:45:27.434+0000] {logging_mixin.py:149} INFO - [2023-05-13T07:45:27.434+0000] {dag.py:2726} INFO - Sync 1 DAGs
[2023-05-13T07:45:27.456+0000] {logging_mixin.py:149} INFO - [2023-05-13T07:45:27.456+0000] {dag.py:3490} INFO - Setting next_dagrun for example_skip_dag to 2023-05-12T07:45:27.456204+00:00, run_after=2023-05-13T07:45:27.456204+00:00
[2023-05-13T07:45:27.470+0000] {processor.py:178} INFO - Processing /home/airflow/.local/lib/python3.7/site-packages/airflow/example_dags/example_skip_dag.py took 0.075 seconds
[2023-05-13T07:45:57.526+0000] {processor.py:156} INFO - Started process (PID=326) to work on /home/airflow/.local/lib/python3.7/site-packages/airflow/example_dags/example_skip_dag.py
[2023-05-13T07:45:57.527+0000] {processor.py:799} INFO - Processing file /home/airflow/.local/lib/python3.7/site-packages/airflow/example_dags/example_skip_dag.py for tasks to queue
[2023-05-13T07:45:57.528+0000] {logging_mixin.py:149} INFO - [2023-05-13T07:45:57.528+0000] {dagbag.py:541} INFO - Filling up the DagBag from /home/airflow/.local/lib/python3.7/site-packages/airflow/example_dags/example_skip_dag.py
[2023-05-13T07:45:57.536+0000] {processor.py:809} INFO - DAG(s) dict_keys(['example_skip_dag']) retrieved from /home/airflow/.local/lib/python3.7/site-packages/airflow/example_dags/example_skip_dag.py
[2023-05-13T07:45:57.562+0000] {logging_mixin.py:149} INFO - [2023-05-13T07:45:57.562+0000] {dag.py:2726} INFO - Sync 1 DAGs
[2023-05-13T07:45:57.584+0000] {logging_mixin.py:149} INFO - [2023-05-13T07:45:57.584+0000] {dag.py:3490} INFO - Setting next_dagrun for example_skip_dag to 2023-05-12T07:45:57.584214+00:00, run_after=2023-05-13T07:45:57.584214+00:00
[2023-05-13T07:45:57.600+0000] {processor.py:178} INFO - Processing /home/airflow/.local/lib/python3.7/site-packages/airflow/example_dags/example_skip_dag.py took 0.078 seconds
[2023-05-13T07:46:27.701+0000] {processor.py:156} INFO - Started process (PID=382) to work on /home/airflow/.local/lib/python3.7/site-packages/airflow/example_dags/example_skip_dag.py
[2023-05-13T07:46:27.702+0000] {processor.py:799} INFO - Processing file /home/airflow/.local/lib/python3.7/site-packages/airflow/example_dags/example_skip_dag.py for tasks to queue
[2023-05-13T07:46:27.703+0000] {logging_mixin.py:149} INFO - [2023-05-13T07:46:27.703+0000] {dagbag.py:541} INFO - Filling up the DagBag from /home/airflow/.local/lib/python3.7/site-packages/airflow/example_dags/example_skip_dag.py
[2023-05-13T07:46:27.710+0000] {processor.py:809} INFO - DAG(s) dict_keys(['example_skip_dag']) retrieved from /home/airflow/.local/lib/python3.7/site-packages/airflow/example_dags/example_skip_dag.py
[2023-05-13T07:46:27.736+0000] {logging_mixin.py:149} INFO - [2023-05-13T07:46:27.736+0000] {dag.py:2726} INFO - Sync 1 DAGs
[2023-05-13T07:46:27.760+0000] {logging_mixin.py:149} INFO - [2023-05-13T07:46:27.759+0000] {dag.py:3490} INFO - Setting next_dagrun for example_skip_dag to 2023-05-12T07:46:27.759677+00:00, run_after=2023-05-13T07:46:27.759677+00:00
[2023-05-13T07:46:27.774+0000] {processor.py:178} INFO - Processing /home/airflow/.local/lib/python3.7/site-packages/airflow/example_dags/example_skip_dag.py took 0.077 seconds
[2023-05-13T07:46:57.920+0000] {processor.py:156} INFO - Started process (PID=437) to work on /home/airflow/.local/lib/python3.7/site-packages/airflow/example_dags/example_skip_dag.py
[2023-05-13T07:46:57.922+0000] {processor.py:799} INFO - Processing file /home/airflow/.local/lib/python3.7/site-packages/airflow/example_dags/example_skip_dag.py for tasks to queue
[2023-05-13T07:46:57.923+0000] {logging_mixin.py:149} INFO - [2023-05-13T07:46:57.923+0000] {dagbag.py:541} INFO - Filling up the DagBag from /home/airflow/.local/lib/python3.7/site-packages/airflow/example_dags/example_skip_dag.py
[2023-05-13T07:46:57.931+0000] {processor.py:809} INFO - DAG(s) dict_keys(['example_skip_dag']) retrieved from /home/airflow/.local/lib/python3.7/site-packages/airflow/example_dags/example_skip_dag.py
[2023-05-13T07:46:57.960+0000] {logging_mixin.py:149} INFO - [2023-05-13T07:46:57.960+0000] {dag.py:2726} INFO - Sync 1 DAGs
[2023-05-13T07:46:57.983+0000] {logging_mixin.py:149} INFO - [2023-05-13T07:46:57.983+0000] {dag.py:3490} INFO - Setting next_dagrun for example_skip_dag to 2023-05-12T07:46:57.983359+00:00, run_after=2023-05-13T07:46:57.983359+00:00
[2023-05-13T07:46:57.999+0000] {processor.py:178} INFO - Processing /home/airflow/.local/lib/python3.7/site-packages/airflow/example_dags/example_skip_dag.py took 0.082 seconds
[2023-05-13T07:47:28.089+0000] {processor.py:156} INFO - Started process (PID=493) to work on /home/airflow/.local/lib/python3.7/site-packages/airflow/example_dags/example_skip_dag.py
[2023-05-13T07:47:28.091+0000] {processor.py:799} INFO - Processing file /home/airflow/.local/lib/python3.7/site-packages/airflow/example_dags/example_skip_dag.py for tasks to queue
[2023-05-13T07:47:28.092+0000] {logging_mixin.py:149} INFO - [2023-05-13T07:47:28.092+0000] {dagbag.py:541} INFO - Filling up the DagBag from /home/airflow/.local/lib/python3.7/site-packages/airflow/example_dags/example_skip_dag.py
[2023-05-13T07:47:28.103+0000] {processor.py:809} INFO - DAG(s) dict_keys(['example_skip_dag']) retrieved from /home/airflow/.local/lib/python3.7/site-packages/airflow/example_dags/example_skip_dag.py
[2023-05-13T07:47:28.140+0000] {logging_mixin.py:149} INFO - [2023-05-13T07:47:28.139+0000] {dag.py:2726} INFO - Sync 1 DAGs
[2023-05-13T07:47:28.165+0000] {logging_mixin.py:149} INFO - [2023-05-13T07:47:28.165+0000] {dag.py:3490} INFO - Setting next_dagrun for example_skip_dag to 2023-05-12T07:47:28.165084+00:00, run_after=2023-05-13T07:47:28.165084+00:00
[2023-05-13T07:47:28.184+0000] {processor.py:178} INFO - Processing /home/airflow/.local/lib/python3.7/site-packages/airflow/example_dags/example_skip_dag.py took 0.100 seconds
[2023-05-13T07:47:58.247+0000] {processor.py:156} INFO - Started process (PID=549) to work on /home/airflow/.local/lib/python3.7/site-packages/airflow/example_dags/example_skip_dag.py
[2023-05-13T07:47:58.249+0000] {processor.py:799} INFO - Processing file /home/airflow/.local/lib/python3.7/site-packages/airflow/example_dags/example_skip_dag.py for tasks to queue
[2023-05-13T07:47:58.250+0000] {logging_mixin.py:149} INFO - [2023-05-13T07:47:58.250+0000] {dagbag.py:541} INFO - Filling up the DagBag from /home/airflow/.local/lib/python3.7/site-packages/airflow/example_dags/example_skip_dag.py
[2023-05-13T07:47:58.257+0000] {processor.py:809} INFO - DAG(s) dict_keys(['example_skip_dag']) retrieved from /home/airflow/.local/lib/python3.7/site-packages/airflow/example_dags/example_skip_dag.py
[2023-05-13T07:47:58.283+0000] {logging_mixin.py:149} INFO - [2023-05-13T07:47:58.283+0000] {dag.py:2726} INFO - Sync 1 DAGs
[2023-05-13T07:47:58.305+0000] {logging_mixin.py:149} INFO - [2023-05-13T07:47:58.305+0000] {dag.py:3490} INFO - Setting next_dagrun for example_skip_dag to 2023-05-12T07:47:58.305398+00:00, run_after=2023-05-13T07:47:58.305398+00:00
[2023-05-13T07:47:58.319+0000] {processor.py:178} INFO - Processing /home/airflow/.local/lib/python3.7/site-packages/airflow/example_dags/example_skip_dag.py took 0.075 seconds
