[2023-05-13T07:43:26.628+0000] {processor.py:156} INFO - Started process (PID=53) to work on /home/airflow/.local/lib/python3.7/site-packages/airflow/example_dags/example_latest_only.py
[2023-05-13T07:43:26.630+0000] {processor.py:799} INFO - Processing file /home/airflow/.local/lib/python3.7/site-packages/airflow/example_dags/example_latest_only.py for tasks to queue
[2023-05-13T07:43:26.631+0000] {logging_mixin.py:149} INFO - [2023-05-13T07:43:26.631+0000] {dagbag.py:541} INFO - Filling up the DagBag from /home/airflow/.local/lib/python3.7/site-packages/airflow/example_dags/example_latest_only.py
[2023-05-13T07:43:26.649+0000] {processor.py:809} INFO - DAG(s) dict_keys(['latest_only']) retrieved from /home/airflow/.local/lib/python3.7/site-packages/airflow/example_dags/example_latest_only.py
[2023-05-13T07:43:26.688+0000] {logging_mixin.py:149} INFO - [2023-05-13T07:43:26.688+0000] {dag.py:2726} INFO - Sync 1 DAGs
[2023-05-13T07:43:26.757+0000] {logging_mixin.py:149} INFO - [2023-05-13T07:43:26.756+0000] {dag.py:3490} INFO - Setting next_dagrun for latest_only to 2023-05-13T03:43:26.755604+00:00, run_after=2023-05-13T07:43:26.755604+00:00
[2023-05-13T07:43:26.800+0000] {processor.py:178} INFO - Processing /home/airflow/.local/lib/python3.7/site-packages/airflow/example_dags/example_latest_only.py took 0.178 seconds
[2023-05-13T07:43:57.182+0000] {processor.py:156} INFO - Started process (PID=109) to work on /home/airflow/.local/lib/python3.7/site-packages/airflow/example_dags/example_latest_only.py
[2023-05-13T07:43:57.183+0000] {processor.py:799} INFO - Processing file /home/airflow/.local/lib/python3.7/site-packages/airflow/example_dags/example_latest_only.py for tasks to queue
[2023-05-13T07:43:57.184+0000] {logging_mixin.py:149} INFO - [2023-05-13T07:43:57.184+0000] {dagbag.py:541} INFO - Filling up the DagBag from /home/airflow/.local/lib/python3.7/site-packages/airflow/example_dags/example_latest_only.py
[2023-05-13T07:43:57.190+0000] {processor.py:809} INFO - DAG(s) dict_keys(['latest_only']) retrieved from /home/airflow/.local/lib/python3.7/site-packages/airflow/example_dags/example_latest_only.py
[2023-05-13T07:43:57.216+0000] {logging_mixin.py:149} INFO - [2023-05-13T07:43:57.215+0000] {dag.py:2726} INFO - Sync 1 DAGs
[2023-05-13T07:43:57.238+0000] {logging_mixin.py:149} INFO - [2023-05-13T07:43:57.238+0000] {dag.py:3490} INFO - Setting next_dagrun for latest_only to 2023-05-13T03:43:57.237847+00:00, run_after=2023-05-13T07:43:57.237847+00:00
[2023-05-13T07:43:57.252+0000] {processor.py:178} INFO - Processing /home/airflow/.local/lib/python3.7/site-packages/airflow/example_dags/example_latest_only.py took 0.074 seconds
[2023-05-13T07:44:27.551+0000] {processor.py:156} INFO - Started process (PID=165) to work on /home/airflow/.local/lib/python3.7/site-packages/airflow/example_dags/example_latest_only.py
[2023-05-13T07:44:27.552+0000] {processor.py:799} INFO - Processing file /home/airflow/.local/lib/python3.7/site-packages/airflow/example_dags/example_latest_only.py for tasks to queue
[2023-05-13T07:44:27.553+0000] {logging_mixin.py:149} INFO - [2023-05-13T07:44:27.553+0000] {dagbag.py:541} INFO - Filling up the DagBag from /home/airflow/.local/lib/python3.7/site-packages/airflow/example_dags/example_latest_only.py
[2023-05-13T07:44:27.559+0000] {processor.py:809} INFO - DAG(s) dict_keys(['latest_only']) retrieved from /home/airflow/.local/lib/python3.7/site-packages/airflow/example_dags/example_latest_only.py
[2023-05-13T07:44:27.584+0000] {logging_mixin.py:149} INFO - [2023-05-13T07:44:27.584+0000] {dag.py:2726} INFO - Sync 1 DAGs
[2023-05-13T07:44:27.605+0000] {logging_mixin.py:149} INFO - [2023-05-13T07:44:27.605+0000] {dag.py:3490} INFO - Setting next_dagrun for latest_only to 2023-05-13T03:44:27.605161+00:00, run_after=2023-05-13T07:44:27.605161+00:00
[2023-05-13T07:44:27.620+0000] {processor.py:178} INFO - Processing /home/airflow/.local/lib/python3.7/site-packages/airflow/example_dags/example_latest_only.py took 0.072 seconds
[2023-05-13T07:44:57.700+0000] {processor.py:156} INFO - Started process (PID=221) to work on /home/airflow/.local/lib/python3.7/site-packages/airflow/example_dags/example_latest_only.py
[2023-05-13T07:44:57.701+0000] {processor.py:799} INFO - Processing file /home/airflow/.local/lib/python3.7/site-packages/airflow/example_dags/example_latest_only.py for tasks to queue
[2023-05-13T07:44:57.702+0000] {logging_mixin.py:149} INFO - [2023-05-13T07:44:57.702+0000] {dagbag.py:541} INFO - Filling up the DagBag from /home/airflow/.local/lib/python3.7/site-packages/airflow/example_dags/example_latest_only.py
[2023-05-13T07:44:57.708+0000] {processor.py:809} INFO - DAG(s) dict_keys(['latest_only']) retrieved from /home/airflow/.local/lib/python3.7/site-packages/airflow/example_dags/example_latest_only.py
[2023-05-13T07:44:57.733+0000] {logging_mixin.py:149} INFO - [2023-05-13T07:44:57.733+0000] {dag.py:2726} INFO - Sync 1 DAGs
[2023-05-13T07:44:57.754+0000] {logging_mixin.py:149} INFO - [2023-05-13T07:44:57.754+0000] {dag.py:3490} INFO - Setting next_dagrun for latest_only to 2023-05-13T03:44:57.754204+00:00, run_after=2023-05-13T07:44:57.754204+00:00
[2023-05-13T07:44:57.769+0000] {processor.py:178} INFO - Processing /home/airflow/.local/lib/python3.7/site-packages/airflow/example_dags/example_latest_only.py took 0.073 seconds
[2023-05-13T07:45:27.866+0000] {processor.py:156} INFO - Started process (PID=277) to work on /home/airflow/.local/lib/python3.7/site-packages/airflow/example_dags/example_latest_only.py
[2023-05-13T07:45:27.867+0000] {processor.py:799} INFO - Processing file /home/airflow/.local/lib/python3.7/site-packages/airflow/example_dags/example_latest_only.py for tasks to queue
[2023-05-13T07:45:27.868+0000] {logging_mixin.py:149} INFO - [2023-05-13T07:45:27.868+0000] {dagbag.py:541} INFO - Filling up the DagBag from /home/airflow/.local/lib/python3.7/site-packages/airflow/example_dags/example_latest_only.py
[2023-05-13T07:45:27.874+0000] {processor.py:809} INFO - DAG(s) dict_keys(['latest_only']) retrieved from /home/airflow/.local/lib/python3.7/site-packages/airflow/example_dags/example_latest_only.py
[2023-05-13T07:45:27.899+0000] {logging_mixin.py:149} INFO - [2023-05-13T07:45:27.899+0000] {dag.py:2726} INFO - Sync 1 DAGs
[2023-05-13T07:45:27.920+0000] {logging_mixin.py:149} INFO - [2023-05-13T07:45:27.919+0000] {dag.py:3490} INFO - Setting next_dagrun for latest_only to 2023-05-13T03:45:27.919667+00:00, run_after=2023-05-13T07:45:27.919667+00:00
[2023-05-13T07:45:27.934+0000] {processor.py:178} INFO - Processing /home/airflow/.local/lib/python3.7/site-packages/airflow/example_dags/example_latest_only.py took 0.072 seconds
[2023-05-13T07:45:58.018+0000] {processor.py:156} INFO - Started process (PID=333) to work on /home/airflow/.local/lib/python3.7/site-packages/airflow/example_dags/example_latest_only.py
[2023-05-13T07:45:58.020+0000] {processor.py:799} INFO - Processing file /home/airflow/.local/lib/python3.7/site-packages/airflow/example_dags/example_latest_only.py for tasks to queue
[2023-05-13T07:45:58.021+0000] {logging_mixin.py:149} INFO - [2023-05-13T07:45:58.021+0000] {dagbag.py:541} INFO - Filling up the DagBag from /home/airflow/.local/lib/python3.7/site-packages/airflow/example_dags/example_latest_only.py
[2023-05-13T07:45:58.027+0000] {processor.py:809} INFO - DAG(s) dict_keys(['latest_only']) retrieved from /home/airflow/.local/lib/python3.7/site-packages/airflow/example_dags/example_latest_only.py
[2023-05-13T07:45:58.053+0000] {logging_mixin.py:149} INFO - [2023-05-13T07:45:58.053+0000] {dag.py:2726} INFO - Sync 1 DAGs
[2023-05-13T07:45:58.075+0000] {logging_mixin.py:149} INFO - [2023-05-13T07:45:58.075+0000] {dag.py:3490} INFO - Setting next_dagrun for latest_only to 2023-05-13T03:45:58.075167+00:00, run_after=2023-05-13T07:45:58.075167+00:00
[2023-05-13T07:45:58.092+0000] {processor.py:178} INFO - Processing /home/airflow/.local/lib/python3.7/site-packages/airflow/example_dags/example_latest_only.py took 0.077 seconds
[2023-05-13T07:46:28.123+0000] {processor.py:156} INFO - Started process (PID=389) to work on /home/airflow/.local/lib/python3.7/site-packages/airflow/example_dags/example_latest_only.py
[2023-05-13T07:46:28.125+0000] {processor.py:799} INFO - Processing file /home/airflow/.local/lib/python3.7/site-packages/airflow/example_dags/example_latest_only.py for tasks to queue
[2023-05-13T07:46:28.125+0000] {logging_mixin.py:149} INFO - [2023-05-13T07:46:28.125+0000] {dagbag.py:541} INFO - Filling up the DagBag from /home/airflow/.local/lib/python3.7/site-packages/airflow/example_dags/example_latest_only.py
[2023-05-13T07:46:28.132+0000] {processor.py:809} INFO - DAG(s) dict_keys(['latest_only']) retrieved from /home/airflow/.local/lib/python3.7/site-packages/airflow/example_dags/example_latest_only.py
[2023-05-13T07:46:28.156+0000] {logging_mixin.py:149} INFO - [2023-05-13T07:46:28.156+0000] {dag.py:2726} INFO - Sync 1 DAGs
[2023-05-13T07:46:28.178+0000] {logging_mixin.py:149} INFO - [2023-05-13T07:46:28.178+0000] {dag.py:3490} INFO - Setting next_dagrun for latest_only to 2023-05-13T03:46:28.177796+00:00, run_after=2023-05-13T07:46:28.177796+00:00
[2023-05-13T07:46:28.192+0000] {processor.py:178} INFO - Processing /home/airflow/.local/lib/python3.7/site-packages/airflow/example_dags/example_latest_only.py took 0.072 seconds
[2023-05-13T07:46:58.283+0000] {processor.py:156} INFO - Started process (PID=444) to work on /home/airflow/.local/lib/python3.7/site-packages/airflow/example_dags/example_latest_only.py
[2023-05-13T07:46:58.284+0000] {processor.py:799} INFO - Processing file /home/airflow/.local/lib/python3.7/site-packages/airflow/example_dags/example_latest_only.py for tasks to queue
[2023-05-13T07:46:58.285+0000] {logging_mixin.py:149} INFO - [2023-05-13T07:46:58.285+0000] {dagbag.py:541} INFO - Filling up the DagBag from /home/airflow/.local/lib/python3.7/site-packages/airflow/example_dags/example_latest_only.py
[2023-05-13T07:46:58.292+0000] {processor.py:809} INFO - DAG(s) dict_keys(['latest_only']) retrieved from /home/airflow/.local/lib/python3.7/site-packages/airflow/example_dags/example_latest_only.py
[2023-05-13T07:46:58.317+0000] {logging_mixin.py:149} INFO - [2023-05-13T07:46:58.317+0000] {dag.py:2726} INFO - Sync 1 DAGs
[2023-05-13T07:46:58.340+0000] {logging_mixin.py:149} INFO - [2023-05-13T07:46:58.339+0000] {dag.py:3490} INFO - Setting next_dagrun for latest_only to 2023-05-13T03:46:58.339683+00:00, run_after=2023-05-13T07:46:58.339683+00:00
[2023-05-13T07:46:58.356+0000] {processor.py:178} INFO - Processing /home/airflow/.local/lib/python3.7/site-packages/airflow/example_dags/example_latest_only.py took 0.077 seconds
[2023-05-13T07:47:28.540+0000] {processor.py:156} INFO - Started process (PID=500) to work on /home/airflow/.local/lib/python3.7/site-packages/airflow/example_dags/example_latest_only.py
[2023-05-13T07:47:28.542+0000] {processor.py:799} INFO - Processing file /home/airflow/.local/lib/python3.7/site-packages/airflow/example_dags/example_latest_only.py for tasks to queue
[2023-05-13T07:47:28.543+0000] {logging_mixin.py:149} INFO - [2023-05-13T07:47:28.543+0000] {dagbag.py:541} INFO - Filling up the DagBag from /home/airflow/.local/lib/python3.7/site-packages/airflow/example_dags/example_latest_only.py
[2023-05-13T07:47:28.551+0000] {processor.py:809} INFO - DAG(s) dict_keys(['latest_only']) retrieved from /home/airflow/.local/lib/python3.7/site-packages/airflow/example_dags/example_latest_only.py
[2023-05-13T07:47:28.587+0000] {logging_mixin.py:149} INFO - [2023-05-13T07:47:28.587+0000] {dag.py:2726} INFO - Sync 1 DAGs
[2023-05-13T07:47:28.615+0000] {logging_mixin.py:149} INFO - [2023-05-13T07:47:28.615+0000] {dag.py:3490} INFO - Setting next_dagrun for latest_only to 2023-05-13T03:47:28.614780+00:00, run_after=2023-05-13T07:47:28.614780+00:00
[2023-05-13T07:47:28.634+0000] {processor.py:178} INFO - Processing /home/airflow/.local/lib/python3.7/site-packages/airflow/example_dags/example_latest_only.py took 0.099 seconds
[2023-05-13T07:47:58.672+0000] {processor.py:156} INFO - Started process (PID=556) to work on /home/airflow/.local/lib/python3.7/site-packages/airflow/example_dags/example_latest_only.py
[2023-05-13T07:47:58.673+0000] {processor.py:799} INFO - Processing file /home/airflow/.local/lib/python3.7/site-packages/airflow/example_dags/example_latest_only.py for tasks to queue
[2023-05-13T07:47:58.675+0000] {logging_mixin.py:149} INFO - [2023-05-13T07:47:58.675+0000] {dagbag.py:541} INFO - Filling up the DagBag from /home/airflow/.local/lib/python3.7/site-packages/airflow/example_dags/example_latest_only.py
[2023-05-13T07:47:58.680+0000] {processor.py:809} INFO - DAG(s) dict_keys(['latest_only']) retrieved from /home/airflow/.local/lib/python3.7/site-packages/airflow/example_dags/example_latest_only.py
[2023-05-13T07:47:58.704+0000] {logging_mixin.py:149} INFO - [2023-05-13T07:47:58.704+0000] {dag.py:2726} INFO - Sync 1 DAGs
[2023-05-13T07:47:58.725+0000] {logging_mixin.py:149} INFO - [2023-05-13T07:47:58.725+0000] {dag.py:3490} INFO - Setting next_dagrun for latest_only to 2023-05-13T03:47:58.725033+00:00, run_after=2023-05-13T07:47:58.725033+00:00
[2023-05-13T07:47:58.739+0000] {processor.py:178} INFO - Processing /home/airflow/.local/lib/python3.7/site-packages/airflow/example_dags/example_latest_only.py took 0.071 seconds
