[2023-05-13T07:43:27.097+0000] {processor.py:156} INFO - Started process (PID=56) to work on /home/airflow/.local/lib/python3.7/site-packages/airflow/example_dags/example_latest_only_with_trigger.py
[2023-05-13T07:43:27.099+0000] {processor.py:799} INFO - Processing file /home/airflow/.local/lib/python3.7/site-packages/airflow/example_dags/example_latest_only_with_trigger.py for tasks to queue
[2023-05-13T07:43:27.101+0000] {logging_mixin.py:149} INFO - [2023-05-13T07:43:27.101+0000] {dagbag.py:541} INFO - Filling up the DagBag from /home/airflow/.local/lib/python3.7/site-packages/airflow/example_dags/example_latest_only_with_trigger.py
[2023-05-13T07:43:27.121+0000] {processor.py:809} INFO - DAG(s) dict_keys(['latest_only_with_trigger']) retrieved from /home/airflow/.local/lib/python3.7/site-packages/airflow/example_dags/example_latest_only_with_trigger.py
[2023-05-13T07:43:27.184+0000] {logging_mixin.py:149} INFO - [2023-05-13T07:43:27.183+0000] {dag.py:2726} INFO - Sync 1 DAGs
[2023-05-13T07:43:27.228+0000] {logging_mixin.py:149} INFO - [2023-05-13T07:43:27.228+0000] {dag.py:3490} INFO - Setting next_dagrun for latest_only_with_trigger to 2023-05-13T03:43:27.228072+00:00, run_after=2023-05-13T07:43:27.228072+00:00
[2023-05-13T07:43:27.273+0000] {processor.py:178} INFO - Processing /home/airflow/.local/lib/python3.7/site-packages/airflow/example_dags/example_latest_only_with_trigger.py took 0.180 seconds
[2023-05-13T07:43:57.317+0000] {processor.py:156} INFO - Started process (PID=112) to work on /home/airflow/.local/lib/python3.7/site-packages/airflow/example_dags/example_latest_only_with_trigger.py
[2023-05-13T07:43:57.318+0000] {processor.py:799} INFO - Processing file /home/airflow/.local/lib/python3.7/site-packages/airflow/example_dags/example_latest_only_with_trigger.py for tasks to queue
[2023-05-13T07:43:57.319+0000] {logging_mixin.py:149} INFO - [2023-05-13T07:43:57.319+0000] {dagbag.py:541} INFO - Filling up the DagBag from /home/airflow/.local/lib/python3.7/site-packages/airflow/example_dags/example_latest_only_with_trigger.py
[2023-05-13T07:43:57.326+0000] {processor.py:809} INFO - DAG(s) dict_keys(['latest_only_with_trigger']) retrieved from /home/airflow/.local/lib/python3.7/site-packages/airflow/example_dags/example_latest_only_with_trigger.py
[2023-05-13T07:43:57.351+0000] {logging_mixin.py:149} INFO - [2023-05-13T07:43:57.351+0000] {dag.py:2726} INFO - Sync 1 DAGs
[2023-05-13T07:43:57.372+0000] {logging_mixin.py:149} INFO - [2023-05-13T07:43:57.372+0000] {dag.py:3490} INFO - Setting next_dagrun for latest_only_with_trigger to 2023-05-13T03:43:57.372387+00:00, run_after=2023-05-13T07:43:57.372387+00:00
[2023-05-13T07:43:57.387+0000] {processor.py:178} INFO - Processing /home/airflow/.local/lib/python3.7/site-packages/airflow/example_dags/example_latest_only_with_trigger.py took 0.073 seconds
[2023-05-13T07:44:27.735+0000] {processor.py:156} INFO - Started process (PID=168) to work on /home/airflow/.local/lib/python3.7/site-packages/airflow/example_dags/example_latest_only_with_trigger.py
[2023-05-13T07:44:27.737+0000] {processor.py:799} INFO - Processing file /home/airflow/.local/lib/python3.7/site-packages/airflow/example_dags/example_latest_only_with_trigger.py for tasks to queue
[2023-05-13T07:44:27.738+0000] {logging_mixin.py:149} INFO - [2023-05-13T07:44:27.738+0000] {dagbag.py:541} INFO - Filling up the DagBag from /home/airflow/.local/lib/python3.7/site-packages/airflow/example_dags/example_latest_only_with_trigger.py
[2023-05-13T07:44:27.744+0000] {processor.py:809} INFO - DAG(s) dict_keys(['latest_only_with_trigger']) retrieved from /home/airflow/.local/lib/python3.7/site-packages/airflow/example_dags/example_latest_only_with_trigger.py
[2023-05-13T07:44:27.769+0000] {logging_mixin.py:149} INFO - [2023-05-13T07:44:27.769+0000] {dag.py:2726} INFO - Sync 1 DAGs
[2023-05-13T07:44:27.790+0000] {logging_mixin.py:149} INFO - [2023-05-13T07:44:27.789+0000] {dag.py:3490} INFO - Setting next_dagrun for latest_only_with_trigger to 2023-05-13T03:44:27.789663+00:00, run_after=2023-05-13T07:44:27.789663+00:00
[2023-05-13T07:44:27.804+0000] {processor.py:178} INFO - Processing /home/airflow/.local/lib/python3.7/site-packages/airflow/example_dags/example_latest_only_with_trigger.py took 0.072 seconds
[2023-05-13T07:44:57.886+0000] {processor.py:156} INFO - Started process (PID=224) to work on /home/airflow/.local/lib/python3.7/site-packages/airflow/example_dags/example_latest_only_with_trigger.py
[2023-05-13T07:44:57.887+0000] {processor.py:799} INFO - Processing file /home/airflow/.local/lib/python3.7/site-packages/airflow/example_dags/example_latest_only_with_trigger.py for tasks to queue
[2023-05-13T07:44:57.888+0000] {logging_mixin.py:149} INFO - [2023-05-13T07:44:57.888+0000] {dagbag.py:541} INFO - Filling up the DagBag from /home/airflow/.local/lib/python3.7/site-packages/airflow/example_dags/example_latest_only_with_trigger.py
[2023-05-13T07:44:57.894+0000] {processor.py:809} INFO - DAG(s) dict_keys(['latest_only_with_trigger']) retrieved from /home/airflow/.local/lib/python3.7/site-packages/airflow/example_dags/example_latest_only_with_trigger.py
[2023-05-13T07:44:57.919+0000] {logging_mixin.py:149} INFO - [2023-05-13T07:44:57.918+0000] {dag.py:2726} INFO - Sync 1 DAGs
[2023-05-13T07:44:57.939+0000] {logging_mixin.py:149} INFO - [2023-05-13T07:44:57.939+0000] {dag.py:3490} INFO - Setting next_dagrun for latest_only_with_trigger to 2023-05-13T03:44:57.939314+00:00, run_after=2023-05-13T07:44:57.939314+00:00
[2023-05-13T07:44:57.954+0000] {processor.py:178} INFO - Processing /home/airflow/.local/lib/python3.7/site-packages/airflow/example_dags/example_latest_only_with_trigger.py took 0.071 seconds
[2023-05-13T07:45:28.050+0000] {processor.py:156} INFO - Started process (PID=280) to work on /home/airflow/.local/lib/python3.7/site-packages/airflow/example_dags/example_latest_only_with_trigger.py
[2023-05-13T07:45:28.052+0000] {processor.py:799} INFO - Processing file /home/airflow/.local/lib/python3.7/site-packages/airflow/example_dags/example_latest_only_with_trigger.py for tasks to queue
[2023-05-13T07:45:28.053+0000] {logging_mixin.py:149} INFO - [2023-05-13T07:45:28.053+0000] {dagbag.py:541} INFO - Filling up the DagBag from /home/airflow/.local/lib/python3.7/site-packages/airflow/example_dags/example_latest_only_with_trigger.py
[2023-05-13T07:45:28.059+0000] {processor.py:809} INFO - DAG(s) dict_keys(['latest_only_with_trigger']) retrieved from /home/airflow/.local/lib/python3.7/site-packages/airflow/example_dags/example_latest_only_with_trigger.py
[2023-05-13T07:45:28.083+0000] {logging_mixin.py:149} INFO - [2023-05-13T07:45:28.083+0000] {dag.py:2726} INFO - Sync 1 DAGs
[2023-05-13T07:45:28.104+0000] {logging_mixin.py:149} INFO - [2023-05-13T07:45:28.104+0000] {dag.py:3490} INFO - Setting next_dagrun for latest_only_with_trigger to 2023-05-13T03:45:28.103764+00:00, run_after=2023-05-13T07:45:28.103764+00:00
[2023-05-13T07:45:28.117+0000] {processor.py:178} INFO - Processing /home/airflow/.local/lib/python3.7/site-packages/airflow/example_dags/example_latest_only_with_trigger.py took 0.070 seconds
[2023-05-13T07:45:58.220+0000] {processor.py:156} INFO - Started process (PID=336) to work on /home/airflow/.local/lib/python3.7/site-packages/airflow/example_dags/example_latest_only_with_trigger.py
[2023-05-13T07:45:58.221+0000] {processor.py:799} INFO - Processing file /home/airflow/.local/lib/python3.7/site-packages/airflow/example_dags/example_latest_only_with_trigger.py for tasks to queue
[2023-05-13T07:45:58.222+0000] {logging_mixin.py:149} INFO - [2023-05-13T07:45:58.222+0000] {dagbag.py:541} INFO - Filling up the DagBag from /home/airflow/.local/lib/python3.7/site-packages/airflow/example_dags/example_latest_only_with_trigger.py
[2023-05-13T07:45:58.229+0000] {processor.py:809} INFO - DAG(s) dict_keys(['latest_only_with_trigger']) retrieved from /home/airflow/.local/lib/python3.7/site-packages/airflow/example_dags/example_latest_only_with_trigger.py
[2023-05-13T07:45:58.253+0000] {logging_mixin.py:149} INFO - [2023-05-13T07:45:58.253+0000] {dag.py:2726} INFO - Sync 1 DAGs
[2023-05-13T07:45:58.274+0000] {logging_mixin.py:149} INFO - [2023-05-13T07:45:58.274+0000] {dag.py:3490} INFO - Setting next_dagrun for latest_only_with_trigger to 2023-05-13T03:45:58.274379+00:00, run_after=2023-05-13T07:45:58.274379+00:00
[2023-05-13T07:45:58.289+0000] {processor.py:178} INFO - Processing /home/airflow/.local/lib/python3.7/site-packages/airflow/example_dags/example_latest_only_with_trigger.py took 0.072 seconds
[2023-05-13T07:46:29.174+0000] {processor.py:156} INFO - Started process (PID=392) to work on /home/airflow/.local/lib/python3.7/site-packages/airflow/example_dags/example_latest_only_with_trigger.py
[2023-05-13T07:46:29.176+0000] {processor.py:799} INFO - Processing file /home/airflow/.local/lib/python3.7/site-packages/airflow/example_dags/example_latest_only_with_trigger.py for tasks to queue
[2023-05-13T07:46:29.177+0000] {logging_mixin.py:149} INFO - [2023-05-13T07:46:29.176+0000] {dagbag.py:541} INFO - Filling up the DagBag from /home/airflow/.local/lib/python3.7/site-packages/airflow/example_dags/example_latest_only_with_trigger.py
[2023-05-13T07:46:29.183+0000] {processor.py:809} INFO - DAG(s) dict_keys(['latest_only_with_trigger']) retrieved from /home/airflow/.local/lib/python3.7/site-packages/airflow/example_dags/example_latest_only_with_trigger.py
[2023-05-13T07:46:29.212+0000] {logging_mixin.py:149} INFO - [2023-05-13T07:46:29.212+0000] {dag.py:2726} INFO - Sync 1 DAGs
[2023-05-13T07:46:29.235+0000] {logging_mixin.py:149} INFO - [2023-05-13T07:46:29.235+0000] {dag.py:3490} INFO - Setting next_dagrun for latest_only_with_trigger to 2023-05-13T03:46:29.235302+00:00, run_after=2023-05-13T07:46:29.235302+00:00
[2023-05-13T07:46:29.251+0000] {processor.py:178} INFO - Processing /home/airflow/.local/lib/python3.7/site-packages/airflow/example_dags/example_latest_only_with_trigger.py took 0.081 seconds
[2023-05-13T07:46:59.421+0000] {processor.py:156} INFO - Started process (PID=447) to work on /home/airflow/.local/lib/python3.7/site-packages/airflow/example_dags/example_latest_only_with_trigger.py
[2023-05-13T07:46:59.423+0000] {processor.py:799} INFO - Processing file /home/airflow/.local/lib/python3.7/site-packages/airflow/example_dags/example_latest_only_with_trigger.py for tasks to queue
[2023-05-13T07:46:59.424+0000] {logging_mixin.py:149} INFO - [2023-05-13T07:46:59.423+0000] {dagbag.py:541} INFO - Filling up the DagBag from /home/airflow/.local/lib/python3.7/site-packages/airflow/example_dags/example_latest_only_with_trigger.py
[2023-05-13T07:46:59.430+0000] {processor.py:809} INFO - DAG(s) dict_keys(['latest_only_with_trigger']) retrieved from /home/airflow/.local/lib/python3.7/site-packages/airflow/example_dags/example_latest_only_with_trigger.py
[2023-05-13T07:46:59.453+0000] {logging_mixin.py:149} INFO - [2023-05-13T07:46:59.453+0000] {dag.py:2726} INFO - Sync 1 DAGs
[2023-05-13T07:46:59.476+0000] {logging_mixin.py:149} INFO - [2023-05-13T07:46:59.475+0000] {dag.py:3490} INFO - Setting next_dagrun for latest_only_with_trigger to 2023-05-13T03:46:59.474910+00:00, run_after=2023-05-13T07:46:59.474910+00:00
[2023-05-13T07:46:59.492+0000] {processor.py:178} INFO - Processing /home/airflow/.local/lib/python3.7/site-packages/airflow/example_dags/example_latest_only_with_trigger.py took 0.075 seconds
[2023-05-13T07:47:29.703+0000] {processor.py:156} INFO - Started process (PID=503) to work on /home/airflow/.local/lib/python3.7/site-packages/airflow/example_dags/example_latest_only_with_trigger.py
[2023-05-13T07:47:29.705+0000] {processor.py:799} INFO - Processing file /home/airflow/.local/lib/python3.7/site-packages/airflow/example_dags/example_latest_only_with_trigger.py for tasks to queue
[2023-05-13T07:47:29.706+0000] {logging_mixin.py:149} INFO - [2023-05-13T07:47:29.706+0000] {dagbag.py:541} INFO - Filling up the DagBag from /home/airflow/.local/lib/python3.7/site-packages/airflow/example_dags/example_latest_only_with_trigger.py
[2023-05-13T07:47:29.713+0000] {processor.py:809} INFO - DAG(s) dict_keys(['latest_only_with_trigger']) retrieved from /home/airflow/.local/lib/python3.7/site-packages/airflow/example_dags/example_latest_only_with_trigger.py
[2023-05-13T07:47:29.737+0000] {logging_mixin.py:149} INFO - [2023-05-13T07:47:29.737+0000] {dag.py:2726} INFO - Sync 1 DAGs
[2023-05-13T07:47:29.758+0000] {logging_mixin.py:149} INFO - [2023-05-13T07:47:29.758+0000] {dag.py:3490} INFO - Setting next_dagrun for latest_only_with_trigger to 2023-05-13T03:47:29.757947+00:00, run_after=2023-05-13T07:47:29.757947+00:00
[2023-05-13T07:47:29.771+0000] {processor.py:178} INFO - Processing /home/airflow/.local/lib/python3.7/site-packages/airflow/example_dags/example_latest_only_with_trigger.py took 0.072 seconds
[2023-05-13T07:47:59.869+0000] {processor.py:156} INFO - Started process (PID=559) to work on /home/airflow/.local/lib/python3.7/site-packages/airflow/example_dags/example_latest_only_with_trigger.py
[2023-05-13T07:47:59.870+0000] {processor.py:799} INFO - Processing file /home/airflow/.local/lib/python3.7/site-packages/airflow/example_dags/example_latest_only_with_trigger.py for tasks to queue
[2023-05-13T07:47:59.871+0000] {logging_mixin.py:149} INFO - [2023-05-13T07:47:59.871+0000] {dagbag.py:541} INFO - Filling up the DagBag from /home/airflow/.local/lib/python3.7/site-packages/airflow/example_dags/example_latest_only_with_trigger.py
[2023-05-13T07:47:59.877+0000] {processor.py:809} INFO - DAG(s) dict_keys(['latest_only_with_trigger']) retrieved from /home/airflow/.local/lib/python3.7/site-packages/airflow/example_dags/example_latest_only_with_trigger.py
[2023-05-13T07:47:59.902+0000] {logging_mixin.py:149} INFO - [2023-05-13T07:47:59.902+0000] {dag.py:2726} INFO - Sync 1 DAGs
[2023-05-13T07:47:59.923+0000] {logging_mixin.py:149} INFO - [2023-05-13T07:47:59.923+0000] {dag.py:3490} INFO - Setting next_dagrun for latest_only_with_trigger to 2023-05-13T03:47:59.922809+00:00, run_after=2023-05-13T07:47:59.922809+00:00
[2023-05-13T07:47:59.937+0000] {processor.py:178} INFO - Processing /home/airflow/.local/lib/python3.7/site-packages/airflow/example_dags/example_latest_only_with_trigger.py took 0.071 seconds
