[2023-05-13T07:43:25.022+0000] {processor.py:156} INFO - Started process (PID=41) to work on /home/airflow/.local/lib/python3.7/site-packages/airflow/example_dags/example_sla_dag.py
[2023-05-13T07:43:25.025+0000] {processor.py:799} INFO - Processing file /home/airflow/.local/lib/python3.7/site-packages/airflow/example_dags/example_sla_dag.py for tasks to queue
[2023-05-13T07:43:25.032+0000] {logging_mixin.py:149} INFO - [2023-05-13T07:43:25.032+0000] {dagbag.py:541} INFO - Filling up the DagBag from /home/airflow/.local/lib/python3.7/site-packages/airflow/example_dags/example_sla_dag.py
[2023-05-13T07:43:25.099+0000] {processor.py:809} INFO - DAG(s) dict_keys(['example_sla_dag']) retrieved from /home/airflow/.local/lib/python3.7/site-packages/airflow/example_dags/example_sla_dag.py
[2023-05-13T07:43:25.127+0000] {logging_mixin.py:149} INFO - [2023-05-13T07:43:25.126+0000] {dag.py:2726} INFO - Sync 1 DAGs
[2023-05-13T07:43:25.172+0000] {logging_mixin.py:149} INFO - [2023-05-13T07:43:25.172+0000] {dag.py:3490} INFO - Setting next_dagrun for example_sla_dag to 2023-05-13T07:40:00+00:00, run_after=2023-05-13T07:42:00+00:00
[2023-05-13T07:43:25.206+0000] {processor.py:178} INFO - Processing /home/airflow/.local/lib/python3.7/site-packages/airflow/example_dags/example_sla_dag.py took 0.190 seconds
[2023-05-13T07:43:55.367+0000] {processor.py:156} INFO - Started process (PID=97) to work on /home/airflow/.local/lib/python3.7/site-packages/airflow/example_dags/example_sla_dag.py
[2023-05-13T07:43:55.368+0000] {processor.py:799} INFO - Processing file /home/airflow/.local/lib/python3.7/site-packages/airflow/example_dags/example_sla_dag.py for tasks to queue
[2023-05-13T07:43:55.369+0000] {logging_mixin.py:149} INFO - [2023-05-13T07:43:55.369+0000] {dagbag.py:541} INFO - Filling up the DagBag from /home/airflow/.local/lib/python3.7/site-packages/airflow/example_dags/example_sla_dag.py
[2023-05-13T07:43:55.377+0000] {processor.py:809} INFO - DAG(s) dict_keys(['example_sla_dag']) retrieved from /home/airflow/.local/lib/python3.7/site-packages/airflow/example_dags/example_sla_dag.py
[2023-05-13T07:43:55.402+0000] {logging_mixin.py:149} INFO - [2023-05-13T07:43:55.402+0000] {dag.py:2726} INFO - Sync 1 DAGs
[2023-05-13T07:43:55.427+0000] {logging_mixin.py:149} INFO - [2023-05-13T07:43:55.426+0000] {dag.py:3490} INFO - Setting next_dagrun for example_sla_dag to 2023-05-13T07:40:00+00:00, run_after=2023-05-13T07:42:00+00:00
[2023-05-13T07:43:55.440+0000] {processor.py:178} INFO - Processing /home/airflow/.local/lib/python3.7/site-packages/airflow/example_dags/example_sla_dag.py took 0.077 seconds
[2023-05-13T07:44:25.571+0000] {processor.py:156} INFO - Started process (PID=153) to work on /home/airflow/.local/lib/python3.7/site-packages/airflow/example_dags/example_sla_dag.py
[2023-05-13T07:44:25.572+0000] {processor.py:799} INFO - Processing file /home/airflow/.local/lib/python3.7/site-packages/airflow/example_dags/example_sla_dag.py for tasks to queue
[2023-05-13T07:44:25.573+0000] {logging_mixin.py:149} INFO - [2023-05-13T07:44:25.573+0000] {dagbag.py:541} INFO - Filling up the DagBag from /home/airflow/.local/lib/python3.7/site-packages/airflow/example_dags/example_sla_dag.py
[2023-05-13T07:44:25.581+0000] {processor.py:809} INFO - DAG(s) dict_keys(['example_sla_dag']) retrieved from /home/airflow/.local/lib/python3.7/site-packages/airflow/example_dags/example_sla_dag.py
[2023-05-13T07:44:25.608+0000] {logging_mixin.py:149} INFO - [2023-05-13T07:44:25.608+0000] {dag.py:2726} INFO - Sync 1 DAGs
[2023-05-13T07:44:25.633+0000] {logging_mixin.py:149} INFO - [2023-05-13T07:44:25.632+0000] {dag.py:3490} INFO - Setting next_dagrun for example_sla_dag to 2023-05-13T07:42:00+00:00, run_after=2023-05-13T07:44:00+00:00
[2023-05-13T07:44:25.647+0000] {processor.py:178} INFO - Processing /home/airflow/.local/lib/python3.7/site-packages/airflow/example_dags/example_sla_dag.py took 0.079 seconds
[2023-05-13T07:44:55.752+0000] {processor.py:156} INFO - Started process (PID=209) to work on /home/airflow/.local/lib/python3.7/site-packages/airflow/example_dags/example_sla_dag.py
[2023-05-13T07:44:55.754+0000] {processor.py:799} INFO - Processing file /home/airflow/.local/lib/python3.7/site-packages/airflow/example_dags/example_sla_dag.py for tasks to queue
[2023-05-13T07:44:55.755+0000] {logging_mixin.py:149} INFO - [2023-05-13T07:44:55.754+0000] {dagbag.py:541} INFO - Filling up the DagBag from /home/airflow/.local/lib/python3.7/site-packages/airflow/example_dags/example_sla_dag.py
[2023-05-13T07:44:55.763+0000] {processor.py:809} INFO - DAG(s) dict_keys(['example_sla_dag']) retrieved from /home/airflow/.local/lib/python3.7/site-packages/airflow/example_dags/example_sla_dag.py
[2023-05-13T07:44:55.787+0000] {logging_mixin.py:149} INFO - [2023-05-13T07:44:55.787+0000] {dag.py:2726} INFO - Sync 1 DAGs
[2023-05-13T07:44:55.810+0000] {logging_mixin.py:149} INFO - [2023-05-13T07:44:55.810+0000] {dag.py:3490} INFO - Setting next_dagrun for example_sla_dag to 2023-05-13T07:42:00+00:00, run_after=2023-05-13T07:44:00+00:00
[2023-05-13T07:44:55.823+0000] {processor.py:178} INFO - Processing /home/airflow/.local/lib/python3.7/site-packages/airflow/example_dags/example_sla_dag.py took 0.074 seconds
[2023-05-13T07:45:26.107+0000] {processor.py:156} INFO - Started process (PID=265) to work on /home/airflow/.local/lib/python3.7/site-packages/airflow/example_dags/example_sla_dag.py
[2023-05-13T07:45:26.108+0000] {processor.py:799} INFO - Processing file /home/airflow/.local/lib/python3.7/site-packages/airflow/example_dags/example_sla_dag.py for tasks to queue
[2023-05-13T07:45:26.109+0000] {logging_mixin.py:149} INFO - [2023-05-13T07:45:26.109+0000] {dagbag.py:541} INFO - Filling up the DagBag from /home/airflow/.local/lib/python3.7/site-packages/airflow/example_dags/example_sla_dag.py
[2023-05-13T07:45:26.117+0000] {processor.py:809} INFO - DAG(s) dict_keys(['example_sla_dag']) retrieved from /home/airflow/.local/lib/python3.7/site-packages/airflow/example_dags/example_sla_dag.py
[2023-05-13T07:45:26.142+0000] {logging_mixin.py:149} INFO - [2023-05-13T07:45:26.142+0000] {dag.py:2726} INFO - Sync 1 DAGs
[2023-05-13T07:45:26.166+0000] {logging_mixin.py:149} INFO - [2023-05-13T07:45:26.166+0000] {dag.py:3490} INFO - Setting next_dagrun for example_sla_dag to 2023-05-13T07:42:00+00:00, run_after=2023-05-13T07:44:00+00:00
[2023-05-13T07:45:26.182+0000] {processor.py:178} INFO - Processing /home/airflow/.local/lib/python3.7/site-packages/airflow/example_dags/example_sla_dag.py took 0.078 seconds
[2023-05-13T07:45:56.248+0000] {processor.py:156} INFO - Started process (PID=321) to work on /home/airflow/.local/lib/python3.7/site-packages/airflow/example_dags/example_sla_dag.py
[2023-05-13T07:45:56.250+0000] {processor.py:799} INFO - Processing file /home/airflow/.local/lib/python3.7/site-packages/airflow/example_dags/example_sla_dag.py for tasks to queue
[2023-05-13T07:45:56.251+0000] {logging_mixin.py:149} INFO - [2023-05-13T07:45:56.251+0000] {dagbag.py:541} INFO - Filling up the DagBag from /home/airflow/.local/lib/python3.7/site-packages/airflow/example_dags/example_sla_dag.py
[2023-05-13T07:45:56.259+0000] {processor.py:809} INFO - DAG(s) dict_keys(['example_sla_dag']) retrieved from /home/airflow/.local/lib/python3.7/site-packages/airflow/example_dags/example_sla_dag.py
[2023-05-13T07:45:56.284+0000] {logging_mixin.py:149} INFO - [2023-05-13T07:45:56.284+0000] {dag.py:2726} INFO - Sync 1 DAGs
[2023-05-13T07:45:56.307+0000] {logging_mixin.py:149} INFO - [2023-05-13T07:45:56.307+0000] {dag.py:3490} INFO - Setting next_dagrun for example_sla_dag to 2023-05-13T07:42:00+00:00, run_after=2023-05-13T07:44:00+00:00
[2023-05-13T07:45:56.320+0000] {processor.py:178} INFO - Processing /home/airflow/.local/lib/python3.7/site-packages/airflow/example_dags/example_sla_dag.py took 0.075 seconds
[2023-05-13T07:46:26.470+0000] {processor.py:156} INFO - Started process (PID=377) to work on /home/airflow/.local/lib/python3.7/site-packages/airflow/example_dags/example_sla_dag.py
[2023-05-13T07:46:26.471+0000] {processor.py:799} INFO - Processing file /home/airflow/.local/lib/python3.7/site-packages/airflow/example_dags/example_sla_dag.py for tasks to queue
[2023-05-13T07:46:26.472+0000] {logging_mixin.py:149} INFO - [2023-05-13T07:46:26.472+0000] {dagbag.py:541} INFO - Filling up the DagBag from /home/airflow/.local/lib/python3.7/site-packages/airflow/example_dags/example_sla_dag.py
[2023-05-13T07:46:26.480+0000] {processor.py:809} INFO - DAG(s) dict_keys(['example_sla_dag']) retrieved from /home/airflow/.local/lib/python3.7/site-packages/airflow/example_dags/example_sla_dag.py
[2023-05-13T07:46:26.504+0000] {logging_mixin.py:149} INFO - [2023-05-13T07:46:26.504+0000] {dag.py:2726} INFO - Sync 1 DAGs
[2023-05-13T07:46:26.527+0000] {logging_mixin.py:149} INFO - [2023-05-13T07:46:26.527+0000] {dag.py:3490} INFO - Setting next_dagrun for example_sla_dag to 2023-05-13T07:44:00+00:00, run_after=2023-05-13T07:46:00+00:00
[2023-05-13T07:46:26.542+0000] {processor.py:178} INFO - Processing /home/airflow/.local/lib/python3.7/site-packages/airflow/example_dags/example_sla_dag.py took 0.075 seconds
[2023-05-13T07:46:56.660+0000] {processor.py:156} INFO - Started process (PID=432) to work on /home/airflow/.local/lib/python3.7/site-packages/airflow/example_dags/example_sla_dag.py
[2023-05-13T07:46:56.661+0000] {processor.py:799} INFO - Processing file /home/airflow/.local/lib/python3.7/site-packages/airflow/example_dags/example_sla_dag.py for tasks to queue
[2023-05-13T07:46:56.662+0000] {logging_mixin.py:149} INFO - [2023-05-13T07:46:56.662+0000] {dagbag.py:541} INFO - Filling up the DagBag from /home/airflow/.local/lib/python3.7/site-packages/airflow/example_dags/example_sla_dag.py
[2023-05-13T07:46:56.673+0000] {processor.py:809} INFO - DAG(s) dict_keys(['example_sla_dag']) retrieved from /home/airflow/.local/lib/python3.7/site-packages/airflow/example_dags/example_sla_dag.py
[2023-05-13T07:46:56.700+0000] {logging_mixin.py:149} INFO - [2023-05-13T07:46:56.700+0000] {dag.py:2726} INFO - Sync 1 DAGs
[2023-05-13T07:46:56.725+0000] {logging_mixin.py:149} INFO - [2023-05-13T07:46:56.725+0000] {dag.py:3490} INFO - Setting next_dagrun for example_sla_dag to 2023-05-13T07:44:00+00:00, run_after=2023-05-13T07:46:00+00:00
[2023-05-13T07:46:56.741+0000] {processor.py:178} INFO - Processing /home/airflow/.local/lib/python3.7/site-packages/airflow/example_dags/example_sla_dag.py took 0.085 seconds
[2023-05-13T07:47:26.800+0000] {processor.py:156} INFO - Started process (PID=488) to work on /home/airflow/.local/lib/python3.7/site-packages/airflow/example_dags/example_sla_dag.py
[2023-05-13T07:47:26.802+0000] {processor.py:799} INFO - Processing file /home/airflow/.local/lib/python3.7/site-packages/airflow/example_dags/example_sla_dag.py for tasks to queue
[2023-05-13T07:47:26.803+0000] {logging_mixin.py:149} INFO - [2023-05-13T07:47:26.802+0000] {dagbag.py:541} INFO - Filling up the DagBag from /home/airflow/.local/lib/python3.7/site-packages/airflow/example_dags/example_sla_dag.py
[2023-05-13T07:47:26.813+0000] {processor.py:809} INFO - DAG(s) dict_keys(['example_sla_dag']) retrieved from /home/airflow/.local/lib/python3.7/site-packages/airflow/example_dags/example_sla_dag.py
[2023-05-13T07:47:26.841+0000] {logging_mixin.py:149} INFO - [2023-05-13T07:47:26.841+0000] {dag.py:2726} INFO - Sync 1 DAGs
[2023-05-13T07:47:26.864+0000] {logging_mixin.py:149} INFO - [2023-05-13T07:47:26.864+0000] {dag.py:3490} INFO - Setting next_dagrun for example_sla_dag to 2023-05-13T07:44:00+00:00, run_after=2023-05-13T07:46:00+00:00
[2023-05-13T07:47:26.878+0000] {processor.py:178} INFO - Processing /home/airflow/.local/lib/python3.7/site-packages/airflow/example_dags/example_sla_dag.py took 0.081 seconds
[2023-05-13T07:47:56.989+0000] {processor.py:156} INFO - Started process (PID=544) to work on /home/airflow/.local/lib/python3.7/site-packages/airflow/example_dags/example_sla_dag.py
[2023-05-13T07:47:56.991+0000] {processor.py:799} INFO - Processing file /home/airflow/.local/lib/python3.7/site-packages/airflow/example_dags/example_sla_dag.py for tasks to queue
[2023-05-13T07:47:56.991+0000] {logging_mixin.py:149} INFO - [2023-05-13T07:47:56.991+0000] {dagbag.py:541} INFO - Filling up the DagBag from /home/airflow/.local/lib/python3.7/site-packages/airflow/example_dags/example_sla_dag.py
[2023-05-13T07:47:57.000+0000] {processor.py:809} INFO - DAG(s) dict_keys(['example_sla_dag']) retrieved from /home/airflow/.local/lib/python3.7/site-packages/airflow/example_dags/example_sla_dag.py
[2023-05-13T07:47:57.027+0000] {logging_mixin.py:149} INFO - [2023-05-13T07:47:57.027+0000] {dag.py:2726} INFO - Sync 1 DAGs
[2023-05-13T07:47:57.049+0000] {logging_mixin.py:149} INFO - [2023-05-13T07:47:57.049+0000] {dag.py:3490} INFO - Setting next_dagrun for example_sla_dag to 2023-05-13T07:44:00+00:00, run_after=2023-05-13T07:46:00+00:00
[2023-05-13T07:47:57.063+0000] {processor.py:178} INFO - Processing /home/airflow/.local/lib/python3.7/site-packages/airflow/example_dags/example_sla_dag.py took 0.077 seconds
