[2023-05-13T07:43:27.377+0000] {processor.py:156} INFO - Started process (PID=58) to work on /home/airflow/.local/lib/python3.7/site-packages/airflow/example_dags/example_external_task_marker_dag.py
[2023-05-13T07:43:27.381+0000] {processor.py:799} INFO - Processing file /home/airflow/.local/lib/python3.7/site-packages/airflow/example_dags/example_external_task_marker_dag.py for tasks to queue
[2023-05-13T07:43:27.383+0000] {logging_mixin.py:149} INFO - [2023-05-13T07:43:27.382+0000] {dagbag.py:541} INFO - Filling up the DagBag from /home/airflow/.local/lib/python3.7/site-packages/airflow/example_dags/example_external_task_marker_dag.py
[2023-05-13T07:43:27.422+0000] {processor.py:809} INFO - DAG(s) dict_keys(['example_external_task_marker_child', 'example_external_task_marker_parent']) retrieved from /home/airflow/.local/lib/python3.7/site-packages/airflow/example_dags/example_external_task_marker_dag.py
[2023-05-13T07:43:27.454+0000] {logging_mixin.py:149} INFO - [2023-05-13T07:43:27.454+0000] {dag.py:2726} INFO - Sync 2 DAGs
[2023-05-13T07:43:27.499+0000] {logging_mixin.py:149} INFO - [2023-05-13T07:43:27.499+0000] {dag.py:3490} INFO - Setting next_dagrun for example_external_task_marker_child to None, run_after=None
[2023-05-13T07:43:27.507+0000] {logging_mixin.py:149} INFO - [2023-05-13T07:43:27.507+0000] {dag.py:3490} INFO - Setting next_dagrun for example_external_task_marker_parent to None, run_after=None
[2023-05-13T07:43:27.584+0000] {processor.py:178} INFO - Processing /home/airflow/.local/lib/python3.7/site-packages/airflow/example_dags/example_external_task_marker_dag.py took 0.215 seconds
[2023-05-13T07:43:58.411+0000] {processor.py:156} INFO - Started process (PID=113) to work on /home/airflow/.local/lib/python3.7/site-packages/airflow/example_dags/example_external_task_marker_dag.py
[2023-05-13T07:43:58.413+0000] {processor.py:799} INFO - Processing file /home/airflow/.local/lib/python3.7/site-packages/airflow/example_dags/example_external_task_marker_dag.py for tasks to queue
[2023-05-13T07:43:58.414+0000] {logging_mixin.py:149} INFO - [2023-05-13T07:43:58.414+0000] {dagbag.py:541} INFO - Filling up the DagBag from /home/airflow/.local/lib/python3.7/site-packages/airflow/example_dags/example_external_task_marker_dag.py
[2023-05-13T07:43:58.423+0000] {processor.py:809} INFO - DAG(s) dict_keys(['example_external_task_marker_child', 'example_external_task_marker_parent']) retrieved from /home/airflow/.local/lib/python3.7/site-packages/airflow/example_dags/example_external_task_marker_dag.py
[2023-05-13T07:43:58.497+0000] {logging_mixin.py:149} INFO - [2023-05-13T07:43:58.497+0000] {dag.py:2726} INFO - Sync 2 DAGs
[2023-05-13T07:43:58.521+0000] {logging_mixin.py:149} INFO - [2023-05-13T07:43:58.521+0000] {dag.py:3490} INFO - Setting next_dagrun for example_external_task_marker_child to None, run_after=None
[2023-05-13T07:43:58.525+0000] {logging_mixin.py:149} INFO - [2023-05-13T07:43:58.525+0000] {dag.py:3490} INFO - Setting next_dagrun for example_external_task_marker_parent to None, run_after=None
[2023-05-13T07:43:58.540+0000] {processor.py:178} INFO - Processing /home/airflow/.local/lib/python3.7/site-packages/airflow/example_dags/example_external_task_marker_dag.py took 0.135 seconds
[2023-05-13T07:44:28.769+0000] {processor.py:156} INFO - Started process (PID=169) to work on /home/airflow/.local/lib/python3.7/site-packages/airflow/example_dags/example_external_task_marker_dag.py
[2023-05-13T07:44:28.771+0000] {processor.py:799} INFO - Processing file /home/airflow/.local/lib/python3.7/site-packages/airflow/example_dags/example_external_task_marker_dag.py for tasks to queue
[2023-05-13T07:44:28.772+0000] {logging_mixin.py:149} INFO - [2023-05-13T07:44:28.772+0000] {dagbag.py:541} INFO - Filling up the DagBag from /home/airflow/.local/lib/python3.7/site-packages/airflow/example_dags/example_external_task_marker_dag.py
[2023-05-13T07:44:28.779+0000] {processor.py:809} INFO - DAG(s) dict_keys(['example_external_task_marker_parent', 'example_external_task_marker_child']) retrieved from /home/airflow/.local/lib/python3.7/site-packages/airflow/example_dags/example_external_task_marker_dag.py
[2023-05-13T07:44:28.808+0000] {logging_mixin.py:149} INFO - [2023-05-13T07:44:28.807+0000] {dag.py:2726} INFO - Sync 2 DAGs
[2023-05-13T07:44:28.829+0000] {logging_mixin.py:149} INFO - [2023-05-13T07:44:28.829+0000] {dag.py:3490} INFO - Setting next_dagrun for example_external_task_marker_child to None, run_after=None
[2023-05-13T07:44:28.832+0000] {logging_mixin.py:149} INFO - [2023-05-13T07:44:28.832+0000] {dag.py:3490} INFO - Setting next_dagrun for example_external_task_marker_parent to None, run_after=None
[2023-05-13T07:44:28.845+0000] {processor.py:178} INFO - Processing /home/airflow/.local/lib/python3.7/site-packages/airflow/example_dags/example_external_task_marker_dag.py took 0.082 seconds
[2023-05-13T07:44:58.928+0000] {processor.py:156} INFO - Started process (PID=225) to work on /home/airflow/.local/lib/python3.7/site-packages/airflow/example_dags/example_external_task_marker_dag.py
[2023-05-13T07:44:58.930+0000] {processor.py:799} INFO - Processing file /home/airflow/.local/lib/python3.7/site-packages/airflow/example_dags/example_external_task_marker_dag.py for tasks to queue
[2023-05-13T07:44:58.931+0000] {logging_mixin.py:149} INFO - [2023-05-13T07:44:58.931+0000] {dagbag.py:541} INFO - Filling up the DagBag from /home/airflow/.local/lib/python3.7/site-packages/airflow/example_dags/example_external_task_marker_dag.py
[2023-05-13T07:44:58.938+0000] {processor.py:809} INFO - DAG(s) dict_keys(['example_external_task_marker_parent', 'example_external_task_marker_child']) retrieved from /home/airflow/.local/lib/python3.7/site-packages/airflow/example_dags/example_external_task_marker_dag.py
[2023-05-13T07:44:58.966+0000] {logging_mixin.py:149} INFO - [2023-05-13T07:44:58.966+0000] {dag.py:2726} INFO - Sync 2 DAGs
[2023-05-13T07:44:58.987+0000] {logging_mixin.py:149} INFO - [2023-05-13T07:44:58.987+0000] {dag.py:3490} INFO - Setting next_dagrun for example_external_task_marker_child to None, run_after=None
[2023-05-13T07:44:58.990+0000] {logging_mixin.py:149} INFO - [2023-05-13T07:44:58.990+0000] {dag.py:3490} INFO - Setting next_dagrun for example_external_task_marker_parent to None, run_after=None
[2023-05-13T07:44:59.004+0000] {processor.py:178} INFO - Processing /home/airflow/.local/lib/python3.7/site-packages/airflow/example_dags/example_external_task_marker_dag.py took 0.081 seconds
[2023-05-13T07:45:29.092+0000] {processor.py:156} INFO - Started process (PID=281) to work on /home/airflow/.local/lib/python3.7/site-packages/airflow/example_dags/example_external_task_marker_dag.py
[2023-05-13T07:45:29.095+0000] {processor.py:799} INFO - Processing file /home/airflow/.local/lib/python3.7/site-packages/airflow/example_dags/example_external_task_marker_dag.py for tasks to queue
[2023-05-13T07:45:29.096+0000] {logging_mixin.py:149} INFO - [2023-05-13T07:45:29.096+0000] {dagbag.py:541} INFO - Filling up the DagBag from /home/airflow/.local/lib/python3.7/site-packages/airflow/example_dags/example_external_task_marker_dag.py
[2023-05-13T07:45:29.104+0000] {processor.py:809} INFO - DAG(s) dict_keys(['example_external_task_marker_parent', 'example_external_task_marker_child']) retrieved from /home/airflow/.local/lib/python3.7/site-packages/airflow/example_dags/example_external_task_marker_dag.py
[2023-05-13T07:45:29.132+0000] {logging_mixin.py:149} INFO - [2023-05-13T07:45:29.132+0000] {dag.py:2726} INFO - Sync 2 DAGs
[2023-05-13T07:45:29.154+0000] {logging_mixin.py:149} INFO - [2023-05-13T07:45:29.154+0000] {dag.py:3490} INFO - Setting next_dagrun for example_external_task_marker_child to None, run_after=None
[2023-05-13T07:45:29.157+0000] {logging_mixin.py:149} INFO - [2023-05-13T07:45:29.157+0000] {dag.py:3490} INFO - Setting next_dagrun for example_external_task_marker_parent to None, run_after=None
[2023-05-13T07:45:29.169+0000] {processor.py:178} INFO - Processing /home/airflow/.local/lib/python3.7/site-packages/airflow/example_dags/example_external_task_marker_dag.py took 0.082 seconds
[2023-05-13T07:45:59.247+0000] {processor.py:156} INFO - Started process (PID=337) to work on /home/airflow/.local/lib/python3.7/site-packages/airflow/example_dags/example_external_task_marker_dag.py
[2023-05-13T07:45:59.249+0000] {processor.py:799} INFO - Processing file /home/airflow/.local/lib/python3.7/site-packages/airflow/example_dags/example_external_task_marker_dag.py for tasks to queue
[2023-05-13T07:45:59.250+0000] {logging_mixin.py:149} INFO - [2023-05-13T07:45:59.250+0000] {dagbag.py:541} INFO - Filling up the DagBag from /home/airflow/.local/lib/python3.7/site-packages/airflow/example_dags/example_external_task_marker_dag.py
[2023-05-13T07:45:59.256+0000] {processor.py:809} INFO - DAG(s) dict_keys(['example_external_task_marker_child', 'example_external_task_marker_parent']) retrieved from /home/airflow/.local/lib/python3.7/site-packages/airflow/example_dags/example_external_task_marker_dag.py
[2023-05-13T07:45:59.286+0000] {logging_mixin.py:149} INFO - [2023-05-13T07:45:59.285+0000] {dag.py:2726} INFO - Sync 2 DAGs
[2023-05-13T07:45:59.307+0000] {logging_mixin.py:149} INFO - [2023-05-13T07:45:59.307+0000] {dag.py:3490} INFO - Setting next_dagrun for example_external_task_marker_child to None, run_after=None
[2023-05-13T07:45:59.310+0000] {logging_mixin.py:149} INFO - [2023-05-13T07:45:59.310+0000] {dag.py:3490} INFO - Setting next_dagrun for example_external_task_marker_parent to None, run_after=None
[2023-05-13T07:45:59.324+0000] {processor.py:178} INFO - Processing /home/airflow/.local/lib/python3.7/site-packages/airflow/example_dags/example_external_task_marker_dag.py took 0.081 seconds
[2023-05-13T07:46:30.245+0000] {processor.py:156} INFO - Started process (PID=393) to work on /home/airflow/.local/lib/python3.7/site-packages/airflow/example_dags/example_external_task_marker_dag.py
[2023-05-13T07:46:30.247+0000] {processor.py:799} INFO - Processing file /home/airflow/.local/lib/python3.7/site-packages/airflow/example_dags/example_external_task_marker_dag.py for tasks to queue
[2023-05-13T07:46:30.248+0000] {logging_mixin.py:149} INFO - [2023-05-13T07:46:30.248+0000] {dagbag.py:541} INFO - Filling up the DagBag from /home/airflow/.local/lib/python3.7/site-packages/airflow/example_dags/example_external_task_marker_dag.py
[2023-05-13T07:46:30.255+0000] {processor.py:809} INFO - DAG(s) dict_keys(['example_external_task_marker_parent', 'example_external_task_marker_child']) retrieved from /home/airflow/.local/lib/python3.7/site-packages/airflow/example_dags/example_external_task_marker_dag.py
[2023-05-13T07:46:30.287+0000] {logging_mixin.py:149} INFO - [2023-05-13T07:46:30.287+0000] {dag.py:2726} INFO - Sync 2 DAGs
[2023-05-13T07:46:30.310+0000] {logging_mixin.py:149} INFO - [2023-05-13T07:46:30.310+0000] {dag.py:3490} INFO - Setting next_dagrun for example_external_task_marker_child to None, run_after=None
[2023-05-13T07:46:30.313+0000] {logging_mixin.py:149} INFO - [2023-05-13T07:46:30.313+0000] {dag.py:3490} INFO - Setting next_dagrun for example_external_task_marker_parent to None, run_after=None
[2023-05-13T07:46:30.326+0000] {processor.py:178} INFO - Processing /home/airflow/.local/lib/python3.7/site-packages/airflow/example_dags/example_external_task_marker_dag.py took 0.086 seconds
[2023-05-13T07:47:00.547+0000] {processor.py:156} INFO - Started process (PID=448) to work on /home/airflow/.local/lib/python3.7/site-packages/airflow/example_dags/example_external_task_marker_dag.py
[2023-05-13T07:47:00.550+0000] {processor.py:799} INFO - Processing file /home/airflow/.local/lib/python3.7/site-packages/airflow/example_dags/example_external_task_marker_dag.py for tasks to queue
[2023-05-13T07:47:00.551+0000] {logging_mixin.py:149} INFO - [2023-05-13T07:47:00.551+0000] {dagbag.py:541} INFO - Filling up the DagBag from /home/airflow/.local/lib/python3.7/site-packages/airflow/example_dags/example_external_task_marker_dag.py
[2023-05-13T07:47:00.558+0000] {processor.py:809} INFO - DAG(s) dict_keys(['example_external_task_marker_parent', 'example_external_task_marker_child']) retrieved from /home/airflow/.local/lib/python3.7/site-packages/airflow/example_dags/example_external_task_marker_dag.py
[2023-05-13T07:47:00.588+0000] {logging_mixin.py:149} INFO - [2023-05-13T07:47:00.588+0000] {dag.py:2726} INFO - Sync 2 DAGs
[2023-05-13T07:47:00.610+0000] {logging_mixin.py:149} INFO - [2023-05-13T07:47:00.610+0000] {dag.py:3490} INFO - Setting next_dagrun for example_external_task_marker_child to None, run_after=None
[2023-05-13T07:47:00.614+0000] {logging_mixin.py:149} INFO - [2023-05-13T07:47:00.614+0000] {dag.py:3490} INFO - Setting next_dagrun for example_external_task_marker_parent to None, run_after=None
[2023-05-13T07:47:00.628+0000] {processor.py:178} INFO - Processing /home/airflow/.local/lib/python3.7/site-packages/airflow/example_dags/example_external_task_marker_dag.py took 0.085 seconds
[2023-05-13T07:47:30.785+0000] {processor.py:156} INFO - Started process (PID=504) to work on /home/airflow/.local/lib/python3.7/site-packages/airflow/example_dags/example_external_task_marker_dag.py
[2023-05-13T07:47:30.788+0000] {processor.py:799} INFO - Processing file /home/airflow/.local/lib/python3.7/site-packages/airflow/example_dags/example_external_task_marker_dag.py for tasks to queue
[2023-05-13T07:47:30.790+0000] {logging_mixin.py:149} INFO - [2023-05-13T07:47:30.790+0000] {dagbag.py:541} INFO - Filling up the DagBag from /home/airflow/.local/lib/python3.7/site-packages/airflow/example_dags/example_external_task_marker_dag.py
[2023-05-13T07:47:30.798+0000] {processor.py:809} INFO - DAG(s) dict_keys(['example_external_task_marker_child', 'example_external_task_marker_parent']) retrieved from /home/airflow/.local/lib/python3.7/site-packages/airflow/example_dags/example_external_task_marker_dag.py
[2023-05-13T07:47:30.835+0000] {logging_mixin.py:149} INFO - [2023-05-13T07:47:30.835+0000] {dag.py:2726} INFO - Sync 2 DAGs
[2023-05-13T07:47:30.860+0000] {logging_mixin.py:149} INFO - [2023-05-13T07:47:30.860+0000] {dag.py:3490} INFO - Setting next_dagrun for example_external_task_marker_child to None, run_after=None
[2023-05-13T07:47:30.864+0000] {logging_mixin.py:149} INFO - [2023-05-13T07:47:30.863+0000] {dag.py:3490} INFO - Setting next_dagrun for example_external_task_marker_parent to None, run_after=None
[2023-05-13T07:47:30.877+0000] {processor.py:178} INFO - Processing /home/airflow/.local/lib/python3.7/site-packages/airflow/example_dags/example_external_task_marker_dag.py took 0.099 seconds
[2023-05-13T07:48:00.999+0000] {processor.py:156} INFO - Started process (PID=560) to work on /home/airflow/.local/lib/python3.7/site-packages/airflow/example_dags/example_external_task_marker_dag.py
[2023-05-13T07:48:01.002+0000] {processor.py:799} INFO - Processing file /home/airflow/.local/lib/python3.7/site-packages/airflow/example_dags/example_external_task_marker_dag.py for tasks to queue
[2023-05-13T07:48:01.003+0000] {logging_mixin.py:149} INFO - [2023-05-13T07:48:01.003+0000] {dagbag.py:541} INFO - Filling up the DagBag from /home/airflow/.local/lib/python3.7/site-packages/airflow/example_dags/example_external_task_marker_dag.py
[2023-05-13T07:48:01.012+0000] {processor.py:809} INFO - DAG(s) dict_keys(['example_external_task_marker_child', 'example_external_task_marker_parent']) retrieved from /home/airflow/.local/lib/python3.7/site-packages/airflow/example_dags/example_external_task_marker_dag.py
[2023-05-13T07:48:01.047+0000] {logging_mixin.py:149} INFO - [2023-05-13T07:48:01.047+0000] {dag.py:2726} INFO - Sync 2 DAGs
[2023-05-13T07:48:01.070+0000] {logging_mixin.py:149} INFO - [2023-05-13T07:48:01.070+0000] {dag.py:3490} INFO - Setting next_dagrun for example_external_task_marker_child to None, run_after=None
[2023-05-13T07:48:01.073+0000] {logging_mixin.py:149} INFO - [2023-05-13T07:48:01.073+0000] {dag.py:3490} INFO - Setting next_dagrun for example_external_task_marker_parent to None, run_after=None
[2023-05-13T07:48:01.086+0000] {processor.py:178} INFO - Processing /home/airflow/.local/lib/python3.7/site-packages/airflow/example_dags/example_external_task_marker_dag.py took 0.092 seconds
