[2023-05-13T07:43:24.263+0000] {processor.py:156} INFO - Started process (PID=34) to work on /home/airflow/.local/lib/python3.7/site-packages/airflow/example_dags/example_datasets.py
[2023-05-13T07:43:24.264+0000] {processor.py:799} INFO - Processing file /home/airflow/.local/lib/python3.7/site-packages/airflow/example_dags/example_datasets.py for tasks to queue
[2023-05-13T07:43:24.265+0000] {logging_mixin.py:149} INFO - [2023-05-13T07:43:24.265+0000] {dagbag.py:541} INFO - Filling up the DagBag from /home/airflow/.local/lib/python3.7/site-packages/airflow/example_dags/example_datasets.py
[2023-05-13T07:43:24.289+0000] {processor.py:809} INFO - DAG(s) dict_keys(['dataset_produces_1', 'dataset_consumes_1_never_scheduled', 'dataset_consumes_1_and_2', 'dataset_produces_2', 'dataset_consumes_unknown_never_scheduled', 'dataset_consumes_1']) retrieved from /home/airflow/.local/lib/python3.7/site-packages/airflow/example_dags/example_datasets.py
[2023-05-13T07:43:24.322+0000] {logging_mixin.py:149} INFO - [2023-05-13T07:43:24.322+0000] {dag.py:2726} INFO - Sync 6 DAGs
[2023-05-13T07:43:24.368+0000] {logging_mixin.py:149} INFO - [2023-05-13T07:43:24.368+0000] {dag.py:3490} INFO - Setting next_dagrun for dataset_consumes_1 to None, run_after=None
[2023-05-13T07:43:24.372+0000] {logging_mixin.py:149} INFO - [2023-05-13T07:43:24.372+0000] {dag.py:3490} INFO - Setting next_dagrun for dataset_consumes_1_and_2 to None, run_after=None
[2023-05-13T07:43:24.375+0000] {logging_mixin.py:149} INFO - [2023-05-13T07:43:24.375+0000] {dag.py:3490} INFO - Setting next_dagrun for dataset_consumes_1_never_scheduled to None, run_after=None
[2023-05-13T07:43:24.378+0000] {logging_mixin.py:149} INFO - [2023-05-13T07:43:24.378+0000] {dag.py:3490} INFO - Setting next_dagrun for dataset_consumes_unknown_never_scheduled to None, run_after=None
[2023-05-13T07:43:24.382+0000] {logging_mixin.py:149} INFO - [2023-05-13T07:43:24.382+0000] {dag.py:3490} INFO - Setting next_dagrun for dataset_produces_1 to 2023-05-12T00:00:00+00:00, run_after=2023-05-13T00:00:00+00:00
[2023-05-13T07:43:24.385+0000] {logging_mixin.py:149} INFO - [2023-05-13T07:43:24.385+0000] {dag.py:3490} INFO - Setting next_dagrun for dataset_produces_2 to None, run_after=None
[2023-05-13T07:43:24.446+0000] {processor.py:178} INFO - Processing /home/airflow/.local/lib/python3.7/site-packages/airflow/example_dags/example_datasets.py took 0.188 seconds
[2023-05-13T07:43:54.923+0000] {processor.py:156} INFO - Started process (PID=90) to work on /home/airflow/.local/lib/python3.7/site-packages/airflow/example_dags/example_datasets.py
[2023-05-13T07:43:54.924+0000] {processor.py:799} INFO - Processing file /home/airflow/.local/lib/python3.7/site-packages/airflow/example_dags/example_datasets.py for tasks to queue
[2023-05-13T07:43:54.925+0000] {logging_mixin.py:149} INFO - [2023-05-13T07:43:54.925+0000] {dagbag.py:541} INFO - Filling up the DagBag from /home/airflow/.local/lib/python3.7/site-packages/airflow/example_dags/example_datasets.py
[2023-05-13T07:43:54.934+0000] {processor.py:809} INFO - DAG(s) dict_keys(['dataset_consumes_1', 'dataset_consumes_1_never_scheduled', 'dataset_consumes_1_and_2', 'dataset_produces_2', 'dataset_consumes_unknown_never_scheduled', 'dataset_produces_1']) retrieved from /home/airflow/.local/lib/python3.7/site-packages/airflow/example_dags/example_datasets.py
[2023-05-13T07:43:55.012+0000] {logging_mixin.py:149} INFO - [2023-05-13T07:43:55.011+0000] {dag.py:2726} INFO - Sync 6 DAGs
[2023-05-13T07:43:55.031+0000] {logging_mixin.py:149} INFO - [2023-05-13T07:43:55.031+0000] {dag.py:3490} INFO - Setting next_dagrun for dataset_consumes_1 to None, run_after=None
[2023-05-13T07:43:55.034+0000] {logging_mixin.py:149} INFO - [2023-05-13T07:43:55.034+0000] {dag.py:3490} INFO - Setting next_dagrun for dataset_consumes_1_and_2 to None, run_after=None
[2023-05-13T07:43:55.035+0000] {logging_mixin.py:149} INFO - [2023-05-13T07:43:55.035+0000] {dag.py:3490} INFO - Setting next_dagrun for dataset_consumes_1_never_scheduled to None, run_after=None
[2023-05-13T07:43:55.036+0000] {logging_mixin.py:149} INFO - [2023-05-13T07:43:55.036+0000] {dag.py:3490} INFO - Setting next_dagrun for dataset_consumes_unknown_never_scheduled to None, run_after=None
[2023-05-13T07:43:55.039+0000] {logging_mixin.py:149} INFO - [2023-05-13T07:43:55.039+0000] {dag.py:3490} INFO - Setting next_dagrun for dataset_produces_1 to 2023-05-12T00:00:00+00:00, run_after=2023-05-13T00:00:00+00:00
[2023-05-13T07:43:55.040+0000] {logging_mixin.py:149} INFO - [2023-05-13T07:43:55.040+0000] {dag.py:3490} INFO - Setting next_dagrun for dataset_produces_2 to None, run_after=None
[2023-05-13T07:43:55.067+0000] {processor.py:178} INFO - Processing /home/airflow/.local/lib/python3.7/site-packages/airflow/example_dags/example_datasets.py took 0.147 seconds
[2023-05-13T07:44:25.115+0000] {processor.py:156} INFO - Started process (PID=146) to work on /home/airflow/.local/lib/python3.7/site-packages/airflow/example_dags/example_datasets.py
[2023-05-13T07:44:25.117+0000] {processor.py:799} INFO - Processing file /home/airflow/.local/lib/python3.7/site-packages/airflow/example_dags/example_datasets.py for tasks to queue
[2023-05-13T07:44:25.118+0000] {logging_mixin.py:149} INFO - [2023-05-13T07:44:25.118+0000] {dagbag.py:541} INFO - Filling up the DagBag from /home/airflow/.local/lib/python3.7/site-packages/airflow/example_dags/example_datasets.py
[2023-05-13T07:44:25.127+0000] {processor.py:809} INFO - DAG(s) dict_keys(['dataset_consumes_1', 'dataset_consumes_1_and_2', 'dataset_produces_1', 'dataset_consumes_1_never_scheduled', 'dataset_consumes_unknown_never_scheduled', 'dataset_produces_2']) retrieved from /home/airflow/.local/lib/python3.7/site-packages/airflow/example_dags/example_datasets.py
[2023-05-13T07:44:25.164+0000] {logging_mixin.py:149} INFO - [2023-05-13T07:44:25.164+0000] {dag.py:2726} INFO - Sync 6 DAGs
[2023-05-13T07:44:25.186+0000] {logging_mixin.py:149} INFO - [2023-05-13T07:44:25.186+0000] {dag.py:3490} INFO - Setting next_dagrun for dataset_consumes_1 to None, run_after=None
[2023-05-13T07:44:25.190+0000] {logging_mixin.py:149} INFO - [2023-05-13T07:44:25.189+0000] {dag.py:3490} INFO - Setting next_dagrun for dataset_consumes_1_and_2 to None, run_after=None
[2023-05-13T07:44:25.191+0000] {logging_mixin.py:149} INFO - [2023-05-13T07:44:25.191+0000] {dag.py:3490} INFO - Setting next_dagrun for dataset_consumes_1_never_scheduled to None, run_after=None
[2023-05-13T07:44:25.192+0000] {logging_mixin.py:149} INFO - [2023-05-13T07:44:25.192+0000] {dag.py:3490} INFO - Setting next_dagrun for dataset_consumes_unknown_never_scheduled to None, run_after=None
[2023-05-13T07:44:25.195+0000] {logging_mixin.py:149} INFO - [2023-05-13T07:44:25.195+0000] {dag.py:3490} INFO - Setting next_dagrun for dataset_produces_1 to 2023-05-12T00:00:00+00:00, run_after=2023-05-13T00:00:00+00:00
[2023-05-13T07:44:25.196+0000] {logging_mixin.py:149} INFO - [2023-05-13T07:44:25.196+0000] {dag.py:3490} INFO - Setting next_dagrun for dataset_produces_2 to None, run_after=None
[2023-05-13T07:44:25.221+0000] {processor.py:178} INFO - Processing /home/airflow/.local/lib/python3.7/site-packages/airflow/example_dags/example_datasets.py took 0.109 seconds
[2023-05-13T07:44:55.298+0000] {processor.py:156} INFO - Started process (PID=202) to work on /home/airflow/.local/lib/python3.7/site-packages/airflow/example_dags/example_datasets.py
[2023-05-13T07:44:55.300+0000] {processor.py:799} INFO - Processing file /home/airflow/.local/lib/python3.7/site-packages/airflow/example_dags/example_datasets.py for tasks to queue
[2023-05-13T07:44:55.301+0000] {logging_mixin.py:149} INFO - [2023-05-13T07:44:55.301+0000] {dagbag.py:541} INFO - Filling up the DagBag from /home/airflow/.local/lib/python3.7/site-packages/airflow/example_dags/example_datasets.py
[2023-05-13T07:44:55.309+0000] {processor.py:809} INFO - DAG(s) dict_keys(['dataset_consumes_1_and_2', 'dataset_consumes_unknown_never_scheduled', 'dataset_produces_2', 'dataset_consumes_1_never_scheduled', 'dataset_produces_1', 'dataset_consumes_1']) retrieved from /home/airflow/.local/lib/python3.7/site-packages/airflow/example_dags/example_datasets.py
[2023-05-13T07:44:55.345+0000] {logging_mixin.py:149} INFO - [2023-05-13T07:44:55.345+0000] {dag.py:2726} INFO - Sync 6 DAGs
[2023-05-13T07:44:55.366+0000] {logging_mixin.py:149} INFO - [2023-05-13T07:44:55.366+0000] {dag.py:3490} INFO - Setting next_dagrun for dataset_consumes_1 to None, run_after=None
[2023-05-13T07:44:55.369+0000] {logging_mixin.py:149} INFO - [2023-05-13T07:44:55.369+0000] {dag.py:3490} INFO - Setting next_dagrun for dataset_consumes_1_and_2 to None, run_after=None
[2023-05-13T07:44:55.371+0000] {logging_mixin.py:149} INFO - [2023-05-13T07:44:55.371+0000] {dag.py:3490} INFO - Setting next_dagrun for dataset_consumes_1_never_scheduled to None, run_after=None
[2023-05-13T07:44:55.372+0000] {logging_mixin.py:149} INFO - [2023-05-13T07:44:55.372+0000] {dag.py:3490} INFO - Setting next_dagrun for dataset_consumes_unknown_never_scheduled to None, run_after=None
[2023-05-13T07:44:55.375+0000] {logging_mixin.py:149} INFO - [2023-05-13T07:44:55.375+0000] {dag.py:3490} INFO - Setting next_dagrun for dataset_produces_1 to 2023-05-12T00:00:00+00:00, run_after=2023-05-13T00:00:00+00:00
[2023-05-13T07:44:55.376+0000] {logging_mixin.py:149} INFO - [2023-05-13T07:44:55.376+0000] {dag.py:3490} INFO - Setting next_dagrun for dataset_produces_2 to None, run_after=None
[2023-05-13T07:44:55.400+0000] {processor.py:178} INFO - Processing /home/airflow/.local/lib/python3.7/site-packages/airflow/example_dags/example_datasets.py took 0.105 seconds
[2023-05-13T07:45:25.644+0000] {processor.py:156} INFO - Started process (PID=258) to work on /home/airflow/.local/lib/python3.7/site-packages/airflow/example_dags/example_datasets.py
[2023-05-13T07:45:25.646+0000] {processor.py:799} INFO - Processing file /home/airflow/.local/lib/python3.7/site-packages/airflow/example_dags/example_datasets.py for tasks to queue
[2023-05-13T07:45:25.647+0000] {logging_mixin.py:149} INFO - [2023-05-13T07:45:25.647+0000] {dagbag.py:541} INFO - Filling up the DagBag from /home/airflow/.local/lib/python3.7/site-packages/airflow/example_dags/example_datasets.py
[2023-05-13T07:45:25.655+0000] {processor.py:809} INFO - DAG(s) dict_keys(['dataset_consumes_1_and_2', 'dataset_produces_2', 'dataset_consumes_1', 'dataset_consumes_1_never_scheduled', 'dataset_produces_1', 'dataset_consumes_unknown_never_scheduled']) retrieved from /home/airflow/.local/lib/python3.7/site-packages/airflow/example_dags/example_datasets.py
[2023-05-13T07:45:25.694+0000] {logging_mixin.py:149} INFO - [2023-05-13T07:45:25.693+0000] {dag.py:2726} INFO - Sync 6 DAGs
[2023-05-13T07:45:25.717+0000] {logging_mixin.py:149} INFO - [2023-05-13T07:45:25.717+0000] {dag.py:3490} INFO - Setting next_dagrun for dataset_consumes_1 to None, run_after=None
[2023-05-13T07:45:25.720+0000] {logging_mixin.py:149} INFO - [2023-05-13T07:45:25.720+0000] {dag.py:3490} INFO - Setting next_dagrun for dataset_consumes_1_and_2 to None, run_after=None
[2023-05-13T07:45:25.722+0000] {logging_mixin.py:149} INFO - [2023-05-13T07:45:25.722+0000] {dag.py:3490} INFO - Setting next_dagrun for dataset_consumes_1_never_scheduled to None, run_after=None
[2023-05-13T07:45:25.724+0000] {logging_mixin.py:149} INFO - [2023-05-13T07:45:25.723+0000] {dag.py:3490} INFO - Setting next_dagrun for dataset_consumes_unknown_never_scheduled to None, run_after=None
[2023-05-13T07:45:25.726+0000] {logging_mixin.py:149} INFO - [2023-05-13T07:45:25.726+0000] {dag.py:3490} INFO - Setting next_dagrun for dataset_produces_1 to 2023-05-12T00:00:00+00:00, run_after=2023-05-13T00:00:00+00:00
[2023-05-13T07:45:25.728+0000] {logging_mixin.py:149} INFO - [2023-05-13T07:45:25.728+0000] {dag.py:3490} INFO - Setting next_dagrun for dataset_produces_2 to None, run_after=None
[2023-05-13T07:45:25.752+0000] {processor.py:178} INFO - Processing /home/airflow/.local/lib/python3.7/site-packages/airflow/example_dags/example_datasets.py took 0.111 seconds
[2023-05-13T07:45:55.870+0000] {processor.py:156} INFO - Started process (PID=314) to work on /home/airflow/.local/lib/python3.7/site-packages/airflow/example_dags/example_datasets.py
[2023-05-13T07:45:55.872+0000] {processor.py:799} INFO - Processing file /home/airflow/.local/lib/python3.7/site-packages/airflow/example_dags/example_datasets.py for tasks to queue
[2023-05-13T07:45:55.873+0000] {logging_mixin.py:149} INFO - [2023-05-13T07:45:55.872+0000] {dagbag.py:541} INFO - Filling up the DagBag from /home/airflow/.local/lib/python3.7/site-packages/airflow/example_dags/example_datasets.py
[2023-05-13T07:45:55.881+0000] {processor.py:809} INFO - DAG(s) dict_keys(['dataset_consumes_1_never_scheduled', 'dataset_consumes_1', 'dataset_consumes_unknown_never_scheduled', 'dataset_produces_1', 'dataset_produces_2', 'dataset_consumes_1_and_2']) retrieved from /home/airflow/.local/lib/python3.7/site-packages/airflow/example_dags/example_datasets.py
[2023-05-13T07:45:55.917+0000] {logging_mixin.py:149} INFO - [2023-05-13T07:45:55.917+0000] {dag.py:2726} INFO - Sync 6 DAGs
[2023-05-13T07:45:55.941+0000] {logging_mixin.py:149} INFO - [2023-05-13T07:45:55.941+0000] {dag.py:3490} INFO - Setting next_dagrun for dataset_consumes_1 to None, run_after=None
[2023-05-13T07:45:55.944+0000] {logging_mixin.py:149} INFO - [2023-05-13T07:45:55.944+0000] {dag.py:3490} INFO - Setting next_dagrun for dataset_consumes_1_and_2 to None, run_after=None
[2023-05-13T07:45:55.945+0000] {logging_mixin.py:149} INFO - [2023-05-13T07:45:55.945+0000] {dag.py:3490} INFO - Setting next_dagrun for dataset_consumes_1_never_scheduled to None, run_after=None
[2023-05-13T07:45:55.946+0000] {logging_mixin.py:149} INFO - [2023-05-13T07:45:55.946+0000] {dag.py:3490} INFO - Setting next_dagrun for dataset_consumes_unknown_never_scheduled to None, run_after=None
[2023-05-13T07:45:55.949+0000] {logging_mixin.py:149} INFO - [2023-05-13T07:45:55.949+0000] {dag.py:3490} INFO - Setting next_dagrun for dataset_produces_1 to 2023-05-12T00:00:00+00:00, run_after=2023-05-13T00:00:00+00:00
[2023-05-13T07:45:55.951+0000] {logging_mixin.py:149} INFO - [2023-05-13T07:45:55.950+0000] {dag.py:3490} INFO - Setting next_dagrun for dataset_produces_2 to None, run_after=None
[2023-05-13T07:45:55.982+0000] {processor.py:178} INFO - Processing /home/airflow/.local/lib/python3.7/site-packages/airflow/example_dags/example_datasets.py took 0.116 seconds
[2023-05-13T07:46:26.031+0000] {processor.py:156} INFO - Started process (PID=370) to work on /home/airflow/.local/lib/python3.7/site-packages/airflow/example_dags/example_datasets.py
[2023-05-13T07:46:26.032+0000] {processor.py:799} INFO - Processing file /home/airflow/.local/lib/python3.7/site-packages/airflow/example_dags/example_datasets.py for tasks to queue
[2023-05-13T07:46:26.033+0000] {logging_mixin.py:149} INFO - [2023-05-13T07:46:26.033+0000] {dagbag.py:541} INFO - Filling up the DagBag from /home/airflow/.local/lib/python3.7/site-packages/airflow/example_dags/example_datasets.py
[2023-05-13T07:46:26.041+0000] {processor.py:809} INFO - DAG(s) dict_keys(['dataset_consumes_1', 'dataset_produces_2', 'dataset_consumes_1_and_2', 'dataset_consumes_unknown_never_scheduled', 'dataset_consumes_1_never_scheduled', 'dataset_produces_1']) retrieved from /home/airflow/.local/lib/python3.7/site-packages/airflow/example_dags/example_datasets.py
[2023-05-13T07:46:26.077+0000] {logging_mixin.py:149} INFO - [2023-05-13T07:46:26.077+0000] {dag.py:2726} INFO - Sync 6 DAGs
[2023-05-13T07:46:26.100+0000] {logging_mixin.py:149} INFO - [2023-05-13T07:46:26.099+0000] {dag.py:3490} INFO - Setting next_dagrun for dataset_consumes_1 to None, run_after=None
[2023-05-13T07:46:26.103+0000] {logging_mixin.py:149} INFO - [2023-05-13T07:46:26.102+0000] {dag.py:3490} INFO - Setting next_dagrun for dataset_consumes_1_and_2 to None, run_after=None
[2023-05-13T07:46:26.104+0000] {logging_mixin.py:149} INFO - [2023-05-13T07:46:26.104+0000] {dag.py:3490} INFO - Setting next_dagrun for dataset_consumes_1_never_scheduled to None, run_after=None
[2023-05-13T07:46:26.105+0000] {logging_mixin.py:149} INFO - [2023-05-13T07:46:26.105+0000] {dag.py:3490} INFO - Setting next_dagrun for dataset_consumes_unknown_never_scheduled to None, run_after=None
[2023-05-13T07:46:26.108+0000] {logging_mixin.py:149} INFO - [2023-05-13T07:46:26.108+0000] {dag.py:3490} INFO - Setting next_dagrun for dataset_produces_1 to 2023-05-12T00:00:00+00:00, run_after=2023-05-13T00:00:00+00:00
[2023-05-13T07:46:26.109+0000] {logging_mixin.py:149} INFO - [2023-05-13T07:46:26.109+0000] {dag.py:3490} INFO - Setting next_dagrun for dataset_produces_2 to None, run_after=None
[2023-05-13T07:46:26.139+0000] {processor.py:178} INFO - Processing /home/airflow/.local/lib/python3.7/site-packages/airflow/example_dags/example_datasets.py took 0.111 seconds
[2023-05-13T07:46:56.196+0000] {processor.py:156} INFO - Started process (PID=425) to work on /home/airflow/.local/lib/python3.7/site-packages/airflow/example_dags/example_datasets.py
[2023-05-13T07:46:56.198+0000] {processor.py:799} INFO - Processing file /home/airflow/.local/lib/python3.7/site-packages/airflow/example_dags/example_datasets.py for tasks to queue
[2023-05-13T07:46:56.199+0000] {logging_mixin.py:149} INFO - [2023-05-13T07:46:56.199+0000] {dagbag.py:541} INFO - Filling up the DagBag from /home/airflow/.local/lib/python3.7/site-packages/airflow/example_dags/example_datasets.py
[2023-05-13T07:46:56.208+0000] {processor.py:809} INFO - DAG(s) dict_keys(['dataset_produces_1', 'dataset_consumes_1_never_scheduled', 'dataset_produces_2', 'dataset_consumes_1', 'dataset_consumes_unknown_never_scheduled', 'dataset_consumes_1_and_2']) retrieved from /home/airflow/.local/lib/python3.7/site-packages/airflow/example_dags/example_datasets.py
[2023-05-13T07:46:56.252+0000] {logging_mixin.py:149} INFO - [2023-05-13T07:46:56.252+0000] {dag.py:2726} INFO - Sync 6 DAGs
[2023-05-13T07:46:56.274+0000] {logging_mixin.py:149} INFO - [2023-05-13T07:46:56.274+0000] {dag.py:3490} INFO - Setting next_dagrun for dataset_consumes_1 to None, run_after=None
[2023-05-13T07:46:56.278+0000] {logging_mixin.py:149} INFO - [2023-05-13T07:46:56.278+0000] {dag.py:3490} INFO - Setting next_dagrun for dataset_consumes_1_and_2 to None, run_after=None
[2023-05-13T07:46:56.280+0000] {logging_mixin.py:149} INFO - [2023-05-13T07:46:56.279+0000] {dag.py:3490} INFO - Setting next_dagrun for dataset_consumes_1_never_scheduled to None, run_after=None
[2023-05-13T07:46:56.281+0000] {logging_mixin.py:149} INFO - [2023-05-13T07:46:56.281+0000] {dag.py:3490} INFO - Setting next_dagrun for dataset_consumes_unknown_never_scheduled to None, run_after=None
[2023-05-13T07:46:56.284+0000] {logging_mixin.py:149} INFO - [2023-05-13T07:46:56.284+0000] {dag.py:3490} INFO - Setting next_dagrun for dataset_produces_1 to 2023-05-12T00:00:00+00:00, run_after=2023-05-13T00:00:00+00:00
[2023-05-13T07:46:56.285+0000] {logging_mixin.py:149} INFO - [2023-05-13T07:46:56.285+0000] {dag.py:3490} INFO - Setting next_dagrun for dataset_produces_2 to None, run_after=None
[2023-05-13T07:46:56.323+0000] {processor.py:178} INFO - Processing /home/airflow/.local/lib/python3.7/site-packages/airflow/example_dags/example_datasets.py took 0.131 seconds
[2023-05-13T07:47:26.364+0000] {processor.py:156} INFO - Started process (PID=481) to work on /home/airflow/.local/lib/python3.7/site-packages/airflow/example_dags/example_datasets.py
[2023-05-13T07:47:26.365+0000] {processor.py:799} INFO - Processing file /home/airflow/.local/lib/python3.7/site-packages/airflow/example_dags/example_datasets.py for tasks to queue
[2023-05-13T07:47:26.366+0000] {logging_mixin.py:149} INFO - [2023-05-13T07:47:26.366+0000] {dagbag.py:541} INFO - Filling up the DagBag from /home/airflow/.local/lib/python3.7/site-packages/airflow/example_dags/example_datasets.py
[2023-05-13T07:47:26.374+0000] {processor.py:809} INFO - DAG(s) dict_keys(['dataset_consumes_unknown_never_scheduled', 'dataset_consumes_1', 'dataset_produces_2', 'dataset_produces_1', 'dataset_consumes_1_and_2', 'dataset_consumes_1_never_scheduled']) retrieved from /home/airflow/.local/lib/python3.7/site-packages/airflow/example_dags/example_datasets.py
[2023-05-13T07:47:26.409+0000] {logging_mixin.py:149} INFO - [2023-05-13T07:47:26.409+0000] {dag.py:2726} INFO - Sync 6 DAGs
[2023-05-13T07:47:26.431+0000] {logging_mixin.py:149} INFO - [2023-05-13T07:47:26.431+0000] {dag.py:3490} INFO - Setting next_dagrun for dataset_consumes_1 to None, run_after=None
[2023-05-13T07:47:26.434+0000] {logging_mixin.py:149} INFO - [2023-05-13T07:47:26.434+0000] {dag.py:3490} INFO - Setting next_dagrun for dataset_consumes_1_and_2 to None, run_after=None
[2023-05-13T07:47:26.435+0000] {logging_mixin.py:149} INFO - [2023-05-13T07:47:26.435+0000] {dag.py:3490} INFO - Setting next_dagrun for dataset_consumes_1_never_scheduled to None, run_after=None
[2023-05-13T07:47:26.436+0000] {logging_mixin.py:149} INFO - [2023-05-13T07:47:26.436+0000] {dag.py:3490} INFO - Setting next_dagrun for dataset_consumes_unknown_never_scheduled to None, run_after=None
[2023-05-13T07:47:26.439+0000] {logging_mixin.py:149} INFO - [2023-05-13T07:47:26.439+0000] {dag.py:3490} INFO - Setting next_dagrun for dataset_produces_1 to 2023-05-12T00:00:00+00:00, run_after=2023-05-13T00:00:00+00:00
[2023-05-13T07:47:26.440+0000] {logging_mixin.py:149} INFO - [2023-05-13T07:47:26.440+0000] {dag.py:3490} INFO - Setting next_dagrun for dataset_produces_2 to None, run_after=None
[2023-05-13T07:47:26.463+0000] {processor.py:178} INFO - Processing /home/airflow/.local/lib/python3.7/site-packages/airflow/example_dags/example_datasets.py took 0.103 seconds
[2023-05-13T07:47:56.617+0000] {processor.py:156} INFO - Started process (PID=537) to work on /home/airflow/.local/lib/python3.7/site-packages/airflow/example_dags/example_datasets.py
[2023-05-13T07:47:56.619+0000] {processor.py:799} INFO - Processing file /home/airflow/.local/lib/python3.7/site-packages/airflow/example_dags/example_datasets.py for tasks to queue
[2023-05-13T07:47:56.619+0000] {logging_mixin.py:149} INFO - [2023-05-13T07:47:56.619+0000] {dagbag.py:541} INFO - Filling up the DagBag from /home/airflow/.local/lib/python3.7/site-packages/airflow/example_dags/example_datasets.py
[2023-05-13T07:47:56.628+0000] {processor.py:809} INFO - DAG(s) dict_keys(['dataset_consumes_1_never_scheduled', 'dataset_produces_1', 'dataset_consumes_1', 'dataset_consumes_unknown_never_scheduled', 'dataset_consumes_1_and_2', 'dataset_produces_2']) retrieved from /home/airflow/.local/lib/python3.7/site-packages/airflow/example_dags/example_datasets.py
[2023-05-13T07:47:56.664+0000] {logging_mixin.py:149} INFO - [2023-05-13T07:47:56.664+0000] {dag.py:2726} INFO - Sync 6 DAGs
[2023-05-13T07:47:56.686+0000] {logging_mixin.py:149} INFO - [2023-05-13T07:47:56.686+0000] {dag.py:3490} INFO - Setting next_dagrun for dataset_consumes_1 to None, run_after=None
[2023-05-13T07:47:56.689+0000] {logging_mixin.py:149} INFO - [2023-05-13T07:47:56.689+0000] {dag.py:3490} INFO - Setting next_dagrun for dataset_consumes_1_and_2 to None, run_after=None
[2023-05-13T07:47:56.690+0000] {logging_mixin.py:149} INFO - [2023-05-13T07:47:56.690+0000] {dag.py:3490} INFO - Setting next_dagrun for dataset_consumes_1_never_scheduled to None, run_after=None
[2023-05-13T07:47:56.691+0000] {logging_mixin.py:149} INFO - [2023-05-13T07:47:56.691+0000] {dag.py:3490} INFO - Setting next_dagrun for dataset_consumes_unknown_never_scheduled to None, run_after=None
[2023-05-13T07:47:56.694+0000] {logging_mixin.py:149} INFO - [2023-05-13T07:47:56.693+0000] {dag.py:3490} INFO - Setting next_dagrun for dataset_produces_1 to 2023-05-12T00:00:00+00:00, run_after=2023-05-13T00:00:00+00:00
[2023-05-13T07:47:56.695+0000] {logging_mixin.py:149} INFO - [2023-05-13T07:47:56.695+0000] {dag.py:3490} INFO - Setting next_dagrun for dataset_produces_2 to None, run_after=None
[2023-05-13T07:47:56.720+0000] {processor.py:178} INFO - Processing /home/airflow/.local/lib/python3.7/site-packages/airflow/example_dags/example_datasets.py took 0.107 seconds
