[2023-05-13T07:43:23.761+0000] {processor.py:156} INFO - Started process (PID=32) to work on /home/airflow/.local/lib/python3.7/site-packages/airflow/example_dags/example_short_circuit_decorator.py
[2023-05-13T07:43:23.775+0000] {processor.py:799} INFO - Processing file /home/airflow/.local/lib/python3.7/site-packages/airflow/example_dags/example_short_circuit_decorator.py for tasks to queue
[2023-05-13T07:43:23.777+0000] {logging_mixin.py:149} INFO - [2023-05-13T07:43:23.776+0000] {dagbag.py:541} INFO - Filling up the DagBag from /home/airflow/.local/lib/python3.7/site-packages/airflow/example_dags/example_short_circuit_decorator.py
[2023-05-13T07:43:24.118+0000] {processor.py:809} INFO - DAG(s) dict_keys(['example_short_circuit_decorator']) retrieved from /home/airflow/.local/lib/python3.7/site-packages/airflow/example_dags/example_short_circuit_decorator.py
[2023-05-13T07:43:24.153+0000] {logging_mixin.py:149} INFO - [2023-05-13T07:43:24.152+0000] {dag.py:2726} INFO - Sync 1 DAGs
[2023-05-13T07:43:24.180+0000] {logging_mixin.py:149} INFO - [2023-05-13T07:43:24.180+0000] {dag.py:3490} INFO - Setting next_dagrun for example_short_circuit_decorator to 2023-05-12T07:43:24.179973+00:00, run_after=2023-05-13T07:43:24.179973+00:00
[2023-05-13T07:43:24.203+0000] {processor.py:178} INFO - Processing /home/airflow/.local/lib/python3.7/site-packages/airflow/example_dags/example_short_circuit_decorator.py took 0.456 seconds
[2023-05-13T07:43:54.814+0000] {processor.py:156} INFO - Started process (PID=88) to work on /home/airflow/.local/lib/python3.7/site-packages/airflow/example_dags/example_short_circuit_decorator.py
[2023-05-13T07:43:54.815+0000] {processor.py:799} INFO - Processing file /home/airflow/.local/lib/python3.7/site-packages/airflow/example_dags/example_short_circuit_decorator.py for tasks to queue
[2023-05-13T07:43:54.816+0000] {logging_mixin.py:149} INFO - [2023-05-13T07:43:54.816+0000] {dagbag.py:541} INFO - Filling up the DagBag from /home/airflow/.local/lib/python3.7/site-packages/airflow/example_dags/example_short_circuit_decorator.py
[2023-05-13T07:43:54.827+0000] {processor.py:809} INFO - DAG(s) dict_keys(['example_short_circuit_decorator']) retrieved from /home/airflow/.local/lib/python3.7/site-packages/airflow/example_dags/example_short_circuit_decorator.py
[2023-05-13T07:43:54.856+0000] {logging_mixin.py:149} INFO - [2023-05-13T07:43:54.856+0000] {dag.py:2726} INFO - Sync 1 DAGs
[2023-05-13T07:43:54.880+0000] {logging_mixin.py:149} INFO - [2023-05-13T07:43:54.880+0000] {dag.py:3490} INFO - Setting next_dagrun for example_short_circuit_decorator to 2023-05-12T07:43:54.880387+00:00, run_after=2023-05-13T07:43:54.880387+00:00
[2023-05-13T07:43:54.895+0000] {processor.py:178} INFO - Processing /home/airflow/.local/lib/python3.7/site-packages/airflow/example_dags/example_short_circuit_decorator.py took 0.086 seconds
[2023-05-13T07:44:25.008+0000] {processor.py:156} INFO - Started process (PID=144) to work on /home/airflow/.local/lib/python3.7/site-packages/airflow/example_dags/example_short_circuit_decorator.py
[2023-05-13T07:44:25.009+0000] {processor.py:799} INFO - Processing file /home/airflow/.local/lib/python3.7/site-packages/airflow/example_dags/example_short_circuit_decorator.py for tasks to queue
[2023-05-13T07:44:25.010+0000] {logging_mixin.py:149} INFO - [2023-05-13T07:44:25.010+0000] {dagbag.py:541} INFO - Filling up the DagBag from /home/airflow/.local/lib/python3.7/site-packages/airflow/example_dags/example_short_circuit_decorator.py
[2023-05-13T07:44:25.019+0000] {processor.py:809} INFO - DAG(s) dict_keys(['example_short_circuit_decorator']) retrieved from /home/airflow/.local/lib/python3.7/site-packages/airflow/example_dags/example_short_circuit_decorator.py
[2023-05-13T07:44:25.050+0000] {logging_mixin.py:149} INFO - [2023-05-13T07:44:25.050+0000] {dag.py:2726} INFO - Sync 1 DAGs
[2023-05-13T07:44:25.072+0000] {logging_mixin.py:149} INFO - [2023-05-13T07:44:25.072+0000] {dag.py:3490} INFO - Setting next_dagrun for example_short_circuit_decorator to 2023-05-12T07:44:25.071713+00:00, run_after=2023-05-13T07:44:25.071713+00:00
[2023-05-13T07:44:25.090+0000] {processor.py:178} INFO - Processing /home/airflow/.local/lib/python3.7/site-packages/airflow/example_dags/example_short_circuit_decorator.py took 0.086 seconds
[2023-05-13T07:44:55.198+0000] {processor.py:156} INFO - Started process (PID=200) to work on /home/airflow/.local/lib/python3.7/site-packages/airflow/example_dags/example_short_circuit_decorator.py
[2023-05-13T07:44:55.200+0000] {processor.py:799} INFO - Processing file /home/airflow/.local/lib/python3.7/site-packages/airflow/example_dags/example_short_circuit_decorator.py for tasks to queue
[2023-05-13T07:44:55.201+0000] {logging_mixin.py:149} INFO - [2023-05-13T07:44:55.201+0000] {dagbag.py:541} INFO - Filling up the DagBag from /home/airflow/.local/lib/python3.7/site-packages/airflow/example_dags/example_short_circuit_decorator.py
[2023-05-13T07:44:55.210+0000] {processor.py:809} INFO - DAG(s) dict_keys(['example_short_circuit_decorator']) retrieved from /home/airflow/.local/lib/python3.7/site-packages/airflow/example_dags/example_short_circuit_decorator.py
[2023-05-13T07:44:55.237+0000] {logging_mixin.py:149} INFO - [2023-05-13T07:44:55.237+0000] {dag.py:2726} INFO - Sync 1 DAGs
[2023-05-13T07:44:55.259+0000] {logging_mixin.py:149} INFO - [2023-05-13T07:44:55.258+0000] {dag.py:3490} INFO - Setting next_dagrun for example_short_circuit_decorator to 2023-05-12T07:44:55.258627+00:00, run_after=2023-05-13T07:44:55.258627+00:00
[2023-05-13T07:44:55.273+0000] {processor.py:178} INFO - Processing /home/airflow/.local/lib/python3.7/site-packages/airflow/example_dags/example_short_circuit_decorator.py took 0.079 seconds
[2023-05-13T07:45:25.539+0000] {processor.py:156} INFO - Started process (PID=256) to work on /home/airflow/.local/lib/python3.7/site-packages/airflow/example_dags/example_short_circuit_decorator.py
[2023-05-13T07:45:25.540+0000] {processor.py:799} INFO - Processing file /home/airflow/.local/lib/python3.7/site-packages/airflow/example_dags/example_short_circuit_decorator.py for tasks to queue
[2023-05-13T07:45:25.541+0000] {logging_mixin.py:149} INFO - [2023-05-13T07:45:25.541+0000] {dagbag.py:541} INFO - Filling up the DagBag from /home/airflow/.local/lib/python3.7/site-packages/airflow/example_dags/example_short_circuit_decorator.py
[2023-05-13T07:45:25.551+0000] {processor.py:809} INFO - DAG(s) dict_keys(['example_short_circuit_decorator']) retrieved from /home/airflow/.local/lib/python3.7/site-packages/airflow/example_dags/example_short_circuit_decorator.py
[2023-05-13T07:45:25.580+0000] {logging_mixin.py:149} INFO - [2023-05-13T07:45:25.580+0000] {dag.py:2726} INFO - Sync 1 DAGs
[2023-05-13T07:45:25.603+0000] {logging_mixin.py:149} INFO - [2023-05-13T07:45:25.602+0000] {dag.py:3490} INFO - Setting next_dagrun for example_short_circuit_decorator to 2023-05-12T07:45:25.602579+00:00, run_after=2023-05-13T07:45:25.602579+00:00
[2023-05-13T07:45:25.617+0000] {processor.py:178} INFO - Processing /home/airflow/.local/lib/python3.7/site-packages/airflow/example_dags/example_short_circuit_decorator.py took 0.082 seconds
[2023-05-13T07:45:55.673+0000] {processor.py:156} INFO - Started process (PID=312) to work on /home/airflow/.local/lib/python3.7/site-packages/airflow/example_dags/example_short_circuit_decorator.py
[2023-05-13T07:45:55.674+0000] {processor.py:799} INFO - Processing file /home/airflow/.local/lib/python3.7/site-packages/airflow/example_dags/example_short_circuit_decorator.py for tasks to queue
[2023-05-13T07:45:55.675+0000] {logging_mixin.py:149} INFO - [2023-05-13T07:45:55.675+0000] {dagbag.py:541} INFO - Filling up the DagBag from /home/airflow/.local/lib/python3.7/site-packages/airflow/example_dags/example_short_circuit_decorator.py
[2023-05-13T07:45:55.684+0000] {processor.py:809} INFO - DAG(s) dict_keys(['example_short_circuit_decorator']) retrieved from /home/airflow/.local/lib/python3.7/site-packages/airflow/example_dags/example_short_circuit_decorator.py
[2023-05-13T07:45:55.711+0000] {logging_mixin.py:149} INFO - [2023-05-13T07:45:55.711+0000] {dag.py:2726} INFO - Sync 1 DAGs
[2023-05-13T07:45:55.732+0000] {logging_mixin.py:149} INFO - [2023-05-13T07:45:55.732+0000] {dag.py:3490} INFO - Setting next_dagrun for example_short_circuit_decorator to 2023-05-12T07:45:55.732581+00:00, run_after=2023-05-13T07:45:55.732581+00:00
[2023-05-13T07:45:55.747+0000] {processor.py:178} INFO - Processing /home/airflow/.local/lib/python3.7/site-packages/airflow/example_dags/example_short_circuit_decorator.py took 0.077 seconds
[2023-05-13T07:46:25.930+0000] {processor.py:156} INFO - Started process (PID=368) to work on /home/airflow/.local/lib/python3.7/site-packages/airflow/example_dags/example_short_circuit_decorator.py
[2023-05-13T07:46:25.932+0000] {processor.py:799} INFO - Processing file /home/airflow/.local/lib/python3.7/site-packages/airflow/example_dags/example_short_circuit_decorator.py for tasks to queue
[2023-05-13T07:46:25.932+0000] {logging_mixin.py:149} INFO - [2023-05-13T07:46:25.932+0000] {dagbag.py:541} INFO - Filling up the DagBag from /home/airflow/.local/lib/python3.7/site-packages/airflow/example_dags/example_short_circuit_decorator.py
[2023-05-13T07:46:25.942+0000] {processor.py:809} INFO - DAG(s) dict_keys(['example_short_circuit_decorator']) retrieved from /home/airflow/.local/lib/python3.7/site-packages/airflow/example_dags/example_short_circuit_decorator.py
[2023-05-13T07:46:25.968+0000] {logging_mixin.py:149} INFO - [2023-05-13T07:46:25.968+0000] {dag.py:2726} INFO - Sync 1 DAGs
[2023-05-13T07:46:25.989+0000] {logging_mixin.py:149} INFO - [2023-05-13T07:46:25.989+0000] {dag.py:3490} INFO - Setting next_dagrun for example_short_circuit_decorator to 2023-05-12T07:46:25.989463+00:00, run_after=2023-05-13T07:46:25.989463+00:00
[2023-05-13T07:46:26.005+0000] {processor.py:178} INFO - Processing /home/airflow/.local/lib/python3.7/site-packages/airflow/example_dags/example_short_circuit_decorator.py took 0.078 seconds
[2023-05-13T07:46:56.064+0000] {processor.py:156} INFO - Started process (PID=423) to work on /home/airflow/.local/lib/python3.7/site-packages/airflow/example_dags/example_short_circuit_decorator.py
[2023-05-13T07:46:56.065+0000] {processor.py:799} INFO - Processing file /home/airflow/.local/lib/python3.7/site-packages/airflow/example_dags/example_short_circuit_decorator.py for tasks to queue
[2023-05-13T07:46:56.066+0000] {logging_mixin.py:149} INFO - [2023-05-13T07:46:56.066+0000] {dagbag.py:541} INFO - Filling up the DagBag from /home/airflow/.local/lib/python3.7/site-packages/airflow/example_dags/example_short_circuit_decorator.py
[2023-05-13T07:46:56.076+0000] {processor.py:809} INFO - DAG(s) dict_keys(['example_short_circuit_decorator']) retrieved from /home/airflow/.local/lib/python3.7/site-packages/airflow/example_dags/example_short_circuit_decorator.py
[2023-05-13T07:46:56.109+0000] {logging_mixin.py:149} INFO - [2023-05-13T07:46:56.108+0000] {dag.py:2726} INFO - Sync 1 DAGs
[2023-05-13T07:46:56.141+0000] {logging_mixin.py:149} INFO - [2023-05-13T07:46:56.141+0000] {dag.py:3490} INFO - Setting next_dagrun for example_short_circuit_decorator to 2023-05-12T07:46:56.141061+00:00, run_after=2023-05-13T07:46:56.141061+00:00
[2023-05-13T07:46:56.162+0000] {processor.py:178} INFO - Processing /home/airflow/.local/lib/python3.7/site-packages/airflow/example_dags/example_short_circuit_decorator.py took 0.102 seconds
[2023-05-13T07:47:26.218+0000] {processor.py:156} INFO - Started process (PID=479) to work on /home/airflow/.local/lib/python3.7/site-packages/airflow/example_dags/example_short_circuit_decorator.py
[2023-05-13T07:47:26.220+0000] {processor.py:799} INFO - Processing file /home/airflow/.local/lib/python3.7/site-packages/airflow/example_dags/example_short_circuit_decorator.py for tasks to queue
[2023-05-13T07:47:26.221+0000] {logging_mixin.py:149} INFO - [2023-05-13T07:47:26.220+0000] {dagbag.py:541} INFO - Filling up the DagBag from /home/airflow/.local/lib/python3.7/site-packages/airflow/example_dags/example_short_circuit_decorator.py
[2023-05-13T07:47:26.230+0000] {processor.py:809} INFO - DAG(s) dict_keys(['example_short_circuit_decorator']) retrieved from /home/airflow/.local/lib/python3.7/site-packages/airflow/example_dags/example_short_circuit_decorator.py
[2023-05-13T07:47:26.257+0000] {logging_mixin.py:149} INFO - [2023-05-13T07:47:26.257+0000] {dag.py:2726} INFO - Sync 1 DAGs
[2023-05-13T07:47:26.279+0000] {logging_mixin.py:149} INFO - [2023-05-13T07:47:26.279+0000] {dag.py:3490} INFO - Setting next_dagrun for example_short_circuit_decorator to 2023-05-12T07:47:26.278846+00:00, run_after=2023-05-13T07:47:26.278846+00:00
[2023-05-13T07:47:26.295+0000] {processor.py:178} INFO - Processing /home/airflow/.local/lib/python3.7/site-packages/airflow/example_dags/example_short_circuit_decorator.py took 0.081 seconds
[2023-05-13T07:47:56.509+0000] {processor.py:156} INFO - Started process (PID=535) to work on /home/airflow/.local/lib/python3.7/site-packages/airflow/example_dags/example_short_circuit_decorator.py
[2023-05-13T07:47:56.511+0000] {processor.py:799} INFO - Processing file /home/airflow/.local/lib/python3.7/site-packages/airflow/example_dags/example_short_circuit_decorator.py for tasks to queue
[2023-05-13T07:47:56.512+0000] {logging_mixin.py:149} INFO - [2023-05-13T07:47:56.512+0000] {dagbag.py:541} INFO - Filling up the DagBag from /home/airflow/.local/lib/python3.7/site-packages/airflow/example_dags/example_short_circuit_decorator.py
[2023-05-13T07:47:56.523+0000] {processor.py:809} INFO - DAG(s) dict_keys(['example_short_circuit_decorator']) retrieved from /home/airflow/.local/lib/python3.7/site-packages/airflow/example_dags/example_short_circuit_decorator.py
[2023-05-13T07:47:56.553+0000] {logging_mixin.py:149} INFO - [2023-05-13T07:47:56.552+0000] {dag.py:2726} INFO - Sync 1 DAGs
[2023-05-13T07:47:56.576+0000] {logging_mixin.py:149} INFO - [2023-05-13T07:47:56.576+0000] {dag.py:3490} INFO - Setting next_dagrun for example_short_circuit_decorator to 2023-05-12T07:47:56.576118+00:00, run_after=2023-05-13T07:47:56.576118+00:00
[2023-05-13T07:47:56.591+0000] {processor.py:178} INFO - Processing /home/airflow/.local/lib/python3.7/site-packages/airflow/example_dags/example_short_circuit_decorator.py took 0.085 seconds
