[2023-05-13T07:43:24.423+0000] {processor.py:156} INFO - Started process (PID=35) to work on /home/airflow/.local/lib/python3.7/site-packages/airflow/example_dags/example_branch_operator.py
[2023-05-13T07:43:24.425+0000] {processor.py:799} INFO - Processing file /home/airflow/.local/lib/python3.7/site-packages/airflow/example_dags/example_branch_operator.py for tasks to queue
[2023-05-13T07:43:24.427+0000] {logging_mixin.py:149} INFO - [2023-05-13T07:43:24.427+0000] {dagbag.py:541} INFO - Filling up the DagBag from /home/airflow/.local/lib/python3.7/site-packages/airflow/example_dags/example_branch_operator.py
[2023-05-13T07:43:24.448+0000] {processor.py:809} INFO - DAG(s) dict_keys(['example_branch_operator']) retrieved from /home/airflow/.local/lib/python3.7/site-packages/airflow/example_dags/example_branch_operator.py
[2023-05-13T07:43:24.482+0000] {logging_mixin.py:149} INFO - [2023-05-13T07:43:24.481+0000] {dag.py:2726} INFO - Sync 1 DAGs
[2023-05-13T07:43:24.526+0000] {logging_mixin.py:149} INFO - [2023-05-13T07:43:24.526+0000] {dag.py:3490} INFO - Setting next_dagrun for example_branch_operator to 2023-05-12T00:00:00+00:00, run_after=2023-05-13T00:00:00+00:00
[2023-05-13T07:43:24.551+0000] {processor.py:178} INFO - Processing /home/airflow/.local/lib/python3.7/site-packages/airflow/example_dags/example_branch_operator.py took 0.133 seconds
[2023-05-13T07:43:54.966+0000] {processor.py:156} INFO - Started process (PID=91) to work on /home/airflow/.local/lib/python3.7/site-packages/airflow/example_dags/example_branch_operator.py
[2023-05-13T07:43:54.968+0000] {processor.py:799} INFO - Processing file /home/airflow/.local/lib/python3.7/site-packages/airflow/example_dags/example_branch_operator.py for tasks to queue
[2023-05-13T07:43:54.969+0000] {logging_mixin.py:149} INFO - [2023-05-13T07:43:54.969+0000] {dagbag.py:541} INFO - Filling up the DagBag from /home/airflow/.local/lib/python3.7/site-packages/airflow/example_dags/example_branch_operator.py
[2023-05-13T07:43:54.977+0000] {processor.py:809} INFO - DAG(s) dict_keys(['example_branch_operator']) retrieved from /home/airflow/.local/lib/python3.7/site-packages/airflow/example_dags/example_branch_operator.py
[2023-05-13T07:43:55.004+0000] {logging_mixin.py:149} INFO - [2023-05-13T07:43:55.004+0000] {dag.py:2726} INFO - Sync 1 DAGs
[2023-05-13T07:43:55.027+0000] {logging_mixin.py:149} INFO - [2023-05-13T07:43:55.027+0000] {dag.py:3490} INFO - Setting next_dagrun for example_branch_operator to 2023-05-12T00:00:00+00:00, run_after=2023-05-13T00:00:00+00:00
[2023-05-13T07:43:55.042+0000] {processor.py:178} INFO - Processing /home/airflow/.local/lib/python3.7/site-packages/airflow/example_dags/example_branch_operator.py took 0.079 seconds
[2023-05-13T07:44:25.153+0000] {processor.py:156} INFO - Started process (PID=147) to work on /home/airflow/.local/lib/python3.7/site-packages/airflow/example_dags/example_branch_operator.py
[2023-05-13T07:44:25.154+0000] {processor.py:799} INFO - Processing file /home/airflow/.local/lib/python3.7/site-packages/airflow/example_dags/example_branch_operator.py for tasks to queue
[2023-05-13T07:44:25.155+0000] {logging_mixin.py:149} INFO - [2023-05-13T07:44:25.155+0000] {dagbag.py:541} INFO - Filling up the DagBag from /home/airflow/.local/lib/python3.7/site-packages/airflow/example_dags/example_branch_operator.py
[2023-05-13T07:44:25.164+0000] {processor.py:809} INFO - DAG(s) dict_keys(['example_branch_operator']) retrieved from /home/airflow/.local/lib/python3.7/site-packages/airflow/example_dags/example_branch_operator.py
[2023-05-13T07:44:25.191+0000] {logging_mixin.py:149} INFO - [2023-05-13T07:44:25.191+0000] {dag.py:2726} INFO - Sync 1 DAGs
[2023-05-13T07:44:25.212+0000] {logging_mixin.py:149} INFO - [2023-05-13T07:44:25.212+0000] {dag.py:3490} INFO - Setting next_dagrun for example_branch_operator to 2023-05-12T00:00:00+00:00, run_after=2023-05-13T00:00:00+00:00
[2023-05-13T07:44:25.227+0000] {processor.py:178} INFO - Processing /home/airflow/.local/lib/python3.7/site-packages/airflow/example_dags/example_branch_operator.py took 0.078 seconds
[2023-05-13T07:44:55.336+0000] {processor.py:156} INFO - Started process (PID=203) to work on /home/airflow/.local/lib/python3.7/site-packages/airflow/example_dags/example_branch_operator.py
[2023-05-13T07:44:55.337+0000] {processor.py:799} INFO - Processing file /home/airflow/.local/lib/python3.7/site-packages/airflow/example_dags/example_branch_operator.py for tasks to queue
[2023-05-13T07:44:55.338+0000] {logging_mixin.py:149} INFO - [2023-05-13T07:44:55.338+0000] {dagbag.py:541} INFO - Filling up the DagBag from /home/airflow/.local/lib/python3.7/site-packages/airflow/example_dags/example_branch_operator.py
[2023-05-13T07:44:55.346+0000] {processor.py:809} INFO - DAG(s) dict_keys(['example_branch_operator']) retrieved from /home/airflow/.local/lib/python3.7/site-packages/airflow/example_dags/example_branch_operator.py
[2023-05-13T07:44:55.373+0000] {logging_mixin.py:149} INFO - [2023-05-13T07:44:55.373+0000] {dag.py:2726} INFO - Sync 1 DAGs
[2023-05-13T07:44:55.394+0000] {logging_mixin.py:149} INFO - [2023-05-13T07:44:55.394+0000] {dag.py:3490} INFO - Setting next_dagrun for example_branch_operator to 2023-05-12T00:00:00+00:00, run_after=2023-05-13T00:00:00+00:00
[2023-05-13T07:44:55.408+0000] {processor.py:178} INFO - Processing /home/airflow/.local/lib/python3.7/site-packages/airflow/example_dags/example_branch_operator.py took 0.076 seconds
[2023-05-13T07:45:25.685+0000] {processor.py:156} INFO - Started process (PID=259) to work on /home/airflow/.local/lib/python3.7/site-packages/airflow/example_dags/example_branch_operator.py
[2023-05-13T07:45:25.686+0000] {processor.py:799} INFO - Processing file /home/airflow/.local/lib/python3.7/site-packages/airflow/example_dags/example_branch_operator.py for tasks to queue
[2023-05-13T07:45:25.687+0000] {logging_mixin.py:149} INFO - [2023-05-13T07:45:25.687+0000] {dagbag.py:541} INFO - Filling up the DagBag from /home/airflow/.local/lib/python3.7/site-packages/airflow/example_dags/example_branch_operator.py
[2023-05-13T07:45:25.696+0000] {processor.py:809} INFO - DAG(s) dict_keys(['example_branch_operator']) retrieved from /home/airflow/.local/lib/python3.7/site-packages/airflow/example_dags/example_branch_operator.py
[2023-05-13T07:45:25.725+0000] {logging_mixin.py:149} INFO - [2023-05-13T07:45:25.725+0000] {dag.py:2726} INFO - Sync 1 DAGs
[2023-05-13T07:45:25.747+0000] {logging_mixin.py:149} INFO - [2023-05-13T07:45:25.747+0000] {dag.py:3490} INFO - Setting next_dagrun for example_branch_operator to 2023-05-12T00:00:00+00:00, run_after=2023-05-13T00:00:00+00:00
[2023-05-13T07:45:25.764+0000] {processor.py:178} INFO - Processing /home/airflow/.local/lib/python3.7/site-packages/airflow/example_dags/example_branch_operator.py took 0.082 seconds
[2023-05-13T07:45:55.875+0000] {processor.py:156} INFO - Started process (PID=315) to work on /home/airflow/.local/lib/python3.7/site-packages/airflow/example_dags/example_branch_operator.py
[2023-05-13T07:45:55.876+0000] {processor.py:799} INFO - Processing file /home/airflow/.local/lib/python3.7/site-packages/airflow/example_dags/example_branch_operator.py for tasks to queue
[2023-05-13T07:45:55.877+0000] {logging_mixin.py:149} INFO - [2023-05-13T07:45:55.877+0000] {dagbag.py:541} INFO - Filling up the DagBag from /home/airflow/.local/lib/python3.7/site-packages/airflow/example_dags/example_branch_operator.py
[2023-05-13T07:45:55.885+0000] {processor.py:809} INFO - DAG(s) dict_keys(['example_branch_operator']) retrieved from /home/airflow/.local/lib/python3.7/site-packages/airflow/example_dags/example_branch_operator.py
[2023-05-13T07:45:55.912+0000] {logging_mixin.py:149} INFO - [2023-05-13T07:45:55.911+0000] {dag.py:2726} INFO - Sync 1 DAGs
[2023-05-13T07:45:55.936+0000] {logging_mixin.py:149} INFO - [2023-05-13T07:45:55.936+0000] {dag.py:3490} INFO - Setting next_dagrun for example_branch_operator to 2023-05-12T00:00:00+00:00, run_after=2023-05-13T00:00:00+00:00
[2023-05-13T07:45:55.952+0000] {processor.py:178} INFO - Processing /home/airflow/.local/lib/python3.7/site-packages/airflow/example_dags/example_branch_operator.py took 0.080 seconds
[2023-05-13T07:46:26.067+0000] {processor.py:156} INFO - Started process (PID=371) to work on /home/airflow/.local/lib/python3.7/site-packages/airflow/example_dags/example_branch_operator.py
[2023-05-13T07:46:26.068+0000] {processor.py:799} INFO - Processing file /home/airflow/.local/lib/python3.7/site-packages/airflow/example_dags/example_branch_operator.py for tasks to queue
[2023-05-13T07:46:26.069+0000] {logging_mixin.py:149} INFO - [2023-05-13T07:46:26.069+0000] {dagbag.py:541} INFO - Filling up the DagBag from /home/airflow/.local/lib/python3.7/site-packages/airflow/example_dags/example_branch_operator.py
[2023-05-13T07:46:26.077+0000] {processor.py:809} INFO - DAG(s) dict_keys(['example_branch_operator']) retrieved from /home/airflow/.local/lib/python3.7/site-packages/airflow/example_dags/example_branch_operator.py
[2023-05-13T07:46:26.104+0000] {logging_mixin.py:149} INFO - [2023-05-13T07:46:26.104+0000] {dag.py:2726} INFO - Sync 1 DAGs
[2023-05-13T07:46:26.128+0000] {logging_mixin.py:149} INFO - [2023-05-13T07:46:26.127+0000] {dag.py:3490} INFO - Setting next_dagrun for example_branch_operator to 2023-05-12T00:00:00+00:00, run_after=2023-05-13T00:00:00+00:00
[2023-05-13T07:46:26.143+0000] {processor.py:178} INFO - Processing /home/airflow/.local/lib/python3.7/site-packages/airflow/example_dags/example_branch_operator.py took 0.080 seconds
[2023-05-13T07:46:56.249+0000] {processor.py:156} INFO - Started process (PID=426) to work on /home/airflow/.local/lib/python3.7/site-packages/airflow/example_dags/example_branch_operator.py
[2023-05-13T07:46:56.250+0000] {processor.py:799} INFO - Processing file /home/airflow/.local/lib/python3.7/site-packages/airflow/example_dags/example_branch_operator.py for tasks to queue
[2023-05-13T07:46:56.252+0000] {logging_mixin.py:149} INFO - [2023-05-13T07:46:56.251+0000] {dagbag.py:541} INFO - Filling up the DagBag from /home/airflow/.local/lib/python3.7/site-packages/airflow/example_dags/example_branch_operator.py
[2023-05-13T07:46:56.260+0000] {processor.py:809} INFO - DAG(s) dict_keys(['example_branch_operator']) retrieved from /home/airflow/.local/lib/python3.7/site-packages/airflow/example_dags/example_branch_operator.py
[2023-05-13T07:46:56.292+0000] {logging_mixin.py:149} INFO - [2023-05-13T07:46:56.292+0000] {dag.py:2726} INFO - Sync 1 DAGs
[2023-05-13T07:46:56.333+0000] {logging_mixin.py:149} INFO - [2023-05-13T07:46:56.333+0000] {dag.py:3490} INFO - Setting next_dagrun for example_branch_operator to 2023-05-12T00:00:00+00:00, run_after=2023-05-13T00:00:00+00:00
[2023-05-13T07:46:56.350+0000] {processor.py:178} INFO - Processing /home/airflow/.local/lib/python3.7/site-packages/airflow/example_dags/example_branch_operator.py took 0.105 seconds
[2023-05-13T07:47:26.488+0000] {processor.py:156} INFO - Started process (PID=482) to work on /home/airflow/.local/lib/python3.7/site-packages/airflow/example_dags/example_branch_operator.py
[2023-05-13T07:47:26.489+0000] {processor.py:799} INFO - Processing file /home/airflow/.local/lib/python3.7/site-packages/airflow/example_dags/example_branch_operator.py for tasks to queue
[2023-05-13T07:47:26.490+0000] {logging_mixin.py:149} INFO - [2023-05-13T07:47:26.490+0000] {dagbag.py:541} INFO - Filling up the DagBag from /home/airflow/.local/lib/python3.7/site-packages/airflow/example_dags/example_branch_operator.py
[2023-05-13T07:47:26.500+0000] {processor.py:809} INFO - DAG(s) dict_keys(['example_branch_operator']) retrieved from /home/airflow/.local/lib/python3.7/site-packages/airflow/example_dags/example_branch_operator.py
[2023-05-13T07:47:26.531+0000] {logging_mixin.py:149} INFO - [2023-05-13T07:47:26.531+0000] {dag.py:2726} INFO - Sync 1 DAGs
[2023-05-13T07:47:26.557+0000] {logging_mixin.py:149} INFO - [2023-05-13T07:47:26.557+0000] {dag.py:3490} INFO - Setting next_dagrun for example_branch_operator to 2023-05-12T00:00:00+00:00, run_after=2023-05-13T00:00:00+00:00
[2023-05-13T07:47:26.572+0000] {processor.py:178} INFO - Processing /home/airflow/.local/lib/python3.7/site-packages/airflow/example_dags/example_branch_operator.py took 0.088 seconds
[2023-05-13T07:47:56.658+0000] {processor.py:156} INFO - Started process (PID=538) to work on /home/airflow/.local/lib/python3.7/site-packages/airflow/example_dags/example_branch_operator.py
[2023-05-13T07:47:56.660+0000] {processor.py:799} INFO - Processing file /home/airflow/.local/lib/python3.7/site-packages/airflow/example_dags/example_branch_operator.py for tasks to queue
[2023-05-13T07:47:56.660+0000] {logging_mixin.py:149} INFO - [2023-05-13T07:47:56.660+0000] {dagbag.py:541} INFO - Filling up the DagBag from /home/airflow/.local/lib/python3.7/site-packages/airflow/example_dags/example_branch_operator.py
[2023-05-13T07:47:56.669+0000] {processor.py:809} INFO - DAG(s) dict_keys(['example_branch_operator']) retrieved from /home/airflow/.local/lib/python3.7/site-packages/airflow/example_dags/example_branch_operator.py
[2023-05-13T07:47:56.696+0000] {logging_mixin.py:149} INFO - [2023-05-13T07:47:56.695+0000] {dag.py:2726} INFO - Sync 1 DAGs
[2023-05-13T07:47:56.718+0000] {logging_mixin.py:149} INFO - [2023-05-13T07:47:56.718+0000] {dag.py:3490} INFO - Setting next_dagrun for example_branch_operator to 2023-05-12T00:00:00+00:00, run_after=2023-05-13T00:00:00+00:00
[2023-05-13T07:47:56.734+0000] {processor.py:178} INFO - Processing /home/airflow/.local/lib/python3.7/site-packages/airflow/example_dags/example_branch_operator.py took 0.079 seconds
