[2023-05-13T07:43:25.092+0000] {processor.py:156} INFO - Started process (PID=42) to work on /home/airflow/.local/lib/python3.7/site-packages/airflow/example_dags/example_dag_decorator.py
[2023-05-13T07:43:25.095+0000] {processor.py:799} INFO - Processing file /home/airflow/.local/lib/python3.7/site-packages/airflow/example_dags/example_dag_decorator.py for tasks to queue
[2023-05-13T07:43:25.096+0000] {logging_mixin.py:149} INFO - [2023-05-13T07:43:25.096+0000] {dagbag.py:541} INFO - Filling up the DagBag from /home/airflow/.local/lib/python3.7/site-packages/airflow/example_dags/example_dag_decorator.py
[2023-05-13T07:43:25.109+0000] {logging_mixin.py:149} INFO - [2023-05-13T07:43:25.109+0000] {taskmixin.py:211} WARNING - Dependency <Task(_PythonDecoratedOperator): prepare_email>, send_email already registered for DAG: example_dag_decorator
[2023-05-13T07:43:25.110+0000] {logging_mixin.py:149} INFO - [2023-05-13T07:43:25.110+0000] {taskmixin.py:211} WARNING - Dependency <Task(EmailOperator): send_email>, prepare_email already registered for DAG: example_dag_decorator
[2023-05-13T07:43:25.122+0000] {processor.py:809} INFO - DAG(s) dict_keys(['example_dag_decorator']) retrieved from /home/airflow/.local/lib/python3.7/site-packages/airflow/example_dags/example_dag_decorator.py
[2023-05-13T07:43:25.153+0000] {logging_mixin.py:149} INFO - [2023-05-13T07:43:25.153+0000] {dag.py:2726} INFO - Sync 1 DAGs
[2023-05-13T07:43:25.204+0000] {logging_mixin.py:149} INFO - [2023-05-13T07:43:25.204+0000] {dag.py:3490} INFO - Setting next_dagrun for example_dag_decorator to None, run_after=None
[2023-05-13T07:43:25.243+0000] {processor.py:178} INFO - Processing /home/airflow/.local/lib/python3.7/site-packages/airflow/example_dags/example_dag_decorator.py took 0.166 seconds
[2023-05-13T07:43:55.465+0000] {processor.py:156} INFO - Started process (PID=98) to work on /home/airflow/.local/lib/python3.7/site-packages/airflow/example_dags/example_dag_decorator.py
[2023-05-13T07:43:55.466+0000] {processor.py:799} INFO - Processing file /home/airflow/.local/lib/python3.7/site-packages/airflow/example_dags/example_dag_decorator.py for tasks to queue
[2023-05-13T07:43:55.467+0000] {logging_mixin.py:149} INFO - [2023-05-13T07:43:55.467+0000] {dagbag.py:541} INFO - Filling up the DagBag from /home/airflow/.local/lib/python3.7/site-packages/airflow/example_dags/example_dag_decorator.py
[2023-05-13T07:43:55.474+0000] {logging_mixin.py:149} INFO - [2023-05-13T07:43:55.474+0000] {taskmixin.py:211} WARNING - Dependency <Task(_PythonDecoratedOperator): prepare_email>, send_email already registered for DAG: example_dag_decorator
[2023-05-13T07:43:55.475+0000] {logging_mixin.py:149} INFO - [2023-05-13T07:43:55.475+0000] {taskmixin.py:211} WARNING - Dependency <Task(EmailOperator): send_email>, prepare_email already registered for DAG: example_dag_decorator
[2023-05-13T07:43:55.484+0000] {processor.py:809} INFO - DAG(s) dict_keys(['example_dag_decorator']) retrieved from /home/airflow/.local/lib/python3.7/site-packages/airflow/example_dags/example_dag_decorator.py
[2023-05-13T07:43:55.546+0000] {logging_mixin.py:149} INFO - [2023-05-13T07:43:55.546+0000] {dag.py:2726} INFO - Sync 1 DAGs
[2023-05-13T07:43:55.567+0000] {logging_mixin.py:149} INFO - [2023-05-13T07:43:55.567+0000] {dag.py:3490} INFO - Setting next_dagrun for example_dag_decorator to None, run_after=None
[2023-05-13T07:43:55.583+0000] {processor.py:178} INFO - Processing /home/airflow/.local/lib/python3.7/site-packages/airflow/example_dags/example_dag_decorator.py took 0.122 seconds
[2023-05-13T07:44:25.672+0000] {processor.py:156} INFO - Started process (PID=154) to work on /home/airflow/.local/lib/python3.7/site-packages/airflow/example_dags/example_dag_decorator.py
[2023-05-13T07:44:25.673+0000] {processor.py:799} INFO - Processing file /home/airflow/.local/lib/python3.7/site-packages/airflow/example_dags/example_dag_decorator.py for tasks to queue
[2023-05-13T07:44:25.674+0000] {logging_mixin.py:149} INFO - [2023-05-13T07:44:25.674+0000] {dagbag.py:541} INFO - Filling up the DagBag from /home/airflow/.local/lib/python3.7/site-packages/airflow/example_dags/example_dag_decorator.py
[2023-05-13T07:44:25.681+0000] {logging_mixin.py:149} INFO - [2023-05-13T07:44:25.681+0000] {taskmixin.py:211} WARNING - Dependency <Task(_PythonDecoratedOperator): prepare_email>, send_email already registered for DAG: example_dag_decorator
[2023-05-13T07:44:25.682+0000] {logging_mixin.py:149} INFO - [2023-05-13T07:44:25.682+0000] {taskmixin.py:211} WARNING - Dependency <Task(EmailOperator): send_email>, prepare_email already registered for DAG: example_dag_decorator
[2023-05-13T07:44:25.689+0000] {processor.py:809} INFO - DAG(s) dict_keys(['example_dag_decorator']) retrieved from /home/airflow/.local/lib/python3.7/site-packages/airflow/example_dags/example_dag_decorator.py
[2023-05-13T07:44:25.747+0000] {logging_mixin.py:149} INFO - [2023-05-13T07:44:25.746+0000] {dag.py:2726} INFO - Sync 1 DAGs
[2023-05-13T07:44:25.766+0000] {logging_mixin.py:149} INFO - [2023-05-13T07:44:25.766+0000] {dag.py:3490} INFO - Setting next_dagrun for example_dag_decorator to None, run_after=None
[2023-05-13T07:44:25.781+0000] {processor.py:178} INFO - Processing /home/airflow/.local/lib/python3.7/site-packages/airflow/example_dags/example_dag_decorator.py took 0.113 seconds
[2023-05-13T07:44:55.846+0000] {processor.py:156} INFO - Started process (PID=210) to work on /home/airflow/.local/lib/python3.7/site-packages/airflow/example_dags/example_dag_decorator.py
[2023-05-13T07:44:55.847+0000] {processor.py:799} INFO - Processing file /home/airflow/.local/lib/python3.7/site-packages/airflow/example_dags/example_dag_decorator.py for tasks to queue
[2023-05-13T07:44:55.848+0000] {logging_mixin.py:149} INFO - [2023-05-13T07:44:55.848+0000] {dagbag.py:541} INFO - Filling up the DagBag from /home/airflow/.local/lib/python3.7/site-packages/airflow/example_dags/example_dag_decorator.py
[2023-05-13T07:44:55.854+0000] {logging_mixin.py:149} INFO - [2023-05-13T07:44:55.854+0000] {taskmixin.py:211} WARNING - Dependency <Task(_PythonDecoratedOperator): prepare_email>, send_email already registered for DAG: example_dag_decorator
[2023-05-13T07:44:55.855+0000] {logging_mixin.py:149} INFO - [2023-05-13T07:44:55.855+0000] {taskmixin.py:211} WARNING - Dependency <Task(EmailOperator): send_email>, prepare_email already registered for DAG: example_dag_decorator
[2023-05-13T07:44:55.862+0000] {processor.py:809} INFO - DAG(s) dict_keys(['example_dag_decorator']) retrieved from /home/airflow/.local/lib/python3.7/site-packages/airflow/example_dags/example_dag_decorator.py
[2023-05-13T07:44:55.918+0000] {logging_mixin.py:149} INFO - [2023-05-13T07:44:55.918+0000] {dag.py:2726} INFO - Sync 1 DAGs
[2023-05-13T07:44:55.936+0000] {logging_mixin.py:149} INFO - [2023-05-13T07:44:55.936+0000] {dag.py:3490} INFO - Setting next_dagrun for example_dag_decorator to None, run_after=None
[2023-05-13T07:44:55.950+0000] {processor.py:178} INFO - Processing /home/airflow/.local/lib/python3.7/site-packages/airflow/example_dags/example_dag_decorator.py took 0.108 seconds
[2023-05-13T07:45:26.213+0000] {processor.py:156} INFO - Started process (PID=266) to work on /home/airflow/.local/lib/python3.7/site-packages/airflow/example_dags/example_dag_decorator.py
[2023-05-13T07:45:26.214+0000] {processor.py:799} INFO - Processing file /home/airflow/.local/lib/python3.7/site-packages/airflow/example_dags/example_dag_decorator.py for tasks to queue
[2023-05-13T07:45:26.215+0000] {logging_mixin.py:149} INFO - [2023-05-13T07:45:26.215+0000] {dagbag.py:541} INFO - Filling up the DagBag from /home/airflow/.local/lib/python3.7/site-packages/airflow/example_dags/example_dag_decorator.py
[2023-05-13T07:45:26.222+0000] {logging_mixin.py:149} INFO - [2023-05-13T07:45:26.222+0000] {taskmixin.py:211} WARNING - Dependency <Task(_PythonDecoratedOperator): prepare_email>, send_email already registered for DAG: example_dag_decorator
[2023-05-13T07:45:26.223+0000] {logging_mixin.py:149} INFO - [2023-05-13T07:45:26.223+0000] {taskmixin.py:211} WARNING - Dependency <Task(EmailOperator): send_email>, prepare_email already registered for DAG: example_dag_decorator
[2023-05-13T07:45:26.233+0000] {processor.py:809} INFO - DAG(s) dict_keys(['example_dag_decorator']) retrieved from /home/airflow/.local/lib/python3.7/site-packages/airflow/example_dags/example_dag_decorator.py
[2023-05-13T07:45:26.293+0000] {logging_mixin.py:149} INFO - [2023-05-13T07:45:26.293+0000] {dag.py:2726} INFO - Sync 1 DAGs
[2023-05-13T07:45:26.313+0000] {logging_mixin.py:149} INFO - [2023-05-13T07:45:26.313+0000] {dag.py:3490} INFO - Setting next_dagrun for example_dag_decorator to None, run_after=None
[2023-05-13T07:45:26.327+0000] {processor.py:178} INFO - Processing /home/airflow/.local/lib/python3.7/site-packages/airflow/example_dags/example_dag_decorator.py took 0.119 seconds
[2023-05-13T07:45:57.312+0000] {processor.py:156} INFO - Started process (PID=322) to work on /home/airflow/.local/lib/python3.7/site-packages/airflow/example_dags/example_dag_decorator.py
[2023-05-13T07:45:57.314+0000] {processor.py:799} INFO - Processing file /home/airflow/.local/lib/python3.7/site-packages/airflow/example_dags/example_dag_decorator.py for tasks to queue
[2023-05-13T07:45:57.315+0000] {logging_mixin.py:149} INFO - [2023-05-13T07:45:57.315+0000] {dagbag.py:541} INFO - Filling up the DagBag from /home/airflow/.local/lib/python3.7/site-packages/airflow/example_dags/example_dag_decorator.py
[2023-05-13T07:45:57.321+0000] {logging_mixin.py:149} INFO - [2023-05-13T07:45:57.321+0000] {taskmixin.py:211} WARNING - Dependency <Task(_PythonDecoratedOperator): prepare_email>, send_email already registered for DAG: example_dag_decorator
[2023-05-13T07:45:57.322+0000] {logging_mixin.py:149} INFO - [2023-05-13T07:45:57.322+0000] {taskmixin.py:211} WARNING - Dependency <Task(EmailOperator): send_email>, prepare_email already registered for DAG: example_dag_decorator
[2023-05-13T07:45:57.330+0000] {processor.py:809} INFO - DAG(s) dict_keys(['example_dag_decorator']) retrieved from /home/airflow/.local/lib/python3.7/site-packages/airflow/example_dags/example_dag_decorator.py
[2023-05-13T07:45:57.388+0000] {logging_mixin.py:149} INFO - [2023-05-13T07:45:57.388+0000] {dag.py:2726} INFO - Sync 1 DAGs
[2023-05-13T07:45:57.407+0000] {logging_mixin.py:149} INFO - [2023-05-13T07:45:57.407+0000] {dag.py:3490} INFO - Setting next_dagrun for example_dag_decorator to None, run_after=None
[2023-05-13T07:45:57.423+0000] {processor.py:178} INFO - Processing /home/airflow/.local/lib/python3.7/site-packages/airflow/example_dags/example_dag_decorator.py took 0.116 seconds
[2023-05-13T07:46:27.494+0000] {processor.py:156} INFO - Started process (PID=378) to work on /home/airflow/.local/lib/python3.7/site-packages/airflow/example_dags/example_dag_decorator.py
[2023-05-13T07:46:27.498+0000] {processor.py:799} INFO - Processing file /home/airflow/.local/lib/python3.7/site-packages/airflow/example_dags/example_dag_decorator.py for tasks to queue
[2023-05-13T07:46:27.499+0000] {logging_mixin.py:149} INFO - [2023-05-13T07:46:27.498+0000] {dagbag.py:541} INFO - Filling up the DagBag from /home/airflow/.local/lib/python3.7/site-packages/airflow/example_dags/example_dag_decorator.py
[2023-05-13T07:46:27.505+0000] {logging_mixin.py:149} INFO - [2023-05-13T07:46:27.505+0000] {taskmixin.py:211} WARNING - Dependency <Task(_PythonDecoratedOperator): prepare_email>, send_email already registered for DAG: example_dag_decorator
[2023-05-13T07:46:27.506+0000] {logging_mixin.py:149} INFO - [2023-05-13T07:46:27.506+0000] {taskmixin.py:211} WARNING - Dependency <Task(EmailOperator): send_email>, prepare_email already registered for DAG: example_dag_decorator
[2023-05-13T07:46:27.513+0000] {processor.py:809} INFO - DAG(s) dict_keys(['example_dag_decorator']) retrieved from /home/airflow/.local/lib/python3.7/site-packages/airflow/example_dags/example_dag_decorator.py
[2023-05-13T07:46:27.570+0000] {logging_mixin.py:149} INFO - [2023-05-13T07:46:27.570+0000] {dag.py:2726} INFO - Sync 1 DAGs
[2023-05-13T07:46:27.589+0000] {logging_mixin.py:149} INFO - [2023-05-13T07:46:27.589+0000] {dag.py:3490} INFO - Setting next_dagrun for example_dag_decorator to None, run_after=None
[2023-05-13T07:46:27.605+0000] {processor.py:178} INFO - Processing /home/airflow/.local/lib/python3.7/site-packages/airflow/example_dags/example_dag_decorator.py took 0.116 seconds
[2023-05-13T07:46:57.688+0000] {processor.py:156} INFO - Started process (PID=433) to work on /home/airflow/.local/lib/python3.7/site-packages/airflow/example_dags/example_dag_decorator.py
[2023-05-13T07:46:57.690+0000] {processor.py:799} INFO - Processing file /home/airflow/.local/lib/python3.7/site-packages/airflow/example_dags/example_dag_decorator.py for tasks to queue
[2023-05-13T07:46:57.692+0000] {logging_mixin.py:149} INFO - [2023-05-13T07:46:57.691+0000] {dagbag.py:541} INFO - Filling up the DagBag from /home/airflow/.local/lib/python3.7/site-packages/airflow/example_dags/example_dag_decorator.py
[2023-05-13T07:46:57.699+0000] {logging_mixin.py:149} INFO - [2023-05-13T07:46:57.699+0000] {taskmixin.py:211} WARNING - Dependency <Task(_PythonDecoratedOperator): prepare_email>, send_email already registered for DAG: example_dag_decorator
[2023-05-13T07:46:57.700+0000] {logging_mixin.py:149} INFO - [2023-05-13T07:46:57.700+0000] {taskmixin.py:211} WARNING - Dependency <Task(EmailOperator): send_email>, prepare_email already registered for DAG: example_dag_decorator
[2023-05-13T07:46:57.709+0000] {processor.py:809} INFO - DAG(s) dict_keys(['example_dag_decorator']) retrieved from /home/airflow/.local/lib/python3.7/site-packages/airflow/example_dags/example_dag_decorator.py
[2023-05-13T07:46:57.772+0000] {logging_mixin.py:149} INFO - [2023-05-13T07:46:57.772+0000] {dag.py:2726} INFO - Sync 1 DAGs
[2023-05-13T07:46:57.792+0000] {logging_mixin.py:149} INFO - [2023-05-13T07:46:57.792+0000] {dag.py:3490} INFO - Setting next_dagrun for example_dag_decorator to None, run_after=None
[2023-05-13T07:46:57.809+0000] {processor.py:178} INFO - Processing /home/airflow/.local/lib/python3.7/site-packages/airflow/example_dags/example_dag_decorator.py took 0.126 seconds
[2023-05-13T07:47:27.839+0000] {processor.py:156} INFO - Started process (PID=489) to work on /home/airflow/.local/lib/python3.7/site-packages/airflow/example_dags/example_dag_decorator.py
[2023-05-13T07:47:27.841+0000] {processor.py:799} INFO - Processing file /home/airflow/.local/lib/python3.7/site-packages/airflow/example_dags/example_dag_decorator.py for tasks to queue
[2023-05-13T07:47:27.842+0000] {logging_mixin.py:149} INFO - [2023-05-13T07:47:27.842+0000] {dagbag.py:541} INFO - Filling up the DagBag from /home/airflow/.local/lib/python3.7/site-packages/airflow/example_dags/example_dag_decorator.py
[2023-05-13T07:47:27.849+0000] {logging_mixin.py:149} INFO - [2023-05-13T07:47:27.849+0000] {taskmixin.py:211} WARNING - Dependency <Task(_PythonDecoratedOperator): prepare_email>, send_email already registered for DAG: example_dag_decorator
[2023-05-13T07:47:27.850+0000] {logging_mixin.py:149} INFO - [2023-05-13T07:47:27.850+0000] {taskmixin.py:211} WARNING - Dependency <Task(EmailOperator): send_email>, prepare_email already registered for DAG: example_dag_decorator
[2023-05-13T07:47:27.858+0000] {processor.py:809} INFO - DAG(s) dict_keys(['example_dag_decorator']) retrieved from /home/airflow/.local/lib/python3.7/site-packages/airflow/example_dags/example_dag_decorator.py
[2023-05-13T07:47:27.921+0000] {logging_mixin.py:149} INFO - [2023-05-13T07:47:27.921+0000] {dag.py:2726} INFO - Sync 1 DAGs
[2023-05-13T07:47:27.944+0000] {logging_mixin.py:149} INFO - [2023-05-13T07:47:27.944+0000] {dag.py:3490} INFO - Setting next_dagrun for example_dag_decorator to None, run_after=None
[2023-05-13T07:47:27.964+0000] {processor.py:178} INFO - Processing /home/airflow/.local/lib/python3.7/site-packages/airflow/example_dags/example_dag_decorator.py took 0.129 seconds
[2023-05-13T07:47:58.041+0000] {processor.py:156} INFO - Started process (PID=545) to work on /home/airflow/.local/lib/python3.7/site-packages/airflow/example_dags/example_dag_decorator.py
[2023-05-13T07:47:58.043+0000] {processor.py:799} INFO - Processing file /home/airflow/.local/lib/python3.7/site-packages/airflow/example_dags/example_dag_decorator.py for tasks to queue
[2023-05-13T07:47:58.045+0000] {logging_mixin.py:149} INFO - [2023-05-13T07:47:58.044+0000] {dagbag.py:541} INFO - Filling up the DagBag from /home/airflow/.local/lib/python3.7/site-packages/airflow/example_dags/example_dag_decorator.py
[2023-05-13T07:47:58.052+0000] {logging_mixin.py:149} INFO - [2023-05-13T07:47:58.052+0000] {taskmixin.py:211} WARNING - Dependency <Task(_PythonDecoratedOperator): prepare_email>, send_email already registered for DAG: example_dag_decorator
[2023-05-13T07:47:58.052+0000] {logging_mixin.py:149} INFO - [2023-05-13T07:47:58.052+0000] {taskmixin.py:211} WARNING - Dependency <Task(EmailOperator): send_email>, prepare_email already registered for DAG: example_dag_decorator
[2023-05-13T07:47:58.061+0000] {processor.py:809} INFO - DAG(s) dict_keys(['example_dag_decorator']) retrieved from /home/airflow/.local/lib/python3.7/site-packages/airflow/example_dags/example_dag_decorator.py
[2023-05-13T07:47:58.120+0000] {logging_mixin.py:149} INFO - [2023-05-13T07:47:58.120+0000] {dag.py:2726} INFO - Sync 1 DAGs
[2023-05-13T07:47:58.139+0000] {logging_mixin.py:149} INFO - [2023-05-13T07:47:58.139+0000] {dag.py:3490} INFO - Setting next_dagrun for example_dag_decorator to None, run_after=None
[2023-05-13T07:47:58.155+0000] {processor.py:178} INFO - Processing /home/airflow/.local/lib/python3.7/site-packages/airflow/example_dags/example_dag_decorator.py took 0.118 seconds
