[2023-05-13T07:43:25.510+0000] {processor.py:156} INFO - Started process (PID=45) to work on /home/airflow/.local/lib/python3.7/site-packages/airflow/example_dags/example_python_operator.py
[2023-05-13T07:43:25.513+0000] {processor.py:799} INFO - Processing file /home/airflow/.local/lib/python3.7/site-packages/airflow/example_dags/example_python_operator.py for tasks to queue
[2023-05-13T07:43:25.515+0000] {logging_mixin.py:149} INFO - [2023-05-13T07:43:25.515+0000] {dagbag.py:541} INFO - Filling up the DagBag from /home/airflow/.local/lib/python3.7/site-packages/airflow/example_dags/example_python_operator.py
[2023-05-13T07:43:25.532+0000] {logging_mixin.py:149} INFO - [2023-05-13T07:43:25.531+0000] {taskmixin.py:211} WARNING - Dependency <Task(_PythonDecoratedOperator): print_the_context>, log_sql_query already registered for DAG: example_python_operator
[2023-05-13T07:43:25.534+0000] {logging_mixin.py:149} INFO - [2023-05-13T07:43:25.533+0000] {taskmixin.py:211} WARNING - Dependency <Task(_PythonDecoratedOperator): log_sql_query>, print_the_context already registered for DAG: example_python_operator
[2023-05-13T07:43:25.536+0000] {logging_mixin.py:149} INFO - [2023-05-13T07:43:25.536+0000] {taskmixin.py:211} WARNING - Dependency <Task(_PythonDecoratedOperator): print_the_context>, log_sql_query already registered for DAG: example_python_operator
[2023-05-13T07:43:25.541+0000] {logging_mixin.py:149} INFO - [2023-05-13T07:43:25.541+0000] {taskmixin.py:211} WARNING - Dependency <Task(_PythonDecoratedOperator): log_sql_query>, print_the_context already registered for DAG: example_python_operator
[2023-05-13T07:43:25.543+0000] {logging_mixin.py:149} INFO - [2023-05-13T07:43:25.543+0000] {taskmixin.py:211} WARNING - Dependency <Task(_PythonDecoratedOperator): print_the_context>, log_sql_query already registered for DAG: example_python_operator
[2023-05-13T07:43:25.545+0000] {logging_mixin.py:149} INFO - [2023-05-13T07:43:25.545+0000] {taskmixin.py:211} WARNING - Dependency <Task(_PythonDecoratedOperator): log_sql_query>, print_the_context already registered for DAG: example_python_operator
[2023-05-13T07:43:25.548+0000] {logging_mixin.py:149} INFO - [2023-05-13T07:43:25.547+0000] {taskmixin.py:211} WARNING - Dependency <Task(_PythonDecoratedOperator): print_the_context>, log_sql_query already registered for DAG: example_python_operator
[2023-05-13T07:43:25.549+0000] {logging_mixin.py:149} INFO - [2023-05-13T07:43:25.548+0000] {taskmixin.py:211} WARNING - Dependency <Task(_PythonDecoratedOperator): log_sql_query>, print_the_context already registered for DAG: example_python_operator
[2023-05-13T07:43:25.571+0000] {processor.py:809} INFO - DAG(s) dict_keys(['example_python_operator']) retrieved from /home/airflow/.local/lib/python3.7/site-packages/airflow/example_dags/example_python_operator.py
[2023-05-13T07:43:25.636+0000] {logging_mixin.py:149} INFO - [2023-05-13T07:43:25.636+0000] {dag.py:2726} INFO - Sync 1 DAGs
[2023-05-13T07:43:25.729+0000] {logging_mixin.py:149} INFO - [2023-05-13T07:43:25.728+0000] {dag.py:3490} INFO - Setting next_dagrun for example_python_operator to None, run_after=None
[2023-05-13T07:43:25.773+0000] {processor.py:178} INFO - Processing /home/airflow/.local/lib/python3.7/site-packages/airflow/example_dags/example_python_operator.py took 0.269 seconds
[2023-05-13T07:43:56.753+0000] {processor.py:156} INFO - Started process (PID=101) to work on /home/airflow/.local/lib/python3.7/site-packages/airflow/example_dags/example_python_operator.py
[2023-05-13T07:43:56.755+0000] {processor.py:799} INFO - Processing file /home/airflow/.local/lib/python3.7/site-packages/airflow/example_dags/example_python_operator.py for tasks to queue
[2023-05-13T07:43:56.756+0000] {logging_mixin.py:149} INFO - [2023-05-13T07:43:56.756+0000] {dagbag.py:541} INFO - Filling up the DagBag from /home/airflow/.local/lib/python3.7/site-packages/airflow/example_dags/example_python_operator.py
[2023-05-13T07:43:56.765+0000] {logging_mixin.py:149} INFO - [2023-05-13T07:43:56.765+0000] {taskmixin.py:211} WARNING - Dependency <Task(_PythonDecoratedOperator): print_the_context>, log_sql_query already registered for DAG: example_python_operator
[2023-05-13T07:43:56.766+0000] {logging_mixin.py:149} INFO - [2023-05-13T07:43:56.766+0000] {taskmixin.py:211} WARNING - Dependency <Task(_PythonDecoratedOperator): log_sql_query>, print_the_context already registered for DAG: example_python_operator
[2023-05-13T07:43:56.767+0000] {logging_mixin.py:149} INFO - [2023-05-13T07:43:56.767+0000] {taskmixin.py:211} WARNING - Dependency <Task(_PythonDecoratedOperator): print_the_context>, log_sql_query already registered for DAG: example_python_operator
[2023-05-13T07:43:56.768+0000] {logging_mixin.py:149} INFO - [2023-05-13T07:43:56.768+0000] {taskmixin.py:211} WARNING - Dependency <Task(_PythonDecoratedOperator): log_sql_query>, print_the_context already registered for DAG: example_python_operator
[2023-05-13T07:43:56.769+0000] {logging_mixin.py:149} INFO - [2023-05-13T07:43:56.768+0000] {taskmixin.py:211} WARNING - Dependency <Task(_PythonDecoratedOperator): print_the_context>, log_sql_query already registered for DAG: example_python_operator
[2023-05-13T07:43:56.769+0000] {logging_mixin.py:149} INFO - [2023-05-13T07:43:56.769+0000] {taskmixin.py:211} WARNING - Dependency <Task(_PythonDecoratedOperator): log_sql_query>, print_the_context already registered for DAG: example_python_operator
[2023-05-13T07:43:56.770+0000] {logging_mixin.py:149} INFO - [2023-05-13T07:43:56.770+0000] {taskmixin.py:211} WARNING - Dependency <Task(_PythonDecoratedOperator): print_the_context>, log_sql_query already registered for DAG: example_python_operator
[2023-05-13T07:43:56.771+0000] {logging_mixin.py:149} INFO - [2023-05-13T07:43:56.770+0000] {taskmixin.py:211} WARNING - Dependency <Task(_PythonDecoratedOperator): log_sql_query>, print_the_context already registered for DAG: example_python_operator
[2023-05-13T07:43:56.774+0000] {processor.py:809} INFO - DAG(s) dict_keys(['example_python_operator']) retrieved from /home/airflow/.local/lib/python3.7/site-packages/airflow/example_dags/example_python_operator.py
[2023-05-13T07:43:56.835+0000] {logging_mixin.py:149} INFO - [2023-05-13T07:43:56.835+0000] {dag.py:2726} INFO - Sync 1 DAGs
[2023-05-13T07:43:56.855+0000] {logging_mixin.py:149} INFO - [2023-05-13T07:43:56.855+0000] {dag.py:3490} INFO - Setting next_dagrun for example_python_operator to None, run_after=None
[2023-05-13T07:43:56.875+0000] {processor.py:178} INFO - Processing /home/airflow/.local/lib/python3.7/site-packages/airflow/example_dags/example_python_operator.py took 0.129 seconds
[2023-05-13T07:44:26.970+0000] {processor.py:156} INFO - Started process (PID=157) to work on /home/airflow/.local/lib/python3.7/site-packages/airflow/example_dags/example_python_operator.py
[2023-05-13T07:44:26.973+0000] {processor.py:799} INFO - Processing file /home/airflow/.local/lib/python3.7/site-packages/airflow/example_dags/example_python_operator.py for tasks to queue
[2023-05-13T07:44:26.974+0000] {logging_mixin.py:149} INFO - [2023-05-13T07:44:26.974+0000] {dagbag.py:541} INFO - Filling up the DagBag from /home/airflow/.local/lib/python3.7/site-packages/airflow/example_dags/example_python_operator.py
[2023-05-13T07:44:26.982+0000] {logging_mixin.py:149} INFO - [2023-05-13T07:44:26.982+0000] {taskmixin.py:211} WARNING - Dependency <Task(_PythonDecoratedOperator): print_the_context>, log_sql_query already registered for DAG: example_python_operator
[2023-05-13T07:44:26.983+0000] {logging_mixin.py:149} INFO - [2023-05-13T07:44:26.983+0000] {taskmixin.py:211} WARNING - Dependency <Task(_PythonDecoratedOperator): log_sql_query>, print_the_context already registered for DAG: example_python_operator
[2023-05-13T07:44:26.984+0000] {logging_mixin.py:149} INFO - [2023-05-13T07:44:26.983+0000] {taskmixin.py:211} WARNING - Dependency <Task(_PythonDecoratedOperator): print_the_context>, log_sql_query already registered for DAG: example_python_operator
[2023-05-13T07:44:26.984+0000] {logging_mixin.py:149} INFO - [2023-05-13T07:44:26.984+0000] {taskmixin.py:211} WARNING - Dependency <Task(_PythonDecoratedOperator): log_sql_query>, print_the_context already registered for DAG: example_python_operator
[2023-05-13T07:44:26.985+0000] {logging_mixin.py:149} INFO - [2023-05-13T07:44:26.985+0000] {taskmixin.py:211} WARNING - Dependency <Task(_PythonDecoratedOperator): print_the_context>, log_sql_query already registered for DAG: example_python_operator
[2023-05-13T07:44:26.986+0000] {logging_mixin.py:149} INFO - [2023-05-13T07:44:26.986+0000] {taskmixin.py:211} WARNING - Dependency <Task(_PythonDecoratedOperator): log_sql_query>, print_the_context already registered for DAG: example_python_operator
[2023-05-13T07:44:26.986+0000] {logging_mixin.py:149} INFO - [2023-05-13T07:44:26.986+0000] {taskmixin.py:211} WARNING - Dependency <Task(_PythonDecoratedOperator): print_the_context>, log_sql_query already registered for DAG: example_python_operator
[2023-05-13T07:44:26.987+0000] {logging_mixin.py:149} INFO - [2023-05-13T07:44:26.987+0000] {taskmixin.py:211} WARNING - Dependency <Task(_PythonDecoratedOperator): log_sql_query>, print_the_context already registered for DAG: example_python_operator
[2023-05-13T07:44:26.989+0000] {processor.py:809} INFO - DAG(s) dict_keys(['example_python_operator']) retrieved from /home/airflow/.local/lib/python3.7/site-packages/airflow/example_dags/example_python_operator.py
[2023-05-13T07:44:27.017+0000] {logging_mixin.py:149} INFO - [2023-05-13T07:44:27.016+0000] {dag.py:2726} INFO - Sync 1 DAGs
[2023-05-13T07:44:27.037+0000] {logging_mixin.py:149} INFO - [2023-05-13T07:44:27.037+0000] {dag.py:3490} INFO - Setting next_dagrun for example_python_operator to None, run_after=None
[2023-05-13T07:44:27.051+0000] {processor.py:178} INFO - Processing /home/airflow/.local/lib/python3.7/site-packages/airflow/example_dags/example_python_operator.py took 0.086 seconds
[2023-05-13T07:44:57.104+0000] {processor.py:156} INFO - Started process (PID=213) to work on /home/airflow/.local/lib/python3.7/site-packages/airflow/example_dags/example_python_operator.py
[2023-05-13T07:44:57.106+0000] {processor.py:799} INFO - Processing file /home/airflow/.local/lib/python3.7/site-packages/airflow/example_dags/example_python_operator.py for tasks to queue
[2023-05-13T07:44:57.108+0000] {logging_mixin.py:149} INFO - [2023-05-13T07:44:57.107+0000] {dagbag.py:541} INFO - Filling up the DagBag from /home/airflow/.local/lib/python3.7/site-packages/airflow/example_dags/example_python_operator.py
[2023-05-13T07:44:57.115+0000] {logging_mixin.py:149} INFO - [2023-05-13T07:44:57.115+0000] {taskmixin.py:211} WARNING - Dependency <Task(_PythonDecoratedOperator): print_the_context>, log_sql_query already registered for DAG: example_python_operator
[2023-05-13T07:44:57.116+0000] {logging_mixin.py:149} INFO - [2023-05-13T07:44:57.116+0000] {taskmixin.py:211} WARNING - Dependency <Task(_PythonDecoratedOperator): log_sql_query>, print_the_context already registered for DAG: example_python_operator
[2023-05-13T07:44:57.117+0000] {logging_mixin.py:149} INFO - [2023-05-13T07:44:57.117+0000] {taskmixin.py:211} WARNING - Dependency <Task(_PythonDecoratedOperator): print_the_context>, log_sql_query already registered for DAG: example_python_operator
[2023-05-13T07:44:57.117+0000] {logging_mixin.py:149} INFO - [2023-05-13T07:44:57.117+0000] {taskmixin.py:211} WARNING - Dependency <Task(_PythonDecoratedOperator): log_sql_query>, print_the_context already registered for DAG: example_python_operator
[2023-05-13T07:44:57.118+0000] {logging_mixin.py:149} INFO - [2023-05-13T07:44:57.118+0000] {taskmixin.py:211} WARNING - Dependency <Task(_PythonDecoratedOperator): print_the_context>, log_sql_query already registered for DAG: example_python_operator
[2023-05-13T07:44:57.119+0000] {logging_mixin.py:149} INFO - [2023-05-13T07:44:57.118+0000] {taskmixin.py:211} WARNING - Dependency <Task(_PythonDecoratedOperator): log_sql_query>, print_the_context already registered for DAG: example_python_operator
[2023-05-13T07:44:57.119+0000] {logging_mixin.py:149} INFO - [2023-05-13T07:44:57.119+0000] {taskmixin.py:211} WARNING - Dependency <Task(_PythonDecoratedOperator): print_the_context>, log_sql_query already registered for DAG: example_python_operator
[2023-05-13T07:44:57.120+0000] {logging_mixin.py:149} INFO - [2023-05-13T07:44:57.120+0000] {taskmixin.py:211} WARNING - Dependency <Task(_PythonDecoratedOperator): log_sql_query>, print_the_context already registered for DAG: example_python_operator
[2023-05-13T07:44:57.122+0000] {processor.py:809} INFO - DAG(s) dict_keys(['example_python_operator']) retrieved from /home/airflow/.local/lib/python3.7/site-packages/airflow/example_dags/example_python_operator.py
[2023-05-13T07:44:57.149+0000] {logging_mixin.py:149} INFO - [2023-05-13T07:44:57.149+0000] {dag.py:2726} INFO - Sync 1 DAGs
[2023-05-13T07:44:57.169+0000] {logging_mixin.py:149} INFO - [2023-05-13T07:44:57.169+0000] {dag.py:3490} INFO - Setting next_dagrun for example_python_operator to None, run_after=None
[2023-05-13T07:44:57.183+0000] {processor.py:178} INFO - Processing /home/airflow/.local/lib/python3.7/site-packages/airflow/example_dags/example_python_operator.py took 0.084 seconds
[2023-05-13T07:45:27.393+0000] {processor.py:156} INFO - Started process (PID=269) to work on /home/airflow/.local/lib/python3.7/site-packages/airflow/example_dags/example_python_operator.py
[2023-05-13T07:45:27.395+0000] {processor.py:799} INFO - Processing file /home/airflow/.local/lib/python3.7/site-packages/airflow/example_dags/example_python_operator.py for tasks to queue
[2023-05-13T07:45:27.396+0000] {logging_mixin.py:149} INFO - [2023-05-13T07:45:27.396+0000] {dagbag.py:541} INFO - Filling up the DagBag from /home/airflow/.local/lib/python3.7/site-packages/airflow/example_dags/example_python_operator.py
[2023-05-13T07:45:27.404+0000] {logging_mixin.py:149} INFO - [2023-05-13T07:45:27.404+0000] {taskmixin.py:211} WARNING - Dependency <Task(_PythonDecoratedOperator): print_the_context>, log_sql_query already registered for DAG: example_python_operator
[2023-05-13T07:45:27.404+0000] {logging_mixin.py:149} INFO - [2023-05-13T07:45:27.404+0000] {taskmixin.py:211} WARNING - Dependency <Task(_PythonDecoratedOperator): log_sql_query>, print_the_context already registered for DAG: example_python_operator
[2023-05-13T07:45:27.405+0000] {logging_mixin.py:149} INFO - [2023-05-13T07:45:27.405+0000] {taskmixin.py:211} WARNING - Dependency <Task(_PythonDecoratedOperator): print_the_context>, log_sql_query already registered for DAG: example_python_operator
[2023-05-13T07:45:27.406+0000] {logging_mixin.py:149} INFO - [2023-05-13T07:45:27.406+0000] {taskmixin.py:211} WARNING - Dependency <Task(_PythonDecoratedOperator): log_sql_query>, print_the_context already registered for DAG: example_python_operator
[2023-05-13T07:45:27.407+0000] {logging_mixin.py:149} INFO - [2023-05-13T07:45:27.407+0000] {taskmixin.py:211} WARNING - Dependency <Task(_PythonDecoratedOperator): print_the_context>, log_sql_query already registered for DAG: example_python_operator
[2023-05-13T07:45:27.407+0000] {logging_mixin.py:149} INFO - [2023-05-13T07:45:27.407+0000] {taskmixin.py:211} WARNING - Dependency <Task(_PythonDecoratedOperator): log_sql_query>, print_the_context already registered for DAG: example_python_operator
[2023-05-13T07:45:27.408+0000] {logging_mixin.py:149} INFO - [2023-05-13T07:45:27.408+0000] {taskmixin.py:211} WARNING - Dependency <Task(_PythonDecoratedOperator): print_the_context>, log_sql_query already registered for DAG: example_python_operator
[2023-05-13T07:45:27.408+0000] {logging_mixin.py:149} INFO - [2023-05-13T07:45:27.408+0000] {taskmixin.py:211} WARNING - Dependency <Task(_PythonDecoratedOperator): log_sql_query>, print_the_context already registered for DAG: example_python_operator
[2023-05-13T07:45:27.411+0000] {processor.py:809} INFO - DAG(s) dict_keys(['example_python_operator']) retrieved from /home/airflow/.local/lib/python3.7/site-packages/airflow/example_dags/example_python_operator.py
[2023-05-13T07:45:27.437+0000] {logging_mixin.py:149} INFO - [2023-05-13T07:45:27.437+0000] {dag.py:2726} INFO - Sync 1 DAGs
[2023-05-13T07:45:27.457+0000] {logging_mixin.py:149} INFO - [2023-05-13T07:45:27.457+0000] {dag.py:3490} INFO - Setting next_dagrun for example_python_operator to None, run_after=None
[2023-05-13T07:45:27.471+0000] {processor.py:178} INFO - Processing /home/airflow/.local/lib/python3.7/site-packages/airflow/example_dags/example_python_operator.py took 0.084 seconds
[2023-05-13T07:45:57.521+0000] {processor.py:156} INFO - Started process (PID=325) to work on /home/airflow/.local/lib/python3.7/site-packages/airflow/example_dags/example_python_operator.py
[2023-05-13T07:45:57.523+0000] {processor.py:799} INFO - Processing file /home/airflow/.local/lib/python3.7/site-packages/airflow/example_dags/example_python_operator.py for tasks to queue
[2023-05-13T07:45:57.524+0000] {logging_mixin.py:149} INFO - [2023-05-13T07:45:57.524+0000] {dagbag.py:541} INFO - Filling up the DagBag from /home/airflow/.local/lib/python3.7/site-packages/airflow/example_dags/example_python_operator.py
[2023-05-13T07:45:57.531+0000] {logging_mixin.py:149} INFO - [2023-05-13T07:45:57.531+0000] {taskmixin.py:211} WARNING - Dependency <Task(_PythonDecoratedOperator): print_the_context>, log_sql_query already registered for DAG: example_python_operator
[2023-05-13T07:45:57.531+0000] {logging_mixin.py:149} INFO - [2023-05-13T07:45:57.531+0000] {taskmixin.py:211} WARNING - Dependency <Task(_PythonDecoratedOperator): log_sql_query>, print_the_context already registered for DAG: example_python_operator
[2023-05-13T07:45:57.532+0000] {logging_mixin.py:149} INFO - [2023-05-13T07:45:57.532+0000] {taskmixin.py:211} WARNING - Dependency <Task(_PythonDecoratedOperator): print_the_context>, log_sql_query already registered for DAG: example_python_operator
[2023-05-13T07:45:57.533+0000] {logging_mixin.py:149} INFO - [2023-05-13T07:45:57.533+0000] {taskmixin.py:211} WARNING - Dependency <Task(_PythonDecoratedOperator): log_sql_query>, print_the_context already registered for DAG: example_python_operator
[2023-05-13T07:45:57.534+0000] {logging_mixin.py:149} INFO - [2023-05-13T07:45:57.534+0000] {taskmixin.py:211} WARNING - Dependency <Task(_PythonDecoratedOperator): print_the_context>, log_sql_query already registered for DAG: example_python_operator
[2023-05-13T07:45:57.534+0000] {logging_mixin.py:149} INFO - [2023-05-13T07:45:57.534+0000] {taskmixin.py:211} WARNING - Dependency <Task(_PythonDecoratedOperator): log_sql_query>, print_the_context already registered for DAG: example_python_operator
[2023-05-13T07:45:57.535+0000] {logging_mixin.py:149} INFO - [2023-05-13T07:45:57.535+0000] {taskmixin.py:211} WARNING - Dependency <Task(_PythonDecoratedOperator): print_the_context>, log_sql_query already registered for DAG: example_python_operator
[2023-05-13T07:45:57.536+0000] {logging_mixin.py:149} INFO - [2023-05-13T07:45:57.536+0000] {taskmixin.py:211} WARNING - Dependency <Task(_PythonDecoratedOperator): log_sql_query>, print_the_context already registered for DAG: example_python_operator
[2023-05-13T07:45:57.538+0000] {processor.py:809} INFO - DAG(s) dict_keys(['example_python_operator']) retrieved from /home/airflow/.local/lib/python3.7/site-packages/airflow/example_dags/example_python_operator.py
[2023-05-13T07:45:57.565+0000] {logging_mixin.py:149} INFO - [2023-05-13T07:45:57.565+0000] {dag.py:2726} INFO - Sync 1 DAGs
[2023-05-13T07:45:57.585+0000] {logging_mixin.py:149} INFO - [2023-05-13T07:45:57.585+0000] {dag.py:3490} INFO - Setting next_dagrun for example_python_operator to None, run_after=None
[2023-05-13T07:45:57.600+0000] {processor.py:178} INFO - Processing /home/airflow/.local/lib/python3.7/site-packages/airflow/example_dags/example_python_operator.py took 0.082 seconds
[2023-05-13T07:46:27.634+0000] {processor.py:156} INFO - Started process (PID=381) to work on /home/airflow/.local/lib/python3.7/site-packages/airflow/example_dags/example_python_operator.py
[2023-05-13T07:46:27.635+0000] {processor.py:799} INFO - Processing file /home/airflow/.local/lib/python3.7/site-packages/airflow/example_dags/example_python_operator.py for tasks to queue
[2023-05-13T07:46:27.636+0000] {logging_mixin.py:149} INFO - [2023-05-13T07:46:27.636+0000] {dagbag.py:541} INFO - Filling up the DagBag from /home/airflow/.local/lib/python3.7/site-packages/airflow/example_dags/example_python_operator.py
[2023-05-13T07:46:27.643+0000] {logging_mixin.py:149} INFO - [2023-05-13T07:46:27.643+0000] {taskmixin.py:211} WARNING - Dependency <Task(_PythonDecoratedOperator): print_the_context>, log_sql_query already registered for DAG: example_python_operator
[2023-05-13T07:46:27.644+0000] {logging_mixin.py:149} INFO - [2023-05-13T07:46:27.644+0000] {taskmixin.py:211} WARNING - Dependency <Task(_PythonDecoratedOperator): log_sql_query>, print_the_context already registered for DAG: example_python_operator
[2023-05-13T07:46:27.645+0000] {logging_mixin.py:149} INFO - [2023-05-13T07:46:27.645+0000] {taskmixin.py:211} WARNING - Dependency <Task(_PythonDecoratedOperator): print_the_context>, log_sql_query already registered for DAG: example_python_operator
[2023-05-13T07:46:27.645+0000] {logging_mixin.py:149} INFO - [2023-05-13T07:46:27.645+0000] {taskmixin.py:211} WARNING - Dependency <Task(_PythonDecoratedOperator): log_sql_query>, print_the_context already registered for DAG: example_python_operator
[2023-05-13T07:46:27.646+0000] {logging_mixin.py:149} INFO - [2023-05-13T07:46:27.646+0000] {taskmixin.py:211} WARNING - Dependency <Task(_PythonDecoratedOperator): print_the_context>, log_sql_query already registered for DAG: example_python_operator
[2023-05-13T07:46:27.646+0000] {logging_mixin.py:149} INFO - [2023-05-13T07:46:27.646+0000] {taskmixin.py:211} WARNING - Dependency <Task(_PythonDecoratedOperator): log_sql_query>, print_the_context already registered for DAG: example_python_operator
[2023-05-13T07:46:27.647+0000] {logging_mixin.py:149} INFO - [2023-05-13T07:46:27.647+0000] {taskmixin.py:211} WARNING - Dependency <Task(_PythonDecoratedOperator): print_the_context>, log_sql_query already registered for DAG: example_python_operator
[2023-05-13T07:46:27.648+0000] {logging_mixin.py:149} INFO - [2023-05-13T07:46:27.648+0000] {taskmixin.py:211} WARNING - Dependency <Task(_PythonDecoratedOperator): log_sql_query>, print_the_context already registered for DAG: example_python_operator
[2023-05-13T07:46:27.657+0000] {processor.py:809} INFO - DAG(s) dict_keys(['example_python_operator']) retrieved from /home/airflow/.local/lib/python3.7/site-packages/airflow/example_dags/example_python_operator.py
[2023-05-13T07:46:27.685+0000] {logging_mixin.py:149} INFO - [2023-05-13T07:46:27.685+0000] {dag.py:2726} INFO - Sync 1 DAGs
[2023-05-13T07:46:27.708+0000] {logging_mixin.py:149} INFO - [2023-05-13T07:46:27.708+0000] {dag.py:3490} INFO - Setting next_dagrun for example_python_operator to None, run_after=None
[2023-05-13T07:46:27.722+0000] {processor.py:178} INFO - Processing /home/airflow/.local/lib/python3.7/site-packages/airflow/example_dags/example_python_operator.py took 0.091 seconds
[2023-05-13T07:46:57.842+0000] {processor.py:156} INFO - Started process (PID=436) to work on /home/airflow/.local/lib/python3.7/site-packages/airflow/example_dags/example_python_operator.py
[2023-05-13T07:46:57.844+0000] {processor.py:799} INFO - Processing file /home/airflow/.local/lib/python3.7/site-packages/airflow/example_dags/example_python_operator.py for tasks to queue
[2023-05-13T07:46:57.845+0000] {logging_mixin.py:149} INFO - [2023-05-13T07:46:57.845+0000] {dagbag.py:541} INFO - Filling up the DagBag from /home/airflow/.local/lib/python3.7/site-packages/airflow/example_dags/example_python_operator.py
[2023-05-13T07:46:57.853+0000] {logging_mixin.py:149} INFO - [2023-05-13T07:46:57.853+0000] {taskmixin.py:211} WARNING - Dependency <Task(_PythonDecoratedOperator): print_the_context>, log_sql_query already registered for DAG: example_python_operator
[2023-05-13T07:46:57.854+0000] {logging_mixin.py:149} INFO - [2023-05-13T07:46:57.854+0000] {taskmixin.py:211} WARNING - Dependency <Task(_PythonDecoratedOperator): log_sql_query>, print_the_context already registered for DAG: example_python_operator
[2023-05-13T07:46:57.856+0000] {logging_mixin.py:149} INFO - [2023-05-13T07:46:57.855+0000] {taskmixin.py:211} WARNING - Dependency <Task(_PythonDecoratedOperator): print_the_context>, log_sql_query already registered for DAG: example_python_operator
[2023-05-13T07:46:57.858+0000] {logging_mixin.py:149} INFO - [2023-05-13T07:46:57.857+0000] {taskmixin.py:211} WARNING - Dependency <Task(_PythonDecoratedOperator): log_sql_query>, print_the_context already registered for DAG: example_python_operator
[2023-05-13T07:46:57.859+0000] {logging_mixin.py:149} INFO - [2023-05-13T07:46:57.859+0000] {taskmixin.py:211} WARNING - Dependency <Task(_PythonDecoratedOperator): print_the_context>, log_sql_query already registered for DAG: example_python_operator
[2023-05-13T07:46:57.860+0000] {logging_mixin.py:149} INFO - [2023-05-13T07:46:57.860+0000] {taskmixin.py:211} WARNING - Dependency <Task(_PythonDecoratedOperator): log_sql_query>, print_the_context already registered for DAG: example_python_operator
[2023-05-13T07:46:57.861+0000] {logging_mixin.py:149} INFO - [2023-05-13T07:46:57.861+0000] {taskmixin.py:211} WARNING - Dependency <Task(_PythonDecoratedOperator): print_the_context>, log_sql_query already registered for DAG: example_python_operator
[2023-05-13T07:46:57.862+0000] {logging_mixin.py:149} INFO - [2023-05-13T07:46:57.862+0000] {taskmixin.py:211} WARNING - Dependency <Task(_PythonDecoratedOperator): log_sql_query>, print_the_context already registered for DAG: example_python_operator
[2023-05-13T07:46:57.864+0000] {processor.py:809} INFO - DAG(s) dict_keys(['example_python_operator']) retrieved from /home/airflow/.local/lib/python3.7/site-packages/airflow/example_dags/example_python_operator.py
[2023-05-13T07:46:57.896+0000] {logging_mixin.py:149} INFO - [2023-05-13T07:46:57.895+0000] {dag.py:2726} INFO - Sync 1 DAGs
[2023-05-13T07:46:57.921+0000] {logging_mixin.py:149} INFO - [2023-05-13T07:46:57.921+0000] {dag.py:3490} INFO - Setting next_dagrun for example_python_operator to None, run_after=None
[2023-05-13T07:46:57.938+0000] {processor.py:178} INFO - Processing /home/airflow/.local/lib/python3.7/site-packages/airflow/example_dags/example_python_operator.py took 0.100 seconds
[2023-05-13T07:47:27.999+0000] {processor.py:156} INFO - Started process (PID=492) to work on /home/airflow/.local/lib/python3.7/site-packages/airflow/example_dags/example_python_operator.py
[2023-05-13T07:47:28.001+0000] {processor.py:799} INFO - Processing file /home/airflow/.local/lib/python3.7/site-packages/airflow/example_dags/example_python_operator.py for tasks to queue
[2023-05-13T07:47:28.002+0000] {logging_mixin.py:149} INFO - [2023-05-13T07:47:28.002+0000] {dagbag.py:541} INFO - Filling up the DagBag from /home/airflow/.local/lib/python3.7/site-packages/airflow/example_dags/example_python_operator.py
[2023-05-13T07:47:28.010+0000] {logging_mixin.py:149} INFO - [2023-05-13T07:47:28.010+0000] {taskmixin.py:211} WARNING - Dependency <Task(_PythonDecoratedOperator): print_the_context>, log_sql_query already registered for DAG: example_python_operator
[2023-05-13T07:47:28.011+0000] {logging_mixin.py:149} INFO - [2023-05-13T07:47:28.011+0000] {taskmixin.py:211} WARNING - Dependency <Task(_PythonDecoratedOperator): log_sql_query>, print_the_context already registered for DAG: example_python_operator
[2023-05-13T07:47:28.012+0000] {logging_mixin.py:149} INFO - [2023-05-13T07:47:28.012+0000] {taskmixin.py:211} WARNING - Dependency <Task(_PythonDecoratedOperator): print_the_context>, log_sql_query already registered for DAG: example_python_operator
[2023-05-13T07:47:28.013+0000] {logging_mixin.py:149} INFO - [2023-05-13T07:47:28.013+0000] {taskmixin.py:211} WARNING - Dependency <Task(_PythonDecoratedOperator): log_sql_query>, print_the_context already registered for DAG: example_python_operator
[2023-05-13T07:47:28.014+0000] {logging_mixin.py:149} INFO - [2023-05-13T07:47:28.014+0000] {taskmixin.py:211} WARNING - Dependency <Task(_PythonDecoratedOperator): print_the_context>, log_sql_query already registered for DAG: example_python_operator
[2023-05-13T07:47:28.015+0000] {logging_mixin.py:149} INFO - [2023-05-13T07:47:28.015+0000] {taskmixin.py:211} WARNING - Dependency <Task(_PythonDecoratedOperator): log_sql_query>, print_the_context already registered for DAG: example_python_operator
[2023-05-13T07:47:28.017+0000] {logging_mixin.py:149} INFO - [2023-05-13T07:47:28.017+0000] {taskmixin.py:211} WARNING - Dependency <Task(_PythonDecoratedOperator): print_the_context>, log_sql_query already registered for DAG: example_python_operator
[2023-05-13T07:47:28.018+0000] {logging_mixin.py:149} INFO - [2023-05-13T07:47:28.018+0000] {taskmixin.py:211} WARNING - Dependency <Task(_PythonDecoratedOperator): log_sql_query>, print_the_context already registered for DAG: example_python_operator
[2023-05-13T07:47:28.021+0000] {processor.py:809} INFO - DAG(s) dict_keys(['example_python_operator']) retrieved from /home/airflow/.local/lib/python3.7/site-packages/airflow/example_dags/example_python_operator.py
[2023-05-13T07:47:28.055+0000] {logging_mixin.py:149} INFO - [2023-05-13T07:47:28.055+0000] {dag.py:2726} INFO - Sync 1 DAGs
[2023-05-13T07:47:28.085+0000] {logging_mixin.py:149} INFO - [2023-05-13T07:47:28.085+0000] {dag.py:3490} INFO - Setting next_dagrun for example_python_operator to None, run_after=None
[2023-05-13T07:47:28.104+0000] {processor.py:178} INFO - Processing /home/airflow/.local/lib/python3.7/site-packages/airflow/example_dags/example_python_operator.py took 0.110 seconds
[2023-05-13T07:47:58.183+0000] {processor.py:156} INFO - Started process (PID=548) to work on /home/airflow/.local/lib/python3.7/site-packages/airflow/example_dags/example_python_operator.py
[2023-05-13T07:47:58.185+0000] {processor.py:799} INFO - Processing file /home/airflow/.local/lib/python3.7/site-packages/airflow/example_dags/example_python_operator.py for tasks to queue
[2023-05-13T07:47:58.185+0000] {logging_mixin.py:149} INFO - [2023-05-13T07:47:58.185+0000] {dagbag.py:541} INFO - Filling up the DagBag from /home/airflow/.local/lib/python3.7/site-packages/airflow/example_dags/example_python_operator.py
[2023-05-13T07:47:58.192+0000] {logging_mixin.py:149} INFO - [2023-05-13T07:47:58.192+0000] {taskmixin.py:211} WARNING - Dependency <Task(_PythonDecoratedOperator): print_the_context>, log_sql_query already registered for DAG: example_python_operator
[2023-05-13T07:47:58.193+0000] {logging_mixin.py:149} INFO - [2023-05-13T07:47:58.193+0000] {taskmixin.py:211} WARNING - Dependency <Task(_PythonDecoratedOperator): log_sql_query>, print_the_context already registered for DAG: example_python_operator
[2023-05-13T07:47:58.194+0000] {logging_mixin.py:149} INFO - [2023-05-13T07:47:58.194+0000] {taskmixin.py:211} WARNING - Dependency <Task(_PythonDecoratedOperator): print_the_context>, log_sql_query already registered for DAG: example_python_operator
[2023-05-13T07:47:58.195+0000] {logging_mixin.py:149} INFO - [2023-05-13T07:47:58.195+0000] {taskmixin.py:211} WARNING - Dependency <Task(_PythonDecoratedOperator): log_sql_query>, print_the_context already registered for DAG: example_python_operator
[2023-05-13T07:47:58.196+0000] {logging_mixin.py:149} INFO - [2023-05-13T07:47:58.196+0000] {taskmixin.py:211} WARNING - Dependency <Task(_PythonDecoratedOperator): print_the_context>, log_sql_query already registered for DAG: example_python_operator
[2023-05-13T07:47:58.197+0000] {logging_mixin.py:149} INFO - [2023-05-13T07:47:58.197+0000] {taskmixin.py:211} WARNING - Dependency <Task(_PythonDecoratedOperator): log_sql_query>, print_the_context already registered for DAG: example_python_operator
[2023-05-13T07:47:58.197+0000] {logging_mixin.py:149} INFO - [2023-05-13T07:47:58.197+0000] {taskmixin.py:211} WARNING - Dependency <Task(_PythonDecoratedOperator): print_the_context>, log_sql_query already registered for DAG: example_python_operator
[2023-05-13T07:47:58.198+0000] {logging_mixin.py:149} INFO - [2023-05-13T07:47:58.198+0000] {taskmixin.py:211} WARNING - Dependency <Task(_PythonDecoratedOperator): log_sql_query>, print_the_context already registered for DAG: example_python_operator
[2023-05-13T07:47:58.200+0000] {processor.py:809} INFO - DAG(s) dict_keys(['example_python_operator']) retrieved from /home/airflow/.local/lib/python3.7/site-packages/airflow/example_dags/example_python_operator.py
[2023-05-13T07:47:58.228+0000] {logging_mixin.py:149} INFO - [2023-05-13T07:47:58.228+0000] {dag.py:2726} INFO - Sync 1 DAGs
[2023-05-13T07:47:58.250+0000] {logging_mixin.py:149} INFO - [2023-05-13T07:47:58.250+0000] {dag.py:3490} INFO - Setting next_dagrun for example_python_operator to None, run_after=None
[2023-05-13T07:47:58.264+0000] {processor.py:178} INFO - Processing /home/airflow/.local/lib/python3.7/site-packages/airflow/example_dags/example_python_operator.py took 0.084 seconds
