[2023-05-13T07:43:29.083+0000] {processor.py:156} INFO - Started process (PID=65) to work on /home/airflow/.local/lib/python3.7/site-packages/airflow/example_dags/tutorial.py
[2023-05-13T07:43:29.085+0000] {processor.py:799} INFO - Processing file /home/airflow/.local/lib/python3.7/site-packages/airflow/example_dags/tutorial.py for tasks to queue
[2023-05-13T07:43:29.089+0000] {logging_mixin.py:149} INFO - [2023-05-13T07:43:29.088+0000] {dagbag.py:541} INFO - Filling up the DagBag from /home/airflow/.local/lib/python3.7/site-packages/airflow/example_dags/tutorial.py
[2023-05-13T07:43:29.152+0000] {processor.py:809} INFO - DAG(s) dict_keys(['tutorial']) retrieved from /home/airflow/.local/lib/python3.7/site-packages/airflow/example_dags/tutorial.py
[2023-05-13T07:43:29.280+0000] {logging_mixin.py:149} INFO - [2023-05-13T07:43:29.279+0000] {dag.py:2726} INFO - Sync 1 DAGs
[2023-05-13T07:43:29.433+0000] {logging_mixin.py:149} INFO - [2023-05-13T07:43:29.430+0000] {dag.py:3490} INFO - Setting next_dagrun for tutorial to 2023-05-12T07:43:29.429901+00:00, run_after=2023-05-13T07:43:29.429901+00:00
[2023-05-13T07:43:29.515+0000] {processor.py:178} INFO - Processing /home/airflow/.local/lib/python3.7/site-packages/airflow/example_dags/tutorial.py took 0.437 seconds
[2023-05-13T07:43:59.988+0000] {processor.py:156} INFO - Started process (PID=121) to work on /home/airflow/.local/lib/python3.7/site-packages/airflow/example_dags/tutorial.py
[2023-05-13T07:43:59.989+0000] {processor.py:799} INFO - Processing file /home/airflow/.local/lib/python3.7/site-packages/airflow/example_dags/tutorial.py for tasks to queue
[2023-05-13T07:43:59.990+0000] {logging_mixin.py:149} INFO - [2023-05-13T07:43:59.990+0000] {dagbag.py:541} INFO - Filling up the DagBag from /home/airflow/.local/lib/python3.7/site-packages/airflow/example_dags/tutorial.py
[2023-05-13T07:43:59.997+0000] {processor.py:809} INFO - DAG(s) dict_keys(['tutorial']) retrieved from /home/airflow/.local/lib/python3.7/site-packages/airflow/example_dags/tutorial.py
[2023-05-13T07:44:00.022+0000] {logging_mixin.py:149} INFO - [2023-05-13T07:44:00.022+0000] {dag.py:2726} INFO - Sync 1 DAGs
[2023-05-13T07:44:00.044+0000] {logging_mixin.py:149} INFO - [2023-05-13T07:44:00.044+0000] {dag.py:3490} INFO - Setting next_dagrun for tutorial to 2023-05-12T07:44:00.043788+00:00, run_after=2023-05-13T07:44:00.043788+00:00
[2023-05-13T07:44:00.058+0000] {processor.py:178} INFO - Processing /home/airflow/.local/lib/python3.7/site-packages/airflow/example_dags/tutorial.py took 0.074 seconds
[2023-05-13T07:44:30.297+0000] {processor.py:156} INFO - Started process (PID=177) to work on /home/airflow/.local/lib/python3.7/site-packages/airflow/example_dags/tutorial.py
[2023-05-13T07:44:30.299+0000] {processor.py:799} INFO - Processing file /home/airflow/.local/lib/python3.7/site-packages/airflow/example_dags/tutorial.py for tasks to queue
[2023-05-13T07:44:30.300+0000] {logging_mixin.py:149} INFO - [2023-05-13T07:44:30.300+0000] {dagbag.py:541} INFO - Filling up the DagBag from /home/airflow/.local/lib/python3.7/site-packages/airflow/example_dags/tutorial.py
[2023-05-13T07:44:30.307+0000] {processor.py:809} INFO - DAG(s) dict_keys(['tutorial']) retrieved from /home/airflow/.local/lib/python3.7/site-packages/airflow/example_dags/tutorial.py
[2023-05-13T07:44:30.332+0000] {logging_mixin.py:149} INFO - [2023-05-13T07:44:30.332+0000] {dag.py:2726} INFO - Sync 1 DAGs
[2023-05-13T07:44:30.353+0000] {logging_mixin.py:149} INFO - [2023-05-13T07:44:30.353+0000] {dag.py:3490} INFO - Setting next_dagrun for tutorial to 2023-05-12T07:44:30.353084+00:00, run_after=2023-05-13T07:44:30.353084+00:00
[2023-05-13T07:44:30.367+0000] {processor.py:178} INFO - Processing /home/airflow/.local/lib/python3.7/site-packages/airflow/example_dags/tutorial.py took 0.073 seconds
[2023-05-13T07:45:01.410+0000] {processor.py:156} INFO - Started process (PID=233) to work on /home/airflow/.local/lib/python3.7/site-packages/airflow/example_dags/tutorial.py
[2023-05-13T07:45:01.411+0000] {processor.py:799} INFO - Processing file /home/airflow/.local/lib/python3.7/site-packages/airflow/example_dags/tutorial.py for tasks to queue
[2023-05-13T07:45:01.413+0000] {logging_mixin.py:149} INFO - [2023-05-13T07:45:01.413+0000] {dagbag.py:541} INFO - Filling up the DagBag from /home/airflow/.local/lib/python3.7/site-packages/airflow/example_dags/tutorial.py
[2023-05-13T07:45:01.419+0000] {processor.py:809} INFO - DAG(s) dict_keys(['tutorial']) retrieved from /home/airflow/.local/lib/python3.7/site-packages/airflow/example_dags/tutorial.py
[2023-05-13T07:45:01.444+0000] {logging_mixin.py:149} INFO - [2023-05-13T07:45:01.444+0000] {dag.py:2726} INFO - Sync 1 DAGs
[2023-05-13T07:45:01.466+0000] {logging_mixin.py:149} INFO - [2023-05-13T07:45:01.466+0000] {dag.py:3490} INFO - Setting next_dagrun for tutorial to 2023-05-12T07:45:01.465759+00:00, run_after=2023-05-13T07:45:01.465759+00:00
[2023-05-13T07:45:01.482+0000] {processor.py:178} INFO - Processing /home/airflow/.local/lib/python3.7/site-packages/airflow/example_dags/tutorial.py took 0.075 seconds
[2023-05-13T07:45:31.630+0000] {processor.py:156} INFO - Started process (PID=289) to work on /home/airflow/.local/lib/python3.7/site-packages/airflow/example_dags/tutorial.py
[2023-05-13T07:45:31.631+0000] {processor.py:799} INFO - Processing file /home/airflow/.local/lib/python3.7/site-packages/airflow/example_dags/tutorial.py for tasks to queue
[2023-05-13T07:45:31.632+0000] {logging_mixin.py:149} INFO - [2023-05-13T07:45:31.632+0000] {dagbag.py:541} INFO - Filling up the DagBag from /home/airflow/.local/lib/python3.7/site-packages/airflow/example_dags/tutorial.py
[2023-05-13T07:45:31.639+0000] {processor.py:809} INFO - DAG(s) dict_keys(['tutorial']) retrieved from /home/airflow/.local/lib/python3.7/site-packages/airflow/example_dags/tutorial.py
[2023-05-13T07:45:31.670+0000] {logging_mixin.py:149} INFO - [2023-05-13T07:45:31.670+0000] {dag.py:2726} INFO - Sync 1 DAGs
[2023-05-13T07:45:31.696+0000] {logging_mixin.py:149} INFO - [2023-05-13T07:45:31.696+0000] {dag.py:3490} INFO - Setting next_dagrun for tutorial to 2023-05-12T07:45:31.696126+00:00, run_after=2023-05-13T07:45:31.696126+00:00
[2023-05-13T07:45:31.714+0000] {processor.py:178} INFO - Processing /home/airflow/.local/lib/python3.7/site-packages/airflow/example_dags/tutorial.py took 0.088 seconds
[2023-05-13T07:46:02.747+0000] {processor.py:156} INFO - Started process (PID=345) to work on /home/airflow/.local/lib/python3.7/site-packages/airflow/example_dags/tutorial.py
[2023-05-13T07:46:02.749+0000] {processor.py:799} INFO - Processing file /home/airflow/.local/lib/python3.7/site-packages/airflow/example_dags/tutorial.py for tasks to queue
[2023-05-13T07:46:02.750+0000] {logging_mixin.py:149} INFO - [2023-05-13T07:46:02.750+0000] {dagbag.py:541} INFO - Filling up the DagBag from /home/airflow/.local/lib/python3.7/site-packages/airflow/example_dags/tutorial.py
[2023-05-13T07:46:02.756+0000] {processor.py:809} INFO - DAG(s) dict_keys(['tutorial']) retrieved from /home/airflow/.local/lib/python3.7/site-packages/airflow/example_dags/tutorial.py
[2023-05-13T07:46:02.780+0000] {logging_mixin.py:149} INFO - [2023-05-13T07:46:02.780+0000] {dag.py:2726} INFO - Sync 1 DAGs
[2023-05-13T07:46:02.801+0000] {logging_mixin.py:149} INFO - [2023-05-13T07:46:02.801+0000] {dag.py:3490} INFO - Setting next_dagrun for tutorial to 2023-05-12T07:46:02.801068+00:00, run_after=2023-05-13T07:46:02.801068+00:00
[2023-05-13T07:46:02.816+0000] {processor.py:178} INFO - Processing /home/airflow/.local/lib/python3.7/site-packages/airflow/example_dags/tutorial.py took 0.072 seconds
[2023-05-13T07:46:33.741+0000] {processor.py:156} INFO - Started process (PID=401) to work on /home/airflow/.local/lib/python3.7/site-packages/airflow/example_dags/tutorial.py
[2023-05-13T07:46:33.743+0000] {processor.py:799} INFO - Processing file /home/airflow/.local/lib/python3.7/site-packages/airflow/example_dags/tutorial.py for tasks to queue
[2023-05-13T07:46:33.744+0000] {logging_mixin.py:149} INFO - [2023-05-13T07:46:33.744+0000] {dagbag.py:541} INFO - Filling up the DagBag from /home/airflow/.local/lib/python3.7/site-packages/airflow/example_dags/tutorial.py
[2023-05-13T07:46:33.751+0000] {processor.py:809} INFO - DAG(s) dict_keys(['tutorial']) retrieved from /home/airflow/.local/lib/python3.7/site-packages/airflow/example_dags/tutorial.py
[2023-05-13T07:46:33.775+0000] {logging_mixin.py:149} INFO - [2023-05-13T07:46:33.775+0000] {dag.py:2726} INFO - Sync 1 DAGs
[2023-05-13T07:46:33.796+0000] {logging_mixin.py:149} INFO - [2023-05-13T07:46:33.796+0000] {dag.py:3490} INFO - Setting next_dagrun for tutorial to 2023-05-12T07:46:33.796551+00:00, run_after=2023-05-13T07:46:33.796551+00:00
[2023-05-13T07:46:33.811+0000] {processor.py:178} INFO - Processing /home/airflow/.local/lib/python3.7/site-packages/airflow/example_dags/tutorial.py took 0.074 seconds
[2023-05-13T07:47:04.057+0000] {processor.py:156} INFO - Started process (PID=456) to work on /home/airflow/.local/lib/python3.7/site-packages/airflow/example_dags/tutorial.py
[2023-05-13T07:47:04.058+0000] {processor.py:799} INFO - Processing file /home/airflow/.local/lib/python3.7/site-packages/airflow/example_dags/tutorial.py for tasks to queue
[2023-05-13T07:47:04.060+0000] {logging_mixin.py:149} INFO - [2023-05-13T07:47:04.059+0000] {dagbag.py:541} INFO - Filling up the DagBag from /home/airflow/.local/lib/python3.7/site-packages/airflow/example_dags/tutorial.py
[2023-05-13T07:47:04.067+0000] {processor.py:809} INFO - DAG(s) dict_keys(['tutorial']) retrieved from /home/airflow/.local/lib/python3.7/site-packages/airflow/example_dags/tutorial.py
[2023-05-13T07:47:04.093+0000] {logging_mixin.py:149} INFO - [2023-05-13T07:47:04.093+0000] {dag.py:2726} INFO - Sync 1 DAGs
[2023-05-13T07:47:04.116+0000] {logging_mixin.py:149} INFO - [2023-05-13T07:47:04.116+0000] {dag.py:3490} INFO - Setting next_dagrun for tutorial to 2023-05-12T07:47:04.115929+00:00, run_after=2023-05-13T07:47:04.115929+00:00
[2023-05-13T07:47:04.131+0000] {processor.py:178} INFO - Processing /home/airflow/.local/lib/python3.7/site-packages/airflow/example_dags/tutorial.py took 0.078 seconds
[2023-05-13T07:47:34.322+0000] {processor.py:156} INFO - Started process (PID=512) to work on /home/airflow/.local/lib/python3.7/site-packages/airflow/example_dags/tutorial.py
[2023-05-13T07:47:34.323+0000] {processor.py:799} INFO - Processing file /home/airflow/.local/lib/python3.7/site-packages/airflow/example_dags/tutorial.py for tasks to queue
[2023-05-13T07:47:34.324+0000] {logging_mixin.py:149} INFO - [2023-05-13T07:47:34.324+0000] {dagbag.py:541} INFO - Filling up the DagBag from /home/airflow/.local/lib/python3.7/site-packages/airflow/example_dags/tutorial.py
[2023-05-13T07:47:34.330+0000] {processor.py:809} INFO - DAG(s) dict_keys(['tutorial']) retrieved from /home/airflow/.local/lib/python3.7/site-packages/airflow/example_dags/tutorial.py
[2023-05-13T07:47:34.356+0000] {logging_mixin.py:149} INFO - [2023-05-13T07:47:34.356+0000] {dag.py:2726} INFO - Sync 1 DAGs
[2023-05-13T07:47:34.378+0000] {logging_mixin.py:149} INFO - [2023-05-13T07:47:34.378+0000] {dag.py:3490} INFO - Setting next_dagrun for tutorial to 2023-05-12T07:47:34.377894+00:00, run_after=2023-05-13T07:47:34.377894+00:00
[2023-05-13T07:47:34.393+0000] {processor.py:178} INFO - Processing /home/airflow/.local/lib/python3.7/site-packages/airflow/example_dags/tutorial.py took 0.075 seconds
[2023-05-13T07:48:04.491+0000] {processor.py:156} INFO - Started process (PID=567) to work on /home/airflow/.local/lib/python3.7/site-packages/airflow/example_dags/tutorial.py
[2023-05-13T07:48:04.493+0000] {processor.py:799} INFO - Processing file /home/airflow/.local/lib/python3.7/site-packages/airflow/example_dags/tutorial.py for tasks to queue
[2023-05-13T07:48:04.494+0000] {logging_mixin.py:149} INFO - [2023-05-13T07:48:04.493+0000] {dagbag.py:541} INFO - Filling up the DagBag from /home/airflow/.local/lib/python3.7/site-packages/airflow/example_dags/tutorial.py
[2023-05-13T07:48:04.500+0000] {processor.py:809} INFO - DAG(s) dict_keys(['tutorial']) retrieved from /home/airflow/.local/lib/python3.7/site-packages/airflow/example_dags/tutorial.py
[2023-05-13T07:48:04.524+0000] {logging_mixin.py:149} INFO - [2023-05-13T07:48:04.524+0000] {dag.py:2726} INFO - Sync 1 DAGs
[2023-05-13T07:48:04.545+0000] {logging_mixin.py:149} INFO - [2023-05-13T07:48:04.545+0000] {dag.py:3490} INFO - Setting next_dagrun for tutorial to 2023-05-12T07:48:04.545160+00:00, run_after=2023-05-13T07:48:04.545160+00:00
[2023-05-13T07:48:04.560+0000] {processor.py:178} INFO - Processing /home/airflow/.local/lib/python3.7/site-packages/airflow/example_dags/tutorial.py took 0.072 seconds
