[2023-05-13T07:43:28.594+0000] {processor.py:156} INFO - Started process (PID=63) to work on /home/airflow/.local/lib/python3.7/site-packages/airflow/example_dags/tutorial_dag.py
[2023-05-13T07:43:28.596+0000] {processor.py:799} INFO - Processing file /home/airflow/.local/lib/python3.7/site-packages/airflow/example_dags/tutorial_dag.py for tasks to queue
[2023-05-13T07:43:28.597+0000] {logging_mixin.py:149} INFO - [2023-05-13T07:43:28.597+0000] {dagbag.py:541} INFO - Filling up the DagBag from /home/airflow/.local/lib/python3.7/site-packages/airflow/example_dags/tutorial_dag.py
[2023-05-13T07:43:28.610+0000] {processor.py:809} INFO - DAG(s) dict_keys(['tutorial_dag']) retrieved from /home/airflow/.local/lib/python3.7/site-packages/airflow/example_dags/tutorial_dag.py
[2023-05-13T07:43:28.637+0000] {logging_mixin.py:149} INFO - [2023-05-13T07:43:28.637+0000] {dag.py:2726} INFO - Sync 1 DAGs
[2023-05-13T07:43:28.703+0000] {logging_mixin.py:149} INFO - [2023-05-13T07:43:28.702+0000] {dag.py:3490} INFO - Setting next_dagrun for tutorial_dag to None, run_after=None
[2023-05-13T07:43:28.757+0000] {processor.py:178} INFO - Processing /home/airflow/.local/lib/python3.7/site-packages/airflow/example_dags/tutorial_dag.py took 0.168 seconds
[2023-05-13T07:43:59.706+0000] {processor.py:156} INFO - Started process (PID=119) to work on /home/airflow/.local/lib/python3.7/site-packages/airflow/example_dags/tutorial_dag.py
[2023-05-13T07:43:59.708+0000] {processor.py:799} INFO - Processing file /home/airflow/.local/lib/python3.7/site-packages/airflow/example_dags/tutorial_dag.py for tasks to queue
[2023-05-13T07:43:59.708+0000] {logging_mixin.py:149} INFO - [2023-05-13T07:43:59.708+0000] {dagbag.py:541} INFO - Filling up the DagBag from /home/airflow/.local/lib/python3.7/site-packages/airflow/example_dags/tutorial_dag.py
[2023-05-13T07:43:59.714+0000] {processor.py:809} INFO - DAG(s) dict_keys(['tutorial_dag']) retrieved from /home/airflow/.local/lib/python3.7/site-packages/airflow/example_dags/tutorial_dag.py
[2023-05-13T07:43:59.741+0000] {logging_mixin.py:149} INFO - [2023-05-13T07:43:59.741+0000] {dag.py:2726} INFO - Sync 1 DAGs
[2023-05-13T07:43:59.763+0000] {logging_mixin.py:149} INFO - [2023-05-13T07:43:59.763+0000] {dag.py:3490} INFO - Setting next_dagrun for tutorial_dag to None, run_after=None
[2023-05-13T07:43:59.785+0000] {processor.py:178} INFO - Processing /home/airflow/.local/lib/python3.7/site-packages/airflow/example_dags/tutorial_dag.py took 0.083 seconds
[2023-05-13T07:44:30.041+0000] {processor.py:156} INFO - Started process (PID=175) to work on /home/airflow/.local/lib/python3.7/site-packages/airflow/example_dags/tutorial_dag.py
[2023-05-13T07:44:30.043+0000] {processor.py:799} INFO - Processing file /home/airflow/.local/lib/python3.7/site-packages/airflow/example_dags/tutorial_dag.py for tasks to queue
[2023-05-13T07:44:30.044+0000] {logging_mixin.py:149} INFO - [2023-05-13T07:44:30.044+0000] {dagbag.py:541} INFO - Filling up the DagBag from /home/airflow/.local/lib/python3.7/site-packages/airflow/example_dags/tutorial_dag.py
[2023-05-13T07:44:30.049+0000] {processor.py:809} INFO - DAG(s) dict_keys(['tutorial_dag']) retrieved from /home/airflow/.local/lib/python3.7/site-packages/airflow/example_dags/tutorial_dag.py
[2023-05-13T07:44:30.076+0000] {logging_mixin.py:149} INFO - [2023-05-13T07:44:30.076+0000] {dag.py:2726} INFO - Sync 1 DAGs
[2023-05-13T07:44:30.099+0000] {logging_mixin.py:149} INFO - [2023-05-13T07:44:30.099+0000] {dag.py:3490} INFO - Setting next_dagrun for tutorial_dag to None, run_after=None
[2023-05-13T07:44:30.115+0000] {processor.py:178} INFO - Processing /home/airflow/.local/lib/python3.7/site-packages/airflow/example_dags/tutorial_dag.py took 0.078 seconds
[2023-05-13T07:45:00.174+0000] {processor.py:156} INFO - Started process (PID=230) to work on /home/airflow/.local/lib/python3.7/site-packages/airflow/example_dags/tutorial_dag.py
[2023-05-13T07:45:00.176+0000] {processor.py:799} INFO - Processing file /home/airflow/.local/lib/python3.7/site-packages/airflow/example_dags/tutorial_dag.py for tasks to queue
[2023-05-13T07:45:00.178+0000] {logging_mixin.py:149} INFO - [2023-05-13T07:45:00.178+0000] {dagbag.py:541} INFO - Filling up the DagBag from /home/airflow/.local/lib/python3.7/site-packages/airflow/example_dags/tutorial_dag.py
[2023-05-13T07:45:00.185+0000] {processor.py:809} INFO - DAG(s) dict_keys(['tutorial_dag']) retrieved from /home/airflow/.local/lib/python3.7/site-packages/airflow/example_dags/tutorial_dag.py
[2023-05-13T07:45:00.215+0000] {logging_mixin.py:149} INFO - [2023-05-13T07:45:00.215+0000] {dag.py:2726} INFO - Sync 1 DAGs
[2023-05-13T07:45:00.235+0000] {logging_mixin.py:149} INFO - [2023-05-13T07:45:00.235+0000] {dag.py:3490} INFO - Setting next_dagrun for tutorial_dag to None, run_after=None
[2023-05-13T07:45:00.249+0000] {processor.py:178} INFO - Processing /home/airflow/.local/lib/python3.7/site-packages/airflow/example_dags/tutorial_dag.py took 0.080 seconds
[2023-05-13T07:45:30.341+0000] {processor.py:156} INFO - Started process (PID=286) to work on /home/airflow/.local/lib/python3.7/site-packages/airflow/example_dags/tutorial_dag.py
[2023-05-13T07:45:30.344+0000] {processor.py:799} INFO - Processing file /home/airflow/.local/lib/python3.7/site-packages/airflow/example_dags/tutorial_dag.py for tasks to queue
[2023-05-13T07:45:30.345+0000] {logging_mixin.py:149} INFO - [2023-05-13T07:45:30.345+0000] {dagbag.py:541} INFO - Filling up the DagBag from /home/airflow/.local/lib/python3.7/site-packages/airflow/example_dags/tutorial_dag.py
[2023-05-13T07:45:30.352+0000] {processor.py:809} INFO - DAG(s) dict_keys(['tutorial_dag']) retrieved from /home/airflow/.local/lib/python3.7/site-packages/airflow/example_dags/tutorial_dag.py
[2023-05-13T07:45:30.381+0000] {logging_mixin.py:149} INFO - [2023-05-13T07:45:30.381+0000] {dag.py:2726} INFO - Sync 1 DAGs
[2023-05-13T07:45:30.402+0000] {logging_mixin.py:149} INFO - [2023-05-13T07:45:30.402+0000] {dag.py:3490} INFO - Setting next_dagrun for tutorial_dag to None, run_after=None
[2023-05-13T07:45:30.415+0000] {processor.py:178} INFO - Processing /home/airflow/.local/lib/python3.7/site-packages/airflow/example_dags/tutorial_dag.py took 0.079 seconds
[2023-05-13T07:46:00.495+0000] {processor.py:156} INFO - Started process (PID=342) to work on /home/airflow/.local/lib/python3.7/site-packages/airflow/example_dags/tutorial_dag.py
[2023-05-13T07:46:00.497+0000] {processor.py:799} INFO - Processing file /home/airflow/.local/lib/python3.7/site-packages/airflow/example_dags/tutorial_dag.py for tasks to queue
[2023-05-13T07:46:00.498+0000] {logging_mixin.py:149} INFO - [2023-05-13T07:46:00.498+0000] {dagbag.py:541} INFO - Filling up the DagBag from /home/airflow/.local/lib/python3.7/site-packages/airflow/example_dags/tutorial_dag.py
[2023-05-13T07:46:00.505+0000] {processor.py:809} INFO - DAG(s) dict_keys(['tutorial_dag']) retrieved from /home/airflow/.local/lib/python3.7/site-packages/airflow/example_dags/tutorial_dag.py
[2023-05-13T07:46:00.535+0000] {logging_mixin.py:149} INFO - [2023-05-13T07:46:00.535+0000] {dag.py:2726} INFO - Sync 1 DAGs
[2023-05-13T07:46:00.556+0000] {logging_mixin.py:149} INFO - [2023-05-13T07:46:00.556+0000] {dag.py:3490} INFO - Setting next_dagrun for tutorial_dag to None, run_after=None
[2023-05-13T07:46:00.570+0000] {processor.py:178} INFO - Processing /home/airflow/.local/lib/python3.7/site-packages/airflow/example_dags/tutorial_dag.py took 0.080 seconds
[2023-05-13T07:46:31.503+0000] {processor.py:156} INFO - Started process (PID=398) to work on /home/airflow/.local/lib/python3.7/site-packages/airflow/example_dags/tutorial_dag.py
[2023-05-13T07:46:31.506+0000] {processor.py:799} INFO - Processing file /home/airflow/.local/lib/python3.7/site-packages/airflow/example_dags/tutorial_dag.py for tasks to queue
[2023-05-13T07:46:31.507+0000] {logging_mixin.py:149} INFO - [2023-05-13T07:46:31.507+0000] {dagbag.py:541} INFO - Filling up the DagBag from /home/airflow/.local/lib/python3.7/site-packages/airflow/example_dags/tutorial_dag.py
[2023-05-13T07:46:31.515+0000] {processor.py:809} INFO - DAG(s) dict_keys(['tutorial_dag']) retrieved from /home/airflow/.local/lib/python3.7/site-packages/airflow/example_dags/tutorial_dag.py
[2023-05-13T07:46:31.545+0000] {logging_mixin.py:149} INFO - [2023-05-13T07:46:31.545+0000] {dag.py:2726} INFO - Sync 1 DAGs
[2023-05-13T07:46:31.567+0000] {logging_mixin.py:149} INFO - [2023-05-13T07:46:31.567+0000] {dag.py:3490} INFO - Setting next_dagrun for tutorial_dag to None, run_after=None
[2023-05-13T07:46:31.581+0000] {processor.py:178} INFO - Processing /home/airflow/.local/lib/python3.7/site-packages/airflow/example_dags/tutorial_dag.py took 0.083 seconds
[2023-05-13T07:47:01.818+0000] {processor.py:156} INFO - Started process (PID=453) to work on /home/airflow/.local/lib/python3.7/site-packages/airflow/example_dags/tutorial_dag.py
[2023-05-13T07:47:01.819+0000] {processor.py:799} INFO - Processing file /home/airflow/.local/lib/python3.7/site-packages/airflow/example_dags/tutorial_dag.py for tasks to queue
[2023-05-13T07:47:01.820+0000] {logging_mixin.py:149} INFO - [2023-05-13T07:47:01.820+0000] {dagbag.py:541} INFO - Filling up the DagBag from /home/airflow/.local/lib/python3.7/site-packages/airflow/example_dags/tutorial_dag.py
[2023-05-13T07:47:01.826+0000] {processor.py:809} INFO - DAG(s) dict_keys(['tutorial_dag']) retrieved from /home/airflow/.local/lib/python3.7/site-packages/airflow/example_dags/tutorial_dag.py
[2023-05-13T07:47:01.852+0000] {logging_mixin.py:149} INFO - [2023-05-13T07:47:01.852+0000] {dag.py:2726} INFO - Sync 1 DAGs
[2023-05-13T07:47:01.875+0000] {logging_mixin.py:149} INFO - [2023-05-13T07:47:01.875+0000] {dag.py:3490} INFO - Setting next_dagrun for tutorial_dag to None, run_after=None
[2023-05-13T07:47:01.890+0000] {processor.py:178} INFO - Processing /home/airflow/.local/lib/python3.7/site-packages/airflow/example_dags/tutorial_dag.py took 0.076 seconds
[2023-05-13T07:47:32.125+0000] {processor.py:156} INFO - Started process (PID=509) to work on /home/airflow/.local/lib/python3.7/site-packages/airflow/example_dags/tutorial_dag.py
[2023-05-13T07:47:32.128+0000] {processor.py:799} INFO - Processing file /home/airflow/.local/lib/python3.7/site-packages/airflow/example_dags/tutorial_dag.py for tasks to queue
[2023-05-13T07:47:32.129+0000] {logging_mixin.py:149} INFO - [2023-05-13T07:47:32.129+0000] {dagbag.py:541} INFO - Filling up the DagBag from /home/airflow/.local/lib/python3.7/site-packages/airflow/example_dags/tutorial_dag.py
[2023-05-13T07:47:32.137+0000] {processor.py:809} INFO - DAG(s) dict_keys(['tutorial_dag']) retrieved from /home/airflow/.local/lib/python3.7/site-packages/airflow/example_dags/tutorial_dag.py
[2023-05-13T07:47:32.166+0000] {logging_mixin.py:149} INFO - [2023-05-13T07:47:32.166+0000] {dag.py:2726} INFO - Sync 1 DAGs
[2023-05-13T07:47:32.188+0000] {logging_mixin.py:149} INFO - [2023-05-13T07:47:32.188+0000] {dag.py:3490} INFO - Setting next_dagrun for tutorial_dag to None, run_after=None
[2023-05-13T07:47:32.201+0000] {processor.py:178} INFO - Processing /home/airflow/.local/lib/python3.7/site-packages/airflow/example_dags/tutorial_dag.py took 0.082 seconds
[2023-05-13T07:48:02.269+0000] {processor.py:156} INFO - Started process (PID=565) to work on /home/airflow/.local/lib/python3.7/site-packages/airflow/example_dags/tutorial_dag.py
[2023-05-13T07:48:02.272+0000] {processor.py:799} INFO - Processing file /home/airflow/.local/lib/python3.7/site-packages/airflow/example_dags/tutorial_dag.py for tasks to queue
[2023-05-13T07:48:02.273+0000] {logging_mixin.py:149} INFO - [2023-05-13T07:48:02.273+0000] {dagbag.py:541} INFO - Filling up the DagBag from /home/airflow/.local/lib/python3.7/site-packages/airflow/example_dags/tutorial_dag.py
[2023-05-13T07:48:02.280+0000] {processor.py:809} INFO - DAG(s) dict_keys(['tutorial_dag']) retrieved from /home/airflow/.local/lib/python3.7/site-packages/airflow/example_dags/tutorial_dag.py
[2023-05-13T07:48:02.307+0000] {logging_mixin.py:149} INFO - [2023-05-13T07:48:02.307+0000] {dag.py:2726} INFO - Sync 1 DAGs
[2023-05-13T07:48:02.328+0000] {logging_mixin.py:149} INFO - [2023-05-13T07:48:02.328+0000] {dag.py:3490} INFO - Setting next_dagrun for tutorial_dag to None, run_after=None
[2023-05-13T07:48:02.342+0000] {processor.py:178} INFO - Processing /home/airflow/.local/lib/python3.7/site-packages/airflow/example_dags/tutorial_dag.py took 0.079 seconds
